<?xml version="1.0" encoding="UTF-8"?>
<!-- Generated by org.testng.reporters.JUnitReportReporter -->
<testsuite skipped="1080" hostname="BDC6-LX-723061Y" name="com.hasbro.security.Sample" tests="1080" failures="0" timestamp="20 Mar 2018 12:33:08 GMT" time="0.000" errors="0">
  <testcase name="tcSample" time="0.000" classname="com.hasbro.security.Sample">
    <skipped/>
  </testcase> <!-- tcSample -->
  <testcase name="tcSample" time="0.000" classname="com.hasbro.security.Sample">
    <skipped/>
  </testcase> <!-- tcSample -->
  <testcase name="tcSample" time="0.000" classname="com.hasbro.security.Sample">
    <skipped/>
  </testcase> <!-- tcSample -->
  <testcase name="tcSample" time="0.000" classname="com.hasbro.security.Sample">
    <skipped/>
  </testcase> <!-- tcSample -->
  <testcase name="tcSample" time="0.000" classname="com.hasbro.security.Sample">
    <skipped/>
  </testcase> <!-- tcSample -->
  <testcase name="tcSample" time="0.000" classname="com.hasbro.security.Sample">
    <skipped/>
  </testcase> <!-- tcSample -->
  <testcase name="tcSample" time="0.000" classname="com.hasbro.security.Sample">
    <skipped/>
  </testcase> <!-- tcSample -->
  <testcase name="tcSample" time="0.000" classname="com.hasbro.security.Sample">
    <skipped/>
  </testcase> <!-- tcSample -->
  <testcase name="tcSample" time="0.000" classname="com.hasbro.security.Sample">
    <skipped/>
  </testcase> <!-- tcSample -->
  <testcase name="tcSample" time="0.000" classname="com.hasbro.security.Sample">
    <skipped/>
  </testcase> <!-- tcSample -->
  <testcase name="tcSample" time="0.000" classname="com.hasbro.security.Sample">
    <skipped/>
  </testcase> <!-- tcSample -->
  <testcase name="tcSample" time="0.000" classname="com.hasbro.security.Sample">
    <skipped/>
  </testcase> <!-- tcSample -->
  <testcase name="tcSample" time="0.000" classname="com.hasbro.security.Sample">
    <skipped/>
  </testcase> <!-- tcSample -->
  <testcase name="tcSample" time="0.000" classname="com.hasbro.security.Sample">
    <skipped/>
  </testcase> <!-- tcSample -->
  <testcase name="tcSample" time="0.000" classname="com.hasbro.security.Sample">
    <skipped/>
  </testcase> <!-- tcSample -->
  <testcase name="tcSample" time="0.000" classname="com.hasbro.security.Sample">
    <skipped/>
  </testcase> <!-- tcSample -->
  <testcase name="tcSample" time="0.000" classname="com.hasbro.security.Sample">
    <skipped/>
  </testcase> <!-- tcSample -->
  <testcase name="tcSample" time="0.000" classname="com.hasbro.security.Sample">
    <skipped/>
  </testcase> <!-- tcSample -->
  <testcase name="tcSample" time="0.000" classname="com.hasbro.security.Sample">
    <skipped/>
  </testcase> <!-- tcSample -->
  <testcase name="tcSample" time="0.000" classname="com.hasbro.security.Sample">
    <skipped/>
  </testcase> <!-- tcSample -->
  <testcase name="tcSample" time="0.000" classname="com.hasbro.security.Sample">
    <skipped/>
  </testcase> <!-- tcSample -->
  <testcase name="tcSample" time="0.000" classname="com.hasbro.security.Sample">
    <skipped/>
  </testcase> <!-- tcSample -->
  <testcase name="tcSample" time="0.000" classname="com.hasbro.security.Sample">
    <skipped/>
  </testcase> <!-- tcSample -->
  <testcase name="tcSample" time="0.000" classname="com.hasbro.security.Sample">
    <skipped/>
  </testcase> <!-- tcSample -->
  <testcase name="tcSample" time="0.000" classname="com.hasbro.security.Sample">
    <skipped/>
  </testcase> <!-- tcSample -->
  <testcase name="tcSample" time="0.000" classname="com.hasbro.security.Sample">
    <skipped/>
  </testcase> <!-- tcSample -->
  <testcase name="tcSample" time="0.000" classname="com.hasbro.security.Sample">
    <skipped/>
  </testcase> <!-- tcSample -->
  <testcase name="tcSample" time="0.000" classname="com.hasbro.security.Sample">
    <skipped/>
  </testcase> <!-- tcSample -->
  <testcase name="tcSample" time="0.000" classname="com.hasbro.security.Sample">
    <skipped/>
  </testcase> <!-- tcSample -->
  <testcase name="tcSample" time="0.000" classname="com.hasbro.security.Sample">
    <skipped/>
  </testcase> <!-- tcSample -->
  <testcase name="tcSample" time="0.000" classname="com.hasbro.security.Sample">
    <skipped/>
  </testcase> <!-- tcSample -->
  <testcase name="tcSample" time="0.000" classname="com.hasbro.security.Sample">
    <skipped/>
  </testcase> <!-- tcSample -->
  <testcase name="tcSample" time="0.000" classname="com.hasbro.security.Sample">
    <skipped/>
  </testcase> <!-- tcSample -->
  <testcase name="tcSample" time="0.000" classname="com.hasbro.security.Sample">
    <skipped/>
  </testcase> <!-- tcSample -->
  <testcase name="tcSample" time="0.000" classname="com.hasbro.security.Sample">
    <skipped/>
  </testcase> <!-- tcSample -->
  <testcase name="tcSample" time="0.000" classname="com.hasbro.security.Sample">
    <skipped/>
  </testcase> <!-- tcSample -->
  <testcase name="tcSample" time="0.000" classname="com.hasbro.security.Sample">
    <skipped/>
  </testcase> <!-- tcSample -->
  <testcase name="tcSample" time="0.000" classname="com.hasbro.security.Sample">
    <skipped/>
  </testcase> <!-- tcSample -->
  <testcase name="tcSample" time="0.000" classname="com.hasbro.security.Sample">
    <skipped/>
  </testcase> <!-- tcSample -->
  <testcase name="tcSample" time="0.000" classname="com.hasbro.security.Sample">
    <skipped/>
  </testcase> <!-- tcSample -->
  <testcase name="tcSample" time="0.000" classname="com.hasbro.security.Sample">
    <skipped/>
  </testcase> <!-- tcSample -->
  <testcase name="tcSample" time="0.000" classname="com.hasbro.security.Sample">
    <skipped/>
  </testcase> <!-- tcSample -->
  <testcase name="tcSample" time="0.000" classname="com.hasbro.security.Sample">
    <skipped/>
  </testcase> <!-- tcSample -->
  <testcase name="tcSample" time="0.000" classname="com.hasbro.security.Sample">
    <skipped/>
  </testcase> <!-- tcSample -->
  <testcase name="tcSample" time="0.000" classname="com.hasbro.security.Sample">
    <skipped/>
  </testcase> <!-- tcSample -->
  <testcase name="tcSample" time="0.000" classname="com.hasbro.security.Sample">
    <skipped/>
  </testcase> <!-- tcSample -->
  <testcase name="tcSample" time="0.000" classname="com.hasbro.security.Sample">
    <skipped/>
  </testcase> <!-- tcSample -->
  <testcase name="tcSample" time="0.000" classname="com.hasbro.security.Sample">
    <skipped/>
  </testcase> <!-- tcSample -->
  <testcase name="tcSample" time="0.000" classname="com.hasbro.security.Sample">
    <skipped/>
  </testcase> <!-- tcSample -->
  <testcase name="tcSample" time="0.000" classname="com.hasbro.security.Sample">
    <skipped/>
  </testcase> <!-- tcSample -->
  <testcase name="tcSample" time="0.000" classname="com.hasbro.security.Sample">
    <skipped/>
  </testcase> <!-- tcSample -->
  <testcase name="tcSample" time="0.000" classname="com.hasbro.security.Sample">
    <skipped/>
  </testcase> <!-- tcSample -->
  <testcase name="tcSample" time="0.000" classname="com.hasbro.security.Sample">
    <skipped/>
  </testcase> <!-- tcSample -->
  <testcase name="tcSample" time="0.000" classname="com.hasbro.security.Sample">
    <skipped/>
  </testcase> <!-- tcSample -->
  <testcase name="tcSample" time="0.000" classname="com.hasbro.security.Sample">
    <skipped/>
  </testcase> <!-- tcSample -->
  <testcase name="tcSample" time="0.000" classname="com.hasbro.security.Sample">
    <skipped/>
  </testcase> <!-- tcSample -->
  <testcase name="tcSample" time="0.000" classname="com.hasbro.security.Sample">
    <skipped/>
  </testcase> <!-- tcSample -->
  <testcase name="tcSample" time="0.000" classname="com.hasbro.security.Sample">
    <skipped/>
  </testcase> <!-- tcSample -->
  <testcase name="tcSample" time="0.000" classname="com.hasbro.security.Sample">
    <skipped/>
  </testcase> <!-- tcSample -->
  <testcase name="tcSample" time="0.000" classname="com.hasbro.security.Sample">
    <skipped/>
  </testcase> <!-- tcSample -->
  <testcase name="tcSample" time="0.000" classname="com.hasbro.security.Sample">
    <skipped/>
  </testcase> <!-- tcSample -->
  <testcase name="tcSample" time="0.000" classname="com.hasbro.security.Sample">
    <skipped/>
  </testcase> <!-- tcSample -->
  <testcase name="tcSample" time="0.000" classname="com.hasbro.security.Sample">
    <skipped/>
  </testcase> <!-- tcSample -->
  <testcase name="tcSample" time="0.000" classname="com.hasbro.security.Sample">
    <skipped/>
  </testcase> <!-- tcSample -->
  <testcase name="tcSample" time="0.000" classname="com.hasbro.security.Sample">
    <skipped/>
  </testcase> <!-- tcSample -->
  <testcase name="tcSample" time="0.000" classname="com.hasbro.security.Sample">
    <skipped/>
  </testcase> <!-- tcSample -->
  <testcase name="tcSample" time="0.000" classname="com.hasbro.security.Sample">
    <skipped/>
  </testcase> <!-- tcSample -->
  <testcase name="tcSample" time="0.000" classname="com.hasbro.security.Sample">
    <skipped/>
  </testcase> <!-- tcSample -->
  <testcase name="tcSample" time="0.000" classname="com.hasbro.security.Sample">
    <skipped/>
  </testcase> <!-- tcSample -->
  <testcase name="tcSample" time="0.000" classname="com.hasbro.security.Sample">
    <skipped/>
  </testcase> <!-- tcSample -->
  <testcase name="tcSample" time="0.000" classname="com.hasbro.security.Sample">
    <skipped/>
  </testcase> <!-- tcSample -->
  <testcase name="tcSample" time="0.000" classname="com.hasbro.security.Sample">
    <skipped/>
  </testcase> <!-- tcSample -->
  <testcase name="tcSample" time="0.000" classname="com.hasbro.security.Sample">
    <skipped/>
  </testcase> <!-- tcSample -->
  <testcase name="tcSample" time="0.000" classname="com.hasbro.security.Sample">
    <skipped/>
  </testcase> <!-- tcSample -->
  <testcase name="tcSample" time="0.000" classname="com.hasbro.security.Sample">
    <skipped/>
  </testcase> <!-- tcSample -->
  <testcase name="tcSample" time="0.000" classname="com.hasbro.security.Sample">
    <skipped/>
  </testcase> <!-- tcSample -->
  <testcase name="tcSample" time="0.000" classname="com.hasbro.security.Sample">
    <skipped/>
  </testcase> <!-- tcSample -->
  <testcase name="tcSample" time="0.000" classname="com.hasbro.security.Sample">
    <skipped/>
  </testcase> <!-- tcSample -->
  <testcase name="tcSample" time="0.000" classname="com.hasbro.security.Sample">
    <skipped/>
  </testcase> <!-- tcSample -->
  <testcase name="tcSample" time="0.000" classname="com.hasbro.security.Sample">
    <skipped/>
  </testcase> <!-- tcSample -->
  <testcase name="tcSample" time="0.000" classname="com.hasbro.security.Sample">
    <skipped/>
  </testcase> <!-- tcSample -->
  <testcase name="tcSample" time="0.000" classname="com.hasbro.security.Sample">
    <skipped/>
  </testcase> <!-- tcSample -->
  <testcase name="tcSample" time="0.000" classname="com.hasbro.security.Sample">
    <skipped/>
  </testcase> <!-- tcSample -->
  <testcase name="tcSample" time="0.000" classname="com.hasbro.security.Sample">
    <skipped/>
  </testcase> <!-- tcSample -->
  <testcase name="tcSample" time="0.000" classname="com.hasbro.security.Sample">
    <skipped/>
  </testcase> <!-- tcSample -->
  <testcase name="tcSample" time="0.000" classname="com.hasbro.security.Sample">
    <skipped/>
  </testcase> <!-- tcSample -->
  <testcase name="tcSample" time="0.000" classname="com.hasbro.security.Sample">
    <skipped/>
  </testcase> <!-- tcSample -->
  <testcase name="tcSample" time="0.000" classname="com.hasbro.security.Sample">
    <skipped/>
  </testcase> <!-- tcSample -->
  <testcase name="tcSample" time="0.000" classname="com.hasbro.security.Sample">
    <skipped/>
  </testcase> <!-- tcSample -->
  <testcase name="tcSample" time="0.000" classname="com.hasbro.security.Sample">
    <skipped/>
  </testcase> <!-- tcSample -->
  <testcase name="tcSample" time="0.000" classname="com.hasbro.security.Sample">
    <skipped/>
  </testcase> <!-- tcSample -->
  <testcase name="tcSample" time="0.000" classname="com.hasbro.security.Sample">
    <skipped/>
  </testcase> <!-- tcSample -->
  <testcase name="tcSample" time="0.000" classname="com.hasbro.security.Sample">
    <skipped/>
  </testcase> <!-- tcSample -->
  <testcase name="tcSample" time="0.000" classname="com.hasbro.security.Sample">
    <skipped/>
  </testcase> <!-- tcSample -->
  <testcase name="tcSample" time="0.000" classname="com.hasbro.security.Sample">
    <skipped/>
  </testcase> <!-- tcSample -->
  <testcase name="tcSample" time="0.000" classname="com.hasbro.security.Sample">
    <skipped/>
  </testcase> <!-- tcSample -->
  <testcase name="tcSample" time="0.000" classname="com.hasbro.security.Sample">
    <skipped/>
  </testcase> <!-- tcSample -->
  <testcase name="tcSample" time="0.000" classname="com.hasbro.security.Sample">
    <skipped/>
  </testcase> <!-- tcSample -->
  <testcase name="tcSample" time="0.000" classname="com.hasbro.security.Sample">
    <skipped/>
  </testcase> <!-- tcSample -->
  <testcase name="tcSample" time="0.000" classname="com.hasbro.security.Sample">
    <skipped/>
  </testcase> <!-- tcSample -->
  <testcase name="tcSample" time="0.000" classname="com.hasbro.security.Sample">
    <skipped/>
  </testcase> <!-- tcSample -->
  <testcase name="tcSample" time="0.000" classname="com.hasbro.security.Sample">
    <skipped/>
  </testcase> <!-- tcSample -->
  <testcase name="tcSample" time="0.000" classname="com.hasbro.security.Sample">
    <skipped/>
  </testcase> <!-- tcSample -->
  <testcase name="tcSample" time="0.000" classname="com.hasbro.security.Sample">
    <skipped/>
  </testcase> <!-- tcSample -->
  <testcase name="tcSample" time="0.000" classname="com.hasbro.security.Sample">
    <skipped/>
  </testcase> <!-- tcSample -->
  <testcase name="tcSample" time="0.000" classname="com.hasbro.security.Sample">
    <skipped/>
  </testcase> <!-- tcSample -->
  <testcase name="tcSample" time="0.000" classname="com.hasbro.security.Sample">
    <skipped/>
  </testcase> <!-- tcSample -->
  <testcase name="tcSample" time="0.000" classname="com.hasbro.security.Sample">
    <skipped/>
  </testcase> <!-- tcSample -->
  <testcase name="tcSample" time="0.000" classname="com.hasbro.security.Sample">
    <skipped/>
  </testcase> <!-- tcSample -->
  <testcase name="tcSample" time="0.000" classname="com.hasbro.security.Sample">
    <skipped/>
  </testcase> <!-- tcSample -->
  <testcase name="tcSample" time="0.000" classname="com.hasbro.security.Sample">
    <skipped/>
  </testcase> <!-- tcSample -->
  <testcase name="tcSample" time="0.000" classname="com.hasbro.security.Sample">
    <skipped/>
  </testcase> <!-- tcSample -->
  <testcase name="tcSample" time="0.000" classname="com.hasbro.security.Sample">
    <skipped/>
  </testcase> <!-- tcSample -->
  <testcase name="tcSample" time="0.000" classname="com.hasbro.security.Sample">
    <skipped/>
  </testcase> <!-- tcSample -->
  <testcase name="tcSample" time="0.000" classname="com.hasbro.security.Sample">
    <skipped/>
  </testcase> <!-- tcSample -->
  <testcase name="tcSample" time="0.000" classname="com.hasbro.security.Sample">
    <skipped/>
  </testcase> <!-- tcSample -->
  <testcase name="tcSample" time="0.000" classname="com.hasbro.security.Sample">
    <skipped/>
  </testcase> <!-- tcSample -->
  <testcase name="tcSample" time="0.000" classname="com.hasbro.security.Sample">
    <skipped/>
  </testcase> <!-- tcSample -->
  <testcase name="tcSample" time="0.000" classname="com.hasbro.security.Sample">
    <skipped/>
  </testcase> <!-- tcSample -->
  <testcase name="tcSample" time="0.000" classname="com.hasbro.security.Sample">
    <skipped/>
  </testcase> <!-- tcSample -->
  <testcase name="tcSample" time="0.000" classname="com.hasbro.security.Sample">
    <skipped/>
  </testcase> <!-- tcSample -->
  <testcase name="tcSample" time="0.000" classname="com.hasbro.security.Sample">
    <skipped/>
  </testcase> <!-- tcSample -->
  <testcase name="tcSample" time="0.000" classname="com.hasbro.security.Sample">
    <skipped/>
  </testcase> <!-- tcSample -->
  <testcase name="tcSample" time="0.000" classname="com.hasbro.security.Sample">
    <skipped/>
  </testcase> <!-- tcSample -->
  <testcase name="tcSample" time="0.000" classname="com.hasbro.security.Sample">
    <skipped/>
  </testcase> <!-- tcSample -->
  <testcase name="tcSample" time="0.000" classname="com.hasbro.security.Sample">
    <skipped/>
  </testcase> <!-- tcSample -->
  <testcase name="tcSample" time="0.000" classname="com.hasbro.security.Sample">
    <skipped/>
  </testcase> <!-- tcSample -->
  <testcase name="tcSample" time="0.000" classname="com.hasbro.security.Sample">
    <skipped/>
  </testcase> <!-- tcSample -->
  <testcase name="tcSample" time="0.000" classname="com.hasbro.security.Sample">
    <skipped/>
  </testcase> <!-- tcSample -->
  <testcase name="tcSample" time="0.000" classname="com.hasbro.security.Sample">
    <skipped/>
  </testcase> <!-- tcSample -->
  <testcase name="tcSample" time="0.000" classname="com.hasbro.security.Sample">
    <skipped/>
  </testcase> <!-- tcSample -->
  <testcase name="tcSample" time="0.000" classname="com.hasbro.security.Sample">
    <skipped/>
  </testcase> <!-- tcSample -->
  <testcase name="tcSample" time="0.000" classname="com.hasbro.security.Sample">
    <skipped/>
  </testcase> <!-- tcSample -->
  <testcase name="tcSample" time="0.000" classname="com.hasbro.security.Sample">
    <skipped/>
  </testcase> <!-- tcSample -->
  <testcase name="tcSample" time="0.000" classname="com.hasbro.security.Sample">
    <skipped/>
  </testcase> <!-- tcSample -->
  <testcase name="tcSample" time="0.000" classname="com.hasbro.security.Sample">
    <skipped/>
  </testcase> <!-- tcSample -->
  <testcase name="tcSample" time="0.000" classname="com.hasbro.security.Sample">
    <skipped/>
  </testcase> <!-- tcSample -->
  <testcase name="tcSample" time="0.000" classname="com.hasbro.security.Sample">
    <skipped/>
  </testcase> <!-- tcSample -->
  <testcase name="tcSample" time="0.000" classname="com.hasbro.security.Sample">
    <skipped/>
  </testcase> <!-- tcSample -->
  <testcase name="tcSample" time="0.000" classname="com.hasbro.security.Sample">
    <skipped/>
  </testcase> <!-- tcSample -->
  <testcase name="tcSample" time="0.000" classname="com.hasbro.security.Sample">
    <skipped/>
  </testcase> <!-- tcSample -->
  <testcase name="tcSample" time="0.000" classname="com.hasbro.security.Sample">
    <skipped/>
  </testcase> <!-- tcSample -->
  <testcase name="tcSample" time="0.000" classname="com.hasbro.security.Sample">
    <skipped/>
  </testcase> <!-- tcSample -->
  <testcase name="tcSample" time="0.000" classname="com.hasbro.security.Sample">
    <skipped/>
  </testcase> <!-- tcSample -->
  <testcase name="tcSample" time="0.000" classname="com.hasbro.security.Sample">
    <skipped/>
  </testcase> <!-- tcSample -->
  <testcase name="tcSample" time="0.000" classname="com.hasbro.security.Sample">
    <skipped/>
  </testcase> <!-- tcSample -->
  <testcase name="tcSample" time="0.000" classname="com.hasbro.security.Sample">
    <skipped/>
  </testcase> <!-- tcSample -->
  <testcase name="tcSample" time="0.000" classname="com.hasbro.security.Sample">
    <skipped/>
  </testcase> <!-- tcSample -->
  <testcase name="tcSample" time="0.000" classname="com.hasbro.security.Sample">
    <skipped/>
  </testcase> <!-- tcSample -->
  <testcase name="tcSample" time="0.000" classname="com.hasbro.security.Sample">
    <skipped/>
  </testcase> <!-- tcSample -->
  <testcase name="tcSample" time="0.000" classname="com.hasbro.security.Sample">
    <skipped/>
  </testcase> <!-- tcSample -->
  <testcase name="tcSample" time="0.000" classname="com.hasbro.security.Sample">
    <skipped/>
  </testcase> <!-- tcSample -->
  <testcase name="tcSample" time="0.000" classname="com.hasbro.security.Sample">
    <skipped/>
  </testcase> <!-- tcSample -->
  <testcase name="tcSample" time="0.000" classname="com.hasbro.security.Sample">
    <skipped/>
  </testcase> <!-- tcSample -->
  <testcase name="tcSample" time="0.000" classname="com.hasbro.security.Sample">
    <skipped/>
  </testcase> <!-- tcSample -->
  <testcase name="tcSample" time="0.000" classname="com.hasbro.security.Sample">
    <skipped/>
  </testcase> <!-- tcSample -->
  <testcase name="tcSample" time="0.000" classname="com.hasbro.security.Sample">
    <skipped/>
  </testcase> <!-- tcSample -->
  <testcase name="tcSample" time="0.000" classname="com.hasbro.security.Sample">
    <skipped/>
  </testcase> <!-- tcSample -->
  <testcase name="tcSample" time="0.000" classname="com.hasbro.security.Sample">
    <skipped/>
  </testcase> <!-- tcSample -->
  <testcase name="tcSample" time="0.000" classname="com.hasbro.security.Sample">
    <skipped/>
  </testcase> <!-- tcSample -->
  <testcase name="tcSample" time="0.000" classname="com.hasbro.security.Sample">
    <skipped/>
  </testcase> <!-- tcSample -->
  <testcase name="tcSample" time="0.000" classname="com.hasbro.security.Sample">
    <skipped/>
  </testcase> <!-- tcSample -->
  <testcase name="tcSample" time="0.000" classname="com.hasbro.security.Sample">
    <skipped/>
  </testcase> <!-- tcSample -->
  <testcase name="tcSample" time="0.000" classname="com.hasbro.security.Sample">
    <skipped/>
  </testcase> <!-- tcSample -->
  <testcase name="tcSample" time="0.000" classname="com.hasbro.security.Sample">
    <skipped/>
  </testcase> <!-- tcSample -->
  <testcase name="tcSample" time="0.000" classname="com.hasbro.security.Sample">
    <skipped/>
  </testcase> <!-- tcSample -->
  <testcase name="tcSample" time="0.000" classname="com.hasbro.security.Sample">
    <skipped/>
  </testcase> <!-- tcSample -->
  <testcase name="tcSample" time="0.000" classname="com.hasbro.security.Sample">
    <skipped/>
  </testcase> <!-- tcSample -->
  <testcase name="tcSample" time="0.000" classname="com.hasbro.security.Sample">
    <skipped/>
  </testcase> <!-- tcSample -->
  <testcase name="tcSample" time="0.000" classname="com.hasbro.security.Sample">
    <skipped/>
  </testcase> <!-- tcSample -->
  <testcase name="tcSample" time="0.000" classname="com.hasbro.security.Sample">
    <skipped/>
  </testcase> <!-- tcSample -->
  <testcase name="tcSample" time="0.000" classname="com.hasbro.security.Sample">
    <skipped/>
  </testcase> <!-- tcSample -->
  <testcase name="tcSample" time="0.000" classname="com.hasbro.security.Sample">
    <skipped/>
  </testcase> <!-- tcSample -->
  <testcase name="tcSample" time="0.000" classname="com.hasbro.security.Sample">
    <skipped/>
  </testcase> <!-- tcSample -->
  <testcase name="tcSample" time="0.000" classname="com.hasbro.security.Sample">
    <skipped/>
  </testcase> <!-- tcSample -->
  <testcase name="tcSample" time="0.000" classname="com.hasbro.security.Sample">
    <skipped/>
  </testcase> <!-- tcSample -->
  <testcase name="tcSample" time="0.000" classname="com.hasbro.security.Sample">
    <skipped/>
  </testcase> <!-- tcSample -->
  <testcase name="tcSample" time="0.000" classname="com.hasbro.security.Sample">
    <skipped/>
  </testcase> <!-- tcSample -->
  <testcase name="tcSample" time="0.000" classname="com.hasbro.security.Sample">
    <skipped/>
  </testcase> <!-- tcSample -->
  <testcase name="tcSample" time="0.000" classname="com.hasbro.security.Sample">
    <skipped/>
  </testcase> <!-- tcSample -->
  <testcase name="tcSample" time="0.000" classname="com.hasbro.security.Sample">
    <skipped/>
  </testcase> <!-- tcSample -->
  <testcase name="tcSample" time="0.000" classname="com.hasbro.security.Sample">
    <skipped/>
  </testcase> <!-- tcSample -->
  <testcase name="tcSample" time="0.000" classname="com.hasbro.security.Sample">
    <skipped/>
  </testcase> <!-- tcSample -->
  <testcase name="tcSample" time="0.000" classname="com.hasbro.security.Sample">
    <skipped/>
  </testcase> <!-- tcSample -->
  <testcase name="tcSample" time="0.000" classname="com.hasbro.security.Sample">
    <skipped/>
  </testcase> <!-- tcSample -->
  <testcase name="tcSample" time="0.000" classname="com.hasbro.security.Sample">
    <skipped/>
  </testcase> <!-- tcSample -->
  <testcase name="tcSample" time="0.000" classname="com.hasbro.security.Sample">
    <skipped/>
  </testcase> <!-- tcSample -->
  <testcase name="tcSample" time="0.000" classname="com.hasbro.security.Sample">
    <skipped/>
  </testcase> <!-- tcSample -->
  <testcase name="tcSample" time="0.000" classname="com.hasbro.security.Sample">
    <skipped/>
  </testcase> <!-- tcSample -->
  <testcase name="tcSample" time="0.000" classname="com.hasbro.security.Sample">
    <skipped/>
  </testcase> <!-- tcSample -->
  <testcase name="tcSample" time="0.000" classname="com.hasbro.security.Sample">
    <skipped/>
  </testcase> <!-- tcSample -->
  <testcase name="tcSample" time="0.000" classname="com.hasbro.security.Sample">
    <skipped/>
  </testcase> <!-- tcSample -->
  <testcase name="tcSample" time="0.000" classname="com.hasbro.security.Sample">
    <skipped/>
  </testcase> <!-- tcSample -->
  <testcase name="tcSample" time="0.000" classname="com.hasbro.security.Sample">
    <skipped/>
  </testcase> <!-- tcSample -->
  <testcase name="tcSample" time="0.000" classname="com.hasbro.security.Sample">
    <skipped/>
  </testcase> <!-- tcSample -->
  <testcase name="tcSample" time="0.000" classname="com.hasbro.security.Sample">
    <skipped/>
  </testcase> <!-- tcSample -->
  <testcase name="tcSample" time="0.000" classname="com.hasbro.security.Sample">
    <skipped/>
  </testcase> <!-- tcSample -->
  <testcase name="tcSample" time="0.000" classname="com.hasbro.security.Sample">
    <skipped/>
  </testcase> <!-- tcSample -->
  <testcase name="tcSample" time="0.000" classname="com.hasbro.security.Sample">
    <skipped/>
  </testcase> <!-- tcSample -->
  <testcase name="tcSample" time="0.000" classname="com.hasbro.security.Sample">
    <skipped/>
  </testcase> <!-- tcSample -->
  <testcase name="tcSample" time="0.000" classname="com.hasbro.security.Sample">
    <skipped/>
  </testcase> <!-- tcSample -->
  <testcase name="tcSample" time="0.000" classname="com.hasbro.security.Sample">
    <skipped/>
  </testcase> <!-- tcSample -->
  <testcase name="tcSample" time="0.000" classname="com.hasbro.security.Sample">
    <skipped/>
  </testcase> <!-- tcSample -->
  <testcase name="tcSample" time="0.000" classname="com.hasbro.security.Sample">
    <skipped/>
  </testcase> <!-- tcSample -->
  <testcase name="tcSample" time="0.000" classname="com.hasbro.security.Sample">
    <skipped/>
  </testcase> <!-- tcSample -->
  <testcase name="tcSample" time="0.000" classname="com.hasbro.security.Sample">
    <skipped/>
  </testcase> <!-- tcSample -->
  <testcase name="tcSample" time="0.000" classname="com.hasbro.security.Sample">
    <skipped/>
  </testcase> <!-- tcSample -->
  <testcase name="tcSample" time="0.000" classname="com.hasbro.security.Sample">
    <skipped/>
  </testcase> <!-- tcSample -->
  <testcase name="tcSample" time="0.000" classname="com.hasbro.security.Sample">
    <skipped/>
  </testcase> <!-- tcSample -->
  <testcase name="tcSample" time="0.000" classname="com.hasbro.security.Sample">
    <skipped/>
  </testcase> <!-- tcSample -->
  <testcase name="tcSample" time="0.000" classname="com.hasbro.security.Sample">
    <skipped/>
  </testcase> <!-- tcSample -->
  <testcase name="tcSample" time="0.000" classname="com.hasbro.security.Sample">
    <skipped/>
  </testcase> <!-- tcSample -->
  <testcase name="tcSample" time="0.000" classname="com.hasbro.security.Sample">
    <skipped/>
  </testcase> <!-- tcSample -->
  <testcase name="tcSample" time="0.000" classname="com.hasbro.security.Sample">
    <skipped/>
  </testcase> <!-- tcSample -->
  <testcase name="tcSample" time="0.000" classname="com.hasbro.security.Sample">
    <skipped/>
  </testcase> <!-- tcSample -->
  <testcase name="tcSample" time="0.000" classname="com.hasbro.security.Sample">
    <skipped/>
  </testcase> <!-- tcSample -->
  <testcase name="tcSample" time="0.000" classname="com.hasbro.security.Sample">
    <skipped/>
  </testcase> <!-- tcSample -->
  <testcase name="tcSample" time="0.000" classname="com.hasbro.security.Sample">
    <skipped/>
  </testcase> <!-- tcSample -->
  <testcase name="tcSample" time="0.000" classname="com.hasbro.security.Sample">
    <skipped/>
  </testcase> <!-- tcSample -->
  <testcase name="tcSample" time="0.000" classname="com.hasbro.security.Sample">
    <skipped/>
  </testcase> <!-- tcSample -->
  <testcase name="tcSample" time="0.000" classname="com.hasbro.security.Sample">
    <skipped/>
  </testcase> <!-- tcSample -->
  <testcase name="tcSample" time="0.000" classname="com.hasbro.security.Sample">
    <skipped/>
  </testcase> <!-- tcSample -->
  <testcase name="tcSample" time="0.000" classname="com.hasbro.security.Sample">
    <skipped/>
  </testcase> <!-- tcSample -->
  <testcase name="tcSample" time="0.000" classname="com.hasbro.security.Sample">
    <skipped/>
  </testcase> <!-- tcSample -->
  <testcase name="tcSample" time="0.000" classname="com.hasbro.security.Sample">
    <skipped/>
  </testcase> <!-- tcSample -->
  <testcase name="tcSample" time="0.000" classname="com.hasbro.security.Sample">
    <skipped/>
  </testcase> <!-- tcSample -->
  <testcase name="tcSample" time="0.000" classname="com.hasbro.security.Sample">
    <skipped/>
  </testcase> <!-- tcSample -->
  <testcase name="tcSample" time="0.000" classname="com.hasbro.security.Sample">
    <skipped/>
  </testcase> <!-- tcSample -->
  <testcase name="tcSample" time="0.000" classname="com.hasbro.security.Sample">
    <skipped/>
  </testcase> <!-- tcSample -->
  <testcase name="tcSample" time="0.000" classname="com.hasbro.security.Sample">
    <skipped/>
  </testcase> <!-- tcSample -->
  <testcase name="tcSample" time="0.000" classname="com.hasbro.security.Sample">
    <skipped/>
  </testcase> <!-- tcSample -->
  <testcase name="tcSample" time="0.000" classname="com.hasbro.security.Sample">
    <skipped/>
  </testcase> <!-- tcSample -->
  <testcase name="tcSample" time="0.000" classname="com.hasbro.security.Sample">
    <skipped/>
  </testcase> <!-- tcSample -->
  <testcase name="tcSample" time="0.000" classname="com.hasbro.security.Sample">
    <skipped/>
  </testcase> <!-- tcSample -->
  <testcase name="tcSample" time="0.000" classname="com.hasbro.security.Sample">
    <skipped/>
  </testcase> <!-- tcSample -->
  <testcase name="tcSample" time="0.000" classname="com.hasbro.security.Sample">
    <skipped/>
  </testcase> <!-- tcSample -->
  <testcase name="tcSample" time="0.000" classname="com.hasbro.security.Sample">
    <skipped/>
  </testcase> <!-- tcSample -->
  <testcase name="tcSample" time="0.000" classname="com.hasbro.security.Sample">
    <skipped/>
  </testcase> <!-- tcSample -->
  <testcase name="tcSample" time="0.000" classname="com.hasbro.security.Sample">
    <skipped/>
  </testcase> <!-- tcSample -->
  <testcase name="tcSample" time="0.000" classname="com.hasbro.security.Sample">
    <skipped/>
  </testcase> <!-- tcSample -->
  <testcase name="tcSample" time="0.000" classname="com.hasbro.security.Sample">
    <skipped/>
  </testcase> <!-- tcSample -->
  <testcase name="tcSample" time="0.000" classname="com.hasbro.security.Sample">
    <skipped/>
  </testcase> <!-- tcSample -->
  <testcase name="tcSample" time="0.000" classname="com.hasbro.security.Sample">
    <skipped/>
  </testcase> <!-- tcSample -->
  <testcase name="tcSample" time="0.000" classname="com.hasbro.security.Sample">
    <skipped/>
  </testcase> <!-- tcSample -->
  <testcase name="tcSample" time="0.000" classname="com.hasbro.security.Sample">
    <skipped/>
  </testcase> <!-- tcSample -->
  <testcase name="tcSample" time="0.000" classname="com.hasbro.security.Sample">
    <skipped/>
  </testcase> <!-- tcSample -->
  <testcase name="tcSample" time="0.000" classname="com.hasbro.security.Sample">
    <skipped/>
  </testcase> <!-- tcSample -->
  <testcase name="tcSample" time="0.000" classname="com.hasbro.security.Sample">
    <skipped/>
  </testcase> <!-- tcSample -->
  <testcase name="tcSample" time="0.000" classname="com.hasbro.security.Sample">
    <skipped/>
  </testcase> <!-- tcSample -->
  <testcase name="tcSample" time="0.000" classname="com.hasbro.security.Sample">
    <skipped/>
  </testcase> <!-- tcSample -->
  <testcase name="tcSample" time="0.000" classname="com.hasbro.security.Sample">
    <skipped/>
  </testcase> <!-- tcSample -->
  <testcase name="tcSample" time="0.000" classname="com.hasbro.security.Sample">
    <skipped/>
  </testcase> <!-- tcSample -->
  <testcase name="tcSample" time="0.000" classname="com.hasbro.security.Sample">
    <skipped/>
  </testcase> <!-- tcSample -->
  <testcase name="tcSample" time="0.000" classname="com.hasbro.security.Sample">
    <skipped/>
  </testcase> <!-- tcSample -->
  <testcase name="tcSample" time="0.000" classname="com.hasbro.security.Sample">
    <skipped/>
  </testcase> <!-- tcSample -->
  <testcase name="tcSample" time="0.000" classname="com.hasbro.security.Sample">
    <skipped/>
  </testcase> <!-- tcSample -->
  <testcase name="tcSample" time="0.000" classname="com.hasbro.security.Sample">
    <skipped/>
  </testcase> <!-- tcSample -->
  <testcase name="tcSample" time="0.000" classname="com.hasbro.security.Sample">
    <skipped/>
  </testcase> <!-- tcSample -->
  <testcase name="tcSample" time="0.000" classname="com.hasbro.security.Sample">
    <skipped/>
  </testcase> <!-- tcSample -->
  <testcase name="tcSample" time="0.000" classname="com.hasbro.security.Sample">
    <skipped/>
  </testcase> <!-- tcSample -->
  <testcase name="tcSample" time="0.000" classname="com.hasbro.security.Sample">
    <skipped/>
  </testcase> <!-- tcSample -->
  <testcase name="tcSample" time="0.000" classname="com.hasbro.security.Sample">
    <skipped/>
  </testcase> <!-- tcSample -->
  <testcase name="tcSample" time="0.000" classname="com.hasbro.security.Sample">
    <skipped/>
  </testcase> <!-- tcSample -->
  <testcase name="tcSample" time="0.000" classname="com.hasbro.security.Sample">
    <skipped/>
  </testcase> <!-- tcSample -->
  <testcase name="tcSample" time="0.000" classname="com.hasbro.security.Sample">
    <skipped/>
  </testcase> <!-- tcSample -->
  <testcase name="tcSample" time="0.000" classname="com.hasbro.security.Sample">
    <skipped/>
  </testcase> <!-- tcSample -->
  <testcase name="tcSample" time="0.000" classname="com.hasbro.security.Sample">
    <skipped/>
  </testcase> <!-- tcSample -->
  <testcase name="tcSample" time="0.000" classname="com.hasbro.security.Sample">
    <skipped/>
  </testcase> <!-- tcSample -->
  <testcase name="tcSample" time="0.000" classname="com.hasbro.security.Sample">
    <skipped/>
  </testcase> <!-- tcSample -->
  <testcase name="tcSample" time="0.000" classname="com.hasbro.security.Sample">
    <skipped/>
  </testcase> <!-- tcSample -->
  <testcase name="tcSample" time="0.000" classname="com.hasbro.security.Sample">
    <skipped/>
  </testcase> <!-- tcSample -->
  <testcase name="tcSample" time="0.000" classname="com.hasbro.security.Sample">
    <skipped/>
  </testcase> <!-- tcSample -->
  <testcase name="tcSample" time="0.000" classname="com.hasbro.security.Sample">
    <skipped/>
  </testcase> <!-- tcSample -->
  <testcase name="tcSample" time="0.000" classname="com.hasbro.security.Sample">
    <skipped/>
  </testcase> <!-- tcSample -->
  <testcase name="tcSample" time="0.000" classname="com.hasbro.security.Sample">
    <skipped/>
  </testcase> <!-- tcSample -->
  <testcase name="tcSample" time="0.000" classname="com.hasbro.security.Sample">
    <skipped/>
  </testcase> <!-- tcSample -->
  <testcase name="tcSample" time="0.000" classname="com.hasbro.security.Sample">
    <skipped/>
  </testcase> <!-- tcSample -->
  <testcase name="tcSample" time="0.000" classname="com.hasbro.security.Sample">
    <skipped/>
  </testcase> <!-- tcSample -->
  <testcase name="tcSample" time="0.000" classname="com.hasbro.security.Sample">
    <skipped/>
  </testcase> <!-- tcSample -->
  <testcase name="tcSample" time="0.000" classname="com.hasbro.security.Sample">
    <skipped/>
  </testcase> <!-- tcSample -->
  <testcase name="tcSample" time="0.000" classname="com.hasbro.security.Sample">
    <skipped/>
  </testcase> <!-- tcSample -->
  <testcase name="tcSample" time="0.000" classname="com.hasbro.security.Sample">
    <skipped/>
  </testcase> <!-- tcSample -->
  <testcase name="tcSample" time="0.000" classname="com.hasbro.security.Sample">
    <skipped/>
  </testcase> <!-- tcSample -->
  <testcase name="tcSample" time="0.000" classname="com.hasbro.security.Sample">
    <skipped/>
  </testcase> <!-- tcSample -->
  <testcase name="tcSample" time="0.000" classname="com.hasbro.security.Sample">
    <skipped/>
  </testcase> <!-- tcSample -->
  <testcase name="tcSample" time="0.000" classname="com.hasbro.security.Sample">
    <skipped/>
  </testcase> <!-- tcSample -->
  <testcase name="tcSample" time="0.000" classname="com.hasbro.security.Sample">
    <skipped/>
  </testcase> <!-- tcSample -->
  <testcase name="tcSample" time="0.000" classname="com.hasbro.security.Sample">
    <skipped/>
  </testcase> <!-- tcSample -->
  <testcase name="tcSample" time="0.000" classname="com.hasbro.security.Sample">
    <skipped/>
  </testcase> <!-- tcSample -->
  <testcase name="tcSample" time="0.000" classname="com.hasbro.security.Sample">
    <skipped/>
  </testcase> <!-- tcSample -->
  <testcase name="tcSample" time="0.000" classname="com.hasbro.security.Sample">
    <skipped/>
  </testcase> <!-- tcSample -->
  <testcase name="tcSample" time="0.000" classname="com.hasbro.security.Sample">
    <skipped/>
  </testcase> <!-- tcSample -->
  <testcase name="tcSample" time="0.000" classname="com.hasbro.security.Sample">
    <skipped/>
  </testcase> <!-- tcSample -->
  <testcase name="tcSample" time="0.000" classname="com.hasbro.security.Sample">
    <skipped/>
  </testcase> <!-- tcSample -->
  <testcase name="tcSample" time="0.000" classname="com.hasbro.security.Sample">
    <skipped/>
  </testcase> <!-- tcSample -->
  <testcase name="tcSample" time="0.000" classname="com.hasbro.security.Sample">
    <skipped/>
  </testcase> <!-- tcSample -->
  <testcase name="tcSample" time="0.000" classname="com.hasbro.security.Sample">
    <skipped/>
  </testcase> <!-- tcSample -->
  <testcase name="tcSample" time="0.000" classname="com.hasbro.security.Sample">
    <skipped/>
  </testcase> <!-- tcSample -->
  <testcase name="tcSample" time="0.000" classname="com.hasbro.security.Sample">
    <skipped/>
  </testcase> <!-- tcSample -->
  <testcase name="tcSample" time="0.000" classname="com.hasbro.security.Sample">
    <skipped/>
  </testcase> <!-- tcSample -->
  <testcase name="tcSample" time="0.000" classname="com.hasbro.security.Sample">
    <skipped/>
  </testcase> <!-- tcSample -->
  <testcase name="tcSample" time="0.000" classname="com.hasbro.security.Sample">
    <skipped/>
  </testcase> <!-- tcSample -->
  <testcase name="tcSample" time="0.000" classname="com.hasbro.security.Sample">
    <skipped/>
  </testcase> <!-- tcSample -->
  <testcase name="tcSample" time="0.000" classname="com.hasbro.security.Sample">
    <skipped/>
  </testcase> <!-- tcSample -->
  <testcase name="tcSample" time="0.000" classname="com.hasbro.security.Sample">
    <skipped/>
  </testcase> <!-- tcSample -->
  <testcase name="tcSample" time="0.000" classname="com.hasbro.security.Sample">
    <skipped/>
  </testcase> <!-- tcSample -->
  <testcase name="tcSample" time="0.000" classname="com.hasbro.security.Sample">
    <skipped/>
  </testcase> <!-- tcSample -->
  <testcase name="tcSample" time="0.000" classname="com.hasbro.security.Sample">
    <skipped/>
  </testcase> <!-- tcSample -->
  <testcase name="tcSample" time="0.000" classname="com.hasbro.security.Sample">
    <skipped/>
  </testcase> <!-- tcSample -->
  <testcase name="tcSample" time="0.000" classname="com.hasbro.security.Sample">
    <skipped/>
  </testcase> <!-- tcSample -->
  <testcase name="tcSample" time="0.000" classname="com.hasbro.security.Sample">
    <skipped/>
  </testcase> <!-- tcSample -->
  <testcase name="tcSample" time="0.000" classname="com.hasbro.security.Sample">
    <skipped/>
  </testcase> <!-- tcSample -->
  <testcase name="tcSample" time="0.000" classname="com.hasbro.security.Sample">
    <skipped/>
  </testcase> <!-- tcSample -->
  <testcase name="tcSample" time="0.000" classname="com.hasbro.security.Sample">
    <skipped/>
  </testcase> <!-- tcSample -->
  <testcase name="tcSample" time="0.000" classname="com.hasbro.security.Sample">
    <skipped/>
  </testcase> <!-- tcSample -->
  <testcase name="tcSample" time="0.000" classname="com.hasbro.security.Sample">
    <skipped/>
  </testcase> <!-- tcSample -->
  <testcase name="tcSample" time="0.000" classname="com.hasbro.security.Sample">
    <skipped/>
  </testcase> <!-- tcSample -->
  <testcase name="tcSample" time="0.000" classname="com.hasbro.security.Sample">
    <skipped/>
  </testcase> <!-- tcSample -->
  <testcase name="tcSample" time="0.000" classname="com.hasbro.security.Sample">
    <skipped/>
  </testcase> <!-- tcSample -->
  <testcase name="tcSample" time="0.000" classname="com.hasbro.security.Sample">
    <skipped/>
  </testcase> <!-- tcSample -->
  <testcase name="tcSample" time="0.000" classname="com.hasbro.security.Sample">
    <skipped/>
  </testcase> <!-- tcSample -->
  <testcase name="tcSample" time="0.000" classname="com.hasbro.security.Sample">
    <skipped/>
  </testcase> <!-- tcSample -->
  <testcase name="tcSample" time="0.000" classname="com.hasbro.security.Sample">
    <skipped/>
  </testcase> <!-- tcSample -->
  <testcase name="tcSample" time="0.000" classname="com.hasbro.security.Sample">
    <skipped/>
  </testcase> <!-- tcSample -->
  <testcase name="tcSample" time="0.000" classname="com.hasbro.security.Sample">
    <skipped/>
  </testcase> <!-- tcSample -->
  <testcase name="tcSample" time="0.000" classname="com.hasbro.security.Sample">
    <skipped/>
  </testcase> <!-- tcSample -->
  <testcase name="tcSample" time="0.000" classname="com.hasbro.security.Sample">
    <skipped/>
  </testcase> <!-- tcSample -->
  <testcase name="tcSample" time="0.000" classname="com.hasbro.security.Sample">
    <skipped/>
  </testcase> <!-- tcSample -->
  <testcase name="tcSample" time="0.000" classname="com.hasbro.security.Sample">
    <skipped/>
  </testcase> <!-- tcSample -->
  <testcase name="tcSample" time="0.000" classname="com.hasbro.security.Sample">
    <skipped/>
  </testcase> <!-- tcSample -->
  <testcase name="tcSample" time="0.000" classname="com.hasbro.security.Sample">
    <skipped/>
  </testcase> <!-- tcSample -->
  <testcase name="tcSample" time="0.000" classname="com.hasbro.security.Sample">
    <skipped/>
  </testcase> <!-- tcSample -->
  <testcase name="tcSample" time="0.000" classname="com.hasbro.security.Sample">
    <skipped/>
  </testcase> <!-- tcSample -->
  <testcase name="tcSample" time="0.000" classname="com.hasbro.security.Sample">
    <skipped/>
  </testcase> <!-- tcSample -->
  <testcase name="tcSample" time="0.000" classname="com.hasbro.security.Sample">
    <skipped/>
  </testcase> <!-- tcSample -->
  <testcase name="tcSample" time="0.000" classname="com.hasbro.security.Sample">
    <skipped/>
  </testcase> <!-- tcSample -->
  <testcase name="tcSample" time="0.000" classname="com.hasbro.security.Sample">
    <skipped/>
  </testcase> <!-- tcSample -->
  <testcase name="tcSample" time="0.000" classname="com.hasbro.security.Sample">
    <skipped/>
  </testcase> <!-- tcSample -->
  <testcase name="tcSample" time="0.000" classname="com.hasbro.security.Sample">
    <skipped/>
  </testcase> <!-- tcSample -->
  <testcase name="tcSample" time="0.000" classname="com.hasbro.security.Sample">
    <skipped/>
  </testcase> <!-- tcSample -->
  <testcase name="tcSample" time="0.000" classname="com.hasbro.security.Sample">
    <skipped/>
  </testcase> <!-- tcSample -->
  <testcase name="tcSample" time="0.000" classname="com.hasbro.security.Sample">
    <skipped/>
  </testcase> <!-- tcSample -->
  <testcase name="tcSample" time="0.000" classname="com.hasbro.security.Sample">
    <skipped/>
  </testcase> <!-- tcSample -->
  <testcase name="tcSample" time="0.000" classname="com.hasbro.security.Sample">
    <skipped/>
  </testcase> <!-- tcSample -->
  <testcase name="tcSample" time="0.000" classname="com.hasbro.security.Sample">
    <skipped/>
  </testcase> <!-- tcSample -->
  <testcase name="tcSample" time="0.000" classname="com.hasbro.security.Sample">
    <skipped/>
  </testcase> <!-- tcSample -->
  <testcase name="tcSample" time="0.000" classname="com.hasbro.security.Sample">
    <skipped/>
  </testcase> <!-- tcSample -->
  <testcase name="tcSample" time="0.000" classname="com.hasbro.security.Sample">
    <skipped/>
  </testcase> <!-- tcSample -->
  <testcase name="tcSample" time="0.000" classname="com.hasbro.security.Sample">
    <skipped/>
  </testcase> <!-- tcSample -->
  <testcase name="tcSample" time="0.000" classname="com.hasbro.security.Sample">
    <skipped/>
  </testcase> <!-- tcSample -->
  <testcase name="tcSample" time="0.000" classname="com.hasbro.security.Sample">
    <skipped/>
  </testcase> <!-- tcSample -->
  <testcase name="tcSample" time="0.000" classname="com.hasbro.security.Sample">
    <skipped/>
  </testcase> <!-- tcSample -->
  <testcase name="tcSample" time="0.000" classname="com.hasbro.security.Sample">
    <skipped/>
  </testcase> <!-- tcSample -->
  <testcase name="tcSample" time="0.000" classname="com.hasbro.security.Sample">
    <skipped/>
  </testcase> <!-- tcSample -->
  <testcase name="tcSample" time="0.000" classname="com.hasbro.security.Sample">
    <skipped/>
  </testcase> <!-- tcSample -->
  <testcase name="tcSample" time="0.000" classname="com.hasbro.security.Sample">
    <skipped/>
  </testcase> <!-- tcSample -->
  <testcase name="tcSample" time="0.000" classname="com.hasbro.security.Sample">
    <skipped/>
  </testcase> <!-- tcSample -->
  <testcase name="tcSample" time="0.000" classname="com.hasbro.security.Sample">
    <skipped/>
  </testcase> <!-- tcSample -->
  <testcase name="tcSample" time="0.000" classname="com.hasbro.security.Sample">
    <skipped/>
  </testcase> <!-- tcSample -->
  <testcase name="tcSample" time="0.000" classname="com.hasbro.security.Sample">
    <skipped/>
  </testcase> <!-- tcSample -->
  <testcase name="tcSample" time="0.000" classname="com.hasbro.security.Sample">
    <skipped/>
  </testcase> <!-- tcSample -->
  <testcase name="tcSample" time="0.000" classname="com.hasbro.security.Sample">
    <skipped/>
  </testcase> <!-- tcSample -->
  <testcase name="tcSample" time="0.000" classname="com.hasbro.security.Sample">
    <skipped/>
  </testcase> <!-- tcSample -->
  <testcase name="tcSample" time="0.000" classname="com.hasbro.security.Sample">
    <skipped/>
  </testcase> <!-- tcSample -->
  <testcase name="tcSample" time="0.000" classname="com.hasbro.security.Sample">
    <skipped/>
  </testcase> <!-- tcSample -->
  <testcase name="tcSample" time="0.000" classname="com.hasbro.security.Sample">
    <skipped/>
  </testcase> <!-- tcSample -->
  <testcase name="tcSample" time="0.000" classname="com.hasbro.security.Sample">
    <skipped/>
  </testcase> <!-- tcSample -->
  <testcase name="tcSample" time="0.000" classname="com.hasbro.security.Sample">
    <skipped/>
  </testcase> <!-- tcSample -->
  <testcase name="tcSample" time="0.000" classname="com.hasbro.security.Sample">
    <skipped/>
  </testcase> <!-- tcSample -->
  <testcase name="tcSample" time="0.000" classname="com.hasbro.security.Sample">
    <skipped/>
  </testcase> <!-- tcSample -->
  <testcase name="tcSample" time="0.000" classname="com.hasbro.security.Sample">
    <skipped/>
  </testcase> <!-- tcSample -->
  <testcase name="tcSample" time="0.000" classname="com.hasbro.security.Sample">
    <skipped/>
  </testcase> <!-- tcSample -->
  <testcase name="tcSample" time="0.000" classname="com.hasbro.security.Sample">
    <skipped/>
  </testcase> <!-- tcSample -->
  <testcase name="tcSample" time="0.000" classname="com.hasbro.security.Sample">
    <skipped/>
  </testcase> <!-- tcSample -->
  <testcase name="tcSample" time="0.000" classname="com.hasbro.security.Sample">
    <skipped/>
  </testcase> <!-- tcSample -->
  <testcase name="tcSample" time="0.000" classname="com.hasbro.security.Sample">
    <skipped/>
  </testcase> <!-- tcSample -->
  <testcase name="tcSample" time="0.000" classname="com.hasbro.security.Sample">
    <skipped/>
  </testcase> <!-- tcSample -->
  <testcase name="tcSample" time="0.000" classname="com.hasbro.security.Sample">
    <skipped/>
  </testcase> <!-- tcSample -->
  <testcase name="tcSample" time="0.000" classname="com.hasbro.security.Sample">
    <skipped/>
  </testcase> <!-- tcSample -->
  <testcase name="tcSample" time="0.000" classname="com.hasbro.security.Sample">
    <skipped/>
  </testcase> <!-- tcSample -->
  <testcase name="tcSample" time="0.000" classname="com.hasbro.security.Sample">
    <skipped/>
  </testcase> <!-- tcSample -->
  <testcase name="tcSample" time="0.000" classname="com.hasbro.security.Sample">
    <skipped/>
  </testcase> <!-- tcSample -->
  <testcase name="tcSample" time="0.000" classname="com.hasbro.security.Sample">
    <skipped/>
  </testcase> <!-- tcSample -->
  <testcase name="tcSample" time="0.000" classname="com.hasbro.security.Sample">
    <skipped/>
  </testcase> <!-- tcSample -->
  <testcase name="tcSample" time="0.000" classname="com.hasbro.security.Sample">
    <skipped/>
  </testcase> <!-- tcSample -->
  <testcase name="tcSample" time="0.000" classname="com.hasbro.security.Sample">
    <skipped/>
  </testcase> <!-- tcSample -->
  <testcase name="tcSample" time="0.000" classname="com.hasbro.security.Sample">
    <skipped/>
  </testcase> <!-- tcSample -->
  <testcase name="tcSample" time="0.000" classname="com.hasbro.security.Sample">
    <skipped/>
  </testcase> <!-- tcSample -->
  <testcase name="tcSample" time="0.000" classname="com.hasbro.security.Sample">
    <skipped/>
  </testcase> <!-- tcSample -->
  <testcase name="tcSample" time="0.000" classname="com.hasbro.security.Sample">
    <skipped/>
  </testcase> <!-- tcSample -->
  <testcase name="tcSample" time="0.000" classname="com.hasbro.security.Sample">
    <skipped/>
  </testcase> <!-- tcSample -->
  <testcase name="tcSample" time="0.000" classname="com.hasbro.security.Sample">
    <skipped/>
  </testcase> <!-- tcSample -->
  <testcase name="tcSample" time="0.000" classname="com.hasbro.security.Sample">
    <skipped/>
  </testcase> <!-- tcSample -->
  <testcase name="tcSample" time="0.000" classname="com.hasbro.security.Sample">
    <skipped/>
  </testcase> <!-- tcSample -->
  <testcase name="tcSample" time="0.000" classname="com.hasbro.security.Sample">
    <skipped/>
  </testcase> <!-- tcSample -->
  <testcase name="tcSample" time="0.000" classname="com.hasbro.security.Sample">
    <skipped/>
  </testcase> <!-- tcSample -->
  <testcase name="tcSample" time="0.000" classname="com.hasbro.security.Sample">
    <skipped/>
  </testcase> <!-- tcSample -->
  <testcase name="tcSample" time="0.000" classname="com.hasbro.security.Sample">
    <skipped/>
  </testcase> <!-- tcSample -->
  <testcase name="tcSample" time="0.000" classname="com.hasbro.security.Sample">
    <skipped/>
  </testcase> <!-- tcSample -->
  <testcase name="tcSample" time="0.000" classname="com.hasbro.security.Sample">
    <skipped/>
  </testcase> <!-- tcSample -->
  <testcase name="tcSample" time="0.000" classname="com.hasbro.security.Sample">
    <skipped/>
  </testcase> <!-- tcSample -->
  <testcase name="tcSample" time="0.000" classname="com.hasbro.security.Sample">
    <skipped/>
  </testcase> <!-- tcSample -->
  <testcase name="tcSample" time="0.000" classname="com.hasbro.security.Sample">
    <skipped/>
  </testcase> <!-- tcSample -->
  <testcase name="tcSample" time="0.000" classname="com.hasbro.security.Sample">
    <skipped/>
  </testcase> <!-- tcSample -->
  <testcase name="tcSample" time="0.000" classname="com.hasbro.security.Sample">
    <skipped/>
  </testcase> <!-- tcSample -->
  <testcase name="tcSample" time="0.000" classname="com.hasbro.security.Sample">
    <skipped/>
  </testcase> <!-- tcSample -->
  <testcase name="tcSample" time="0.000" classname="com.hasbro.security.Sample">
    <skipped/>
  </testcase> <!-- tcSample -->
  <testcase name="tcSample" time="0.000" classname="com.hasbro.security.Sample">
    <skipped/>
  </testcase> <!-- tcSample -->
  <testcase name="tcSample" time="0.000" classname="com.hasbro.security.Sample">
    <skipped/>
  </testcase> <!-- tcSample -->
  <testcase name="tcSample" time="0.000" classname="com.hasbro.security.Sample">
    <skipped/>
  </testcase> <!-- tcSample -->
  <testcase name="tcSample" time="0.000" classname="com.hasbro.security.Sample">
    <skipped/>
  </testcase> <!-- tcSample -->
  <testcase name="tcSample" time="0.000" classname="com.hasbro.security.Sample">
    <skipped/>
  </testcase> <!-- tcSample -->
  <testcase name="tcSample" time="0.000" classname="com.hasbro.security.Sample">
    <skipped/>
  </testcase> <!-- tcSample -->
  <testcase name="tcSample" time="0.000" classname="com.hasbro.security.Sample">
    <skipped/>
  </testcase> <!-- tcSample -->
  <testcase name="tcSample" time="0.000" classname="com.hasbro.security.Sample">
    <skipped/>
  </testcase> <!-- tcSample -->
  <testcase name="tcSample" time="0.000" classname="com.hasbro.security.Sample">
    <skipped/>
  </testcase> <!-- tcSample -->
  <testcase name="tcSample" time="0.000" classname="com.hasbro.security.Sample">
    <skipped/>
  </testcase> <!-- tcSample -->
  <testcase name="tcSample" time="0.000" classname="com.hasbro.security.Sample">
    <skipped/>
  </testcase> <!-- tcSample -->
  <testcase name="tcSample" time="0.000" classname="com.hasbro.security.Sample">
    <skipped/>
  </testcase> <!-- tcSample -->
  <testcase name="tcSample" time="0.000" classname="com.hasbro.security.Sample">
    <skipped/>
  </testcase> <!-- tcSample -->
  <testcase name="tcSample" time="0.000" classname="com.hasbro.security.Sample">
    <skipped/>
  </testcase> <!-- tcSample -->
  <testcase name="tcSample" time="0.000" classname="com.hasbro.security.Sample">
    <skipped/>
  </testcase> <!-- tcSample -->
  <testcase name="tcSample" time="0.000" classname="com.hasbro.security.Sample">
    <skipped/>
  </testcase> <!-- tcSample -->
  <testcase name="tcSample" time="0.000" classname="com.hasbro.security.Sample">
    <skipped/>
  </testcase> <!-- tcSample -->
  <testcase name="tcSample" time="0.000" classname="com.hasbro.security.Sample">
    <skipped/>
  </testcase> <!-- tcSample -->
  <testcase name="tcSample" time="0.000" classname="com.hasbro.security.Sample">
    <skipped/>
  </testcase> <!-- tcSample -->
  <testcase name="tcSample" time="0.000" classname="com.hasbro.security.Sample">
    <skipped/>
  </testcase> <!-- tcSample -->
  <testcase name="tcSample" time="0.000" classname="com.hasbro.security.Sample">
    <skipped/>
  </testcase> <!-- tcSample -->
  <testcase name="tcSample" time="0.000" classname="com.hasbro.security.Sample">
    <skipped/>
  </testcase> <!-- tcSample -->
  <testcase name="tcSample" time="0.000" classname="com.hasbro.security.Sample">
    <skipped/>
  </testcase> <!-- tcSample -->
  <testcase name="tcSample" time="0.000" classname="com.hasbro.security.Sample">
    <skipped/>
  </testcase> <!-- tcSample -->
  <testcase name="tcSample" time="0.000" classname="com.hasbro.security.Sample">
    <skipped/>
  </testcase> <!-- tcSample -->
  <testcase name="tcSample" time="0.000" classname="com.hasbro.security.Sample">
    <skipped/>
  </testcase> <!-- tcSample -->
  <testcase name="tcSample" time="0.000" classname="com.hasbro.security.Sample">
    <skipped/>
  </testcase> <!-- tcSample -->
  <testcase name="tcSample" time="0.000" classname="com.hasbro.security.Sample">
    <skipped/>
  </testcase> <!-- tcSample -->
  <testcase name="tcSample" time="0.000" classname="com.hasbro.security.Sample">
    <skipped/>
  </testcase> <!-- tcSample -->
  <testcase name="tcSample" time="0.000" classname="com.hasbro.security.Sample">
    <skipped/>
  </testcase> <!-- tcSample -->
  <testcase name="tcSample" time="0.000" classname="com.hasbro.security.Sample">
    <skipped/>
  </testcase> <!-- tcSample -->
  <testcase name="tcSample" time="0.000" classname="com.hasbro.security.Sample">
    <skipped/>
  </testcase> <!-- tcSample -->
  <testcase name="tcSample" time="0.000" classname="com.hasbro.security.Sample">
    <skipped/>
  </testcase> <!-- tcSample -->
  <testcase name="tcSample" time="0.000" classname="com.hasbro.security.Sample">
    <skipped/>
  </testcase> <!-- tcSample -->
  <testcase name="tcSample" time="0.000" classname="com.hasbro.security.Sample">
    <skipped/>
  </testcase> <!-- tcSample -->
  <testcase name="tcSample" time="0.000" classname="com.hasbro.security.Sample">
    <skipped/>
  </testcase> <!-- tcSample -->
  <testcase name="tcSample" time="0.000" classname="com.hasbro.security.Sample">
    <skipped/>
  </testcase> <!-- tcSample -->
  <testcase name="tcSample" time="0.000" classname="com.hasbro.security.Sample">
    <skipped/>
  </testcase> <!-- tcSample -->
  <testcase name="tcSample" time="0.000" classname="com.hasbro.security.Sample">
    <skipped/>
  </testcase> <!-- tcSample -->
  <testcase name="tcSample" time="0.000" classname="com.hasbro.security.Sample">
    <skipped/>
  </testcase> <!-- tcSample -->
  <testcase name="tcSample" time="0.000" classname="com.hasbro.security.Sample">
    <skipped/>
  </testcase> <!-- tcSample -->
  <testcase name="tcSample" time="0.000" classname="com.hasbro.security.Sample">
    <skipped/>
  </testcase> <!-- tcSample -->
  <testcase name="tcSample" time="0.000" classname="com.hasbro.security.Sample">
    <skipped/>
  </testcase> <!-- tcSample -->
  <testcase name="tcSample" time="0.000" classname="com.hasbro.security.Sample">
    <skipped/>
  </testcase> <!-- tcSample -->
  <testcase name="tcSample" time="0.000" classname="com.hasbro.security.Sample">
    <skipped/>
  </testcase> <!-- tcSample -->
  <testcase name="tcSample" time="0.000" classname="com.hasbro.security.Sample">
    <skipped/>
  </testcase> <!-- tcSample -->
  <testcase name="tcSample" time="0.000" classname="com.hasbro.security.Sample">
    <skipped/>
  </testcase> <!-- tcSample -->
  <testcase name="tcSample" time="0.000" classname="com.hasbro.security.Sample">
    <skipped/>
  </testcase> <!-- tcSample -->
  <testcase name="tcSample" time="0.000" classname="com.hasbro.security.Sample">
    <skipped/>
  </testcase> <!-- tcSample -->
  <testcase name="tcSample" time="0.000" classname="com.hasbro.security.Sample">
    <skipped/>
  </testcase> <!-- tcSample -->
  <testcase name="tcSample" time="0.000" classname="com.hasbro.security.Sample">
    <skipped/>
  </testcase> <!-- tcSample -->
  <testcase name="tcSample" time="0.000" classname="com.hasbro.security.Sample">
    <skipped/>
  </testcase> <!-- tcSample -->
  <testcase name="tcSample" time="0.000" classname="com.hasbro.security.Sample">
    <skipped/>
  </testcase> <!-- tcSample -->
  <testcase name="tcSample" time="0.000" classname="com.hasbro.security.Sample">
    <skipped/>
  </testcase> <!-- tcSample -->
  <testcase name="tcSample" time="0.000" classname="com.hasbro.security.Sample">
    <skipped/>
  </testcase> <!-- tcSample -->
  <testcase name="tcSample" time="0.000" classname="com.hasbro.security.Sample">
    <skipped/>
  </testcase> <!-- tcSample -->
  <testcase name="tcSample" time="0.000" classname="com.hasbro.security.Sample">
    <skipped/>
  </testcase> <!-- tcSample -->
  <testcase name="tcSample" time="0.000" classname="com.hasbro.security.Sample">
    <skipped/>
  </testcase> <!-- tcSample -->
  <testcase name="tcSample" time="0.000" classname="com.hasbro.security.Sample">
    <skipped/>
  </testcase> <!-- tcSample -->
  <testcase name="tcSample" time="0.000" classname="com.hasbro.security.Sample">
    <skipped/>
  </testcase> <!-- tcSample -->
  <testcase name="tcSample" time="0.000" classname="com.hasbro.security.Sample">
    <skipped/>
  </testcase> <!-- tcSample -->
  <testcase name="tcSample" time="0.000" classname="com.hasbro.security.Sample">
    <skipped/>
  </testcase> <!-- tcSample -->
  <testcase name="tcSample" time="0.000" classname="com.hasbro.security.Sample">
    <skipped/>
  </testcase> <!-- tcSample -->
  <testcase name="tcSample" time="0.000" classname="com.hasbro.security.Sample">
    <skipped/>
  </testcase> <!-- tcSample -->
  <testcase name="tcSample" time="0.000" classname="com.hasbro.security.Sample">
    <skipped/>
  </testcase> <!-- tcSample -->
  <testcase name="tcSample" time="0.000" classname="com.hasbro.security.Sample">
    <skipped/>
  </testcase> <!-- tcSample -->
  <testcase name="tcSample" time="0.000" classname="com.hasbro.security.Sample">
    <skipped/>
  </testcase> <!-- tcSample -->
  <testcase name="tcSample" time="0.000" classname="com.hasbro.security.Sample">
    <skipped/>
  </testcase> <!-- tcSample -->
  <testcase name="tcSample" time="0.000" classname="com.hasbro.security.Sample">
    <skipped/>
  </testcase> <!-- tcSample -->
  <testcase name="tcSample" time="0.000" classname="com.hasbro.security.Sample">
    <skipped/>
  </testcase> <!-- tcSample -->
  <testcase name="tcSample" time="0.000" classname="com.hasbro.security.Sample">
    <skipped/>
  </testcase> <!-- tcSample -->
  <testcase name="tcSample" time="0.000" classname="com.hasbro.security.Sample">
    <skipped/>
  </testcase> <!-- tcSample -->
  <testcase name="tcSample" time="0.000" classname="com.hasbro.security.Sample">
    <skipped/>
  </testcase> <!-- tcSample -->
  <testcase name="tcSample" time="0.000" classname="com.hasbro.security.Sample">
    <skipped/>
  </testcase> <!-- tcSample -->
  <testcase name="tcSample" time="0.000" classname="com.hasbro.security.Sample">
    <skipped/>
  </testcase> <!-- tcSample -->
  <testcase name="tcSample" time="0.000" classname="com.hasbro.security.Sample">
    <skipped/>
  </testcase> <!-- tcSample -->
  <testcase name="tcSample" time="0.000" classname="com.hasbro.security.Sample">
    <skipped/>
  </testcase> <!-- tcSample -->
  <testcase name="tcSample" time="0.000" classname="com.hasbro.security.Sample">
    <skipped/>
  </testcase> <!-- tcSample -->
  <testcase name="tcSample" time="0.000" classname="com.hasbro.security.Sample">
    <skipped/>
  </testcase> <!-- tcSample -->
  <testcase name="tcSample" time="0.000" classname="com.hasbro.security.Sample">
    <skipped/>
  </testcase> <!-- tcSample -->
  <testcase name="tcSample" time="0.000" classname="com.hasbro.security.Sample">
    <skipped/>
  </testcase> <!-- tcSample -->
  <testcase name="tcSample" time="0.000" classname="com.hasbro.security.Sample">
    <skipped/>
  </testcase> <!-- tcSample -->
  <testcase name="tcSample" time="0.000" classname="com.hasbro.security.Sample">
    <skipped/>
  </testcase> <!-- tcSample -->
  <testcase name="tcSample" time="0.000" classname="com.hasbro.security.Sample">
    <skipped/>
  </testcase> <!-- tcSample -->
  <testcase name="tcSample" time="0.000" classname="com.hasbro.security.Sample">
    <skipped/>
  </testcase> <!-- tcSample -->
  <testcase name="tcSample" time="0.000" classname="com.hasbro.security.Sample">
    <skipped/>
  </testcase> <!-- tcSample -->
  <testcase name="tcSample" time="0.000" classname="com.hasbro.security.Sample">
    <skipped/>
  </testcase> <!-- tcSample -->
  <testcase name="tcSample" time="0.000" classname="com.hasbro.security.Sample">
    <skipped/>
  </testcase> <!-- tcSample -->
  <testcase name="tcSample" time="0.000" classname="com.hasbro.security.Sample">
    <skipped/>
  </testcase> <!-- tcSample -->
  <testcase name="tcSample" time="0.000" classname="com.hasbro.security.Sample">
    <skipped/>
  </testcase> <!-- tcSample -->
  <testcase name="tcSample" time="0.000" classname="com.hasbro.security.Sample">
    <skipped/>
  </testcase> <!-- tcSample -->
  <testcase name="tcSample" time="0.000" classname="com.hasbro.security.Sample">
    <skipped/>
  </testcase> <!-- tcSample -->
  <testcase name="tcSample" time="0.000" classname="com.hasbro.security.Sample">
    <skipped/>
  </testcase> <!-- tcSample -->
  <testcase name="tcSample" time="0.000" classname="com.hasbro.security.Sample">
    <skipped/>
  </testcase> <!-- tcSample -->
  <testcase name="tcSample" time="0.000" classname="com.hasbro.security.Sample">
    <skipped/>
  </testcase> <!-- tcSample -->
  <testcase name="tcSample" time="0.000" classname="com.hasbro.security.Sample">
    <skipped/>
  </testcase> <!-- tcSample -->
  <testcase name="tcSample" time="0.000" classname="com.hasbro.security.Sample">
    <skipped/>
  </testcase> <!-- tcSample -->
  <testcase name="tcSample" time="0.000" classname="com.hasbro.security.Sample">
    <skipped/>
  </testcase> <!-- tcSample -->
  <testcase name="tcSample" time="0.000" classname="com.hasbro.security.Sample">
    <skipped/>
  </testcase> <!-- tcSample -->
  <testcase name="tcSample" time="0.000" classname="com.hasbro.security.Sample">
    <skipped/>
  </testcase> <!-- tcSample -->
  <testcase name="tcSample" time="0.000" classname="com.hasbro.security.Sample">
    <skipped/>
  </testcase> <!-- tcSample -->
  <testcase name="tcSample" time="0.000" classname="com.hasbro.security.Sample">
    <skipped/>
  </testcase> <!-- tcSample -->
  <testcase name="tcSample" time="0.000" classname="com.hasbro.security.Sample">
    <skipped/>
  </testcase> <!-- tcSample -->
  <testcase name="tcSample" time="0.000" classname="com.hasbro.security.Sample">
    <skipped/>
  </testcase> <!-- tcSample -->
  <testcase name="tcSample" time="0.000" classname="com.hasbro.security.Sample">
    <skipped/>
  </testcase> <!-- tcSample -->
  <testcase name="tcSample" time="0.000" classname="com.hasbro.security.Sample">
    <skipped/>
  </testcase> <!-- tcSample -->
  <testcase name="tcSample" time="0.000" classname="com.hasbro.security.Sample">
    <skipped/>
  </testcase> <!-- tcSample -->
  <testcase name="tcSample" time="0.000" classname="com.hasbro.security.Sample">
    <skipped/>
  </testcase> <!-- tcSample -->
  <testcase name="tcSample" time="0.000" classname="com.hasbro.security.Sample">
    <skipped/>
  </testcase> <!-- tcSample -->
  <testcase name="tcSample" time="0.000" classname="com.hasbro.security.Sample">
    <skipped/>
  </testcase> <!-- tcSample -->
  <testcase name="tcSample" time="0.000" classname="com.hasbro.security.Sample">
    <skipped/>
  </testcase> <!-- tcSample -->
  <testcase name="tcSample" time="0.000" classname="com.hasbro.security.Sample">
    <skipped/>
  </testcase> <!-- tcSample -->
  <testcase name="tcSample" time="0.000" classname="com.hasbro.security.Sample">
    <skipped/>
  </testcase> <!-- tcSample -->
  <testcase name="tcSample" time="0.000" classname="com.hasbro.security.Sample">
    <skipped/>
  </testcase> <!-- tcSample -->
  <testcase name="tcSample" time="0.000" classname="com.hasbro.security.Sample">
    <skipped/>
  </testcase> <!-- tcSample -->
  <testcase name="tcSample" time="0.000" classname="com.hasbro.security.Sample">
    <skipped/>
  </testcase> <!-- tcSample -->
  <testcase name="tcSample" time="0.000" classname="com.hasbro.security.Sample">
    <skipped/>
  </testcase> <!-- tcSample -->
  <testcase name="tcSample" time="0.000" classname="com.hasbro.security.Sample">
    <skipped/>
  </testcase> <!-- tcSample -->
  <testcase name="tcSample" time="0.000" classname="com.hasbro.security.Sample">
    <skipped/>
  </testcase> <!-- tcSample -->
  <testcase name="tcSample" time="0.000" classname="com.hasbro.security.Sample">
    <skipped/>
  </testcase> <!-- tcSample -->
  <testcase name="tcSample" time="0.000" classname="com.hasbro.security.Sample">
    <skipped/>
  </testcase> <!-- tcSample -->
  <testcase name="tcSample" time="0.000" classname="com.hasbro.security.Sample">
    <skipped/>
  </testcase> <!-- tcSample -->
  <testcase name="tcSample" time="0.000" classname="com.hasbro.security.Sample">
    <skipped/>
  </testcase> <!-- tcSample -->
  <testcase name="tcSample" time="0.000" classname="com.hasbro.security.Sample">
    <skipped/>
  </testcase> <!-- tcSample -->
  <testcase name="tcSample" time="0.000" classname="com.hasbro.security.Sample">
    <skipped/>
  </testcase> <!-- tcSample -->
  <testcase name="tcSample" time="0.000" classname="com.hasbro.security.Sample">
    <skipped/>
  </testcase> <!-- tcSample -->
  <testcase name="tcSample" time="0.000" classname="com.hasbro.security.Sample">
    <skipped/>
  </testcase> <!-- tcSample -->
  <testcase name="tcSample" time="0.000" classname="com.hasbro.security.Sample">
    <skipped/>
  </testcase> <!-- tcSample -->
  <testcase name="tcSample" time="0.000" classname="com.hasbro.security.Sample">
    <skipped/>
  </testcase> <!-- tcSample -->
  <testcase name="tcSample" time="0.000" classname="com.hasbro.security.Sample">
    <skipped/>
  </testcase> <!-- tcSample -->
  <testcase name="tcSample" time="0.000" classname="com.hasbro.security.Sample">
    <skipped/>
  </testcase> <!-- tcSample -->
  <testcase name="tcSample" time="0.000" classname="com.hasbro.security.Sample">
    <skipped/>
  </testcase> <!-- tcSample -->
  <testcase name="tcSample" time="0.000" classname="com.hasbro.security.Sample">
    <skipped/>
  </testcase> <!-- tcSample -->
  <testcase name="tcSample" time="0.000" classname="com.hasbro.security.Sample">
    <skipped/>
  </testcase> <!-- tcSample -->
  <testcase name="tcSample" time="0.000" classname="com.hasbro.security.Sample">
    <skipped/>
  </testcase> <!-- tcSample -->
  <testcase name="tcSample" time="0.000" classname="com.hasbro.security.Sample">
    <skipped/>
  </testcase> <!-- tcSample -->
  <testcase name="tcSample" time="0.000" classname="com.hasbro.security.Sample">
    <skipped/>
  </testcase> <!-- tcSample -->
  <testcase name="tcSample" time="0.000" classname="com.hasbro.security.Sample">
    <skipped/>
  </testcase> <!-- tcSample -->
  <testcase name="tcSample" time="0.000" classname="com.hasbro.security.Sample">
    <skipped/>
  </testcase> <!-- tcSample -->
  <testcase name="tcSample" time="0.000" classname="com.hasbro.security.Sample">
    <skipped/>
  </testcase> <!-- tcSample -->
  <testcase name="tcSample" time="0.000" classname="com.hasbro.security.Sample">
    <skipped/>
  </testcase> <!-- tcSample -->
  <testcase name="tcSample" time="0.000" classname="com.hasbro.security.Sample">
    <skipped/>
  </testcase> <!-- tcSample -->
  <testcase name="tcSample" time="0.000" classname="com.hasbro.security.Sample">
    <skipped/>
  </testcase> <!-- tcSample -->
  <testcase name="tcSample" time="0.000" classname="com.hasbro.security.Sample">
    <skipped/>
  </testcase> <!-- tcSample -->
  <testcase name="tcSample" time="0.000" classname="com.hasbro.security.Sample">
    <skipped/>
  </testcase> <!-- tcSample -->
  <testcase name="tcSample" time="0.000" classname="com.hasbro.security.Sample">
    <skipped/>
  </testcase> <!-- tcSample -->
  <testcase name="tcSample" time="0.000" classname="com.hasbro.security.Sample">
    <skipped/>
  </testcase> <!-- tcSample -->
  <testcase name="tcSample" time="0.000" classname="com.hasbro.security.Sample">
    <skipped/>
  </testcase> <!-- tcSample -->
  <testcase name="tcSample" time="0.000" classname="com.hasbro.security.Sample">
    <skipped/>
  </testcase> <!-- tcSample -->
  <testcase name="tcSample" time="0.000" classname="com.hasbro.security.Sample">
    <skipped/>
  </testcase> <!-- tcSample -->
  <testcase name="tcSample" time="0.000" classname="com.hasbro.security.Sample">
    <skipped/>
  </testcase> <!-- tcSample -->
  <testcase name="tcSample" time="0.000" classname="com.hasbro.security.Sample">
    <skipped/>
  </testcase> <!-- tcSample -->
  <testcase name="tcSample" time="0.000" classname="com.hasbro.security.Sample">
    <skipped/>
  </testcase> <!-- tcSample -->
  <testcase name="tcSample" time="0.000" classname="com.hasbro.security.Sample">
    <skipped/>
  </testcase> <!-- tcSample -->
  <testcase name="tcSample" time="0.000" classname="com.hasbro.security.Sample">
    <skipped/>
  </testcase> <!-- tcSample -->
  <testcase name="tcSample" time="0.000" classname="com.hasbro.security.Sample">
    <skipped/>
  </testcase> <!-- tcSample -->
  <testcase name="tcSample" time="0.000" classname="com.hasbro.security.Sample">
    <skipped/>
  </testcase> <!-- tcSample -->
  <testcase name="tcSample" time="0.000" classname="com.hasbro.security.Sample">
    <skipped/>
  </testcase> <!-- tcSample -->
  <testcase name="tcSample" time="0.000" classname="com.hasbro.security.Sample">
    <skipped/>
  </testcase> <!-- tcSample -->
  <testcase name="tcSample" time="0.000" classname="com.hasbro.security.Sample">
    <skipped/>
  </testcase> <!-- tcSample -->
  <testcase name="tcSample" time="0.000" classname="com.hasbro.security.Sample">
    <skipped/>
  </testcase> <!-- tcSample -->
  <testcase name="tcSample" time="0.000" classname="com.hasbro.security.Sample">
    <skipped/>
  </testcase> <!-- tcSample -->
  <testcase name="tcSample" time="0.000" classname="com.hasbro.security.Sample">
    <skipped/>
  </testcase> <!-- tcSample -->
  <testcase name="tcSample" time="0.000" classname="com.hasbro.security.Sample">
    <skipped/>
  </testcase> <!-- tcSample -->
  <testcase name="tcSample" time="0.000" classname="com.hasbro.security.Sample">
    <skipped/>
  </testcase> <!-- tcSample -->
  <testcase name="tcSample" time="0.000" classname="com.hasbro.security.Sample">
    <skipped/>
  </testcase> <!-- tcSample -->
  <testcase name="tcSample" time="0.000" classname="com.hasbro.security.Sample">
    <skipped/>
  </testcase> <!-- tcSample -->
  <testcase name="tcSample" time="0.000" classname="com.hasbro.security.Sample">
    <skipped/>
  </testcase> <!-- tcSample -->
  <testcase name="tcSample" time="0.000" classname="com.hasbro.security.Sample">
    <skipped/>
  </testcase> <!-- tcSample -->
  <testcase name="tcSample" time="0.000" classname="com.hasbro.security.Sample">
    <skipped/>
  </testcase> <!-- tcSample -->
  <testcase name="tcSample" time="0.000" classname="com.hasbro.security.Sample">
    <skipped/>
  </testcase> <!-- tcSample -->
  <testcase name="tcSample" time="0.000" classname="com.hasbro.security.Sample">
    <skipped/>
  </testcase> <!-- tcSample -->
  <testcase name="tcSample" time="0.000" classname="com.hasbro.security.Sample">
    <skipped/>
  </testcase> <!-- tcSample -->
  <testcase name="tcSample" time="0.000" classname="com.hasbro.security.Sample">
    <skipped/>
  </testcase> <!-- tcSample -->
  <testcase name="tcSample" time="0.000" classname="com.hasbro.security.Sample">
    <skipped/>
  </testcase> <!-- tcSample -->
  <testcase name="tcSample" time="0.000" classname="com.hasbro.security.Sample">
    <skipped/>
  </testcase> <!-- tcSample -->
  <testcase name="tcSample" time="0.000" classname="com.hasbro.security.Sample">
    <skipped/>
  </testcase> <!-- tcSample -->
  <testcase name="tcSample" time="0.000" classname="com.hasbro.security.Sample">
    <skipped/>
  </testcase> <!-- tcSample -->
  <testcase name="tcSample" time="0.000" classname="com.hasbro.security.Sample">
    <skipped/>
  </testcase> <!-- tcSample -->
  <testcase name="tcSample" time="0.000" classname="com.hasbro.security.Sample">
    <skipped/>
  </testcase> <!-- tcSample -->
  <testcase name="tcSample" time="0.000" classname="com.hasbro.security.Sample">
    <skipped/>
  </testcase> <!-- tcSample -->
  <testcase name="tcSample" time="0.000" classname="com.hasbro.security.Sample">
    <skipped/>
  </testcase> <!-- tcSample -->
  <testcase name="tcSample" time="0.000" classname="com.hasbro.security.Sample">
    <skipped/>
  </testcase> <!-- tcSample -->
  <testcase name="tcSample" time="0.000" classname="com.hasbro.security.Sample">
    <skipped/>
  </testcase> <!-- tcSample -->
  <testcase name="tcSample" time="0.000" classname="com.hasbro.security.Sample">
    <skipped/>
  </testcase> <!-- tcSample -->
  <testcase name="tcSample" time="0.000" classname="com.hasbro.security.Sample">
    <skipped/>
  </testcase> <!-- tcSample -->
  <testcase name="tcSample" time="0.000" classname="com.hasbro.security.Sample">
    <skipped/>
  </testcase> <!-- tcSample -->
  <testcase name="tcSample" time="0.000" classname="com.hasbro.security.Sample">
    <skipped/>
  </testcase> <!-- tcSample -->
  <testcase name="tcSample" time="0.000" classname="com.hasbro.security.Sample">
    <skipped/>
  </testcase> <!-- tcSample -->
  <testcase name="tcSample" time="0.000" classname="com.hasbro.security.Sample">
    <skipped/>
  </testcase> <!-- tcSample -->
  <testcase name="tcSample" time="0.000" classname="com.hasbro.security.Sample">
    <skipped/>
  </testcase> <!-- tcSample -->
  <testcase name="tcSample" time="0.000" classname="com.hasbro.security.Sample">
    <skipped/>
  </testcase> <!-- tcSample -->
  <testcase name="tcSample" time="0.000" classname="com.hasbro.security.Sample">
    <skipped/>
  </testcase> <!-- tcSample -->
  <testcase name="tcSample" time="0.000" classname="com.hasbro.security.Sample">
    <skipped/>
  </testcase> <!-- tcSample -->
  <testcase name="tcSample" time="0.000" classname="com.hasbro.security.Sample">
    <skipped/>
  </testcase> <!-- tcSample -->
  <testcase name="tcSample" time="0.000" classname="com.hasbro.security.Sample">
    <skipped/>
  </testcase> <!-- tcSample -->
  <testcase name="tcSample" time="0.000" classname="com.hasbro.security.Sample">
    <skipped/>
  </testcase> <!-- tcSample -->
  <testcase name="tcSample" time="0.000" classname="com.hasbro.security.Sample">
    <skipped/>
  </testcase> <!-- tcSample -->
  <testcase name="tcSample" time="0.000" classname="com.hasbro.security.Sample">
    <skipped/>
  </testcase> <!-- tcSample -->
  <testcase name="tcSample" time="0.000" classname="com.hasbro.security.Sample">
    <skipped/>
  </testcase> <!-- tcSample -->
  <testcase name="tcSample" time="0.000" classname="com.hasbro.security.Sample">
    <skipped/>
  </testcase> <!-- tcSample -->
  <testcase name="tcSample" time="0.000" classname="com.hasbro.security.Sample">
    <skipped/>
  </testcase> <!-- tcSample -->
  <testcase name="tcSample" time="0.000" classname="com.hasbro.security.Sample">
    <skipped/>
  </testcase> <!-- tcSample -->
  <testcase name="tcSample" time="0.000" classname="com.hasbro.security.Sample">
    <skipped/>
  </testcase> <!-- tcSample -->
  <testcase name="tcSample" time="0.000" classname="com.hasbro.security.Sample">
    <skipped/>
  </testcase> <!-- tcSample -->
  <testcase name="tcSample" time="0.000" classname="com.hasbro.security.Sample">
    <skipped/>
  </testcase> <!-- tcSample -->
  <testcase name="tcSample" time="0.000" classname="com.hasbro.security.Sample">
    <skipped/>
  </testcase> <!-- tcSample -->
  <testcase name="tcSample" time="0.000" classname="com.hasbro.security.Sample">
    <skipped/>
  </testcase> <!-- tcSample -->
  <testcase name="tcSample" time="0.000" classname="com.hasbro.security.Sample">
    <skipped/>
  </testcase> <!-- tcSample -->
  <testcase name="tcSample" time="0.000" classname="com.hasbro.security.Sample">
    <skipped/>
  </testcase> <!-- tcSample -->
  <testcase name="tcSample" time="0.000" classname="com.hasbro.security.Sample">
    <skipped/>
  </testcase> <!-- tcSample -->
  <testcase name="tcSample" time="0.000" classname="com.hasbro.security.Sample">
    <skipped/>
  </testcase> <!-- tcSample -->
  <testcase name="tcSample" time="0.000" classname="com.hasbro.security.Sample">
    <skipped/>
  </testcase> <!-- tcSample -->
  <testcase name="tcSample" time="0.000" classname="com.hasbro.security.Sample">
    <skipped/>
  </testcase> <!-- tcSample -->
  <testcase name="tcSample" time="0.000" classname="com.hasbro.security.Sample">
    <skipped/>
  </testcase> <!-- tcSample -->
  <testcase name="tcSample" time="0.000" classname="com.hasbro.security.Sample">
    <skipped/>
  </testcase> <!-- tcSample -->
  <testcase name="tcSample" time="0.000" classname="com.hasbro.security.Sample">
    <skipped/>
  </testcase> <!-- tcSample -->
  <testcase name="tcSample" time="0.000" classname="com.hasbro.security.Sample">
    <skipped/>
  </testcase> <!-- tcSample -->
  <testcase name="tcSample" time="0.000" classname="com.hasbro.security.Sample">
    <skipped/>
  </testcase> <!-- tcSample -->
  <testcase name="tcSample" time="0.000" classname="com.hasbro.security.Sample">
    <skipped/>
  </testcase> <!-- tcSample -->
  <testcase name="tcSample" time="0.000" classname="com.hasbro.security.Sample">
    <skipped/>
  </testcase> <!-- tcSample -->
  <testcase name="tcSample" time="0.000" classname="com.hasbro.security.Sample">
    <skipped/>
  </testcase> <!-- tcSample -->
  <testcase name="tcSample" time="0.000" classname="com.hasbro.security.Sample">
    <skipped/>
  </testcase> <!-- tcSample -->
  <testcase name="tcSample" time="0.000" classname="com.hasbro.security.Sample">
    <skipped/>
  </testcase> <!-- tcSample -->
  <testcase name="tcSample" time="0.000" classname="com.hasbro.security.Sample">
    <skipped/>
  </testcase> <!-- tcSample -->
  <testcase name="tcSample" time="0.000" classname="com.hasbro.security.Sample">
    <skipped/>
  </testcase> <!-- tcSample -->
  <testcase name="tcSample" time="0.000" classname="com.hasbro.security.Sample">
    <skipped/>
  </testcase> <!-- tcSample -->
  <testcase name="tcSample" time="0.000" classname="com.hasbro.security.Sample">
    <skipped/>
  </testcase> <!-- tcSample -->
  <testcase name="tcSample" time="0.000" classname="com.hasbro.security.Sample">
    <skipped/>
  </testcase> <!-- tcSample -->
  <testcase name="tcSample" time="0.000" classname="com.hasbro.security.Sample">
    <skipped/>
  </testcase> <!-- tcSample -->
  <testcase name="tcSample" time="0.000" classname="com.hasbro.security.Sample">
    <skipped/>
  </testcase> <!-- tcSample -->
  <testcase name="tcSample" time="0.000" classname="com.hasbro.security.Sample">
    <skipped/>
  </testcase> <!-- tcSample -->
  <testcase name="tcSample" time="0.000" classname="com.hasbro.security.Sample">
    <skipped/>
  </testcase> <!-- tcSample -->
  <testcase name="tcSample" time="0.000" classname="com.hasbro.security.Sample">
    <skipped/>
  </testcase> <!-- tcSample -->
  <testcase name="tcSample" time="0.000" classname="com.hasbro.security.Sample">
    <skipped/>
  </testcase> <!-- tcSample -->
  <testcase name="tcSample" time="0.000" classname="com.hasbro.security.Sample">
    <skipped/>
  </testcase> <!-- tcSample -->
  <testcase name="tcSample" time="0.000" classname="com.hasbro.security.Sample">
    <skipped/>
  </testcase> <!-- tcSample -->
  <testcase name="tcSample" time="0.000" classname="com.hasbro.security.Sample">
    <skipped/>
  </testcase> <!-- tcSample -->
  <testcase name="tcSample" time="0.000" classname="com.hasbro.security.Sample">
    <skipped/>
  </testcase> <!-- tcSample -->
  <testcase name="tcSample" time="0.000" classname="com.hasbro.security.Sample">
    <skipped/>
  </testcase> <!-- tcSample -->
  <testcase name="tcSample" time="0.000" classname="com.hasbro.security.Sample">
    <skipped/>
  </testcase> <!-- tcSample -->
  <testcase name="tcSample" time="0.000" classname="com.hasbro.security.Sample">
    <skipped/>
  </testcase> <!-- tcSample -->
  <testcase name="tcSample" time="0.000" classname="com.hasbro.security.Sample">
    <skipped/>
  </testcase> <!-- tcSample -->
  <testcase name="tcSample" time="0.000" classname="com.hasbro.security.Sample">
    <skipped/>
  </testcase> <!-- tcSample -->
  <testcase name="tcSample" time="0.000" classname="com.hasbro.security.Sample">
    <skipped/>
  </testcase> <!-- tcSample -->
  <testcase name="tcSample" time="0.000" classname="com.hasbro.security.Sample">
    <skipped/>
  </testcase> <!-- tcSample -->
  <testcase name="tcSample" time="0.000" classname="com.hasbro.security.Sample">
    <skipped/>
  </testcase> <!-- tcSample -->
  <testcase name="tcSample" time="0.000" classname="com.hasbro.security.Sample">
    <skipped/>
  </testcase> <!-- tcSample -->
  <testcase name="tcSample" time="0.000" classname="com.hasbro.security.Sample">
    <skipped/>
  </testcase> <!-- tcSample -->
  <testcase name="tcSample" time="0.000" classname="com.hasbro.security.Sample">
    <skipped/>
  </testcase> <!-- tcSample -->
  <testcase name="tcSample" time="0.000" classname="com.hasbro.security.Sample">
    <skipped/>
  </testcase> <!-- tcSample -->
  <testcase name="tcSample" time="0.000" classname="com.hasbro.security.Sample">
    <skipped/>
  </testcase> <!-- tcSample -->
  <testcase name="tcSample" time="0.000" classname="com.hasbro.security.Sample">
    <skipped/>
  </testcase> <!-- tcSample -->
  <testcase name="tcSample" time="0.000" classname="com.hasbro.security.Sample">
    <skipped/>
  </testcase> <!-- tcSample -->
  <testcase name="tcSample" time="0.000" classname="com.hasbro.security.Sample">
    <skipped/>
  </testcase> <!-- tcSample -->
  <testcase name="tcSample" time="0.000" classname="com.hasbro.security.Sample">
    <skipped/>
  </testcase> <!-- tcSample -->
  <testcase name="tcSample" time="0.000" classname="com.hasbro.security.Sample">
    <skipped/>
  </testcase> <!-- tcSample -->
  <testcase name="tcSample" time="0.000" classname="com.hasbro.security.Sample">
    <skipped/>
  </testcase> <!-- tcSample -->
  <testcase name="tcSample" time="0.000" classname="com.hasbro.security.Sample">
    <skipped/>
  </testcase> <!-- tcSample -->
  <testcase name="tcSample" time="0.000" classname="com.hasbro.security.Sample">
    <skipped/>
  </testcase> <!-- tcSample -->
  <testcase name="tcSample" time="0.000" classname="com.hasbro.security.Sample">
    <skipped/>
  </testcase> <!-- tcSample -->
  <testcase name="tcSample" time="0.000" classname="com.hasbro.security.Sample">
    <skipped/>
  </testcase> <!-- tcSample -->
  <testcase name="tcSample" time="0.000" classname="com.hasbro.security.Sample">
    <skipped/>
  </testcase> <!-- tcSample -->
  <testcase name="tcSample" time="0.000" classname="com.hasbro.security.Sample">
    <skipped/>
  </testcase> <!-- tcSample -->
  <testcase name="tcSample" time="0.000" classname="com.hasbro.security.Sample">
    <skipped/>
  </testcase> <!-- tcSample -->
  <testcase name="tcSample" time="0.000" classname="com.hasbro.security.Sample">
    <skipped/>
  </testcase> <!-- tcSample -->
  <testcase name="tcSample" time="0.000" classname="com.hasbro.security.Sample">
    <skipped/>
  </testcase> <!-- tcSample -->
  <testcase name="tcSample" time="0.000" classname="com.hasbro.security.Sample">
    <skipped/>
  </testcase> <!-- tcSample -->
  <testcase name="tcSample" time="0.000" classname="com.hasbro.security.Sample">
    <skipped/>
  </testcase> <!-- tcSample -->
  <testcase name="tcSample" time="0.000" classname="com.hasbro.security.Sample">
    <skipped/>
  </testcase> <!-- tcSample -->
  <testcase name="tcSample" time="0.000" classname="com.hasbro.security.Sample">
    <skipped/>
  </testcase> <!-- tcSample -->
  <testcase name="tcSample" time="0.000" classname="com.hasbro.security.Sample">
    <skipped/>
  </testcase> <!-- tcSample -->
  <testcase name="tcSample" time="0.000" classname="com.hasbro.security.Sample">
    <skipped/>
  </testcase> <!-- tcSample -->
  <testcase name="tcSample" time="0.000" classname="com.hasbro.security.Sample">
    <skipped/>
  </testcase> <!-- tcSample -->
  <testcase name="tcSample" time="0.000" classname="com.hasbro.security.Sample">
    <skipped/>
  </testcase> <!-- tcSample -->
  <testcase name="tcSample" time="0.000" classname="com.hasbro.security.Sample">
    <skipped/>
  </testcase> <!-- tcSample -->
  <testcase name="tcSample" time="0.000" classname="com.hasbro.security.Sample">
    <skipped/>
  </testcase> <!-- tcSample -->
  <testcase name="tcSample" time="0.000" classname="com.hasbro.security.Sample">
    <skipped/>
  </testcase> <!-- tcSample -->
  <testcase name="tcSample" time="0.000" classname="com.hasbro.security.Sample">
    <skipped/>
  </testcase> <!-- tcSample -->
  <testcase name="tcSample" time="0.000" classname="com.hasbro.security.Sample">
    <skipped/>
  </testcase> <!-- tcSample -->
  <testcase name="tcSample" time="0.000" classname="com.hasbro.security.Sample">
    <skipped/>
  </testcase> <!-- tcSample -->
  <testcase name="tcSample" time="0.000" classname="com.hasbro.security.Sample">
    <skipped/>
  </testcase> <!-- tcSample -->
  <testcase name="tcSample" time="0.000" classname="com.hasbro.security.Sample">
    <skipped/>
  </testcase> <!-- tcSample -->
  <testcase name="tcSample" time="0.000" classname="com.hasbro.security.Sample">
    <skipped/>
  </testcase> <!-- tcSample -->
  <testcase name="tcSample" time="0.000" classname="com.hasbro.security.Sample">
    <skipped/>
  </testcase> <!-- tcSample -->
  <testcase name="tcSample" time="0.000" classname="com.hasbro.security.Sample">
    <skipped/>
  </testcase> <!-- tcSample -->
  <testcase name="tcSample" time="0.000" classname="com.hasbro.security.Sample">
    <skipped/>
  </testcase> <!-- tcSample -->
  <testcase name="tcSample" time="0.000" classname="com.hasbro.security.Sample">
    <skipped/>
  </testcase> <!-- tcSample -->
  <testcase name="tcSample" time="0.000" classname="com.hasbro.security.Sample">
    <skipped/>
  </testcase> <!-- tcSample -->
  <testcase name="tcSample" time="0.000" classname="com.hasbro.security.Sample">
    <skipped/>
  </testcase> <!-- tcSample -->
  <testcase name="tcSample" time="0.000" classname="com.hasbro.security.Sample">
    <skipped/>
  </testcase> <!-- tcSample -->
  <testcase name="tcSample" time="0.000" classname="com.hasbro.security.Sample">
    <skipped/>
  </testcase> <!-- tcSample -->
  <testcase name="tcSample" time="0.000" classname="com.hasbro.security.Sample">
    <skipped/>
  </testcase> <!-- tcSample -->
  <testcase name="tcSample" time="0.000" classname="com.hasbro.security.Sample">
    <skipped/>
  </testcase> <!-- tcSample -->
  <testcase name="tcSample" time="0.000" classname="com.hasbro.security.Sample">
    <skipped/>
  </testcase> <!-- tcSample -->
  <testcase name="tcSample" time="0.000" classname="com.hasbro.security.Sample">
    <skipped/>
  </testcase> <!-- tcSample -->
  <testcase name="tcSample" time="0.000" classname="com.hasbro.security.Sample">
    <skipped/>
  </testcase> <!-- tcSample -->
  <testcase name="tcSample" time="0.000" classname="com.hasbro.security.Sample">
    <skipped/>
  </testcase> <!-- tcSample -->
  <testcase name="tcSample" time="0.000" classname="com.hasbro.security.Sample">
    <skipped/>
  </testcase> <!-- tcSample -->
  <testcase name="tcSample" time="0.000" classname="com.hasbro.security.Sample">
    <skipped/>
  </testcase> <!-- tcSample -->
  <testcase name="tcSample" time="0.000" classname="com.hasbro.security.Sample">
    <skipped/>
  </testcase> <!-- tcSample -->
  <testcase name="tcSample" time="0.000" classname="com.hasbro.security.Sample">
    <skipped/>
  </testcase> <!-- tcSample -->
  <testcase name="tcSample" time="0.000" classname="com.hasbro.security.Sample">
    <skipped/>
  </testcase> <!-- tcSample -->
  <testcase name="tcSample" time="0.000" classname="com.hasbro.security.Sample">
    <skipped/>
  </testcase> <!-- tcSample -->
  <testcase name="tcSample" time="0.000" classname="com.hasbro.security.Sample">
    <skipped/>
  </testcase> <!-- tcSample -->
  <testcase name="tcSample" time="0.000" classname="com.hasbro.security.Sample">
    <skipped/>
  </testcase> <!-- tcSample -->
  <testcase name="tcSample" time="0.000" classname="com.hasbro.security.Sample">
    <skipped/>
  </testcase> <!-- tcSample -->
  <testcase name="tcSample" time="0.000" classname="com.hasbro.security.Sample">
    <skipped/>
  </testcase> <!-- tcSample -->
  <testcase name="tcSample" time="0.000" classname="com.hasbro.security.Sample">
    <skipped/>
  </testcase> <!-- tcSample -->
  <testcase name="tcSample" time="0.000" classname="com.hasbro.security.Sample">
    <skipped/>
  </testcase> <!-- tcSample -->
  <testcase name="tcSample" time="0.000" classname="com.hasbro.security.Sample">
    <skipped/>
  </testcase> <!-- tcSample -->
  <testcase name="tcSample" time="0.000" classname="com.hasbro.security.Sample">
    <skipped/>
  </testcase> <!-- tcSample -->
  <testcase name="tcSample" time="0.000" classname="com.hasbro.security.Sample">
    <skipped/>
  </testcase> <!-- tcSample -->
  <testcase name="tcSample" time="0.000" classname="com.hasbro.security.Sample">
    <skipped/>
  </testcase> <!-- tcSample -->
  <testcase name="tcSample" time="0.000" classname="com.hasbro.security.Sample">
    <skipped/>
  </testcase> <!-- tcSample -->
  <testcase name="tcSample" time="0.000" classname="com.hasbro.security.Sample">
    <skipped/>
  </testcase> <!-- tcSample -->
  <testcase name="tcSample" time="0.000" classname="com.hasbro.security.Sample">
    <skipped/>
  </testcase> <!-- tcSample -->
  <testcase name="tcSample" time="0.000" classname="com.hasbro.security.Sample">
    <skipped/>
  </testcase> <!-- tcSample -->
  <testcase name="tcSample" time="0.000" classname="com.hasbro.security.Sample">
    <skipped/>
  </testcase> <!-- tcSample -->
  <testcase name="tcSample" time="0.000" classname="com.hasbro.security.Sample">
    <skipped/>
  </testcase> <!-- tcSample -->
  <testcase name="tcSample" time="0.000" classname="com.hasbro.security.Sample">
    <skipped/>
  </testcase> <!-- tcSample -->
  <testcase name="tcSample" time="0.000" classname="com.hasbro.security.Sample">
    <skipped/>
  </testcase> <!-- tcSample -->
  <testcase name="tcSample" time="0.000" classname="com.hasbro.security.Sample">
    <skipped/>
  </testcase> <!-- tcSample -->
  <testcase name="tcSample" time="0.000" classname="com.hasbro.security.Sample">
    <skipped/>
  </testcase> <!-- tcSample -->
  <testcase name="tcSample" time="0.000" classname="com.hasbro.security.Sample">
    <skipped/>
  </testcase> <!-- tcSample -->
  <testcase name="tcSample" time="0.000" classname="com.hasbro.security.Sample">
    <skipped/>
  </testcase> <!-- tcSample -->
  <testcase name="tcSample" time="0.000" classname="com.hasbro.security.Sample">
    <skipped/>
  </testcase> <!-- tcSample -->
  <testcase name="tcSample" time="0.000" classname="com.hasbro.security.Sample">
    <skipped/>
  </testcase> <!-- tcSample -->
  <testcase name="tcSample" time="0.000" classname="com.hasbro.security.Sample">
    <skipped/>
  </testcase> <!-- tcSample -->
  <testcase name="tcSample" time="0.000" classname="com.hasbro.security.Sample">
    <skipped/>
  </testcase> <!-- tcSample -->
  <testcase name="tcSample" time="0.000" classname="com.hasbro.security.Sample">
    <skipped/>
  </testcase> <!-- tcSample -->
  <testcase name="tcSample" time="0.000" classname="com.hasbro.security.Sample">
    <skipped/>
  </testcase> <!-- tcSample -->
  <testcase name="tcSample" time="0.000" classname="com.hasbro.security.Sample">
    <skipped/>
  </testcase> <!-- tcSample -->
  <testcase name="tcSample" time="0.000" classname="com.hasbro.security.Sample">
    <skipped/>
  </testcase> <!-- tcSample -->
  <testcase name="tcSample" time="0.000" classname="com.hasbro.security.Sample">
    <skipped/>
  </testcase> <!-- tcSample -->
  <testcase name="tcSample" time="0.000" classname="com.hasbro.security.Sample">
    <skipped/>
  </testcase> <!-- tcSample -->
  <testcase name="tcSample" time="0.000" classname="com.hasbro.security.Sample">
    <skipped/>
  </testcase> <!-- tcSample -->
  <testcase name="tcSample" time="0.000" classname="com.hasbro.security.Sample">
    <skipped/>
  </testcase> <!-- tcSample -->
  <testcase name="tcSample" time="0.000" classname="com.hasbro.security.Sample">
    <skipped/>
  </testcase> <!-- tcSample -->
  <testcase name="tcSample" time="0.000" classname="com.hasbro.security.Sample">
    <skipped/>
  </testcase> <!-- tcSample -->
  <testcase name="tcSample" time="0.000" classname="com.hasbro.security.Sample">
    <skipped/>
  </testcase> <!-- tcSample -->
  <testcase name="tcSample" time="0.000" classname="com.hasbro.security.Sample">
    <skipped/>
  </testcase> <!-- tcSample -->
  <testcase name="tcSample" time="0.000" classname="com.hasbro.security.Sample">
    <skipped/>
  </testcase> <!-- tcSample -->
  <testcase name="tcSample" time="0.000" classname="com.hasbro.security.Sample">
    <skipped/>
  </testcase> <!-- tcSample -->
  <testcase name="tcSample" time="0.000" classname="com.hasbro.security.Sample">
    <skipped/>
  </testcase> <!-- tcSample -->
  <testcase name="tcSample" time="0.000" classname="com.hasbro.security.Sample">
    <skipped/>
  </testcase> <!-- tcSample -->
  <testcase name="tcSample" time="0.000" classname="com.hasbro.security.Sample">
    <skipped/>
  </testcase> <!-- tcSample -->
  <testcase name="tcSample" time="0.000" classname="com.hasbro.security.Sample">
    <skipped/>
  </testcase> <!-- tcSample -->
  <testcase name="tcSample" time="0.000" classname="com.hasbro.security.Sample">
    <skipped/>
  </testcase> <!-- tcSample -->
  <testcase name="tcSample" time="0.000" classname="com.hasbro.security.Sample">
    <skipped/>
  </testcase> <!-- tcSample -->
  <testcase name="tcSample" time="0.000" classname="com.hasbro.security.Sample">
    <skipped/>
  </testcase> <!-- tcSample -->
  <testcase name="tcSample" time="0.000" classname="com.hasbro.security.Sample">
    <skipped/>
  </testcase> <!-- tcSample -->
  <testcase name="tcSample" time="0.000" classname="com.hasbro.security.Sample">
    <skipped/>
  </testcase> <!-- tcSample -->
  <testcase name="tcSample" time="0.000" classname="com.hasbro.security.Sample">
    <skipped/>
  </testcase> <!-- tcSample -->
  <testcase name="tcSample" time="0.000" classname="com.hasbro.security.Sample">
    <skipped/>
  </testcase> <!-- tcSample -->
  <testcase name="tcSample" time="0.000" classname="com.hasbro.security.Sample">
    <skipped/>
  </testcase> <!-- tcSample -->
  <testcase name="tcSample" time="0.000" classname="com.hasbro.security.Sample">
    <skipped/>
  </testcase> <!-- tcSample -->
  <testcase name="tcSample" time="0.000" classname="com.hasbro.security.Sample">
    <skipped/>
  </testcase> <!-- tcSample -->
  <testcase name="tcSample" time="0.000" classname="com.hasbro.security.Sample">
    <skipped/>
  </testcase> <!-- tcSample -->
  <testcase name="tcSample" time="0.000" classname="com.hasbro.security.Sample">
    <skipped/>
  </testcase> <!-- tcSample -->
  <testcase name="tcSample" time="0.000" classname="com.hasbro.security.Sample">
    <skipped/>
  </testcase> <!-- tcSample -->
  <testcase name="tcSample" time="0.000" classname="com.hasbro.security.Sample">
    <skipped/>
  </testcase> <!-- tcSample -->
  <testcase name="tcSample" time="0.000" classname="com.hasbro.security.Sample">
    <skipped/>
  </testcase> <!-- tcSample -->
  <testcase name="tcSample" time="0.000" classname="com.hasbro.security.Sample">
    <skipped/>
  </testcase> <!-- tcSample -->
  <testcase name="tcSample" time="0.000" classname="com.hasbro.security.Sample">
    <skipped/>
  </testcase> <!-- tcSample -->
  <testcase name="tcSample" time="0.000" classname="com.hasbro.security.Sample">
    <skipped/>
  </testcase> <!-- tcSample -->
  <testcase name="tcSample" time="0.000" classname="com.hasbro.security.Sample">
    <skipped/>
  </testcase> <!-- tcSample -->
  <testcase name="tcSample" time="0.000" classname="com.hasbro.security.Sample">
    <skipped/>
  </testcase> <!-- tcSample -->
  <testcase name="tcSample" time="0.000" classname="com.hasbro.security.Sample">
    <skipped/>
  </testcase> <!-- tcSample -->
  <testcase name="tcSample" time="0.000" classname="com.hasbro.security.Sample">
    <skipped/>
  </testcase> <!-- tcSample -->
  <testcase name="tcSample" time="0.000" classname="com.hasbro.security.Sample">
    <skipped/>
  </testcase> <!-- tcSample -->
  <testcase name="tcSample" time="0.000" classname="com.hasbro.security.Sample">
    <skipped/>
  </testcase> <!-- tcSample -->
  <testcase name="tcSample" time="0.000" classname="com.hasbro.security.Sample">
    <skipped/>
  </testcase> <!-- tcSample -->
  <testcase name="tcSample" time="0.000" classname="com.hasbro.security.Sample">
    <skipped/>
  </testcase> <!-- tcSample -->
  <testcase name="tcSample" time="0.000" classname="com.hasbro.security.Sample">
    <skipped/>
  </testcase> <!-- tcSample -->
  <testcase name="tcSample" time="0.000" classname="com.hasbro.security.Sample">
    <skipped/>
  </testcase> <!-- tcSample -->
  <testcase name="tcSample" time="0.000" classname="com.hasbro.security.Sample">
    <skipped/>
  </testcase> <!-- tcSample -->
  <testcase name="tcSample" time="0.000" classname="com.hasbro.security.Sample">
    <skipped/>
  </testcase> <!-- tcSample -->
  <testcase name="tcSample" time="0.000" classname="com.hasbro.security.Sample">
    <skipped/>
  </testcase> <!-- tcSample -->
  <testcase name="tcSample" time="0.000" classname="com.hasbro.security.Sample">
    <skipped/>
  </testcase> <!-- tcSample -->
  <testcase name="tcSample" time="0.000" classname="com.hasbro.security.Sample">
    <skipped/>
  </testcase> <!-- tcSample -->
  <testcase name="tcSample" time="0.000" classname="com.hasbro.security.Sample">
    <skipped/>
  </testcase> <!-- tcSample -->
  <testcase name="tcSample" time="0.000" classname="com.hasbro.security.Sample">
    <skipped/>
  </testcase> <!-- tcSample -->
  <testcase name="tcSample" time="0.000" classname="com.hasbro.security.Sample">
    <skipped/>
  </testcase> <!-- tcSample -->
  <testcase name="tcSample" time="0.000" classname="com.hasbro.security.Sample">
    <skipped/>
  </testcase> <!-- tcSample -->
  <testcase name="tcSample" time="0.000" classname="com.hasbro.security.Sample">
    <skipped/>
  </testcase> <!-- tcSample -->
  <testcase name="tcSample" time="0.000" classname="com.hasbro.security.Sample">
    <skipped/>
  </testcase> <!-- tcSample -->
  <testcase name="tcSample" time="0.000" classname="com.hasbro.security.Sample">
    <skipped/>
  </testcase> <!-- tcSample -->
  <testcase name="tcSample" time="0.000" classname="com.hasbro.security.Sample">
    <skipped/>
  </testcase> <!-- tcSample -->
  <testcase name="tcSample" time="0.000" classname="com.hasbro.security.Sample">
    <skipped/>
  </testcase> <!-- tcSample -->
  <testcase name="tcSample" time="0.000" classname="com.hasbro.security.Sample">
    <skipped/>
  </testcase> <!-- tcSample -->
  <testcase name="tcSample" time="0.000" classname="com.hasbro.security.Sample">
    <skipped/>
  </testcase> <!-- tcSample -->
  <testcase name="tcSample" time="0.000" classname="com.hasbro.security.Sample">
    <skipped/>
  </testcase> <!-- tcSample -->
  <testcase name="tcSample" time="0.000" classname="com.hasbro.security.Sample">
    <skipped/>
  </testcase> <!-- tcSample -->
  <testcase name="tcSample" time="0.000" classname="com.hasbro.security.Sample">
    <skipped/>
  </testcase> <!-- tcSample -->
  <testcase name="tcSample" time="0.000" classname="com.hasbro.security.Sample">
    <skipped/>
  </testcase> <!-- tcSample -->
  <testcase name="tcSample" time="0.000" classname="com.hasbro.security.Sample">
    <skipped/>
  </testcase> <!-- tcSample -->
  <testcase name="tcSample" time="0.000" classname="com.hasbro.security.Sample">
    <skipped/>
  </testcase> <!-- tcSample -->
  <testcase name="tcSample" time="0.000" classname="com.hasbro.security.Sample">
    <skipped/>
  </testcase> <!-- tcSample -->
  <testcase name="tcSample" time="0.000" classname="com.hasbro.security.Sample">
    <skipped/>
  </testcase> <!-- tcSample -->
  <testcase name="tcSample" time="0.000" classname="com.hasbro.security.Sample">
    <skipped/>
  </testcase> <!-- tcSample -->
  <testcase name="tcSample" time="0.000" classname="com.hasbro.security.Sample">
    <skipped/>
  </testcase> <!-- tcSample -->
  <testcase name="tcSample" time="0.000" classname="com.hasbro.security.Sample">
    <skipped/>
  </testcase> <!-- tcSample -->
  <testcase name="tcSample" time="0.000" classname="com.hasbro.security.Sample">
    <skipped/>
  </testcase> <!-- tcSample -->
  <testcase name="tcSample" time="0.000" classname="com.hasbro.security.Sample">
    <skipped/>
  </testcase> <!-- tcSample -->
  <testcase name="tcSample" time="0.000" classname="com.hasbro.security.Sample">
    <skipped/>
  </testcase> <!-- tcSample -->
  <testcase name="tcSample" time="0.000" classname="com.hasbro.security.Sample">
    <skipped/>
  </testcase> <!-- tcSample -->
  <testcase name="tcSample" time="0.000" classname="com.hasbro.security.Sample">
    <skipped/>
  </testcase> <!-- tcSample -->
  <testcase name="tcSample" time="0.000" classname="com.hasbro.security.Sample">
    <skipped/>
  </testcase> <!-- tcSample -->
  <testcase name="tcSample" time="0.000" classname="com.hasbro.security.Sample">
    <skipped/>
  </testcase> <!-- tcSample -->
  <testcase name="tcSample" time="0.000" classname="com.hasbro.security.Sample">
    <skipped/>
  </testcase> <!-- tcSample -->
  <testcase name="tcSample" time="0.000" classname="com.hasbro.security.Sample">
    <skipped/>
  </testcase> <!-- tcSample -->
  <testcase name="tcSample" time="0.000" classname="com.hasbro.security.Sample">
    <skipped/>
  </testcase> <!-- tcSample -->
  <testcase name="tcSample" time="0.000" classname="com.hasbro.security.Sample">
    <skipped/>
  </testcase> <!-- tcSample -->
  <testcase name="tcSample" time="0.000" classname="com.hasbro.security.Sample">
    <skipped/>
  </testcase> <!-- tcSample -->
  <testcase name="tcSample" time="0.000" classname="com.hasbro.security.Sample">
    <skipped/>
  </testcase> <!-- tcSample -->
  <testcase name="tcSample" time="0.000" classname="com.hasbro.security.Sample">
    <skipped/>
  </testcase> <!-- tcSample -->
  <testcase name="tcSample" time="0.000" classname="com.hasbro.security.Sample">
    <skipped/>
  </testcase> <!-- tcSample -->
  <testcase name="tcSample" time="0.000" classname="com.hasbro.security.Sample">
    <skipped/>
  </testcase> <!-- tcSample -->
  <testcase name="tcSample" time="0.000" classname="com.hasbro.security.Sample">
    <skipped/>
  </testcase> <!-- tcSample -->
  <testcase name="tcSample" time="0.000" classname="com.hasbro.security.Sample">
    <skipped/>
  </testcase> <!-- tcSample -->
  <testcase name="tcSample" time="0.000" classname="com.hasbro.security.Sample">
    <skipped/>
  </testcase> <!-- tcSample -->
  <testcase name="tcSample" time="0.000" classname="com.hasbro.security.Sample">
    <skipped/>
  </testcase> <!-- tcSample -->
  <testcase name="tcSample" time="0.000" classname="com.hasbro.security.Sample">
    <skipped/>
  </testcase> <!-- tcSample -->
  <testcase name="tcSample" time="0.000" classname="com.hasbro.security.Sample">
    <skipped/>
  </testcase> <!-- tcSample -->
  <testcase name="tcSample" time="0.000" classname="com.hasbro.security.Sample">
    <skipped/>
  </testcase> <!-- tcSample -->
  <testcase name="tcSample" time="0.000" classname="com.hasbro.security.Sample">
    <skipped/>
  </testcase> <!-- tcSample -->
  <testcase name="tcSample" time="0.000" classname="com.hasbro.security.Sample">
    <skipped/>
  </testcase> <!-- tcSample -->
  <testcase name="tcSample" time="0.000" classname="com.hasbro.security.Sample">
    <skipped/>
  </testcase> <!-- tcSample -->
  <testcase name="tcSample" time="0.000" classname="com.hasbro.security.Sample">
    <skipped/>
  </testcase> <!-- tcSample -->
  <testcase name="tcSample" time="0.000" classname="com.hasbro.security.Sample">
    <skipped/>
  </testcase> <!-- tcSample -->
  <testcase name="tcSample" time="0.000" classname="com.hasbro.security.Sample">
    <skipped/>
  </testcase> <!-- tcSample -->
  <testcase name="tcSample" time="0.000" classname="com.hasbro.security.Sample">
    <skipped/>
  </testcase> <!-- tcSample -->
  <testcase name="tcSample" time="0.000" classname="com.hasbro.security.Sample">
    <skipped/>
  </testcase> <!-- tcSample -->
  <testcase name="tcSample" time="0.000" classname="com.hasbro.security.Sample">
    <skipped/>
  </testcase> <!-- tcSample -->
  <testcase name="tcSample" time="0.000" classname="com.hasbro.security.Sample">
    <skipped/>
  </testcase> <!-- tcSample -->
  <testcase name="tcSample" time="0.000" classname="com.hasbro.security.Sample">
    <skipped/>
  </testcase> <!-- tcSample -->
  <testcase name="tcSample" time="0.000" classname="com.hasbro.security.Sample">
    <skipped/>
  </testcase> <!-- tcSample -->
  <testcase name="tcSample" time="0.000" classname="com.hasbro.security.Sample">
    <skipped/>
  </testcase> <!-- tcSample -->
  <testcase name="tcSample" time="0.000" classname="com.hasbro.security.Sample">
    <skipped/>
  </testcase> <!-- tcSample -->
  <testcase name="tcSample" time="0.000" classname="com.hasbro.security.Sample">
    <skipped/>
  </testcase> <!-- tcSample -->
  <testcase name="tcSample" time="0.000" classname="com.hasbro.security.Sample">
    <skipped/>
  </testcase> <!-- tcSample -->
  <testcase name="tcSample" time="0.000" classname="com.hasbro.security.Sample">
    <skipped/>
  </testcase> <!-- tcSample -->
  <testcase name="tcSample" time="0.000" classname="com.hasbro.security.Sample">
    <skipped/>
  </testcase> <!-- tcSample -->
  <testcase name="tcSample" time="0.000" classname="com.hasbro.security.Sample">
    <skipped/>
  </testcase> <!-- tcSample -->
  <testcase name="tcSample" time="0.000" classname="com.hasbro.security.Sample">
    <skipped/>
  </testcase> <!-- tcSample -->
  <testcase name="tcSample" time="0.000" classname="com.hasbro.security.Sample">
    <skipped/>
  </testcase> <!-- tcSample -->
  <testcase name="tcSample" time="0.000" classname="com.hasbro.security.Sample">
    <skipped/>
  </testcase> <!-- tcSample -->
  <testcase name="tcSample" time="0.000" classname="com.hasbro.security.Sample">
    <skipped/>
  </testcase> <!-- tcSample -->
  <testcase name="tcSample" time="0.000" classname="com.hasbro.security.Sample">
    <skipped/>
  </testcase> <!-- tcSample -->
  <testcase name="tcSample" time="0.000" classname="com.hasbro.security.Sample">
    <skipped/>
  </testcase> <!-- tcSample -->
  <testcase name="tcSample" time="0.000" classname="com.hasbro.security.Sample">
    <skipped/>
  </testcase> <!-- tcSample -->
  <testcase name="tcSample" time="0.000" classname="com.hasbro.security.Sample">
    <skipped/>
  </testcase> <!-- tcSample -->
  <testcase name="tcSample" time="0.000" classname="com.hasbro.security.Sample">
    <skipped/>
  </testcase> <!-- tcSample -->
  <testcase name="tcSample" time="0.000" classname="com.hasbro.security.Sample">
    <skipped/>
  </testcase> <!-- tcSample -->
  <testcase name="tcSample" time="0.000" classname="com.hasbro.security.Sample">
    <skipped/>
  </testcase> <!-- tcSample -->
  <testcase name="tcSample" time="0.000" classname="com.hasbro.security.Sample">
    <skipped/>
  </testcase> <!-- tcSample -->
  <testcase name="tcSample" time="0.000" classname="com.hasbro.security.Sample">
    <skipped/>
  </testcase> <!-- tcSample -->
  <testcase name="tcSample" time="0.000" classname="com.hasbro.security.Sample">
    <skipped/>
  </testcase> <!-- tcSample -->
  <testcase name="tcSample" time="0.000" classname="com.hasbro.security.Sample">
    <skipped/>
  </testcase> <!-- tcSample -->
  <testcase name="tcSample" time="0.000" classname="com.hasbro.security.Sample">
    <skipped/>
  </testcase> <!-- tcSample -->
  <testcase name="tcSample" time="0.000" classname="com.hasbro.security.Sample">
    <skipped/>
  </testcase> <!-- tcSample -->
  <testcase name="tcSample" time="0.000" classname="com.hasbro.security.Sample">
    <skipped/>
  </testcase> <!-- tcSample -->
  <testcase name="tcSample" time="0.000" classname="com.hasbro.security.Sample">
    <skipped/>
  </testcase> <!-- tcSample -->
  <testcase name="tcSample" time="0.000" classname="com.hasbro.security.Sample">
    <skipped/>
  </testcase> <!-- tcSample -->
  <testcase name="tcSample" time="0.000" classname="com.hasbro.security.Sample">
    <skipped/>
  </testcase> <!-- tcSample -->
  <testcase name="tcSample" time="0.000" classname="com.hasbro.security.Sample">
    <skipped/>
  </testcase> <!-- tcSample -->
  <testcase name="tcSample" time="0.000" classname="com.hasbro.security.Sample">
    <skipped/>
  </testcase> <!-- tcSample -->
  <testcase name="tcSample" time="0.000" classname="com.hasbro.security.Sample">
    <skipped/>
  </testcase> <!-- tcSample -->
  <testcase name="tcSample" time="0.000" classname="com.hasbro.security.Sample">
    <skipped/>
  </testcase> <!-- tcSample -->
  <testcase name="tcSample" time="0.000" classname="com.hasbro.security.Sample">
    <skipped/>
  </testcase> <!-- tcSample -->
  <testcase name="tcSample" time="0.000" classname="com.hasbro.security.Sample">
    <skipped/>
  </testcase> <!-- tcSample -->
  <testcase name="tcSample" time="0.000" classname="com.hasbro.security.Sample">
    <skipped/>
  </testcase> <!-- tcSample -->
  <testcase name="tcSample" time="0.000" classname="com.hasbro.security.Sample">
    <skipped/>
  </testcase> <!-- tcSample -->
  <testcase name="tcSample" time="0.000" classname="com.hasbro.security.Sample">
    <skipped/>
  </testcase> <!-- tcSample -->
  <testcase name="tcSample" time="0.000" classname="com.hasbro.security.Sample">
    <skipped/>
  </testcase> <!-- tcSample -->
  <testcase name="tcSample" time="0.000" classname="com.hasbro.security.Sample">
    <skipped/>
  </testcase> <!-- tcSample -->
  <testcase name="tcSample" time="0.000" classname="com.hasbro.security.Sample">
    <skipped/>
  </testcase> <!-- tcSample -->
  <testcase name="tcSample" time="0.000" classname="com.hasbro.security.Sample">
    <skipped/>
  </testcase> <!-- tcSample -->
  <testcase name="tcSample" time="0.000" classname="com.hasbro.security.Sample">
    <skipped/>
  </testcase> <!-- tcSample -->
  <testcase name="tcSample" time="0.000" classname="com.hasbro.security.Sample">
    <skipped/>
  </testcase> <!-- tcSample -->
  <testcase name="tcSample" time="0.000" classname="com.hasbro.security.Sample">
    <skipped/>
  </testcase> <!-- tcSample -->
  <testcase name="tcSample" time="0.000" classname="com.hasbro.security.Sample">
    <skipped/>
  </testcase> <!-- tcSample -->
  <testcase name="tcSample" time="0.000" classname="com.hasbro.security.Sample">
    <skipped/>
  </testcase> <!-- tcSample -->
  <testcase name="tcSample" time="0.000" classname="com.hasbro.security.Sample">
    <skipped/>
  </testcase> <!-- tcSample -->
  <testcase name="tcSample" time="0.000" classname="com.hasbro.security.Sample">
    <skipped/>
  </testcase> <!-- tcSample -->
  <testcase name="tcSample" time="0.000" classname="com.hasbro.security.Sample">
    <skipped/>
  </testcase> <!-- tcSample -->
  <testcase name="tcSample" time="0.000" classname="com.hasbro.security.Sample">
    <skipped/>
  </testcase> <!-- tcSample -->
  <testcase name="tcSample" time="0.000" classname="com.hasbro.security.Sample">
    <skipped/>
  </testcase> <!-- tcSample -->
  <testcase name="tcSample" time="0.000" classname="com.hasbro.security.Sample">
    <skipped/>
  </testcase> <!-- tcSample -->
  <testcase name="tcSample" time="0.000" classname="com.hasbro.security.Sample">
    <skipped/>
  </testcase> <!-- tcSample -->
  <testcase name="tcSample" time="0.000" classname="com.hasbro.security.Sample">
    <skipped/>
  </testcase> <!-- tcSample -->
  <testcase name="tcSample" time="0.000" classname="com.hasbro.security.Sample">
    <skipped/>
  </testcase> <!-- tcSample -->
  <testcase name="tcSample" time="0.000" classname="com.hasbro.security.Sample">
    <skipped/>
  </testcase> <!-- tcSample -->
  <testcase name="tcSample" time="0.000" classname="com.hasbro.security.Sample">
    <skipped/>
  </testcase> <!-- tcSample -->
  <testcase name="tcSample" time="0.000" classname="com.hasbro.security.Sample">
    <skipped/>
  </testcase> <!-- tcSample -->
  <testcase name="tcSample" time="0.000" classname="com.hasbro.security.Sample">
    <skipped/>
  </testcase> <!-- tcSample -->
  <testcase name="tcSample" time="0.000" classname="com.hasbro.security.Sample">
    <skipped/>
  </testcase> <!-- tcSample -->
  <testcase name="tcSample" time="0.000" classname="com.hasbro.security.Sample">
    <skipped/>
  </testcase> <!-- tcSample -->
  <testcase name="tcSample" time="0.000" classname="com.hasbro.security.Sample">
    <skipped/>
  </testcase> <!-- tcSample -->
  <testcase name="tcSample" time="0.000" classname="com.hasbro.security.Sample">
    <skipped/>
  </testcase> <!-- tcSample -->
  <testcase name="tcSample" time="0.000" classname="com.hasbro.security.Sample">
    <skipped/>
  </testcase> <!-- tcSample -->
  <testcase name="tcSample" time="0.000" classname="com.hasbro.security.Sample">
    <skipped/>
  </testcase> <!-- tcSample -->
  <testcase name="tcSample" time="0.000" classname="com.hasbro.security.Sample">
    <skipped/>
  </testcase> <!-- tcSample -->
  <testcase name="tcSample" time="0.000" classname="com.hasbro.security.Sample">
    <skipped/>
  </testcase> <!-- tcSample -->
  <testcase name="tcSample" time="0.000" classname="com.hasbro.security.Sample">
    <skipped/>
  </testcase> <!-- tcSample -->
  <testcase name="tcSample" time="0.000" classname="com.hasbro.security.Sample">
    <skipped/>
  </testcase> <!-- tcSample -->
  <testcase name="tcSample" time="0.000" classname="com.hasbro.security.Sample">
    <skipped/>
  </testcase> <!-- tcSample -->
  <testcase name="tcSample" time="0.000" classname="com.hasbro.security.Sample">
    <skipped/>
  </testcase> <!-- tcSample -->
  <testcase name="tcSample" time="0.000" classname="com.hasbro.security.Sample">
    <skipped/>
  </testcase> <!-- tcSample -->
  <testcase name="tcSample" time="0.000" classname="com.hasbro.security.Sample">
    <skipped/>
  </testcase> <!-- tcSample -->
  <testcase name="tcSample" time="0.000" classname="com.hasbro.security.Sample">
    <skipped/>
  </testcase> <!-- tcSample -->
  <testcase name="tcSample" time="0.000" classname="com.hasbro.security.Sample">
    <skipped/>
  </testcase> <!-- tcSample -->
  <testcase name="tcSample" time="0.000" classname="com.hasbro.security.Sample">
    <skipped/>
  </testcase> <!-- tcSample -->
  <testcase name="tcSample" time="0.000" classname="com.hasbro.security.Sample">
    <skipped/>
  </testcase> <!-- tcSample -->
  <testcase name="tcSample" time="0.000" classname="com.hasbro.security.Sample">
    <skipped/>
  </testcase> <!-- tcSample -->
  <testcase name="tcSample" time="0.000" classname="com.hasbro.security.Sample">
    <skipped/>
  </testcase> <!-- tcSample -->
  <testcase name="tcSample" time="0.000" classname="com.hasbro.security.Sample">
    <skipped/>
  </testcase> <!-- tcSample -->
  <testcase name="tcSample" time="0.000" classname="com.hasbro.security.Sample">
    <skipped/>
  </testcase> <!-- tcSample -->
  <testcase name="tcSample" time="0.000" classname="com.hasbro.security.Sample">
    <skipped/>
  </testcase> <!-- tcSample -->
  <testcase name="tcSample" time="0.000" classname="com.hasbro.security.Sample">
    <skipped/>
  </testcase> <!-- tcSample -->
  <testcase name="tcSample" time="0.000" classname="com.hasbro.security.Sample">
    <skipped/>
  </testcase> <!-- tcSample -->
  <testcase name="tcSample" time="0.000" classname="com.hasbro.security.Sample">
    <skipped/>
  </testcase> <!-- tcSample -->
  <testcase name="tcSample" time="0.000" classname="com.hasbro.security.Sample">
    <skipped/>
  </testcase> <!-- tcSample -->
  <testcase name="tcSample" time="0.000" classname="com.hasbro.security.Sample">
    <skipped/>
  </testcase> <!-- tcSample -->
  <testcase name="tcSample" time="0.000" classname="com.hasbro.security.Sample">
    <skipped/>
  </testcase> <!-- tcSample -->
  <testcase name="tcSample" time="0.000" classname="com.hasbro.security.Sample">
    <skipped/>
  </testcase> <!-- tcSample -->
  <testcase name="tcSample" time="0.000" classname="com.hasbro.security.Sample">
    <skipped/>
  </testcase> <!-- tcSample -->
  <testcase name="tcSample" time="0.000" classname="com.hasbro.security.Sample">
    <skipped/>
  </testcase> <!-- tcSample -->
  <testcase name="tcSample" time="0.000" classname="com.hasbro.security.Sample">
    <skipped/>
  </testcase> <!-- tcSample -->
  <testcase name="tcSample" time="0.000" classname="com.hasbro.security.Sample">
    <skipped/>
  </testcase> <!-- tcSample -->
  <testcase name="tcSample" time="0.000" classname="com.hasbro.security.Sample">
    <skipped/>
  </testcase> <!-- tcSample -->
  <testcase name="tcSample" time="0.000" classname="com.hasbro.security.Sample">
    <skipped/>
  </testcase> <!-- tcSample -->
  <testcase name="tcSample" time="0.000" classname="com.hasbro.security.Sample">
    <skipped/>
  </testcase> <!-- tcSample -->
  <testcase name="tcSample" time="0.000" classname="com.hasbro.security.Sample">
    <skipped/>
  </testcase> <!-- tcSample -->
  <testcase name="tcSample" time="0.000" classname="com.hasbro.security.Sample">
    <skipped/>
  </testcase> <!-- tcSample -->
  <testcase name="tcSample" time="0.000" classname="com.hasbro.security.Sample">
    <skipped/>
  </testcase> <!-- tcSample -->
  <testcase name="tcSample" time="0.000" classname="com.hasbro.security.Sample">
    <skipped/>
  </testcase> <!-- tcSample -->
  <testcase name="tcSample" time="0.000" classname="com.hasbro.security.Sample">
    <skipped/>
  </testcase> <!-- tcSample -->
  <testcase name="tcSample" time="0.000" classname="com.hasbro.security.Sample">
    <skipped/>
  </testcase> <!-- tcSample -->
  <testcase name="tcSample" time="0.000" classname="com.hasbro.security.Sample">
    <skipped/>
  </testcase> <!-- tcSample -->
  <testcase name="tcSample" time="0.000" classname="com.hasbro.security.Sample">
    <skipped/>
  </testcase> <!-- tcSample -->
  <testcase name="tcSample" time="0.000" classname="com.hasbro.security.Sample">
    <skipped/>
  </testcase> <!-- tcSample -->
  <testcase name="tcSample" time="0.000" classname="com.hasbro.security.Sample">
    <skipped/>
  </testcase> <!-- tcSample -->
  <testcase name="tcSample" time="0.000" classname="com.hasbro.security.Sample">
    <skipped/>
  </testcase> <!-- tcSample -->
  <testcase name="tcSample" time="0.000" classname="com.hasbro.security.Sample">
    <skipped/>
  </testcase> <!-- tcSample -->
  <testcase name="tcSample" time="0.000" classname="com.hasbro.security.Sample">
    <skipped/>
  </testcase> <!-- tcSample -->
  <testcase name="tcSample" time="0.000" classname="com.hasbro.security.Sample">
    <skipped/>
  </testcase> <!-- tcSample -->
  <testcase name="tcSample" time="0.000" classname="com.hasbro.security.Sample">
    <skipped/>
  </testcase> <!-- tcSample -->
  <testcase name="tcSample" time="0.000" classname="com.hasbro.security.Sample">
    <skipped/>
  </testcase> <!-- tcSample -->
  <testcase name="tcSample" time="0.000" classname="com.hasbro.security.Sample">
    <skipped/>
  </testcase> <!-- tcSample -->
  <testcase name="tcSample" time="0.000" classname="com.hasbro.security.Sample">
    <skipped/>
  </testcase> <!-- tcSample -->
  <testcase name="tcSample" time="0.000" classname="com.hasbro.security.Sample">
    <skipped/>
  </testcase> <!-- tcSample -->
  <testcase name="tcSample" time="0.000" classname="com.hasbro.security.Sample">
    <skipped/>
  </testcase> <!-- tcSample -->
  <testcase name="tcSample" time="0.000" classname="com.hasbro.security.Sample">
    <skipped/>
  </testcase> <!-- tcSample -->
  <testcase name="tcSample" time="0.000" classname="com.hasbro.security.Sample">
    <skipped/>
  </testcase> <!-- tcSample -->
  <testcase name="tcSample" time="0.000" classname="com.hasbro.security.Sample">
    <skipped/>
  </testcase> <!-- tcSample -->
  <testcase name="tcSample" time="0.000" classname="com.hasbro.security.Sample">
    <skipped/>
  </testcase> <!-- tcSample -->
  <testcase name="tcSample" time="0.000" classname="com.hasbro.security.Sample">
    <skipped/>
  </testcase> <!-- tcSample -->
  <testcase name="tcSample" time="0.000" classname="com.hasbro.security.Sample">
    <skipped/>
  </testcase> <!-- tcSample -->
  <testcase name="tcSample" time="0.000" classname="com.hasbro.security.Sample">
    <skipped/>
  </testcase> <!-- tcSample -->
  <testcase name="tcSample" time="0.000" classname="com.hasbro.security.Sample">
    <skipped/>
  </testcase> <!-- tcSample -->
  <testcase name="tcSample" time="0.000" classname="com.hasbro.security.Sample">
    <skipped/>
  </testcase> <!-- tcSample -->
  <testcase name="tcSample" time="0.000" classname="com.hasbro.security.Sample">
    <skipped/>
  </testcase> <!-- tcSample -->
  <testcase name="tcSample" time="0.000" classname="com.hasbro.security.Sample">
    <skipped/>
  </testcase> <!-- tcSample -->
  <testcase name="tcSample" time="0.000" classname="com.hasbro.security.Sample">
    <skipped/>
  </testcase> <!-- tcSample -->
  <testcase name="tcSample" time="0.000" classname="com.hasbro.security.Sample">
    <skipped/>
  </testcase> <!-- tcSample -->
  <testcase name="tcSample" time="0.000" classname="com.hasbro.security.Sample">
    <skipped/>
  </testcase> <!-- tcSample -->
  <testcase name="tcSample" time="0.000" classname="com.hasbro.security.Sample">
    <skipped/>
  </testcase> <!-- tcSample -->
  <testcase name="tcSample" time="0.000" classname="com.hasbro.security.Sample">
    <skipped/>
  </testcase> <!-- tcSample -->
  <testcase name="tcSample" time="0.000" classname="com.hasbro.security.Sample">
    <skipped/>
  </testcase> <!-- tcSample -->
  <testcase name="tcSample" time="0.000" classname="com.hasbro.security.Sample">
    <skipped/>
  </testcase> <!-- tcSample -->
  <testcase name="tcSample" time="0.000" classname="com.hasbro.security.Sample">
    <skipped/>
  </testcase> <!-- tcSample -->
  <testcase name="tcSample" time="0.000" classname="com.hasbro.security.Sample">
    <skipped/>
  </testcase> <!-- tcSample -->
  <testcase name="tcSample" time="0.000" classname="com.hasbro.security.Sample">
    <skipped/>
  </testcase> <!-- tcSample -->
  <testcase name="tcSample" time="0.000" classname="com.hasbro.security.Sample">
    <skipped/>
  </testcase> <!-- tcSample -->
  <testcase name="tcSample" time="0.000" classname="com.hasbro.security.Sample">
    <skipped/>
  </testcase> <!-- tcSample -->
  <testcase name="tcSample" time="0.000" classname="com.hasbro.security.Sample">
    <skipped/>
  </testcase> <!-- tcSample -->
  <testcase name="tcSample" time="0.000" classname="com.hasbro.security.Sample">
    <skipped/>
  </testcase> <!-- tcSample -->
  <testcase name="tcSample" time="0.000" classname="com.hasbro.security.Sample">
    <skipped/>
  </testcase> <!-- tcSample -->
  <testcase name="tcSample" time="0.000" classname="com.hasbro.security.Sample">
    <skipped/>
  </testcase> <!-- tcSample -->
  <testcase name="tcSample" time="0.000" classname="com.hasbro.security.Sample">
    <skipped/>
  </testcase> <!-- tcSample -->
  <testcase name="tcSample" time="0.000" classname="com.hasbro.security.Sample">
    <skipped/>
  </testcase> <!-- tcSample -->
  <testcase name="tcSample" time="0.000" classname="com.hasbro.security.Sample">
    <skipped/>
  </testcase> <!-- tcSample -->
  <testcase name="tcSample" time="0.000" classname="com.hasbro.security.Sample">
    <skipped/>
  </testcase> <!-- tcSample -->
  <testcase name="tcSample" time="0.000" classname="com.hasbro.security.Sample">
    <skipped/>
  </testcase> <!-- tcSample -->
  <testcase name="tcSample" time="0.000" classname="com.hasbro.security.Sample">
    <skipped/>
  </testcase> <!-- tcSample -->
  <testcase name="tcSample" time="0.000" classname="com.hasbro.security.Sample">
    <skipped/>
  </testcase> <!-- tcSample -->
  <testcase name="tcSample" time="0.000" classname="com.hasbro.security.Sample">
    <skipped/>
  </testcase> <!-- tcSample -->
  <testcase name="tcSample" time="0.000" classname="com.hasbro.security.Sample">
    <skipped/>
  </testcase> <!-- tcSample -->
  <testcase name="tcSample" time="0.000" classname="com.hasbro.security.Sample">
    <skipped/>
  </testcase> <!-- tcSample -->
  <testcase name="tcSample" time="0.000" classname="com.hasbro.security.Sample">
    <skipped/>
  </testcase> <!-- tcSample -->
  <testcase name="tcSample" time="0.000" classname="com.hasbro.security.Sample">
    <skipped/>
  </testcase> <!-- tcSample -->
  <testcase name="tcSample" time="0.000" classname="com.hasbro.security.Sample">
    <skipped/>
  </testcase> <!-- tcSample -->
  <testcase name="tcSample" time="0.000" classname="com.hasbro.security.Sample">
    <skipped/>
  </testcase> <!-- tcSample -->
  <testcase name="tcSample" time="0.000" classname="com.hasbro.security.Sample">
    <skipped/>
  </testcase> <!-- tcSample -->
  <testcase name="tcSample" time="0.000" classname="com.hasbro.security.Sample">
    <skipped/>
  </testcase> <!-- tcSample -->
  <testcase name="tcSample" time="0.000" classname="com.hasbro.security.Sample">
    <skipped/>
  </testcase> <!-- tcSample -->
  <testcase name="tcSample" time="0.000" classname="com.hasbro.security.Sample">
    <skipped/>
  </testcase> <!-- tcSample -->
  <testcase name="tcSample" time="0.000" classname="com.hasbro.security.Sample">
    <skipped/>
  </testcase> <!-- tcSample -->
  <testcase name="tcSample" time="0.000" classname="com.hasbro.security.Sample">
    <skipped/>
  </testcase> <!-- tcSample -->
  <testcase name="tcSample" time="0.000" classname="com.hasbro.security.Sample">
    <skipped/>
  </testcase> <!-- tcSample -->
  <testcase name="tcSample" time="0.000" classname="com.hasbro.security.Sample">
    <skipped/>
  </testcase> <!-- tcSample -->
  <testcase name="tcSample" time="0.000" classname="com.hasbro.security.Sample">
    <skipped/>
  </testcase> <!-- tcSample -->
  <testcase name="tcSample" time="0.000" classname="com.hasbro.security.Sample">
    <skipped/>
  </testcase> <!-- tcSample -->
  <testcase name="tcSample" time="0.000" classname="com.hasbro.security.Sample">
    <skipped/>
  </testcase> <!-- tcSample -->
  <testcase name="tcSample" time="0.000" classname="com.hasbro.security.Sample">
    <skipped/>
  </testcase> <!-- tcSample -->
  <testcase name="tcSample" time="0.000" classname="com.hasbro.security.Sample">
    <skipped/>
  </testcase> <!-- tcSample -->
  <testcase name="tcSample" time="0.000" classname="com.hasbro.security.Sample">
    <skipped/>
  </testcase> <!-- tcSample -->
  <testcase name="tcSample" time="0.000" classname="com.hasbro.security.Sample">
    <skipped/>
  </testcase> <!-- tcSample -->
  <testcase name="tcSample" time="0.000" classname="com.hasbro.security.Sample">
    <skipped/>
  </testcase> <!-- tcSample -->
  <testcase name="tcSample" time="0.000" classname="com.hasbro.security.Sample">
    <skipped/>
  </testcase> <!-- tcSample -->
  <testcase name="tcSample" time="0.000" classname="com.hasbro.security.Sample">
    <skipped/>
  </testcase> <!-- tcSample -->
  <testcase name="tcSample" time="0.000" classname="com.hasbro.security.Sample">
    <skipped/>
  </testcase> <!-- tcSample -->
  <testcase name="tcSample" time="0.000" classname="com.hasbro.security.Sample">
    <skipped/>
  </testcase> <!-- tcSample -->
  <testcase name="tcSample" time="0.000" classname="com.hasbro.security.Sample">
    <skipped/>
  </testcase> <!-- tcSample -->
  <testcase name="tcSample" time="0.000" classname="com.hasbro.security.Sample">
    <skipped/>
  </testcase> <!-- tcSample -->
  <testcase name="tcSample" time="0.000" classname="com.hasbro.security.Sample">
    <skipped/>
  </testcase> <!-- tcSample -->
  <testcase name="tcSample" time="0.000" classname="com.hasbro.security.Sample">
    <skipped/>
  </testcase> <!-- tcSample -->
  <testcase name="tcSample" time="0.000" classname="com.hasbro.security.Sample">
    <skipped/>
  </testcase> <!-- tcSample -->
  <testcase name="tcSample" time="0.000" classname="com.hasbro.security.Sample">
    <skipped/>
  </testcase> <!-- tcSample -->
  <testcase name="tcSample" time="0.000" classname="com.hasbro.security.Sample">
    <skipped/>
  </testcase> <!-- tcSample -->
  <testcase name="tcSample" time="0.000" classname="com.hasbro.security.Sample">
    <skipped/>
  </testcase> <!-- tcSample -->
  <testcase name="tcSample" time="0.000" classname="com.hasbro.security.Sample">
    <skipped/>
  </testcase> <!-- tcSample -->
  <testcase name="tcSample" time="0.000" classname="com.hasbro.security.Sample">
    <skipped/>
  </testcase> <!-- tcSample -->
  <testcase name="tcSample" time="0.000" classname="com.hasbro.security.Sample">
    <skipped/>
  </testcase> <!-- tcSample -->
  <testcase name="tcSample" time="0.000" classname="com.hasbro.security.Sample">
    <skipped/>
  </testcase> <!-- tcSample -->
  <testcase name="tcSample" time="0.000" classname="com.hasbro.security.Sample">
    <skipped/>
  </testcase> <!-- tcSample -->
  <testcase name="tcSample" time="0.000" classname="com.hasbro.security.Sample">
    <skipped/>
  </testcase> <!-- tcSample -->
  <testcase name="tcSample" time="0.000" classname="com.hasbro.security.Sample">
    <skipped/>
  </testcase> <!-- tcSample -->
  <testcase name="tcSample" time="0.000" classname="com.hasbro.security.Sample">
    <skipped/>
  </testcase> <!-- tcSample -->
  <testcase name="tcSample" time="0.000" classname="com.hasbro.security.Sample">
    <skipped/>
  </testcase> <!-- tcSample -->
  <testcase name="tcSample" time="0.000" classname="com.hasbro.security.Sample">
    <skipped/>
  </testcase> <!-- tcSample -->
  <testcase name="tcSample" time="0.000" classname="com.hasbro.security.Sample">
    <skipped/>
  </testcase> <!-- tcSample -->
  <testcase name="tcSample" time="0.000" classname="com.hasbro.security.Sample">
    <skipped/>
  </testcase> <!-- tcSample -->
  <testcase name="tcSample" time="0.000" classname="com.hasbro.security.Sample">
    <skipped/>
  </testcase> <!-- tcSample -->
  <testcase name="tcSample" time="0.000" classname="com.hasbro.security.Sample">
    <skipped/>
  </testcase> <!-- tcSample -->
  <testcase name="tcSample" time="0.000" classname="com.hasbro.security.Sample">
    <skipped/>
  </testcase> <!-- tcSample -->
  <testcase name="tcSample" time="0.000" classname="com.hasbro.security.Sample">
    <skipped/>
  </testcase> <!-- tcSample -->
  <testcase name="tcSample" time="0.000" classname="com.hasbro.security.Sample">
    <skipped/>
  </testcase> <!-- tcSample -->
  <testcase name="tcSample" time="0.000" classname="com.hasbro.security.Sample">
    <skipped/>
  </testcase> <!-- tcSample -->
  <testcase name="tcSample" time="0.000" classname="com.hasbro.security.Sample">
    <skipped/>
  </testcase> <!-- tcSample -->
  <testcase name="tcSample" time="0.000" classname="com.hasbro.security.Sample">
    <skipped/>
  </testcase> <!-- tcSample -->
  <testcase name="tcSample" time="0.000" classname="com.hasbro.security.Sample">
    <skipped/>
  </testcase> <!-- tcSample -->
  <testcase name="tcSample" time="0.000" classname="com.hasbro.security.Sample">
    <skipped/>
  </testcase> <!-- tcSample -->
  <testcase name="tcSample" time="0.000" classname="com.hasbro.security.Sample">
    <skipped/>
  </testcase> <!-- tcSample -->
  <testcase name="tcSample" time="0.000" classname="com.hasbro.security.Sample">
    <skipped/>
  </testcase> <!-- tcSample -->
  <testcase name="tcSample" time="0.000" classname="com.hasbro.security.Sample">
    <skipped/>
  </testcase> <!-- tcSample -->
  <testcase name="tcSample" time="0.000" classname="com.hasbro.security.Sample">
    <skipped/>
  </testcase> <!-- tcSample -->
  <testcase name="tcSample" time="0.000" classname="com.hasbro.security.Sample">
    <skipped/>
  </testcase> <!-- tcSample -->
  <testcase name="tcSample" time="0.000" classname="com.hasbro.security.Sample">
    <skipped/>
  </testcase> <!-- tcSample -->
  <testcase name="tcSample" time="0.000" classname="com.hasbro.security.Sample">
    <skipped/>
  </testcase> <!-- tcSample -->
  <testcase name="tcSample" time="0.000" classname="com.hasbro.security.Sample">
    <skipped/>
  </testcase> <!-- tcSample -->
  <testcase name="tcSample" time="0.000" classname="com.hasbro.security.Sample">
    <skipped/>
  </testcase> <!-- tcSample -->
  <testcase name="tcSample" time="0.000" classname="com.hasbro.security.Sample">
    <skipped/>
  </testcase> <!-- tcSample -->
  <testcase name="tcSample" time="0.000" classname="com.hasbro.security.Sample">
    <skipped/>
  </testcase> <!-- tcSample -->
  <testcase name="tcSample" time="0.000" classname="com.hasbro.security.Sample">
    <skipped/>
  </testcase> <!-- tcSample -->
  <testcase name="tcSample" time="0.000" classname="com.hasbro.security.Sample">
    <skipped/>
  </testcase> <!-- tcSample -->
  <testcase name="tcSample" time="0.000" classname="com.hasbro.security.Sample">
    <skipped/>
  </testcase> <!-- tcSample -->
  <testcase name="tcSample" time="0.000" classname="com.hasbro.security.Sample">
    <skipped/>
  </testcase> <!-- tcSample -->
  <testcase name="tcSample" time="0.000" classname="com.hasbro.security.Sample">
    <skipped/>
  </testcase> <!-- tcSample -->
  <testcase name="tcSample" time="0.000" classname="com.hasbro.security.Sample">
    <skipped/>
  </testcase> <!-- tcSample -->
  <testcase name="tcSample" time="0.000" classname="com.hasbro.security.Sample">
    <skipped/>
  </testcase> <!-- tcSample -->
  <testcase name="tcSample" time="0.000" classname="com.hasbro.security.Sample">
    <skipped/>
  </testcase> <!-- tcSample -->
  <testcase name="tcSample" time="0.000" classname="com.hasbro.security.Sample">
    <skipped/>
  </testcase> <!-- tcSample -->
  <testcase name="tcSample" time="0.000" classname="com.hasbro.security.Sample">
    <skipped/>
  </testcase> <!-- tcSample -->
  <testcase name="tcSample" time="0.000" classname="com.hasbro.security.Sample">
    <skipped/>
  </testcase> <!-- tcSample -->
  <testcase name="tcSample" time="0.000" classname="com.hasbro.security.Sample">
    <skipped/>
  </testcase> <!-- tcSample -->
  <testcase name="tcSample" time="0.000" classname="com.hasbro.security.Sample">
    <skipped/>
  </testcase> <!-- tcSample -->
  <testcase name="tcSample" time="0.000" classname="com.hasbro.security.Sample">
    <skipped/>
  </testcase> <!-- tcSample -->
  <testcase name="tcSample" time="0.000" classname="com.hasbro.security.Sample">
    <skipped/>
  </testcase> <!-- tcSample -->
  <testcase name="tcSample" time="0.000" classname="com.hasbro.security.Sample">
    <skipped/>
  </testcase> <!-- tcSample -->
  <testcase name="tcSample" time="0.000" classname="com.hasbro.security.Sample">
    <skipped/>
  </testcase> <!-- tcSample -->
</testsuite> <!-- com.hasbro.security.Sample -->
