<?xml version="1.0" encoding="UTF-8"?>
<!-- Generated by org.testng.reporters.JUnitReportReporter -->
<testsuite skipped="165" hostname="BDC6-LX-723061Y" name="com.hasbro.security.BOMMaterialMainUser" tests="165" failures="0" timestamp="20 Mar 2018 12:33:08 GMT" time="0.000" errors="0">
  <testcase name="tcBOM" time="0.000" classname="com.hasbro.security.BOMMaterialMainUser">
    <skipped/>
  </testcase> <!-- tcBOM -->
  <testcase name="tcBOM" time="0.000" classname="com.hasbro.security.BOMMaterialMainUser">
    <skipped/>
  </testcase> <!-- tcBOM -->
  <testcase name="tcBOM" time="0.000" classname="com.hasbro.security.BOMMaterialMainUser">
    <skipped/>
  </testcase> <!-- tcBOM -->
  <testcase name="tcBOM" time="0.000" classname="com.hasbro.security.BOMMaterialMainUser">
    <skipped/>
  </testcase> <!-- tcBOM -->
  <testcase name="tcBOM" time="0.000" classname="com.hasbro.security.BOMMaterialMainUser">
    <skipped/>
  </testcase> <!-- tcBOM -->
  <testcase name="tcBOM" time="0.000" classname="com.hasbro.security.BOMMaterialMainUser">
    <skipped/>
  </testcase> <!-- tcBOM -->
  <testcase name="tcBOM" time="0.000" classname="com.hasbro.security.BOMMaterialMainUser">
    <skipped/>
  </testcase> <!-- tcBOM -->
  <testcase name="tcBOM" time="0.000" classname="com.hasbro.security.BOMMaterialMainUser">
    <skipped/>
  </testcase> <!-- tcBOM -->
  <testcase name="tcBOM" time="0.000" classname="com.hasbro.security.BOMMaterialMainUser">
    <skipped/>
  </testcase> <!-- tcBOM -->
  <testcase name="tcBOM" time="0.000" classname="com.hasbro.security.BOMMaterialMainUser">
    <skipped/>
  </testcase> <!-- tcBOM -->
  <testcase name="tcBOM" time="0.000" classname="com.hasbro.security.BOMMaterialMainUser">
    <skipped/>
  </testcase> <!-- tcBOM -->
  <testcase name="tcBOM" time="0.000" classname="com.hasbro.security.BOMMaterialMainUser">
    <skipped/>
  </testcase> <!-- tcBOM -->
  <testcase name="tcBOM" time="0.000" classname="com.hasbro.security.BOMMaterialMainUser">
    <skipped/>
  </testcase> <!-- tcBOM -->
  <testcase name="tcBOM" time="0.000" classname="com.hasbro.security.BOMMaterialMainUser">
    <skipped/>
  </testcase> <!-- tcBOM -->
  <testcase name="tcBOM" time="0.000" classname="com.hasbro.security.BOMMaterialMainUser">
    <skipped/>
  </testcase> <!-- tcBOM -->
  <testcase name="tcBOM" time="0.000" classname="com.hasbro.security.BOMMaterialMainUser">
    <skipped/>
  </testcase> <!-- tcBOM -->
  <testcase name="tcBOM" time="0.000" classname="com.hasbro.security.BOMMaterialMainUser">
    <skipped/>
  </testcase> <!-- tcBOM -->
  <testcase name="tcBOM" time="0.000" classname="com.hasbro.security.BOMMaterialMainUser">
    <skipped/>
  </testcase> <!-- tcBOM -->
  <testcase name="tcBOM" time="0.000" classname="com.hasbro.security.BOMMaterialMainUser">
    <skipped/>
  </testcase> <!-- tcBOM -->
  <testcase name="tcBOM" time="0.000" classname="com.hasbro.security.BOMMaterialMainUser">
    <skipped/>
  </testcase> <!-- tcBOM -->
  <testcase name="tcBOM" time="0.000" classname="com.hasbro.security.BOMMaterialMainUser">
    <skipped/>
  </testcase> <!-- tcBOM -->
  <testcase name="tcBOM" time="0.000" classname="com.hasbro.security.BOMMaterialMainUser">
    <skipped/>
  </testcase> <!-- tcBOM -->
  <testcase name="tcBOM" time="0.000" classname="com.hasbro.security.BOMMaterialMainUser">
    <skipped/>
  </testcase> <!-- tcBOM -->
  <testcase name="tcBOM" time="0.000" classname="com.hasbro.security.BOMMaterialMainUser">
    <skipped/>
  </testcase> <!-- tcBOM -->
  <testcase name="tcBOM" time="0.000" classname="com.hasbro.security.BOMMaterialMainUser">
    <skipped/>
  </testcase> <!-- tcBOM -->
  <testcase name="tcBOM" time="0.000" classname="com.hasbro.security.BOMMaterialMainUser">
    <skipped/>
  </testcase> <!-- tcBOM -->
  <testcase name="tcBOM" time="0.000" classname="com.hasbro.security.BOMMaterialMainUser">
    <skipped/>
  </testcase> <!-- tcBOM -->
  <testcase name="tcBOM" time="0.000" classname="com.hasbro.security.BOMMaterialMainUser">
    <skipped/>
  </testcase> <!-- tcBOM -->
  <testcase name="tcBOM" time="0.000" classname="com.hasbro.security.BOMMaterialMainUser">
    <skipped/>
  </testcase> <!-- tcBOM -->
  <testcase name="tcBOM" time="0.000" classname="com.hasbro.security.BOMMaterialMainUser">
    <skipped/>
  </testcase> <!-- tcBOM -->
  <testcase name="tcBOM" time="0.000" classname="com.hasbro.security.BOMMaterialMainUser">
    <skipped/>
  </testcase> <!-- tcBOM -->
  <testcase name="tcBOM" time="0.000" classname="com.hasbro.security.BOMMaterialMainUser">
    <skipped/>
  </testcase> <!-- tcBOM -->
  <testcase name="tcBOM" time="0.000" classname="com.hasbro.security.BOMMaterialMainUser">
    <skipped/>
  </testcase> <!-- tcBOM -->
  <testcase name="tcBOM" time="0.000" classname="com.hasbro.security.BOMMaterialMainUser">
    <skipped/>
  </testcase> <!-- tcBOM -->
  <testcase name="tcBOM" time="0.000" classname="com.hasbro.security.BOMMaterialMainUser">
    <skipped/>
  </testcase> <!-- tcBOM -->
  <testcase name="tcBOM" time="0.000" classname="com.hasbro.security.BOMMaterialMainUser">
    <skipped/>
  </testcase> <!-- tcBOM -->
  <testcase name="tcBOM" time="0.000" classname="com.hasbro.security.BOMMaterialMainUser">
    <skipped/>
  </testcase> <!-- tcBOM -->
  <testcase name="tcBOM" time="0.000" classname="com.hasbro.security.BOMMaterialMainUser">
    <skipped/>
  </testcase> <!-- tcBOM -->
  <testcase name="tcBOM" time="0.000" classname="com.hasbro.security.BOMMaterialMainUser">
    <skipped/>
  </testcase> <!-- tcBOM -->
  <testcase name="tcBOM" time="0.000" classname="com.hasbro.security.BOMMaterialMainUser">
    <skipped/>
  </testcase> <!-- tcBOM -->
  <testcase name="tcBOM" time="0.000" classname="com.hasbro.security.BOMMaterialMainUser">
    <skipped/>
  </testcase> <!-- tcBOM -->
  <testcase name="tcBOM" time="0.000" classname="com.hasbro.security.BOMMaterialMainUser">
    <skipped/>
  </testcase> <!-- tcBOM -->
  <testcase name="tcBOM" time="0.000" classname="com.hasbro.security.BOMMaterialMainUser">
    <skipped/>
  </testcase> <!-- tcBOM -->
  <testcase name="tcBOM" time="0.000" classname="com.hasbro.security.BOMMaterialMainUser">
    <skipped/>
  </testcase> <!-- tcBOM -->
  <testcase name="tcBOM" time="0.000" classname="com.hasbro.security.BOMMaterialMainUser">
    <skipped/>
  </testcase> <!-- tcBOM -->
  <testcase name="tcBOM" time="0.000" classname="com.hasbro.security.BOMMaterialMainUser">
    <skipped/>
  </testcase> <!-- tcBOM -->
  <testcase name="tcBOM" time="0.000" classname="com.hasbro.security.BOMMaterialMainUser">
    <skipped/>
  </testcase> <!-- tcBOM -->
  <testcase name="tcBOM" time="0.000" classname="com.hasbro.security.BOMMaterialMainUser">
    <skipped/>
  </testcase> <!-- tcBOM -->
  <testcase name="tcBOM" time="0.000" classname="com.hasbro.security.BOMMaterialMainUser">
    <skipped/>
  </testcase> <!-- tcBOM -->
  <testcase name="tcBOM" time="0.000" classname="com.hasbro.security.BOMMaterialMainUser">
    <skipped/>
  </testcase> <!-- tcBOM -->
  <testcase name="tcBOM" time="0.000" classname="com.hasbro.security.BOMMaterialMainUser">
    <skipped/>
  </testcase> <!-- tcBOM -->
  <testcase name="tcBOM" time="0.000" classname="com.hasbro.security.BOMMaterialMainUser">
    <skipped/>
  </testcase> <!-- tcBOM -->
  <testcase name="tcBOM" time="0.000" classname="com.hasbro.security.BOMMaterialMainUser">
    <skipped/>
  </testcase> <!-- tcBOM -->
  <testcase name="tcBOM" time="0.000" classname="com.hasbro.security.BOMMaterialMainUser">
    <skipped/>
  </testcase> <!-- tcBOM -->
  <testcase name="tcBOM" time="0.000" classname="com.hasbro.security.BOMMaterialMainUser">
    <skipped/>
  </testcase> <!-- tcBOM -->
  <testcase name="tcBOM" time="0.000" classname="com.hasbro.security.BOMMaterialMainUser">
    <skipped/>
  </testcase> <!-- tcBOM -->
  <testcase name="tcBOM" time="0.000" classname="com.hasbro.security.BOMMaterialMainUser">
    <skipped/>
  </testcase> <!-- tcBOM -->
  <testcase name="tcBOM" time="0.000" classname="com.hasbro.security.BOMMaterialMainUser">
    <skipped/>
  </testcase> <!-- tcBOM -->
  <testcase name="tcBOM" time="0.000" classname="com.hasbro.security.BOMMaterialMainUser">
    <skipped/>
  </testcase> <!-- tcBOM -->
  <testcase name="tcBOM" time="0.000" classname="com.hasbro.security.BOMMaterialMainUser">
    <skipped/>
  </testcase> <!-- tcBOM -->
  <testcase name="tcBOM" time="0.000" classname="com.hasbro.security.BOMMaterialMainUser">
    <skipped/>
  </testcase> <!-- tcBOM -->
  <testcase name="tcBOM" time="0.000" classname="com.hasbro.security.BOMMaterialMainUser">
    <skipped/>
  </testcase> <!-- tcBOM -->
  <testcase name="tcBOM" time="0.000" classname="com.hasbro.security.BOMMaterialMainUser">
    <skipped/>
  </testcase> <!-- tcBOM -->
  <testcase name="tcBOM" time="0.000" classname="com.hasbro.security.BOMMaterialMainUser">
    <skipped/>
  </testcase> <!-- tcBOM -->
  <testcase name="tcBOM" time="0.000" classname="com.hasbro.security.BOMMaterialMainUser">
    <skipped/>
  </testcase> <!-- tcBOM -->
  <testcase name="tcBOM" time="0.000" classname="com.hasbro.security.BOMMaterialMainUser">
    <skipped/>
  </testcase> <!-- tcBOM -->
  <testcase name="tcBOM" time="0.000" classname="com.hasbro.security.BOMMaterialMainUser">
    <skipped/>
  </testcase> <!-- tcBOM -->
  <testcase name="tcBOM" time="0.000" classname="com.hasbro.security.BOMMaterialMainUser">
    <skipped/>
  </testcase> <!-- tcBOM -->
  <testcase name="tcBOM" time="0.000" classname="com.hasbro.security.BOMMaterialMainUser">
    <skipped/>
  </testcase> <!-- tcBOM -->
  <testcase name="tcBOM" time="0.000" classname="com.hasbro.security.BOMMaterialMainUser">
    <skipped/>
  </testcase> <!-- tcBOM -->
  <testcase name="tcBOM" time="0.000" classname="com.hasbro.security.BOMMaterialMainUser">
    <skipped/>
  </testcase> <!-- tcBOM -->
  <testcase name="tcBOM" time="0.000" classname="com.hasbro.security.BOMMaterialMainUser">
    <skipped/>
  </testcase> <!-- tcBOM -->
  <testcase name="tcBOM" time="0.000" classname="com.hasbro.security.BOMMaterialMainUser">
    <skipped/>
  </testcase> <!-- tcBOM -->
  <testcase name="tcBOM" time="0.000" classname="com.hasbro.security.BOMMaterialMainUser">
    <skipped/>
  </testcase> <!-- tcBOM -->
  <testcase name="tcBOM" time="0.000" classname="com.hasbro.security.BOMMaterialMainUser">
    <skipped/>
  </testcase> <!-- tcBOM -->
  <testcase name="tcBOM" time="0.000" classname="com.hasbro.security.BOMMaterialMainUser">
    <skipped/>
  </testcase> <!-- tcBOM -->
  <testcase name="tcBOM" time="0.000" classname="com.hasbro.security.BOMMaterialMainUser">
    <skipped/>
  </testcase> <!-- tcBOM -->
  <testcase name="tcBOM" time="0.000" classname="com.hasbro.security.BOMMaterialMainUser">
    <skipped/>
  </testcase> <!-- tcBOM -->
  <testcase name="tcBOM" time="0.000" classname="com.hasbro.security.BOMMaterialMainUser">
    <skipped/>
  </testcase> <!-- tcBOM -->
  <testcase name="tcBOM" time="0.000" classname="com.hasbro.security.BOMMaterialMainUser">
    <skipped/>
  </testcase> <!-- tcBOM -->
  <testcase name="tcBOM" time="0.000" classname="com.hasbro.security.BOMMaterialMainUser">
    <skipped/>
  </testcase> <!-- tcBOM -->
  <testcase name="tcBOM" time="0.000" classname="com.hasbro.security.BOMMaterialMainUser">
    <skipped/>
  </testcase> <!-- tcBOM -->
  <testcase name="tcBOM" time="0.000" classname="com.hasbro.security.BOMMaterialMainUser">
    <skipped/>
  </testcase> <!-- tcBOM -->
  <testcase name="tcBOM" time="0.000" classname="com.hasbro.security.BOMMaterialMainUser">
    <skipped/>
  </testcase> <!-- tcBOM -->
  <testcase name="tcBOM" time="0.000" classname="com.hasbro.security.BOMMaterialMainUser">
    <skipped/>
  </testcase> <!-- tcBOM -->
  <testcase name="tcBOM" time="0.000" classname="com.hasbro.security.BOMMaterialMainUser">
    <skipped/>
  </testcase> <!-- tcBOM -->
  <testcase name="tcBOM" time="0.000" classname="com.hasbro.security.BOMMaterialMainUser">
    <skipped/>
  </testcase> <!-- tcBOM -->
  <testcase name="tcBOM" time="0.000" classname="com.hasbro.security.BOMMaterialMainUser">
    <skipped/>
  </testcase> <!-- tcBOM -->
  <testcase name="tcBOM" time="0.000" classname="com.hasbro.security.BOMMaterialMainUser">
    <skipped/>
  </testcase> <!-- tcBOM -->
  <testcase name="tcBOM" time="0.000" classname="com.hasbro.security.BOMMaterialMainUser">
    <skipped/>
  </testcase> <!-- tcBOM -->
  <testcase name="tcBOM" time="0.000" classname="com.hasbro.security.BOMMaterialMainUser">
    <skipped/>
  </testcase> <!-- tcBOM -->
  <testcase name="tcBOM" time="0.000" classname="com.hasbro.security.BOMMaterialMainUser">
    <skipped/>
  </testcase> <!-- tcBOM -->
  <testcase name="tcBOM" time="0.000" classname="com.hasbro.security.BOMMaterialMainUser">
    <skipped/>
  </testcase> <!-- tcBOM -->
  <testcase name="tcBOM" time="0.000" classname="com.hasbro.security.BOMMaterialMainUser">
    <skipped/>
  </testcase> <!-- tcBOM -->
  <testcase name="tcBOM" time="0.000" classname="com.hasbro.security.BOMMaterialMainUser">
    <skipped/>
  </testcase> <!-- tcBOM -->
  <testcase name="tcBOM" time="0.000" classname="com.hasbro.security.BOMMaterialMainUser">
    <skipped/>
  </testcase> <!-- tcBOM -->
  <testcase name="tcBOM" time="0.000" classname="com.hasbro.security.BOMMaterialMainUser">
    <skipped/>
  </testcase> <!-- tcBOM -->
  <testcase name="tcBOM" time="0.000" classname="com.hasbro.security.BOMMaterialMainUser">
    <skipped/>
  </testcase> <!-- tcBOM -->
  <testcase name="tcBOM" time="0.000" classname="com.hasbro.security.BOMMaterialMainUser">
    <skipped/>
  </testcase> <!-- tcBOM -->
  <testcase name="tcBOM" time="0.000" classname="com.hasbro.security.BOMMaterialMainUser">
    <skipped/>
  </testcase> <!-- tcBOM -->
  <testcase name="tcBOM" time="0.000" classname="com.hasbro.security.BOMMaterialMainUser">
    <skipped/>
  </testcase> <!-- tcBOM -->
  <testcase name="tcBOM" time="0.000" classname="com.hasbro.security.BOMMaterialMainUser">
    <skipped/>
  </testcase> <!-- tcBOM -->
  <testcase name="tcBOM" time="0.000" classname="com.hasbro.security.BOMMaterialMainUser">
    <skipped/>
  </testcase> <!-- tcBOM -->
  <testcase name="tcBOM" time="0.000" classname="com.hasbro.security.BOMMaterialMainUser">
    <skipped/>
  </testcase> <!-- tcBOM -->
  <testcase name="tcBOM" time="0.000" classname="com.hasbro.security.BOMMaterialMainUser">
    <skipped/>
  </testcase> <!-- tcBOM -->
  <testcase name="tcBOM" time="0.000" classname="com.hasbro.security.BOMMaterialMainUser">
    <skipped/>
  </testcase> <!-- tcBOM -->
  <testcase name="tcBOM" time="0.000" classname="com.hasbro.security.BOMMaterialMainUser">
    <skipped/>
  </testcase> <!-- tcBOM -->
  <testcase name="tcBOM" time="0.000" classname="com.hasbro.security.BOMMaterialMainUser">
    <skipped/>
  </testcase> <!-- tcBOM -->
  <testcase name="tcBOM" time="0.000" classname="com.hasbro.security.BOMMaterialMainUser">
    <skipped/>
  </testcase> <!-- tcBOM -->
  <testcase name="tcBOM" time="0.000" classname="com.hasbro.security.BOMMaterialMainUser">
    <skipped/>
  </testcase> <!-- tcBOM -->
  <testcase name="tcBOM" time="0.000" classname="com.hasbro.security.BOMMaterialMainUser">
    <skipped/>
  </testcase> <!-- tcBOM -->
  <testcase name="tcBOM" time="0.000" classname="com.hasbro.security.BOMMaterialMainUser">
    <skipped/>
  </testcase> <!-- tcBOM -->
  <testcase name="tcBOM" time="0.000" classname="com.hasbro.security.BOMMaterialMainUser">
    <skipped/>
  </testcase> <!-- tcBOM -->
  <testcase name="tcBOM" time="0.000" classname="com.hasbro.security.BOMMaterialMainUser">
    <skipped/>
  </testcase> <!-- tcBOM -->
  <testcase name="tcBOM" time="0.000" classname="com.hasbro.security.BOMMaterialMainUser">
    <skipped/>
  </testcase> <!-- tcBOM -->
  <testcase name="tcBOM" time="0.000" classname="com.hasbro.security.BOMMaterialMainUser">
    <skipped/>
  </testcase> <!-- tcBOM -->
  <testcase name="tcBOM" time="0.000" classname="com.hasbro.security.BOMMaterialMainUser">
    <skipped/>
  </testcase> <!-- tcBOM -->
  <testcase name="tcBOM" time="0.000" classname="com.hasbro.security.BOMMaterialMainUser">
    <skipped/>
  </testcase> <!-- tcBOM -->
  <testcase name="tcBOM" time="0.000" classname="com.hasbro.security.BOMMaterialMainUser">
    <skipped/>
  </testcase> <!-- tcBOM -->
  <testcase name="tcBOM" time="0.000" classname="com.hasbro.security.BOMMaterialMainUser">
    <skipped/>
  </testcase> <!-- tcBOM -->
  <testcase name="tcBOM" time="0.000" classname="com.hasbro.security.BOMMaterialMainUser">
    <skipped/>
  </testcase> <!-- tcBOM -->
  <testcase name="tcBOM" time="0.000" classname="com.hasbro.security.BOMMaterialMainUser">
    <skipped/>
  </testcase> <!-- tcBOM -->
  <testcase name="tcBOM" time="0.000" classname="com.hasbro.security.BOMMaterialMainUser">
    <skipped/>
  </testcase> <!-- tcBOM -->
  <testcase name="tcBOM" time="0.000" classname="com.hasbro.security.BOMMaterialMainUser">
    <skipped/>
  </testcase> <!-- tcBOM -->
  <testcase name="tcBOM" time="0.000" classname="com.hasbro.security.BOMMaterialMainUser">
    <skipped/>
  </testcase> <!-- tcBOM -->
  <testcase name="tcBOM" time="0.000" classname="com.hasbro.security.BOMMaterialMainUser">
    <skipped/>
  </testcase> <!-- tcBOM -->
  <testcase name="tcBOM" time="0.000" classname="com.hasbro.security.BOMMaterialMainUser">
    <skipped/>
  </testcase> <!-- tcBOM -->
  <testcase name="tcBOM" time="0.000" classname="com.hasbro.security.BOMMaterialMainUser">
    <skipped/>
  </testcase> <!-- tcBOM -->
  <testcase name="tcBOM" time="0.000" classname="com.hasbro.security.BOMMaterialMainUser">
    <skipped/>
  </testcase> <!-- tcBOM -->
  <testcase name="tcBOM" time="0.000" classname="com.hasbro.security.BOMMaterialMainUser">
    <skipped/>
  </testcase> <!-- tcBOM -->
  <testcase name="tcBOM" time="0.000" classname="com.hasbro.security.BOMMaterialMainUser">
    <skipped/>
  </testcase> <!-- tcBOM -->
  <testcase name="tcBOM" time="0.000" classname="com.hasbro.security.BOMMaterialMainUser">
    <skipped/>
  </testcase> <!-- tcBOM -->
  <testcase name="tcBOM" time="0.000" classname="com.hasbro.security.BOMMaterialMainUser">
    <skipped/>
  </testcase> <!-- tcBOM -->
  <testcase name="tcBOM" time="0.000" classname="com.hasbro.security.BOMMaterialMainUser">
    <skipped/>
  </testcase> <!-- tcBOM -->
  <testcase name="tcBOM" time="0.000" classname="com.hasbro.security.BOMMaterialMainUser">
    <skipped/>
  </testcase> <!-- tcBOM -->
  <testcase name="tcBOM" time="0.000" classname="com.hasbro.security.BOMMaterialMainUser">
    <skipped/>
  </testcase> <!-- tcBOM -->
  <testcase name="tcBOM" time="0.000" classname="com.hasbro.security.BOMMaterialMainUser">
    <skipped/>
  </testcase> <!-- tcBOM -->
  <testcase name="tcBOM" time="0.000" classname="com.hasbro.security.BOMMaterialMainUser">
    <skipped/>
  </testcase> <!-- tcBOM -->
  <testcase name="tcBOM" time="0.000" classname="com.hasbro.security.BOMMaterialMainUser">
    <skipped/>
  </testcase> <!-- tcBOM -->
  <testcase name="tcBOM" time="0.000" classname="com.hasbro.security.BOMMaterialMainUser">
    <skipped/>
  </testcase> <!-- tcBOM -->
  <testcase name="tcBOM" time="0.000" classname="com.hasbro.security.BOMMaterialMainUser">
    <skipped/>
  </testcase> <!-- tcBOM -->
  <testcase name="tcBOM" time="0.000" classname="com.hasbro.security.BOMMaterialMainUser">
    <skipped/>
  </testcase> <!-- tcBOM -->
  <testcase name="tcBOM" time="0.000" classname="com.hasbro.security.BOMMaterialMainUser">
    <skipped/>
  </testcase> <!-- tcBOM -->
  <testcase name="tcBOM" time="0.000" classname="com.hasbro.security.BOMMaterialMainUser">
    <skipped/>
  </testcase> <!-- tcBOM -->
  <testcase name="tcBOM" time="0.000" classname="com.hasbro.security.BOMMaterialMainUser">
    <skipped/>
  </testcase> <!-- tcBOM -->
  <testcase name="tcBOM" time="0.000" classname="com.hasbro.security.BOMMaterialMainUser">
    <skipped/>
  </testcase> <!-- tcBOM -->
  <testcase name="tcBOM" time="0.000" classname="com.hasbro.security.BOMMaterialMainUser">
    <skipped/>
  </testcase> <!-- tcBOM -->
  <testcase name="tcBOM" time="0.000" classname="com.hasbro.security.BOMMaterialMainUser">
    <skipped/>
  </testcase> <!-- tcBOM -->
  <testcase name="tcBOM" time="0.000" classname="com.hasbro.security.BOMMaterialMainUser">
    <skipped/>
  </testcase> <!-- tcBOM -->
  <testcase name="tcBOM" time="0.000" classname="com.hasbro.security.BOMMaterialMainUser">
    <skipped/>
  </testcase> <!-- tcBOM -->
  <testcase name="tcBOM" time="0.000" classname="com.hasbro.security.BOMMaterialMainUser">
    <skipped/>
  </testcase> <!-- tcBOM -->
  <testcase name="tcBOM" time="0.000" classname="com.hasbro.security.BOMMaterialMainUser">
    <skipped/>
  </testcase> <!-- tcBOM -->
  <testcase name="tcBOM" time="0.000" classname="com.hasbro.security.BOMMaterialMainUser">
    <skipped/>
  </testcase> <!-- tcBOM -->
  <testcase name="tcBOM" time="0.000" classname="com.hasbro.security.BOMMaterialMainUser">
    <skipped/>
  </testcase> <!-- tcBOM -->
  <testcase name="tcBOM" time="0.000" classname="com.hasbro.security.BOMMaterialMainUser">
    <skipped/>
  </testcase> <!-- tcBOM -->
  <testcase name="tcBOM" time="0.000" classname="com.hasbro.security.BOMMaterialMainUser">
    <skipped/>
  </testcase> <!-- tcBOM -->
  <testcase name="tcBOM" time="0.000" classname="com.hasbro.security.BOMMaterialMainUser">
    <skipped/>
  </testcase> <!-- tcBOM -->
  <testcase name="tcBOM" time="0.000" classname="com.hasbro.security.BOMMaterialMainUser">
    <skipped/>
  </testcase> <!-- tcBOM -->
  <testcase name="tcBOM" time="0.000" classname="com.hasbro.security.BOMMaterialMainUser">
    <skipped/>
  </testcase> <!-- tcBOM -->
  <testcase name="tcBOM" time="0.000" classname="com.hasbro.security.BOMMaterialMainUser">
    <skipped/>
  </testcase> <!-- tcBOM -->
  <testcase name="tcBOM" time="0.000" classname="com.hasbro.security.BOMMaterialMainUser">
    <skipped/>
  </testcase> <!-- tcBOM -->
  <testcase name="tcBOM" time="0.000" classname="com.hasbro.security.BOMMaterialMainUser">
    <skipped/>
  </testcase> <!-- tcBOM -->
  <testcase name="tcBOM" time="0.000" classname="com.hasbro.security.BOMMaterialMainUser">
    <skipped/>
  </testcase> <!-- tcBOM -->
  <testcase name="tcBOM" time="0.000" classname="com.hasbro.security.BOMMaterialMainUser">
    <skipped/>
  </testcase> <!-- tcBOM -->
  <testcase name="tcBOM" time="0.000" classname="com.hasbro.security.BOMMaterialMainUser">
    <skipped/>
  </testcase> <!-- tcBOM -->
</testsuite> <!-- com.hasbro.security.BOMMaterialMainUser -->
