<?xml version="1.0" encoding="UTF-8"?>
<!-- Generated by org.testng.reporters.JUnitReportReporter -->
<testsuite skipped="1" hostname="BDC6-LX-723061Y" name="com.hasbro.security.Specifications" tests="1" failures="0" timestamp="20 Mar 2018 12:33:08 GMT" time="0.000" errors="0">
  <testcase name="tcSpecifications" time="0.000" classname="com.hasbro.security.Specifications">
    <skipped/>
  </testcase> <!-- tcSpecifications -->
</testsuite> <!-- com.hasbro.security.Specifications -->
