<?xml version="1.0" encoding="UTF-8"?>
<!-- Generated by org.testng.reporters.JUnitReportReporter -->
<testsuite skipped="2" hostname="BDC6-LX-723061Y" name="com.hasbro.security.ExternalBOM" tests="2" failures="0" timestamp="20 Mar 2018 12:33:08 GMT" time="0.000" errors="0">
  <testcase name="tcbom" time="0.000" classname="com.hasbro.security.ExternalBOM">
    <skipped/>
  </testcase> <!-- tcbom -->
  <testcase name="tcbom" time="0.000" classname="com.hasbro.security.ExternalBOM">
    <skipped/>
  </testcase> <!-- tcbom -->
</testsuite> <!-- com.hasbro.security.ExternalBOM -->
