<?xml version="1.0" encoding="UTF-8"?>
<!-- Generated by org.testng.reporters.JUnitReportReporter -->
<testsuite skipped="91" hostname="BDC6-LX-723061Y" name="com.hasbro.security.Supplier" tests="91" failures="0" timestamp="20 Mar 2018 12:33:08 GMT" time="0.000" errors="0">
  <testcase name="tcSupplier" time="0.000" classname="com.hasbro.security.Supplier">
    <skipped/>
  </testcase> <!-- tcSupplier -->
  <testcase name="tcSupplier" time="0.000" classname="com.hasbro.security.Supplier">
    <skipped/>
  </testcase> <!-- tcSupplier -->
  <testcase name="tcSupplier" time="0.000" classname="com.hasbro.security.Supplier">
    <skipped/>
  </testcase> <!-- tcSupplier -->
  <testcase name="tcSupplier" time="0.000" classname="com.hasbro.security.Supplier">
    <skipped/>
  </testcase> <!-- tcSupplier -->
  <testcase name="tcSupplier" time="0.000" classname="com.hasbro.security.Supplier">
    <skipped/>
  </testcase> <!-- tcSupplier -->
  <testcase name="tcSupplier" time="0.000" classname="com.hasbro.security.Supplier">
    <skipped/>
  </testcase> <!-- tcSupplier -->
  <testcase name="tcSupplier" time="0.000" classname="com.hasbro.security.Supplier">
    <skipped/>
  </testcase> <!-- tcSupplier -->
  <testcase name="tcSupplier" time="0.000" classname="com.hasbro.security.Supplier">
    <skipped/>
  </testcase> <!-- tcSupplier -->
  <testcase name="tcSupplier" time="0.000" classname="com.hasbro.security.Supplier">
    <skipped/>
  </testcase> <!-- tcSupplier -->
  <testcase name="tcSupplier" time="0.000" classname="com.hasbro.security.Supplier">
    <skipped/>
  </testcase> <!-- tcSupplier -->
  <testcase name="tcSupplier" time="0.000" classname="com.hasbro.security.Supplier">
    <skipped/>
  </testcase> <!-- tcSupplier -->
  <testcase name="tcSupplier" time="0.000" classname="com.hasbro.security.Supplier">
    <skipped/>
  </testcase> <!-- tcSupplier -->
  <testcase name="tcSupplier" time="0.000" classname="com.hasbro.security.Supplier">
    <skipped/>
  </testcase> <!-- tcSupplier -->
  <testcase name="tcSupplier" time="0.000" classname="com.hasbro.security.Supplier">
    <skipped/>
  </testcase> <!-- tcSupplier -->
  <testcase name="tcSupplier" time="0.000" classname="com.hasbro.security.Supplier">
    <skipped/>
  </testcase> <!-- tcSupplier -->
  <testcase name="tcSupplier" time="0.000" classname="com.hasbro.security.Supplier">
    <skipped/>
  </testcase> <!-- tcSupplier -->
  <testcase name="tcSupplier" time="0.000" classname="com.hasbro.security.Supplier">
    <skipped/>
  </testcase> <!-- tcSupplier -->
  <testcase name="tcSupplier" time="0.000" classname="com.hasbro.security.Supplier">
    <skipped/>
  </testcase> <!-- tcSupplier -->
  <testcase name="tcSupplier" time="0.000" classname="com.hasbro.security.Supplier">
    <skipped/>
  </testcase> <!-- tcSupplier -->
  <testcase name="tcSupplier" time="0.000" classname="com.hasbro.security.Supplier">
    <skipped/>
  </testcase> <!-- tcSupplier -->
  <testcase name="tcSupplier" time="0.000" classname="com.hasbro.security.Supplier">
    <skipped/>
  </testcase> <!-- tcSupplier -->
  <testcase name="tcSupplier" time="0.000" classname="com.hasbro.security.Supplier">
    <skipped/>
  </testcase> <!-- tcSupplier -->
  <testcase name="tcSupplier" time="0.000" classname="com.hasbro.security.Supplier">
    <skipped/>
  </testcase> <!-- tcSupplier -->
  <testcase name="tcSupplier" time="0.000" classname="com.hasbro.security.Supplier">
    <skipped/>
  </testcase> <!-- tcSupplier -->
  <testcase name="tcSupplier" time="0.000" classname="com.hasbro.security.Supplier">
    <skipped/>
  </testcase> <!-- tcSupplier -->
  <testcase name="tcSupplier" time="0.000" classname="com.hasbro.security.Supplier">
    <skipped/>
  </testcase> <!-- tcSupplier -->
  <testcase name="tcSupplier" time="0.000" classname="com.hasbro.security.Supplier">
    <skipped/>
  </testcase> <!-- tcSupplier -->
  <testcase name="tcSupplier" time="0.000" classname="com.hasbro.security.Supplier">
    <skipped/>
  </testcase> <!-- tcSupplier -->
  <testcase name="tcSupplier" time="0.000" classname="com.hasbro.security.Supplier">
    <skipped/>
  </testcase> <!-- tcSupplier -->
  <testcase name="tcSupplier" time="0.000" classname="com.hasbro.security.Supplier">
    <skipped/>
  </testcase> <!-- tcSupplier -->
  <testcase name="tcSupplier" time="0.000" classname="com.hasbro.security.Supplier">
    <skipped/>
  </testcase> <!-- tcSupplier -->
  <testcase name="tcSupplier" time="0.000" classname="com.hasbro.security.Supplier">
    <skipped/>
  </testcase> <!-- tcSupplier -->
  <testcase name="tcSupplier" time="0.000" classname="com.hasbro.security.Supplier">
    <skipped/>
  </testcase> <!-- tcSupplier -->
  <testcase name="tcSupplier" time="0.000" classname="com.hasbro.security.Supplier">
    <skipped/>
  </testcase> <!-- tcSupplier -->
  <testcase name="tcSupplier" time="0.000" classname="com.hasbro.security.Supplier">
    <skipped/>
  </testcase> <!-- tcSupplier -->
  <testcase name="tcSupplier" time="0.000" classname="com.hasbro.security.Supplier">
    <skipped/>
  </testcase> <!-- tcSupplier -->
  <testcase name="tcSupplier" time="0.000" classname="com.hasbro.security.Supplier">
    <skipped/>
  </testcase> <!-- tcSupplier -->
  <testcase name="tcSupplier" time="0.000" classname="com.hasbro.security.Supplier">
    <skipped/>
  </testcase> <!-- tcSupplier -->
  <testcase name="tcSupplier" time="0.000" classname="com.hasbro.security.Supplier">
    <skipped/>
  </testcase> <!-- tcSupplier -->
  <testcase name="tcSupplier" time="0.000" classname="com.hasbro.security.Supplier">
    <skipped/>
  </testcase> <!-- tcSupplier -->
  <testcase name="tcSupplier" time="0.000" classname="com.hasbro.security.Supplier">
    <skipped/>
  </testcase> <!-- tcSupplier -->
  <testcase name="tcSupplier" time="0.000" classname="com.hasbro.security.Supplier">
    <skipped/>
  </testcase> <!-- tcSupplier -->
  <testcase name="tcSupplier" time="0.000" classname="com.hasbro.security.Supplier">
    <skipped/>
  </testcase> <!-- tcSupplier -->
  <testcase name="tcSupplier" time="0.000" classname="com.hasbro.security.Supplier">
    <skipped/>
  </testcase> <!-- tcSupplier -->
  <testcase name="tcSupplier" time="0.000" classname="com.hasbro.security.Supplier">
    <skipped/>
  </testcase> <!-- tcSupplier -->
  <testcase name="tcSupplier" time="0.000" classname="com.hasbro.security.Supplier">
    <skipped/>
  </testcase> <!-- tcSupplier -->
  <testcase name="tcSupplier" time="0.000" classname="com.hasbro.security.Supplier">
    <skipped/>
  </testcase> <!-- tcSupplier -->
  <testcase name="tcSupplier" time="0.000" classname="com.hasbro.security.Supplier">
    <skipped/>
  </testcase> <!-- tcSupplier -->
  <testcase name="tcSupplier" time="0.000" classname="com.hasbro.security.Supplier">
    <skipped/>
  </testcase> <!-- tcSupplier -->
  <testcase name="tcSupplier" time="0.000" classname="com.hasbro.security.Supplier">
    <skipped/>
  </testcase> <!-- tcSupplier -->
  <testcase name="tcSupplier" time="0.000" classname="com.hasbro.security.Supplier">
    <skipped/>
  </testcase> <!-- tcSupplier -->
  <testcase name="tcSupplier" time="0.000" classname="com.hasbro.security.Supplier">
    <skipped/>
  </testcase> <!-- tcSupplier -->
  <testcase name="tcSupplier" time="0.000" classname="com.hasbro.security.Supplier">
    <skipped/>
  </testcase> <!-- tcSupplier -->
  <testcase name="tcSupplier" time="0.000" classname="com.hasbro.security.Supplier">
    <skipped/>
  </testcase> <!-- tcSupplier -->
  <testcase name="tcSupplier" time="0.000" classname="com.hasbro.security.Supplier">
    <skipped/>
  </testcase> <!-- tcSupplier -->
  <testcase name="tcSupplier" time="0.000" classname="com.hasbro.security.Supplier">
    <skipped/>
  </testcase> <!-- tcSupplier -->
  <testcase name="tcSupplier" time="0.000" classname="com.hasbro.security.Supplier">
    <skipped/>
  </testcase> <!-- tcSupplier -->
  <testcase name="tcSupplier" time="0.000" classname="com.hasbro.security.Supplier">
    <skipped/>
  </testcase> <!-- tcSupplier -->
  <testcase name="tcSupplier" time="0.000" classname="com.hasbro.security.Supplier">
    <skipped/>
  </testcase> <!-- tcSupplier -->
  <testcase name="tcSupplier" time="0.000" classname="com.hasbro.security.Supplier">
    <skipped/>
  </testcase> <!-- tcSupplier -->
  <testcase name="tcSupplier" time="0.000" classname="com.hasbro.security.Supplier">
    <skipped/>
  </testcase> <!-- tcSupplier -->
  <testcase name="tcSupplier" time="0.000" classname="com.hasbro.security.Supplier">
    <skipped/>
  </testcase> <!-- tcSupplier -->
  <testcase name="tcSupplier" time="0.000" classname="com.hasbro.security.Supplier">
    <skipped/>
  </testcase> <!-- tcSupplier -->
  <testcase name="tcSupplier" time="0.000" classname="com.hasbro.security.Supplier">
    <skipped/>
  </testcase> <!-- tcSupplier -->
  <testcase name="tcSupplier" time="0.000" classname="com.hasbro.security.Supplier">
    <skipped/>
  </testcase> <!-- tcSupplier -->
  <testcase name="tcSupplier" time="0.000" classname="com.hasbro.security.Supplier">
    <skipped/>
  </testcase> <!-- tcSupplier -->
  <testcase name="tcSupplier" time="0.000" classname="com.hasbro.security.Supplier">
    <skipped/>
  </testcase> <!-- tcSupplier -->
  <testcase name="tcSupplier" time="0.000" classname="com.hasbro.security.Supplier">
    <skipped/>
  </testcase> <!-- tcSupplier -->
  <testcase name="tcSupplier" time="0.000" classname="com.hasbro.security.Supplier">
    <skipped/>
  </testcase> <!-- tcSupplier -->
  <testcase name="tcSupplier" time="0.000" classname="com.hasbro.security.Supplier">
    <skipped/>
  </testcase> <!-- tcSupplier -->
  <testcase name="tcSupplier" time="0.000" classname="com.hasbro.security.Supplier">
    <skipped/>
  </testcase> <!-- tcSupplier -->
  <testcase name="tcSupplier" time="0.000" classname="com.hasbro.security.Supplier">
    <skipped/>
  </testcase> <!-- tcSupplier -->
  <testcase name="tcSupplier" time="0.000" classname="com.hasbro.security.Supplier">
    <skipped/>
  </testcase> <!-- tcSupplier -->
  <testcase name="tcSupplier" time="0.000" classname="com.hasbro.security.Supplier">
    <skipped/>
  </testcase> <!-- tcSupplier -->
  <testcase name="tcSupplier" time="0.000" classname="com.hasbro.security.Supplier">
    <skipped/>
  </testcase> <!-- tcSupplier -->
  <testcase name="tcSupplier" time="0.000" classname="com.hasbro.security.Supplier">
    <skipped/>
  </testcase> <!-- tcSupplier -->
  <testcase name="tcSupplier" time="0.000" classname="com.hasbro.security.Supplier">
    <skipped/>
  </testcase> <!-- tcSupplier -->
  <testcase name="tcSupplier" time="0.000" classname="com.hasbro.security.Supplier">
    <skipped/>
  </testcase> <!-- tcSupplier -->
  <testcase name="tcSupplier" time="0.000" classname="com.hasbro.security.Supplier">
    <skipped/>
  </testcase> <!-- tcSupplier -->
  <testcase name="tcSupplier" time="0.000" classname="com.hasbro.security.Supplier">
    <skipped/>
  </testcase> <!-- tcSupplier -->
  <testcase name="tcSupplier" time="0.000" classname="com.hasbro.security.Supplier">
    <skipped/>
  </testcase> <!-- tcSupplier -->
  <testcase name="tcSupplier" time="0.000" classname="com.hasbro.security.Supplier">
    <skipped/>
  </testcase> <!-- tcSupplier -->
  <testcase name="tcSupplier" time="0.000" classname="com.hasbro.security.Supplier">
    <skipped/>
  </testcase> <!-- tcSupplier -->
  <testcase name="tcSupplier" time="0.000" classname="com.hasbro.security.Supplier">
    <skipped/>
  </testcase> <!-- tcSupplier -->
  <testcase name="tcSupplier" time="0.000" classname="com.hasbro.security.Supplier">
    <skipped/>
  </testcase> <!-- tcSupplier -->
  <testcase name="tcSupplier" time="0.000" classname="com.hasbro.security.Supplier">
    <skipped/>
  </testcase> <!-- tcSupplier -->
  <testcase name="tcSupplier" time="0.000" classname="com.hasbro.security.Supplier">
    <skipped/>
  </testcase> <!-- tcSupplier -->
  <testcase name="tcSupplier" time="0.000" classname="com.hasbro.security.Supplier">
    <skipped/>
  </testcase> <!-- tcSupplier -->
  <testcase name="tcSupplier" time="0.000" classname="com.hasbro.security.Supplier">
    <skipped/>
  </testcase> <!-- tcSupplier -->
  <testcase name="tcSupplier" time="0.000" classname="com.hasbro.security.Supplier">
    <skipped/>
  </testcase> <!-- tcSupplier -->
  <testcase name="tcSupplier" time="0.000" classname="com.hasbro.security.Supplier">
    <skipped/>
  </testcase> <!-- tcSupplier -->
</testsuite> <!-- com.hasbro.security.Supplier -->
