<?xml version="1.0" encoding="UTF-8"?>
<!-- Generated by org.testng.reporters.JUnitReportReporter -->
<testsuite hostname="P3ALAP-6021FG3" name="com.hasbro.security.DevPlan" tests="200" failures="0" timestamp="17 Aug 2016 07:02:42 GMT" time="0.538" errors="200">
  <testcase name="tcBOM" time="0.001" classname="com.hasbro.security.DevPlan"/>
  <testcase name="tcBOM" time="0.029" classname="com.hasbro.security.DevPlan"/>
  <testcase name="tcBOM" time="0.001" classname="com.hasbro.security.DevPlan"/>
  <testcase name="tcBOM" time="0.001" classname="com.hasbro.security.DevPlan"/>
  <testcase name="tcBOM" time="0.001" classname="com.hasbro.security.DevPlan"/>
  <testcase name="tcBOM" time="0.001" classname="com.hasbro.security.DevPlan"/>
  <testcase name="tcBOM" time="0.001" classname="com.hasbro.security.DevPlan"/>
  <testcase name="tcBOM" time="0.001" classname="com.hasbro.security.DevPlan"/>
  <testcase name="tcBOM" time="0.001" classname="com.hasbro.security.DevPlan"/>
  <testcase name="tcBOM" time="0.001" classname="com.hasbro.security.DevPlan"/>
  <testcase name="tcBOM" time="0.001" classname="com.hasbro.security.DevPlan"/>
  <testcase name="tcBOM" time="0.000" classname="com.hasbro.security.DevPlan"/>
  <testcase name="tcBOM" time="0.001" classname="com.hasbro.security.DevPlan"/>
  <testcase name="tcBOM" time="0.001" classname="com.hasbro.security.DevPlan"/>
  <testcase name="tcBOM" time="0.001" classname="com.hasbro.security.DevPlan"/>
  <testcase name="tcBOM" time="0.001" classname="com.hasbro.security.DevPlan"/>
  <testcase name="tcBOM" time="0.001" classname="com.hasbro.security.DevPlan"/>
  <testcase name="tcBOM" time="0.002" classname="com.hasbro.security.DevPlan"/>
  <testcase name="tcBOM" time="0.001" classname="com.hasbro.security.DevPlan"/>
  <testcase name="tcBOM" time="0.001" classname="com.hasbro.security.DevPlan"/>
  <testcase name="tcBOM" time="0.001" classname="com.hasbro.security.DevPlan"/>
  <testcase name="tcBOM" time="0.001" classname="com.hasbro.security.DevPlan"/>
  <testcase name="tcBOM" time="0.001" classname="com.hasbro.security.DevPlan"/>
  <testcase name="tcBOM" time="0.001" classname="com.hasbro.security.DevPlan"/>
  <testcase name="tcBOM" time="0.001" classname="com.hasbro.security.DevPlan"/>
  <testcase name="tcBOM" time="0.001" classname="com.hasbro.security.DevPlan"/>
  <testcase name="tcBOM" time="0.001" classname="com.hasbro.security.DevPlan"/>
  <testcase name="tcBOM" time="0.001" classname="com.hasbro.security.DevPlan"/>
  <testcase name="tcBOM" time="0.036" classname="com.hasbro.security.DevPlan"/>
  <testcase name="tcBOM" time="0.001" classname="com.hasbro.security.DevPlan"/>
  <testcase name="tcBOM" time="0.001" classname="com.hasbro.security.DevPlan"/>
  <testcase name="tcBOM" time="0.001" classname="com.hasbro.security.DevPlan"/>
  <testcase name="tcBOM" time="0.001" classname="com.hasbro.security.DevPlan"/>
  <testcase name="tcBOM" time="0.001" classname="com.hasbro.security.DevPlan"/>
  <testcase name="tcBOM" time="0.001" classname="com.hasbro.security.DevPlan"/>
  <testcase name="tcBOM" time="0.037" classname="com.hasbro.security.DevPlan"/>
  <testcase name="tcBOM" time="0.002" classname="com.hasbro.security.DevPlan"/>
  <testcase name="tcBOM" time="0.033" classname="com.hasbro.security.DevPlan"/>
  <testcase name="tcBOM" time="0.002" classname="com.hasbro.security.DevPlan"/>
  <testcase name="tcBOM" time="0.001" classname="com.hasbro.security.DevPlan"/>
  <testcase name="tcBOM" time="0.000" classname="com.hasbro.security.DevPlan"/>
  <testcase name="tcBOM" time="0.001" classname="com.hasbro.security.DevPlan"/>
  <testcase name="tcBOM" time="0.001" classname="com.hasbro.security.DevPlan"/>
  <testcase name="tcBOM" time="0.001" classname="com.hasbro.security.DevPlan"/>
  <testcase name="tcBOM" time="0.002" classname="com.hasbro.security.DevPlan"/>
  <testcase name="tcBOM" time="0.001" classname="com.hasbro.security.DevPlan"/>
  <testcase name="tcBOM" time="0.001" classname="com.hasbro.security.DevPlan"/>
  <testcase name="tcBOM" time="0.028" classname="com.hasbro.security.DevPlan"/>
  <testcase name="tcBOM" time="0.001" classname="com.hasbro.security.DevPlan"/>
  <testcase name="tcBOM" time="0.001" classname="com.hasbro.security.DevPlan"/>
  <testcase name="tcBOM" time="0.002" classname="com.hasbro.security.DevPlan"/>
  <testcase name="tcBOM" time="0.001" classname="com.hasbro.security.DevPlan"/>
  <testcase name="tcBOM" time="0.001" classname="com.hasbro.security.DevPlan"/>
  <testcase name="tcBOM" time="0.001" classname="com.hasbro.security.DevPlan"/>
  <testcase name="tcBOM" time="0.002" classname="com.hasbro.security.DevPlan"/>
  <testcase name="tcBOM" time="0.001" classname="com.hasbro.security.DevPlan"/>
  <testcase name="tcBOM" time="0.001" classname="com.hasbro.security.DevPlan"/>
  <testcase name="tcBOM" time="0.001" classname="com.hasbro.security.DevPlan"/>
  <testcase name="tcBOM" time="0.000" classname="com.hasbro.security.DevPlan"/>
  <testcase name="tcBOM" time="0.002" classname="com.hasbro.security.DevPlan"/>
  <testcase name="tcBOM" time="0.001" classname="com.hasbro.security.DevPlan"/>
  <testcase name="tcBOM" time="0.000" classname="com.hasbro.security.DevPlan"/>
  <testcase name="tcBOM" time="0.001" classname="com.hasbro.security.DevPlan"/>
  <testcase name="tcBOM" time="0.001" classname="com.hasbro.security.DevPlan"/>
  <testcase name="tcBOM" time="0.000" classname="com.hasbro.security.DevPlan"/>
  <testcase name="tcBOM" time="0.001" classname="com.hasbro.security.DevPlan"/>
  <testcase name="tcBOM" time="0.001" classname="com.hasbro.security.DevPlan"/>
  <testcase name="tcBOM" time="0.001" classname="com.hasbro.security.DevPlan"/>
  <testcase name="tcBOM" time="0.001" classname="com.hasbro.security.DevPlan"/>
  <testcase name="tcBOM" time="0.001" classname="com.hasbro.security.DevPlan"/>
  <testcase name="tcBOM" time="0.001" classname="com.hasbro.security.DevPlan"/>
  <testcase name="tcBOM" time="0.001" classname="com.hasbro.security.DevPlan"/>
  <testcase name="tcBOM" time="0.001" classname="com.hasbro.security.DevPlan"/>
  <testcase name="tcBOM" time="0.002" classname="com.hasbro.security.DevPlan"/>
  <testcase name="tcBOM" time="0.001" classname="com.hasbro.security.DevPlan"/>
  <testcase name="tcBOM" time="0.001" classname="com.hasbro.security.DevPlan"/>
  <testcase name="tcBOM" time="0.001" classname="com.hasbro.security.DevPlan"/>
  <testcase name="tcBOM" time="0.001" classname="com.hasbro.security.DevPlan"/>
  <testcase name="tcBOM" time="0.001" classname="com.hasbro.security.DevPlan"/>
  <testcase name="tcBOM" time="0.001" classname="com.hasbro.security.DevPlan"/>
  <testcase name="tcBOM" time="0.001" classname="com.hasbro.security.DevPlan"/>
  <testcase name="tcBOM" time="0.001" classname="com.hasbro.security.DevPlan"/>
  <testcase name="tcBOM" time="0.001" classname="com.hasbro.security.DevPlan"/>
  <testcase name="tcBOM" time="0.001" classname="com.hasbro.security.DevPlan"/>
  <testcase name="tcBOM" time="0.001" classname="com.hasbro.security.DevPlan"/>
  <testcase name="tcBOM" time="0.001" classname="com.hasbro.security.DevPlan"/>
  <testcase name="tcBOM" time="0.001" classname="com.hasbro.security.DevPlan"/>
  <testcase name="tcBOM" time="0.001" classname="com.hasbro.security.DevPlan"/>
  <testcase name="tcBOM" time="0.001" classname="com.hasbro.security.DevPlan"/>
  <testcase name="tcBOM" time="0.003" classname="com.hasbro.security.DevPlan"/>
  <testcase name="tcBOM" time="0.001" classname="com.hasbro.security.DevPlan"/>
  <testcase name="tcBOM" time="0.001" classname="com.hasbro.security.DevPlan"/>
  <testcase name="tcBOM" time="0.030" classname="com.hasbro.security.DevPlan"/>
  <testcase name="tcBOM" time="0.001" classname="com.hasbro.security.DevPlan"/>
  <testcase name="tcBOM" time="0.001" classname="com.hasbro.security.DevPlan"/>
  <testcase name="tcBOM" time="0.001" classname="com.hasbro.security.DevPlan"/>
  <testcase name="tcBOM" time="0.001" classname="com.hasbro.security.DevPlan"/>
  <testcase name="tcBOM" time="0.001" classname="com.hasbro.security.DevPlan"/>
  <testcase name="tcBOM" time="0.000" classname="com.hasbro.security.DevPlan"/>
  <testcase name="tcBOM" time="0.002" classname="com.hasbro.security.DevPlan"/>
  <testcase name="tcBOM" time="0.001" classname="com.hasbro.security.DevPlan"/>
  <testcase name="tcBOM" time="0.001" classname="com.hasbro.security.DevPlan"/>
  <testcase name="tcBOM" time="0.001" classname="com.hasbro.security.DevPlan"/>
  <testcase name="tcBOM" time="0.001" classname="com.hasbro.security.DevPlan"/>
  <testcase name="tcBOM" time="0.001" classname="com.hasbro.security.DevPlan"/>
  <testcase name="tcBOM" time="0.001" classname="com.hasbro.security.DevPlan"/>
  <testcase name="tcBOM" time="0.000" classname="com.hasbro.security.DevPlan"/>
  <testcase name="tcBOM" time="0.001" classname="com.hasbro.security.DevPlan"/>
  <testcase name="tcBOM" time="0.001" classname="com.hasbro.security.DevPlan"/>
  <testcase name="tcBOM" time="0.001" classname="com.hasbro.security.DevPlan"/>
  <testcase name="tcBOM" time="0.001" classname="com.hasbro.security.DevPlan"/>
  <testcase name="tcBOM" time="0.001" classname="com.hasbro.security.DevPlan"/>
  <testcase name="tcBOM" time="0.001" classname="com.hasbro.security.DevPlan"/>
  <testcase name="tcBOM" time="0.001" classname="com.hasbro.security.DevPlan"/>
  <testcase name="tcBOM" time="0.001" classname="com.hasbro.security.DevPlan"/>
  <testcase name="tcBOM" time="0.001" classname="com.hasbro.security.DevPlan"/>
  <testcase name="tcBOM" time="0.001" classname="com.hasbro.security.DevPlan"/>
  <testcase name="tcBOM" time="0.001" classname="com.hasbro.security.DevPlan"/>
  <testcase name="tcBOM" time="0.000" classname="com.hasbro.security.DevPlan"/>
  <testcase name="tcBOM" time="0.001" classname="com.hasbro.security.DevPlan"/>
  <testcase name="tcBOM" time="0.001" classname="com.hasbro.security.DevPlan"/>
  <testcase name="tcBOM" time="0.002" classname="com.hasbro.security.DevPlan"/>
  <testcase name="tcBOM" time="0.001" classname="com.hasbro.security.DevPlan"/>
  <testcase name="tcBOM" time="0.001" classname="com.hasbro.security.DevPlan"/>
  <testcase name="tcBOM" time="0.001" classname="com.hasbro.security.DevPlan"/>
  <testcase name="tcBOM" time="0.001" classname="com.hasbro.security.DevPlan"/>
  <testcase name="tcBOM" time="0.001" classname="com.hasbro.security.DevPlan"/>
  <testcase name="tcBOM" time="0.001" classname="com.hasbro.security.DevPlan"/>
  <testcase name="tcBOM" time="0.002" classname="com.hasbro.security.DevPlan"/>
  <testcase name="tcBOM" time="0.000" classname="com.hasbro.security.DevPlan"/>
  <testcase name="tcBOM" time="0.001" classname="com.hasbro.security.DevPlan"/>
  <testcase name="tcBOM" time="0.001" classname="com.hasbro.security.DevPlan"/>
  <testcase name="tcBOM" time="0.001" classname="com.hasbro.security.DevPlan"/>
  <testcase name="tcBOM" time="0.001" classname="com.hasbro.security.DevPlan"/>
  <testcase name="tcBOM" time="0.001" classname="com.hasbro.security.DevPlan"/>
  <testcase name="tcBOM" time="0.001" classname="com.hasbro.security.DevPlan"/>
  <testcase name="tcBOM" time="0.001" classname="com.hasbro.security.DevPlan"/>
  <testcase name="tcBOM" time="0.001" classname="com.hasbro.security.DevPlan"/>
  <testcase name="tcBOM" time="0.001" classname="com.hasbro.security.DevPlan"/>
  <testcase name="tcBOM" time="0.001" classname="com.hasbro.security.DevPlan"/>
  <testcase name="tcBOM" time="0.001" classname="com.hasbro.security.DevPlan"/>
  <testcase name="tcBOM" time="0.001" classname="com.hasbro.security.DevPlan"/>
  <testcase name="tcBOM" time="0.001" classname="com.hasbro.security.DevPlan"/>
  <testcase name="tcBOM" time="0.001" classname="com.hasbro.security.DevPlan"/>
  <testcase name="tcBOM" time="0.031" classname="com.hasbro.security.DevPlan"/>
  <testcase name="tcBOM" time="0.001" classname="com.hasbro.security.DevPlan"/>
  <testcase name="tcBOM" time="0.001" classname="com.hasbro.security.DevPlan"/>
  <testcase name="tcBOM" time="0.001" classname="com.hasbro.security.DevPlan"/>
  <testcase name="tcBOM" time="0.002" classname="com.hasbro.security.DevPlan"/>
  <testcase name="tcBOM" time="0.001" classname="com.hasbro.security.DevPlan"/>
  <testcase name="tcBOM" time="0.001" classname="com.hasbro.security.DevPlan"/>
  <testcase name="tcBOM" time="0.001" classname="com.hasbro.security.DevPlan"/>
  <testcase name="tcBOM" time="0.001" classname="com.hasbro.security.DevPlan"/>
  <testcase name="tcBOM" time="0.001" classname="com.hasbro.security.DevPlan"/>
  <testcase name="tcBOM" time="0.001" classname="com.hasbro.security.DevPlan"/>
  <testcase name="tcBOM" time="0.001" classname="com.hasbro.security.DevPlan"/>
  <testcase name="tcBOM" time="0.001" classname="com.hasbro.security.DevPlan"/>
  <testcase name="tcBOM" time="0.001" classname="com.hasbro.security.DevPlan"/>
  <testcase name="tcBOM" time="0.002" classname="com.hasbro.security.DevPlan"/>
  <testcase name="tcBOM" time="0.001" classname="com.hasbro.security.DevPlan"/>
  <testcase name="tcBOM" time="0.001" classname="com.hasbro.security.DevPlan"/>
  <testcase name="tcBOM" time="0.001" classname="com.hasbro.security.DevPlan"/>
  <testcase name="tcBOM" time="0.000" classname="com.hasbro.security.DevPlan"/>
  <testcase name="tcBOM" time="0.028" classname="com.hasbro.security.DevPlan"/>
  <testcase name="tcBOM" time="0.001" classname="com.hasbro.security.DevPlan"/>
  <testcase name="tcBOM" time="0.002" classname="com.hasbro.security.DevPlan"/>
  <testcase name="tcBOM" time="0.029" classname="com.hasbro.security.DevPlan"/>
  <testcase name="tcBOM" time="0.001" classname="com.hasbro.security.DevPlan"/>
  <testcase name="tcBOM" time="0.001" classname="com.hasbro.security.DevPlan"/>
  <testcase name="tcBOM" time="0.001" classname="com.hasbro.security.DevPlan"/>
  <testcase name="tcBOM" time="0.001" classname="com.hasbro.security.DevPlan"/>
  <testcase name="tcBOM" time="0.001" classname="com.hasbro.security.DevPlan"/>
  <testcase name="tcBOM" time="0.001" classname="com.hasbro.security.DevPlan"/>
  <testcase name="tcBOM" time="0.001" classname="com.hasbro.security.DevPlan"/>
  <testcase name="tcBOM" time="0.001" classname="com.hasbro.security.DevPlan"/>
  <testcase name="tcBOM" time="0.001" classname="com.hasbro.security.DevPlan"/>
  <testcase name="tcBOM" time="0.001" classname="com.hasbro.security.DevPlan"/>
  <testcase name="tcBOM" time="0.001" classname="com.hasbro.security.DevPlan"/>
  <testcase name="tcBOM" time="0.001" classname="com.hasbro.security.DevPlan"/>
  <testcase name="tcBOM" time="0.001" classname="com.hasbro.security.DevPlan"/>
  <testcase name="tcBOM" time="0.001" classname="com.hasbro.security.DevPlan"/>
  <testcase name="tcBOM" time="0.001" classname="com.hasbro.security.DevPlan"/>
  <testcase name="tcBOM" time="0.001" classname="com.hasbro.security.DevPlan"/>
  <testcase name="tcBOM" time="0.001" classname="com.hasbro.security.DevPlan"/>
  <testcase name="tcBOM" time="0.001" classname="com.hasbro.security.DevPlan"/>
  <testcase name="tcBOM" time="0.001" classname="com.hasbro.security.DevPlan"/>
  <testcase name="tcBOM" time="0.030" classname="com.hasbro.security.DevPlan"/>
  <testcase name="tcBOM" time="0.001" classname="com.hasbro.security.DevPlan"/>
  <testcase name="tcBOM" time="0.001" classname="com.hasbro.security.DevPlan"/>
  <testcase name="tcBOM" time="0.001" classname="com.hasbro.security.DevPlan"/>
  <testcase name="tcBOM" time="0.001" classname="com.hasbro.security.DevPlan"/>
  <testcase name="tcBOM" time="0.001" classname="com.hasbro.security.DevPlan"/>
  <testcase name="tcBOM" time="0.001" classname="com.hasbro.security.DevPlan"/>
  <testcase name="tcBOM" time="0.001" classname="com.hasbro.security.DevPlan"/>
  <testcase name="tcBOM" time="0.001" classname="com.hasbro.security.DevPlan"/>
  <testcase name="tcBOM" time="0.001" classname="com.hasbro.security.DevPlan"/>
  <testcase name="tcBOM" time="0.001" classname="com.hasbro.security.DevPlan"/>
  <testcase name="tcBOM" time="0.032" classname="com.hasbro.security.DevPlan"/>
  <testcase name="tcBOM" time="0.001" classname="com.hasbro.security.DevPlan"/>
  <testcase name="tcBOM" time="0.001" classname="com.hasbro.security.DevPlan"/>
</testsuite> <!-- com.hasbro.security.DevPlan -->
