<?xml version="1.0" encoding="UTF-8"?>
<!-- Generated by org.testng.reporters.JUnitReportReporter -->
<testsuite skipped="372" hostname="BDC6-LX-723061Y" name="com.hasbro.security.Colorway" tests="372" failures="0" timestamp="20 Mar 2018 12:33:08 GMT" time="0.000" errors="0">
  <testcase name="tcColor" time="0.000" classname="com.hasbro.security.Colorway">
    <skipped/>
  </testcase> <!-- tcColor -->
  <testcase name="tcColor" time="0.000" classname="com.hasbro.security.Colorway">
    <skipped/>
  </testcase> <!-- tcColor -->
  <testcase name="tcColor" time="0.000" classname="com.hasbro.security.Colorway">
    <skipped/>
  </testcase> <!-- tcColor -->
  <testcase name="tcColor" time="0.000" classname="com.hasbro.security.Colorway">
    <skipped/>
  </testcase> <!-- tcColor -->
  <testcase name="tcColor" time="0.000" classname="com.hasbro.security.Colorway">
    <skipped/>
  </testcase> <!-- tcColor -->
  <testcase name="tcColor" time="0.000" classname="com.hasbro.security.Colorway">
    <skipped/>
  </testcase> <!-- tcColor -->
  <testcase name="tcColor" time="0.000" classname="com.hasbro.security.Colorway">
    <skipped/>
  </testcase> <!-- tcColor -->
  <testcase name="tcColor" time="0.000" classname="com.hasbro.security.Colorway">
    <skipped/>
  </testcase> <!-- tcColor -->
  <testcase name="tcColor" time="0.000" classname="com.hasbro.security.Colorway">
    <skipped/>
  </testcase> <!-- tcColor -->
  <testcase name="tcColor" time="0.000" classname="com.hasbro.security.Colorway">
    <skipped/>
  </testcase> <!-- tcColor -->
  <testcase name="tcColor" time="0.000" classname="com.hasbro.security.Colorway">
    <skipped/>
  </testcase> <!-- tcColor -->
  <testcase name="tcColor" time="0.000" classname="com.hasbro.security.Colorway">
    <skipped/>
  </testcase> <!-- tcColor -->
  <testcase name="tcColor" time="0.000" classname="com.hasbro.security.Colorway">
    <skipped/>
  </testcase> <!-- tcColor -->
  <testcase name="tcColor" time="0.000" classname="com.hasbro.security.Colorway">
    <skipped/>
  </testcase> <!-- tcColor -->
  <testcase name="tcColor" time="0.000" classname="com.hasbro.security.Colorway">
    <skipped/>
  </testcase> <!-- tcColor -->
  <testcase name="tcColor" time="0.000" classname="com.hasbro.security.Colorway">
    <skipped/>
  </testcase> <!-- tcColor -->
  <testcase name="tcColor" time="0.000" classname="com.hasbro.security.Colorway">
    <skipped/>
  </testcase> <!-- tcColor -->
  <testcase name="tcColor" time="0.000" classname="com.hasbro.security.Colorway">
    <skipped/>
  </testcase> <!-- tcColor -->
  <testcase name="tcColor" time="0.000" classname="com.hasbro.security.Colorway">
    <skipped/>
  </testcase> <!-- tcColor -->
  <testcase name="tcColor" time="0.000" classname="com.hasbro.security.Colorway">
    <skipped/>
  </testcase> <!-- tcColor -->
  <testcase name="tcColor" time="0.000" classname="com.hasbro.security.Colorway">
    <skipped/>
  </testcase> <!-- tcColor -->
  <testcase name="tcColor" time="0.000" classname="com.hasbro.security.Colorway">
    <skipped/>
  </testcase> <!-- tcColor -->
  <testcase name="tcColor" time="0.000" classname="com.hasbro.security.Colorway">
    <skipped/>
  </testcase> <!-- tcColor -->
  <testcase name="tcColor" time="0.000" classname="com.hasbro.security.Colorway">
    <skipped/>
  </testcase> <!-- tcColor -->
  <testcase name="tcColor" time="0.000" classname="com.hasbro.security.Colorway">
    <skipped/>
  </testcase> <!-- tcColor -->
  <testcase name="tcColor" time="0.000" classname="com.hasbro.security.Colorway">
    <skipped/>
  </testcase> <!-- tcColor -->
  <testcase name="tcColor" time="0.000" classname="com.hasbro.security.Colorway">
    <skipped/>
  </testcase> <!-- tcColor -->
  <testcase name="tcColor" time="0.000" classname="com.hasbro.security.Colorway">
    <skipped/>
  </testcase> <!-- tcColor -->
  <testcase name="tcColor" time="0.000" classname="com.hasbro.security.Colorway">
    <skipped/>
  </testcase> <!-- tcColor -->
  <testcase name="tcColor" time="0.000" classname="com.hasbro.security.Colorway">
    <skipped/>
  </testcase> <!-- tcColor -->
  <testcase name="tcColor" time="0.000" classname="com.hasbro.security.Colorway">
    <skipped/>
  </testcase> <!-- tcColor -->
  <testcase name="tcColor" time="0.000" classname="com.hasbro.security.Colorway">
    <skipped/>
  </testcase> <!-- tcColor -->
  <testcase name="tcColor" time="0.000" classname="com.hasbro.security.Colorway">
    <skipped/>
  </testcase> <!-- tcColor -->
  <testcase name="tcColor" time="0.000" classname="com.hasbro.security.Colorway">
    <skipped/>
  </testcase> <!-- tcColor -->
  <testcase name="tcColor" time="0.000" classname="com.hasbro.security.Colorway">
    <skipped/>
  </testcase> <!-- tcColor -->
  <testcase name="tcColor" time="0.000" classname="com.hasbro.security.Colorway">
    <skipped/>
  </testcase> <!-- tcColor -->
  <testcase name="tcColor" time="0.000" classname="com.hasbro.security.Colorway">
    <skipped/>
  </testcase> <!-- tcColor -->
  <testcase name="tcColor" time="0.000" classname="com.hasbro.security.Colorway">
    <skipped/>
  </testcase> <!-- tcColor -->
  <testcase name="tcColor" time="0.000" classname="com.hasbro.security.Colorway">
    <skipped/>
  </testcase> <!-- tcColor -->
  <testcase name="tcColor" time="0.000" classname="com.hasbro.security.Colorway">
    <skipped/>
  </testcase> <!-- tcColor -->
  <testcase name="tcColor" time="0.000" classname="com.hasbro.security.Colorway">
    <skipped/>
  </testcase> <!-- tcColor -->
  <testcase name="tcColor" time="0.000" classname="com.hasbro.security.Colorway">
    <skipped/>
  </testcase> <!-- tcColor -->
  <testcase name="tcColor" time="0.000" classname="com.hasbro.security.Colorway">
    <skipped/>
  </testcase> <!-- tcColor -->
  <testcase name="tcColor" time="0.000" classname="com.hasbro.security.Colorway">
    <skipped/>
  </testcase> <!-- tcColor -->
  <testcase name="tcColor" time="0.000" classname="com.hasbro.security.Colorway">
    <skipped/>
  </testcase> <!-- tcColor -->
  <testcase name="tcColor" time="0.000" classname="com.hasbro.security.Colorway">
    <skipped/>
  </testcase> <!-- tcColor -->
  <testcase name="tcColor" time="0.000" classname="com.hasbro.security.Colorway">
    <skipped/>
  </testcase> <!-- tcColor -->
  <testcase name="tcColor" time="0.000" classname="com.hasbro.security.Colorway">
    <skipped/>
  </testcase> <!-- tcColor -->
  <testcase name="tcColor" time="0.000" classname="com.hasbro.security.Colorway">
    <skipped/>
  </testcase> <!-- tcColor -->
  <testcase name="tcColor" time="0.000" classname="com.hasbro.security.Colorway">
    <skipped/>
  </testcase> <!-- tcColor -->
  <testcase name="tcColor" time="0.000" classname="com.hasbro.security.Colorway">
    <skipped/>
  </testcase> <!-- tcColor -->
  <testcase name="tcColor" time="0.000" classname="com.hasbro.security.Colorway">
    <skipped/>
  </testcase> <!-- tcColor -->
  <testcase name="tcColor" time="0.000" classname="com.hasbro.security.Colorway">
    <skipped/>
  </testcase> <!-- tcColor -->
  <testcase name="tcColor" time="0.000" classname="com.hasbro.security.Colorway">
    <skipped/>
  </testcase> <!-- tcColor -->
  <testcase name="tcColor" time="0.000" classname="com.hasbro.security.Colorway">
    <skipped/>
  </testcase> <!-- tcColor -->
  <testcase name="tcColor" time="0.000" classname="com.hasbro.security.Colorway">
    <skipped/>
  </testcase> <!-- tcColor -->
  <testcase name="tcColor" time="0.000" classname="com.hasbro.security.Colorway">
    <skipped/>
  </testcase> <!-- tcColor -->
  <testcase name="tcColor" time="0.000" classname="com.hasbro.security.Colorway">
    <skipped/>
  </testcase> <!-- tcColor -->
  <testcase name="tcColor" time="0.000" classname="com.hasbro.security.Colorway">
    <skipped/>
  </testcase> <!-- tcColor -->
  <testcase name="tcColor" time="0.000" classname="com.hasbro.security.Colorway">
    <skipped/>
  </testcase> <!-- tcColor -->
  <testcase name="tcColor" time="0.000" classname="com.hasbro.security.Colorway">
    <skipped/>
  </testcase> <!-- tcColor -->
  <testcase name="tcColor" time="0.000" classname="com.hasbro.security.Colorway">
    <skipped/>
  </testcase> <!-- tcColor -->
  <testcase name="tcColor" time="0.000" classname="com.hasbro.security.Colorway">
    <skipped/>
  </testcase> <!-- tcColor -->
  <testcase name="tcColor" time="0.000" classname="com.hasbro.security.Colorway">
    <skipped/>
  </testcase> <!-- tcColor -->
  <testcase name="tcColor" time="0.000" classname="com.hasbro.security.Colorway">
    <skipped/>
  </testcase> <!-- tcColor -->
  <testcase name="tcColor" time="0.000" classname="com.hasbro.security.Colorway">
    <skipped/>
  </testcase> <!-- tcColor -->
  <testcase name="tcColor" time="0.000" classname="com.hasbro.security.Colorway">
    <skipped/>
  </testcase> <!-- tcColor -->
  <testcase name="tcColor" time="0.000" classname="com.hasbro.security.Colorway">
    <skipped/>
  </testcase> <!-- tcColor -->
  <testcase name="tcColor" time="0.000" classname="com.hasbro.security.Colorway">
    <skipped/>
  </testcase> <!-- tcColor -->
  <testcase name="tcColor" time="0.000" classname="com.hasbro.security.Colorway">
    <skipped/>
  </testcase> <!-- tcColor -->
  <testcase name="tcColor" time="0.000" classname="com.hasbro.security.Colorway">
    <skipped/>
  </testcase> <!-- tcColor -->
  <testcase name="tcColor" time="0.000" classname="com.hasbro.security.Colorway">
    <skipped/>
  </testcase> <!-- tcColor -->
  <testcase name="tcColor" time="0.000" classname="com.hasbro.security.Colorway">
    <skipped/>
  </testcase> <!-- tcColor -->
  <testcase name="tcColor" time="0.000" classname="com.hasbro.security.Colorway">
    <skipped/>
  </testcase> <!-- tcColor -->
  <testcase name="tcColor" time="0.000" classname="com.hasbro.security.Colorway">
    <skipped/>
  </testcase> <!-- tcColor -->
  <testcase name="tcColor" time="0.000" classname="com.hasbro.security.Colorway">
    <skipped/>
  </testcase> <!-- tcColor -->
  <testcase name="tcColor" time="0.000" classname="com.hasbro.security.Colorway">
    <skipped/>
  </testcase> <!-- tcColor -->
  <testcase name="tcColor" time="0.000" classname="com.hasbro.security.Colorway">
    <skipped/>
  </testcase> <!-- tcColor -->
  <testcase name="tcColor" time="0.000" classname="com.hasbro.security.Colorway">
    <skipped/>
  </testcase> <!-- tcColor -->
  <testcase name="tcColor" time="0.000" classname="com.hasbro.security.Colorway">
    <skipped/>
  </testcase> <!-- tcColor -->
  <testcase name="tcColor" time="0.000" classname="com.hasbro.security.Colorway">
    <skipped/>
  </testcase> <!-- tcColor -->
  <testcase name="tcColor" time="0.000" classname="com.hasbro.security.Colorway">
    <skipped/>
  </testcase> <!-- tcColor -->
  <testcase name="tcColor" time="0.000" classname="com.hasbro.security.Colorway">
    <skipped/>
  </testcase> <!-- tcColor -->
  <testcase name="tcColor" time="0.000" classname="com.hasbro.security.Colorway">
    <skipped/>
  </testcase> <!-- tcColor -->
  <testcase name="tcColor" time="0.000" classname="com.hasbro.security.Colorway">
    <skipped/>
  </testcase> <!-- tcColor -->
  <testcase name="tcColor" time="0.000" classname="com.hasbro.security.Colorway">
    <skipped/>
  </testcase> <!-- tcColor -->
  <testcase name="tcColor" time="0.000" classname="com.hasbro.security.Colorway">
    <skipped/>
  </testcase> <!-- tcColor -->
  <testcase name="tcColor" time="0.000" classname="com.hasbro.security.Colorway">
    <skipped/>
  </testcase> <!-- tcColor -->
  <testcase name="tcColor" time="0.000" classname="com.hasbro.security.Colorway">
    <skipped/>
  </testcase> <!-- tcColor -->
  <testcase name="tcColor" time="0.000" classname="com.hasbro.security.Colorway">
    <skipped/>
  </testcase> <!-- tcColor -->
  <testcase name="tcColor" time="0.000" classname="com.hasbro.security.Colorway">
    <skipped/>
  </testcase> <!-- tcColor -->
  <testcase name="tcColor" time="0.000" classname="com.hasbro.security.Colorway">
    <skipped/>
  </testcase> <!-- tcColor -->
  <testcase name="tcColor" time="0.000" classname="com.hasbro.security.Colorway">
    <skipped/>
  </testcase> <!-- tcColor -->
  <testcase name="tcColor" time="0.000" classname="com.hasbro.security.Colorway">
    <skipped/>
  </testcase> <!-- tcColor -->
  <testcase name="tcColor" time="0.000" classname="com.hasbro.security.Colorway">
    <skipped/>
  </testcase> <!-- tcColor -->
  <testcase name="tcColor" time="0.000" classname="com.hasbro.security.Colorway">
    <skipped/>
  </testcase> <!-- tcColor -->
  <testcase name="tcColor" time="0.000" classname="com.hasbro.security.Colorway">
    <skipped/>
  </testcase> <!-- tcColor -->
  <testcase name="tcColor" time="0.000" classname="com.hasbro.security.Colorway">
    <skipped/>
  </testcase> <!-- tcColor -->
  <testcase name="tcColor" time="0.000" classname="com.hasbro.security.Colorway">
    <skipped/>
  </testcase> <!-- tcColor -->
  <testcase name="tcColor" time="0.000" classname="com.hasbro.security.Colorway">
    <skipped/>
  </testcase> <!-- tcColor -->
  <testcase name="tcColor" time="0.000" classname="com.hasbro.security.Colorway">
    <skipped/>
  </testcase> <!-- tcColor -->
  <testcase name="tcColor" time="0.000" classname="com.hasbro.security.Colorway">
    <skipped/>
  </testcase> <!-- tcColor -->
  <testcase name="tcColor" time="0.000" classname="com.hasbro.security.Colorway">
    <skipped/>
  </testcase> <!-- tcColor -->
  <testcase name="tcColor" time="0.000" classname="com.hasbro.security.Colorway">
    <skipped/>
  </testcase> <!-- tcColor -->
  <testcase name="tcColor" time="0.000" classname="com.hasbro.security.Colorway">
    <skipped/>
  </testcase> <!-- tcColor -->
  <testcase name="tcColor" time="0.000" classname="com.hasbro.security.Colorway">
    <skipped/>
  </testcase> <!-- tcColor -->
  <testcase name="tcColor" time="0.000" classname="com.hasbro.security.Colorway">
    <skipped/>
  </testcase> <!-- tcColor -->
  <testcase name="tcColor" time="0.000" classname="com.hasbro.security.Colorway">
    <skipped/>
  </testcase> <!-- tcColor -->
  <testcase name="tcColor" time="0.000" classname="com.hasbro.security.Colorway">
    <skipped/>
  </testcase> <!-- tcColor -->
  <testcase name="tcColor" time="0.000" classname="com.hasbro.security.Colorway">
    <skipped/>
  </testcase> <!-- tcColor -->
  <testcase name="tcColor" time="0.000" classname="com.hasbro.security.Colorway">
    <skipped/>
  </testcase> <!-- tcColor -->
  <testcase name="tcColor" time="0.000" classname="com.hasbro.security.Colorway">
    <skipped/>
  </testcase> <!-- tcColor -->
  <testcase name="tcColor" time="0.000" classname="com.hasbro.security.Colorway">
    <skipped/>
  </testcase> <!-- tcColor -->
  <testcase name="tcColor" time="0.000" classname="com.hasbro.security.Colorway">
    <skipped/>
  </testcase> <!-- tcColor -->
  <testcase name="tcColor" time="0.000" classname="com.hasbro.security.Colorway">
    <skipped/>
  </testcase> <!-- tcColor -->
  <testcase name="tcColor" time="0.000" classname="com.hasbro.security.Colorway">
    <skipped/>
  </testcase> <!-- tcColor -->
  <testcase name="tcColor" time="0.000" classname="com.hasbro.security.Colorway">
    <skipped/>
  </testcase> <!-- tcColor -->
  <testcase name="tcColor" time="0.000" classname="com.hasbro.security.Colorway">
    <skipped/>
  </testcase> <!-- tcColor -->
  <testcase name="tcColor" time="0.000" classname="com.hasbro.security.Colorway">
    <skipped/>
  </testcase> <!-- tcColor -->
  <testcase name="tcColor" time="0.000" classname="com.hasbro.security.Colorway">
    <skipped/>
  </testcase> <!-- tcColor -->
  <testcase name="tcColor" time="0.000" classname="com.hasbro.security.Colorway">
    <skipped/>
  </testcase> <!-- tcColor -->
  <testcase name="tcColor" time="0.000" classname="com.hasbro.security.Colorway">
    <skipped/>
  </testcase> <!-- tcColor -->
  <testcase name="tcColor" time="0.000" classname="com.hasbro.security.Colorway">
    <skipped/>
  </testcase> <!-- tcColor -->
  <testcase name="tcColor" time="0.000" classname="com.hasbro.security.Colorway">
    <skipped/>
  </testcase> <!-- tcColor -->
  <testcase name="tcColor" time="0.000" classname="com.hasbro.security.Colorway">
    <skipped/>
  </testcase> <!-- tcColor -->
  <testcase name="tcColor" time="0.000" classname="com.hasbro.security.Colorway">
    <skipped/>
  </testcase> <!-- tcColor -->
  <testcase name="tcColor" time="0.000" classname="com.hasbro.security.Colorway">
    <skipped/>
  </testcase> <!-- tcColor -->
  <testcase name="tcColor" time="0.000" classname="com.hasbro.security.Colorway">
    <skipped/>
  </testcase> <!-- tcColor -->
  <testcase name="tcColor" time="0.000" classname="com.hasbro.security.Colorway">
    <skipped/>
  </testcase> <!-- tcColor -->
  <testcase name="tcColor" time="0.000" classname="com.hasbro.security.Colorway">
    <skipped/>
  </testcase> <!-- tcColor -->
  <testcase name="tcColor" time="0.000" classname="com.hasbro.security.Colorway">
    <skipped/>
  </testcase> <!-- tcColor -->
  <testcase name="tcColor" time="0.000" classname="com.hasbro.security.Colorway">
    <skipped/>
  </testcase> <!-- tcColor -->
  <testcase name="tcColor" time="0.000" classname="com.hasbro.security.Colorway">
    <skipped/>
  </testcase> <!-- tcColor -->
  <testcase name="tcColor" time="0.000" classname="com.hasbro.security.Colorway">
    <skipped/>
  </testcase> <!-- tcColor -->
  <testcase name="tcColor" time="0.000" classname="com.hasbro.security.Colorway">
    <skipped/>
  </testcase> <!-- tcColor -->
  <testcase name="tcColor" time="0.000" classname="com.hasbro.security.Colorway">
    <skipped/>
  </testcase> <!-- tcColor -->
  <testcase name="tcColor" time="0.000" classname="com.hasbro.security.Colorway">
    <skipped/>
  </testcase> <!-- tcColor -->
  <testcase name="tcColor" time="0.000" classname="com.hasbro.security.Colorway">
    <skipped/>
  </testcase> <!-- tcColor -->
  <testcase name="tcColor" time="0.000" classname="com.hasbro.security.Colorway">
    <skipped/>
  </testcase> <!-- tcColor -->
  <testcase name="tcColor" time="0.000" classname="com.hasbro.security.Colorway">
    <skipped/>
  </testcase> <!-- tcColor -->
  <testcase name="tcColor" time="0.000" classname="com.hasbro.security.Colorway">
    <skipped/>
  </testcase> <!-- tcColor -->
  <testcase name="tcColor" time="0.000" classname="com.hasbro.security.Colorway">
    <skipped/>
  </testcase> <!-- tcColor -->
  <testcase name="tcColor" time="0.000" classname="com.hasbro.security.Colorway">
    <skipped/>
  </testcase> <!-- tcColor -->
  <testcase name="tcColor" time="0.000" classname="com.hasbro.security.Colorway">
    <skipped/>
  </testcase> <!-- tcColor -->
  <testcase name="tcColor" time="0.000" classname="com.hasbro.security.Colorway">
    <skipped/>
  </testcase> <!-- tcColor -->
  <testcase name="tcColor" time="0.000" classname="com.hasbro.security.Colorway">
    <skipped/>
  </testcase> <!-- tcColor -->
  <testcase name="tcColor" time="0.000" classname="com.hasbro.security.Colorway">
    <skipped/>
  </testcase> <!-- tcColor -->
  <testcase name="tcColor" time="0.000" classname="com.hasbro.security.Colorway">
    <skipped/>
  </testcase> <!-- tcColor -->
  <testcase name="tcColor" time="0.000" classname="com.hasbro.security.Colorway">
    <skipped/>
  </testcase> <!-- tcColor -->
  <testcase name="tcColor" time="0.000" classname="com.hasbro.security.Colorway">
    <skipped/>
  </testcase> <!-- tcColor -->
  <testcase name="tcColor" time="0.000" classname="com.hasbro.security.Colorway">
    <skipped/>
  </testcase> <!-- tcColor -->
  <testcase name="tcColor" time="0.000" classname="com.hasbro.security.Colorway">
    <skipped/>
  </testcase> <!-- tcColor -->
  <testcase name="tcColor" time="0.000" classname="com.hasbro.security.Colorway">
    <skipped/>
  </testcase> <!-- tcColor -->
  <testcase name="tcColor" time="0.000" classname="com.hasbro.security.Colorway">
    <skipped/>
  </testcase> <!-- tcColor -->
  <testcase name="tcColor" time="0.000" classname="com.hasbro.security.Colorway">
    <skipped/>
  </testcase> <!-- tcColor -->
  <testcase name="tcColor" time="0.000" classname="com.hasbro.security.Colorway">
    <skipped/>
  </testcase> <!-- tcColor -->
  <testcase name="tcColor" time="0.000" classname="com.hasbro.security.Colorway">
    <skipped/>
  </testcase> <!-- tcColor -->
  <testcase name="tcColor" time="0.000" classname="com.hasbro.security.Colorway">
    <skipped/>
  </testcase> <!-- tcColor -->
  <testcase name="tcColor" time="0.000" classname="com.hasbro.security.Colorway">
    <skipped/>
  </testcase> <!-- tcColor -->
  <testcase name="tcColor" time="0.000" classname="com.hasbro.security.Colorway">
    <skipped/>
  </testcase> <!-- tcColor -->
  <testcase name="tcColor" time="0.000" classname="com.hasbro.security.Colorway">
    <skipped/>
  </testcase> <!-- tcColor -->
  <testcase name="tcColor" time="0.000" classname="com.hasbro.security.Colorway">
    <skipped/>
  </testcase> <!-- tcColor -->
  <testcase name="tcColor" time="0.000" classname="com.hasbro.security.Colorway">
    <skipped/>
  </testcase> <!-- tcColor -->
  <testcase name="tcColor" time="0.000" classname="com.hasbro.security.Colorway">
    <skipped/>
  </testcase> <!-- tcColor -->
  <testcase name="tcColor" time="0.000" classname="com.hasbro.security.Colorway">
    <skipped/>
  </testcase> <!-- tcColor -->
  <testcase name="tcColor" time="0.000" classname="com.hasbro.security.Colorway">
    <skipped/>
  </testcase> <!-- tcColor -->
  <testcase name="tcColor" time="0.000" classname="com.hasbro.security.Colorway">
    <skipped/>
  </testcase> <!-- tcColor -->
  <testcase name="tcColor" time="0.000" classname="com.hasbro.security.Colorway">
    <skipped/>
  </testcase> <!-- tcColor -->
  <testcase name="tcColor" time="0.000" classname="com.hasbro.security.Colorway">
    <skipped/>
  </testcase> <!-- tcColor -->
  <testcase name="tcColor" time="0.000" classname="com.hasbro.security.Colorway">
    <skipped/>
  </testcase> <!-- tcColor -->
  <testcase name="tcColor" time="0.000" classname="com.hasbro.security.Colorway">
    <skipped/>
  </testcase> <!-- tcColor -->
  <testcase name="tcColor" time="0.000" classname="com.hasbro.security.Colorway">
    <skipped/>
  </testcase> <!-- tcColor -->
  <testcase name="tcColor" time="0.000" classname="com.hasbro.security.Colorway">
    <skipped/>
  </testcase> <!-- tcColor -->
  <testcase name="tcColor" time="0.000" classname="com.hasbro.security.Colorway">
    <skipped/>
  </testcase> <!-- tcColor -->
  <testcase name="tcColor" time="0.000" classname="com.hasbro.security.Colorway">
    <skipped/>
  </testcase> <!-- tcColor -->
  <testcase name="tcColor" time="0.000" classname="com.hasbro.security.Colorway">
    <skipped/>
  </testcase> <!-- tcColor -->
  <testcase name="tcColor" time="0.000" classname="com.hasbro.security.Colorway">
    <skipped/>
  </testcase> <!-- tcColor -->
  <testcase name="tcColor" time="0.000" classname="com.hasbro.security.Colorway">
    <skipped/>
  </testcase> <!-- tcColor -->
  <testcase name="tcColor" time="0.000" classname="com.hasbro.security.Colorway">
    <skipped/>
  </testcase> <!-- tcColor -->
  <testcase name="tcColor" time="0.000" classname="com.hasbro.security.Colorway">
    <skipped/>
  </testcase> <!-- tcColor -->
  <testcase name="tcColor" time="0.000" classname="com.hasbro.security.Colorway">
    <skipped/>
  </testcase> <!-- tcColor -->
  <testcase name="tcColor" time="0.000" classname="com.hasbro.security.Colorway">
    <skipped/>
  </testcase> <!-- tcColor -->
  <testcase name="tcColor" time="0.000" classname="com.hasbro.security.Colorway">
    <skipped/>
  </testcase> <!-- tcColor -->
  <testcase name="tcColor" time="0.000" classname="com.hasbro.security.Colorway">
    <skipped/>
  </testcase> <!-- tcColor -->
  <testcase name="tcColor" time="0.000" classname="com.hasbro.security.Colorway">
    <skipped/>
  </testcase> <!-- tcColor -->
  <testcase name="tcColor" time="0.000" classname="com.hasbro.security.Colorway">
    <skipped/>
  </testcase> <!-- tcColor -->
  <testcase name="tcColor" time="0.000" classname="com.hasbro.security.Colorway">
    <skipped/>
  </testcase> <!-- tcColor -->
  <testcase name="tcColor" time="0.000" classname="com.hasbro.security.Colorway">
    <skipped/>
  </testcase> <!-- tcColor -->
  <testcase name="tcColor" time="0.000" classname="com.hasbro.security.Colorway">
    <skipped/>
  </testcase> <!-- tcColor -->
  <testcase name="tcColor" time="0.000" classname="com.hasbro.security.Colorway">
    <skipped/>
  </testcase> <!-- tcColor -->
  <testcase name="tcColor" time="0.000" classname="com.hasbro.security.Colorway">
    <skipped/>
  </testcase> <!-- tcColor -->
  <testcase name="tcColor" time="0.000" classname="com.hasbro.security.Colorway">
    <skipped/>
  </testcase> <!-- tcColor -->
  <testcase name="tcColor" time="0.000" classname="com.hasbro.security.Colorway">
    <skipped/>
  </testcase> <!-- tcColor -->
  <testcase name="tcColor" time="0.000" classname="com.hasbro.security.Colorway">
    <skipped/>
  </testcase> <!-- tcColor -->
  <testcase name="tcColor" time="0.000" classname="com.hasbro.security.Colorway">
    <skipped/>
  </testcase> <!-- tcColor -->
  <testcase name="tcColor" time="0.000" classname="com.hasbro.security.Colorway">
    <skipped/>
  </testcase> <!-- tcColor -->
  <testcase name="tcColor" time="0.000" classname="com.hasbro.security.Colorway">
    <skipped/>
  </testcase> <!-- tcColor -->
  <testcase name="tcColor" time="0.000" classname="com.hasbro.security.Colorway">
    <skipped/>
  </testcase> <!-- tcColor -->
  <testcase name="tcColor" time="0.000" classname="com.hasbro.security.Colorway">
    <skipped/>
  </testcase> <!-- tcColor -->
  <testcase name="tcColor" time="0.000" classname="com.hasbro.security.Colorway">
    <skipped/>
  </testcase> <!-- tcColor -->
  <testcase name="tcColor" time="0.000" classname="com.hasbro.security.Colorway">
    <skipped/>
  </testcase> <!-- tcColor -->
  <testcase name="tcColor" time="0.000" classname="com.hasbro.security.Colorway">
    <skipped/>
  </testcase> <!-- tcColor -->
  <testcase name="tcColor" time="0.000" classname="com.hasbro.security.Colorway">
    <skipped/>
  </testcase> <!-- tcColor -->
  <testcase name="tcColor" time="0.000" classname="com.hasbro.security.Colorway">
    <skipped/>
  </testcase> <!-- tcColor -->
  <testcase name="tcColor" time="0.000" classname="com.hasbro.security.Colorway">
    <skipped/>
  </testcase> <!-- tcColor -->
  <testcase name="tcColor" time="0.000" classname="com.hasbro.security.Colorway">
    <skipped/>
  </testcase> <!-- tcColor -->
  <testcase name="tcColor" time="0.000" classname="com.hasbro.security.Colorway">
    <skipped/>
  </testcase> <!-- tcColor -->
  <testcase name="tcColor" time="0.000" classname="com.hasbro.security.Colorway">
    <skipped/>
  </testcase> <!-- tcColor -->
  <testcase name="tcColor" time="0.000" classname="com.hasbro.security.Colorway">
    <skipped/>
  </testcase> <!-- tcColor -->
  <testcase name="tcColor" time="0.000" classname="com.hasbro.security.Colorway">
    <skipped/>
  </testcase> <!-- tcColor -->
  <testcase name="tcColor" time="0.000" classname="com.hasbro.security.Colorway">
    <skipped/>
  </testcase> <!-- tcColor -->
  <testcase name="tcColor" time="0.000" classname="com.hasbro.security.Colorway">
    <skipped/>
  </testcase> <!-- tcColor -->
  <testcase name="tcColor" time="0.000" classname="com.hasbro.security.Colorway">
    <skipped/>
  </testcase> <!-- tcColor -->
  <testcase name="tcColor" time="0.000" classname="com.hasbro.security.Colorway">
    <skipped/>
  </testcase> <!-- tcColor -->
  <testcase name="tcColor" time="0.000" classname="com.hasbro.security.Colorway">
    <skipped/>
  </testcase> <!-- tcColor -->
  <testcase name="tcColor" time="0.000" classname="com.hasbro.security.Colorway">
    <skipped/>
  </testcase> <!-- tcColor -->
  <testcase name="tcColor" time="0.000" classname="com.hasbro.security.Colorway">
    <skipped/>
  </testcase> <!-- tcColor -->
  <testcase name="tcColor" time="0.000" classname="com.hasbro.security.Colorway">
    <skipped/>
  </testcase> <!-- tcColor -->
  <testcase name="tcColor" time="0.000" classname="com.hasbro.security.Colorway">
    <skipped/>
  </testcase> <!-- tcColor -->
  <testcase name="tcColor" time="0.000" classname="com.hasbro.security.Colorway">
    <skipped/>
  </testcase> <!-- tcColor -->
  <testcase name="tcColor" time="0.000" classname="com.hasbro.security.Colorway">
    <skipped/>
  </testcase> <!-- tcColor -->
  <testcase name="tcColor" time="0.000" classname="com.hasbro.security.Colorway">
    <skipped/>
  </testcase> <!-- tcColor -->
  <testcase name="tcColor" time="0.000" classname="com.hasbro.security.Colorway">
    <skipped/>
  </testcase> <!-- tcColor -->
  <testcase name="tcColor" time="0.000" classname="com.hasbro.security.Colorway">
    <skipped/>
  </testcase> <!-- tcColor -->
  <testcase name="tcColor" time="0.000" classname="com.hasbro.security.Colorway">
    <skipped/>
  </testcase> <!-- tcColor -->
  <testcase name="tcColor" time="0.000" classname="com.hasbro.security.Colorway">
    <skipped/>
  </testcase> <!-- tcColor -->
  <testcase name="tcColor" time="0.000" classname="com.hasbro.security.Colorway">
    <skipped/>
  </testcase> <!-- tcColor -->
  <testcase name="tcColor" time="0.000" classname="com.hasbro.security.Colorway">
    <skipped/>
  </testcase> <!-- tcColor -->
  <testcase name="tcColor" time="0.000" classname="com.hasbro.security.Colorway">
    <skipped/>
  </testcase> <!-- tcColor -->
  <testcase name="tcColor" time="0.000" classname="com.hasbro.security.Colorway">
    <skipped/>
  </testcase> <!-- tcColor -->
  <testcase name="tcColor" time="0.000" classname="com.hasbro.security.Colorway">
    <skipped/>
  </testcase> <!-- tcColor -->
  <testcase name="tcColor" time="0.000" classname="com.hasbro.security.Colorway">
    <skipped/>
  </testcase> <!-- tcColor -->
  <testcase name="tcColor" time="0.000" classname="com.hasbro.security.Colorway">
    <skipped/>
  </testcase> <!-- tcColor -->
  <testcase name="tcColor" time="0.000" classname="com.hasbro.security.Colorway">
    <skipped/>
  </testcase> <!-- tcColor -->
  <testcase name="tcColor" time="0.000" classname="com.hasbro.security.Colorway">
    <skipped/>
  </testcase> <!-- tcColor -->
  <testcase name="tcColor" time="0.000" classname="com.hasbro.security.Colorway">
    <skipped/>
  </testcase> <!-- tcColor -->
  <testcase name="tcColor" time="0.000" classname="com.hasbro.security.Colorway">
    <skipped/>
  </testcase> <!-- tcColor -->
  <testcase name="tcColor" time="0.000" classname="com.hasbro.security.Colorway">
    <skipped/>
  </testcase> <!-- tcColor -->
  <testcase name="tcColor" time="0.000" classname="com.hasbro.security.Colorway">
    <skipped/>
  </testcase> <!-- tcColor -->
  <testcase name="tcColor" time="0.000" classname="com.hasbro.security.Colorway">
    <skipped/>
  </testcase> <!-- tcColor -->
  <testcase name="tcColor" time="0.000" classname="com.hasbro.security.Colorway">
    <skipped/>
  </testcase> <!-- tcColor -->
  <testcase name="tcColor" time="0.000" classname="com.hasbro.security.Colorway">
    <skipped/>
  </testcase> <!-- tcColor -->
  <testcase name="tcColor" time="0.000" classname="com.hasbro.security.Colorway">
    <skipped/>
  </testcase> <!-- tcColor -->
  <testcase name="tcColor" time="0.000" classname="com.hasbro.security.Colorway">
    <skipped/>
  </testcase> <!-- tcColor -->
  <testcase name="tcColor" time="0.000" classname="com.hasbro.security.Colorway">
    <skipped/>
  </testcase> <!-- tcColor -->
  <testcase name="tcColor" time="0.000" classname="com.hasbro.security.Colorway">
    <skipped/>
  </testcase> <!-- tcColor -->
  <testcase name="tcColor" time="0.000" classname="com.hasbro.security.Colorway">
    <skipped/>
  </testcase> <!-- tcColor -->
  <testcase name="tcColor" time="0.000" classname="com.hasbro.security.Colorway">
    <skipped/>
  </testcase> <!-- tcColor -->
  <testcase name="tcColor" time="0.000" classname="com.hasbro.security.Colorway">
    <skipped/>
  </testcase> <!-- tcColor -->
  <testcase name="tcColor" time="0.000" classname="com.hasbro.security.Colorway">
    <skipped/>
  </testcase> <!-- tcColor -->
  <testcase name="tcColor" time="0.000" classname="com.hasbro.security.Colorway">
    <skipped/>
  </testcase> <!-- tcColor -->
  <testcase name="tcColor" time="0.000" classname="com.hasbro.security.Colorway">
    <skipped/>
  </testcase> <!-- tcColor -->
  <testcase name="tcColor" time="0.000" classname="com.hasbro.security.Colorway">
    <skipped/>
  </testcase> <!-- tcColor -->
  <testcase name="tcColor" time="0.000" classname="com.hasbro.security.Colorway">
    <skipped/>
  </testcase> <!-- tcColor -->
  <testcase name="tcColor" time="0.000" classname="com.hasbro.security.Colorway">
    <skipped/>
  </testcase> <!-- tcColor -->
  <testcase name="tcColor" time="0.000" classname="com.hasbro.security.Colorway">
    <skipped/>
  </testcase> <!-- tcColor -->
  <testcase name="tcColor" time="0.000" classname="com.hasbro.security.Colorway">
    <skipped/>
  </testcase> <!-- tcColor -->
  <testcase name="tcColor" time="0.000" classname="com.hasbro.security.Colorway">
    <skipped/>
  </testcase> <!-- tcColor -->
  <testcase name="tcColor" time="0.000" classname="com.hasbro.security.Colorway">
    <skipped/>
  </testcase> <!-- tcColor -->
  <testcase name="tcColor" time="0.000" classname="com.hasbro.security.Colorway">
    <skipped/>
  </testcase> <!-- tcColor -->
  <testcase name="tcColor" time="0.000" classname="com.hasbro.security.Colorway">
    <skipped/>
  </testcase> <!-- tcColor -->
  <testcase name="tcColor" time="0.000" classname="com.hasbro.security.Colorway">
    <skipped/>
  </testcase> <!-- tcColor -->
  <testcase name="tcColor" time="0.000" classname="com.hasbro.security.Colorway">
    <skipped/>
  </testcase> <!-- tcColor -->
  <testcase name="tcColor" time="0.000" classname="com.hasbro.security.Colorway">
    <skipped/>
  </testcase> <!-- tcColor -->
  <testcase name="tcColor" time="0.000" classname="com.hasbro.security.Colorway">
    <skipped/>
  </testcase> <!-- tcColor -->
  <testcase name="tcColor" time="0.000" classname="com.hasbro.security.Colorway">
    <skipped/>
  </testcase> <!-- tcColor -->
  <testcase name="tcColor" time="0.000" classname="com.hasbro.security.Colorway">
    <skipped/>
  </testcase> <!-- tcColor -->
  <testcase name="tcColor" time="0.000" classname="com.hasbro.security.Colorway">
    <skipped/>
  </testcase> <!-- tcColor -->
  <testcase name="tcColor" time="0.000" classname="com.hasbro.security.Colorway">
    <skipped/>
  </testcase> <!-- tcColor -->
  <testcase name="tcColor" time="0.000" classname="com.hasbro.security.Colorway">
    <skipped/>
  </testcase> <!-- tcColor -->
  <testcase name="tcColor" time="0.000" classname="com.hasbro.security.Colorway">
    <skipped/>
  </testcase> <!-- tcColor -->
  <testcase name="tcColor" time="0.000" classname="com.hasbro.security.Colorway">
    <skipped/>
  </testcase> <!-- tcColor -->
  <testcase name="tcColor" time="0.000" classname="com.hasbro.security.Colorway">
    <skipped/>
  </testcase> <!-- tcColor -->
  <testcase name="tcColor" time="0.000" classname="com.hasbro.security.Colorway">
    <skipped/>
  </testcase> <!-- tcColor -->
  <testcase name="tcColor" time="0.000" classname="com.hasbro.security.Colorway">
    <skipped/>
  </testcase> <!-- tcColor -->
  <testcase name="tcColor" time="0.000" classname="com.hasbro.security.Colorway">
    <skipped/>
  </testcase> <!-- tcColor -->
  <testcase name="tcColor" time="0.000" classname="com.hasbro.security.Colorway">
    <skipped/>
  </testcase> <!-- tcColor -->
  <testcase name="tcColor" time="0.000" classname="com.hasbro.security.Colorway">
    <skipped/>
  </testcase> <!-- tcColor -->
  <testcase name="tcColor" time="0.000" classname="com.hasbro.security.Colorway">
    <skipped/>
  </testcase> <!-- tcColor -->
  <testcase name="tcColor" time="0.000" classname="com.hasbro.security.Colorway">
    <skipped/>
  </testcase> <!-- tcColor -->
  <testcase name="tcColor" time="0.000" classname="com.hasbro.security.Colorway">
    <skipped/>
  </testcase> <!-- tcColor -->
  <testcase name="tcColor" time="0.000" classname="com.hasbro.security.Colorway">
    <skipped/>
  </testcase> <!-- tcColor -->
  <testcase name="tcColor" time="0.000" classname="com.hasbro.security.Colorway">
    <skipped/>
  </testcase> <!-- tcColor -->
  <testcase name="tcColor" time="0.000" classname="com.hasbro.security.Colorway">
    <skipped/>
  </testcase> <!-- tcColor -->
  <testcase name="tcColor" time="0.000" classname="com.hasbro.security.Colorway">
    <skipped/>
  </testcase> <!-- tcColor -->
  <testcase name="tcColor" time="0.000" classname="com.hasbro.security.Colorway">
    <skipped/>
  </testcase> <!-- tcColor -->
  <testcase name="tcColor" time="0.000" classname="com.hasbro.security.Colorway">
    <skipped/>
  </testcase> <!-- tcColor -->
  <testcase name="tcColor" time="0.000" classname="com.hasbro.security.Colorway">
    <skipped/>
  </testcase> <!-- tcColor -->
  <testcase name="tcColor" time="0.000" classname="com.hasbro.security.Colorway">
    <skipped/>
  </testcase> <!-- tcColor -->
  <testcase name="tcColor" time="0.000" classname="com.hasbro.security.Colorway">
    <skipped/>
  </testcase> <!-- tcColor -->
  <testcase name="tcColor" time="0.000" classname="com.hasbro.security.Colorway">
    <skipped/>
  </testcase> <!-- tcColor -->
  <testcase name="tcColor" time="0.000" classname="com.hasbro.security.Colorway">
    <skipped/>
  </testcase> <!-- tcColor -->
  <testcase name="tcColor" time="0.000" classname="com.hasbro.security.Colorway">
    <skipped/>
  </testcase> <!-- tcColor -->
  <testcase name="tcColor" time="0.000" classname="com.hasbro.security.Colorway">
    <skipped/>
  </testcase> <!-- tcColor -->
  <testcase name="tcColor" time="0.000" classname="com.hasbro.security.Colorway">
    <skipped/>
  </testcase> <!-- tcColor -->
  <testcase name="tcColor" time="0.000" classname="com.hasbro.security.Colorway">
    <skipped/>
  </testcase> <!-- tcColor -->
  <testcase name="tcColor" time="0.000" classname="com.hasbro.security.Colorway">
    <skipped/>
  </testcase> <!-- tcColor -->
  <testcase name="tcColor" time="0.000" classname="com.hasbro.security.Colorway">
    <skipped/>
  </testcase> <!-- tcColor -->
  <testcase name="tcColor" time="0.000" classname="com.hasbro.security.Colorway">
    <skipped/>
  </testcase> <!-- tcColor -->
  <testcase name="tcColor" time="0.000" classname="com.hasbro.security.Colorway">
    <skipped/>
  </testcase> <!-- tcColor -->
  <testcase name="tcColor" time="0.000" classname="com.hasbro.security.Colorway">
    <skipped/>
  </testcase> <!-- tcColor -->
  <testcase name="tcColor" time="0.000" classname="com.hasbro.security.Colorway">
    <skipped/>
  </testcase> <!-- tcColor -->
  <testcase name="tcColor" time="0.000" classname="com.hasbro.security.Colorway">
    <skipped/>
  </testcase> <!-- tcColor -->
  <testcase name="tcColor" time="0.000" classname="com.hasbro.security.Colorway">
    <skipped/>
  </testcase> <!-- tcColor -->
  <testcase name="tcColor" time="0.000" classname="com.hasbro.security.Colorway">
    <skipped/>
  </testcase> <!-- tcColor -->
  <testcase name="tcColor" time="0.000" classname="com.hasbro.security.Colorway">
    <skipped/>
  </testcase> <!-- tcColor -->
  <testcase name="tcColor" time="0.000" classname="com.hasbro.security.Colorway">
    <skipped/>
  </testcase> <!-- tcColor -->
  <testcase name="tcColor" time="0.000" classname="com.hasbro.security.Colorway">
    <skipped/>
  </testcase> <!-- tcColor -->
  <testcase name="tcColor" time="0.000" classname="com.hasbro.security.Colorway">
    <skipped/>
  </testcase> <!-- tcColor -->
  <testcase name="tcColor" time="0.000" classname="com.hasbro.security.Colorway">
    <skipped/>
  </testcase> <!-- tcColor -->
  <testcase name="tcColor" time="0.000" classname="com.hasbro.security.Colorway">
    <skipped/>
  </testcase> <!-- tcColor -->
  <testcase name="tcColor" time="0.000" classname="com.hasbro.security.Colorway">
    <skipped/>
  </testcase> <!-- tcColor -->
  <testcase name="tcColor" time="0.000" classname="com.hasbro.security.Colorway">
    <skipped/>
  </testcase> <!-- tcColor -->
  <testcase name="tcColor" time="0.000" classname="com.hasbro.security.Colorway">
    <skipped/>
  </testcase> <!-- tcColor -->
  <testcase name="tcColor" time="0.000" classname="com.hasbro.security.Colorway">
    <skipped/>
  </testcase> <!-- tcColor -->
  <testcase name="tcColor" time="0.000" classname="com.hasbro.security.Colorway">
    <skipped/>
  </testcase> <!-- tcColor -->
  <testcase name="tcColor" time="0.000" classname="com.hasbro.security.Colorway">
    <skipped/>
  </testcase> <!-- tcColor -->
  <testcase name="tcColor" time="0.000" classname="com.hasbro.security.Colorway">
    <skipped/>
  </testcase> <!-- tcColor -->
  <testcase name="tcColor" time="0.000" classname="com.hasbro.security.Colorway">
    <skipped/>
  </testcase> <!-- tcColor -->
  <testcase name="tcColor" time="0.000" classname="com.hasbro.security.Colorway">
    <skipped/>
  </testcase> <!-- tcColor -->
  <testcase name="tcColor" time="0.000" classname="com.hasbro.security.Colorway">
    <skipped/>
  </testcase> <!-- tcColor -->
  <testcase name="tcColor" time="0.000" classname="com.hasbro.security.Colorway">
    <skipped/>
  </testcase> <!-- tcColor -->
  <testcase name="tcColor" time="0.000" classname="com.hasbro.security.Colorway">
    <skipped/>
  </testcase> <!-- tcColor -->
  <testcase name="tcColor" time="0.000" classname="com.hasbro.security.Colorway">
    <skipped/>
  </testcase> <!-- tcColor -->
  <testcase name="tcColor" time="0.000" classname="com.hasbro.security.Colorway">
    <skipped/>
  </testcase> <!-- tcColor -->
  <testcase name="tcColor" time="0.000" classname="com.hasbro.security.Colorway">
    <skipped/>
  </testcase> <!-- tcColor -->
  <testcase name="tcColor" time="0.000" classname="com.hasbro.security.Colorway">
    <skipped/>
  </testcase> <!-- tcColor -->
  <testcase name="tcColor" time="0.000" classname="com.hasbro.security.Colorway">
    <skipped/>
  </testcase> <!-- tcColor -->
  <testcase name="tcColor" time="0.000" classname="com.hasbro.security.Colorway">
    <skipped/>
  </testcase> <!-- tcColor -->
  <testcase name="tcColor" time="0.000" classname="com.hasbro.security.Colorway">
    <skipped/>
  </testcase> <!-- tcColor -->
  <testcase name="tcColor" time="0.000" classname="com.hasbro.security.Colorway">
    <skipped/>
  </testcase> <!-- tcColor -->
  <testcase name="tcColor" time="0.000" classname="com.hasbro.security.Colorway">
    <skipped/>
  </testcase> <!-- tcColor -->
  <testcase name="tcColor" time="0.000" classname="com.hasbro.security.Colorway">
    <skipped/>
  </testcase> <!-- tcColor -->
  <testcase name="tcColor" time="0.000" classname="com.hasbro.security.Colorway">
    <skipped/>
  </testcase> <!-- tcColor -->
  <testcase name="tcColor" time="0.000" classname="com.hasbro.security.Colorway">
    <skipped/>
  </testcase> <!-- tcColor -->
  <testcase name="tcColor" time="0.000" classname="com.hasbro.security.Colorway">
    <skipped/>
  </testcase> <!-- tcColor -->
  <testcase name="tcColor" time="0.000" classname="com.hasbro.security.Colorway">
    <skipped/>
  </testcase> <!-- tcColor -->
  <testcase name="tcColor" time="0.000" classname="com.hasbro.security.Colorway">
    <skipped/>
  </testcase> <!-- tcColor -->
  <testcase name="tcColor" time="0.000" classname="com.hasbro.security.Colorway">
    <skipped/>
  </testcase> <!-- tcColor -->
  <testcase name="tcColor" time="0.000" classname="com.hasbro.security.Colorway">
    <skipped/>
  </testcase> <!-- tcColor -->
  <testcase name="tcColor" time="0.000" classname="com.hasbro.security.Colorway">
    <skipped/>
  </testcase> <!-- tcColor -->
  <testcase name="tcColor" time="0.000" classname="com.hasbro.security.Colorway">
    <skipped/>
  </testcase> <!-- tcColor -->
  <testcase name="tcColor" time="0.000" classname="com.hasbro.security.Colorway">
    <skipped/>
  </testcase> <!-- tcColor -->
  <testcase name="tcColor" time="0.000" classname="com.hasbro.security.Colorway">
    <skipped/>
  </testcase> <!-- tcColor -->
  <testcase name="tcColor" time="0.000" classname="com.hasbro.security.Colorway">
    <skipped/>
  </testcase> <!-- tcColor -->
  <testcase name="tcColor" time="0.000" classname="com.hasbro.security.Colorway">
    <skipped/>
  </testcase> <!-- tcColor -->
  <testcase name="tcColor" time="0.000" classname="com.hasbro.security.Colorway">
    <skipped/>
  </testcase> <!-- tcColor -->
  <testcase name="tcColor" time="0.000" classname="com.hasbro.security.Colorway">
    <skipped/>
  </testcase> <!-- tcColor -->
  <testcase name="tcColor" time="0.000" classname="com.hasbro.security.Colorway">
    <skipped/>
  </testcase> <!-- tcColor -->
  <testcase name="tcColor" time="0.000" classname="com.hasbro.security.Colorway">
    <skipped/>
  </testcase> <!-- tcColor -->
  <testcase name="tcColor" time="0.000" classname="com.hasbro.security.Colorway">
    <skipped/>
  </testcase> <!-- tcColor -->
  <testcase name="tcColor" time="0.000" classname="com.hasbro.security.Colorway">
    <skipped/>
  </testcase> <!-- tcColor -->
  <testcase name="tcColor" time="0.000" classname="com.hasbro.security.Colorway">
    <skipped/>
  </testcase> <!-- tcColor -->
  <testcase name="tcColor" time="0.000" classname="com.hasbro.security.Colorway">
    <skipped/>
  </testcase> <!-- tcColor -->
  <testcase name="tcColor" time="0.000" classname="com.hasbro.security.Colorway">
    <skipped/>
  </testcase> <!-- tcColor -->
  <testcase name="tcColor" time="0.000" classname="com.hasbro.security.Colorway">
    <skipped/>
  </testcase> <!-- tcColor -->
  <testcase name="tcColor" time="0.000" classname="com.hasbro.security.Colorway">
    <skipped/>
  </testcase> <!-- tcColor -->
  <testcase name="tcColor" time="0.000" classname="com.hasbro.security.Colorway">
    <skipped/>
  </testcase> <!-- tcColor -->
  <testcase name="tcColor" time="0.000" classname="com.hasbro.security.Colorway">
    <skipped/>
  </testcase> <!-- tcColor -->
  <testcase name="tcColor" time="0.000" classname="com.hasbro.security.Colorway">
    <skipped/>
  </testcase> <!-- tcColor -->
  <testcase name="tcColor" time="0.000" classname="com.hasbro.security.Colorway">
    <skipped/>
  </testcase> <!-- tcColor -->
  <testcase name="tcColor" time="0.000" classname="com.hasbro.security.Colorway">
    <skipped/>
  </testcase> <!-- tcColor -->
  <testcase name="tcColor" time="0.000" classname="com.hasbro.security.Colorway">
    <skipped/>
  </testcase> <!-- tcColor -->
  <testcase name="tcColor" time="0.000" classname="com.hasbro.security.Colorway">
    <skipped/>
  </testcase> <!-- tcColor -->
  <testcase name="tcColor" time="0.000" classname="com.hasbro.security.Colorway">
    <skipped/>
  </testcase> <!-- tcColor -->
  <testcase name="tcColor" time="0.000" classname="com.hasbro.security.Colorway">
    <skipped/>
  </testcase> <!-- tcColor -->
  <testcase name="tcColor" time="0.000" classname="com.hasbro.security.Colorway">
    <skipped/>
  </testcase> <!-- tcColor -->
  <testcase name="tcColor" time="0.000" classname="com.hasbro.security.Colorway">
    <skipped/>
  </testcase> <!-- tcColor -->
  <testcase name="tcColor" time="0.000" classname="com.hasbro.security.Colorway">
    <skipped/>
  </testcase> <!-- tcColor -->
  <testcase name="tcColor" time="0.000" classname="com.hasbro.security.Colorway">
    <skipped/>
  </testcase> <!-- tcColor -->
  <testcase name="tcColor" time="0.000" classname="com.hasbro.security.Colorway">
    <skipped/>
  </testcase> <!-- tcColor -->
  <testcase name="tcColor" time="0.000" classname="com.hasbro.security.Colorway">
    <skipped/>
  </testcase> <!-- tcColor -->
</testsuite> <!-- com.hasbro.security.Colorway -->
