<?xml version="1.0" encoding="UTF-8"?>
<!-- Generated by org.testng.reporters.JUnitReportReporter -->
<testsuite hostname="PDC3-LX-6021FG3" name="Security.Color" tests="10" failures="0" timestamp="5 Aug 2016 09:14:09 GMT" time="0.066" errors="10">
  <testcase name="tcColor" time="0.006" classname="Security.Color"/>
  <testcase name="tcColor" time="0.004" classname="Security.Color"/>
  <testcase name="tcColor" time="0.005" classname="Security.Color"/>
  <testcase name="tcColor" time="0.005" classname="Security.Color"/>
  <testcase name="tcColor" time="0.006" classname="Security.Color"/>
  <testcase name="tcColor" time="0.007" classname="Security.Color"/>
  <testcase name="tcColor" time="0.005" classname="Security.Color"/>
  <testcase name="tcColor" time="0.007" classname="Security.Color"/>
  <testcase name="tcColor" time="0.007" classname="Security.Color"/>
  <testcase name="tcColor" time="0.014" classname="Security.Color"/>
</testsuite> <!-- Security.Color -->
