<?xml version="1.0" encoding="UTF-8"?>
<!-- Generated by org.testng.reporters.JUnitReportReporter -->
<testsuite skipped="17" hostname="BDC6-LX-723061Y" name="com.hasbro.views.LineSheetView" tests="18" failures="0" timestamp="14 Jun 2018 07:15:37 GMT" time="39.235" errors="0">
  <testcase name="tclsView" time="0.256" classname="com.hasbro.views.LineSheetView">
    <skipped/>
  </testcase> <!-- tclsView -->
  <testcase name="tclsView" time="0.316" classname="com.hasbro.views.LineSheetView">
    <skipped/>
  </testcase> <!-- tclsView -->
  <testcase name="tclsView" time="0.228" classname="com.hasbro.views.LineSheetView">
    <skipped/>
  </testcase> <!-- tclsView -->
  <testcase name="tclsView" time="0.227" classname="com.hasbro.views.LineSheetView">
    <skipped/>
  </testcase> <!-- tclsView -->
  <testcase name="tclsView" time="0.228" classname="com.hasbro.views.LineSheetView">
    <skipped/>
  </testcase> <!-- tclsView -->
  <testcase name="tclsView" time="0.583" classname="com.hasbro.views.LineSheetView">
    <skipped/>
  </testcase> <!-- tclsView -->
  <testcase name="tclsView" time="0.205" classname="com.hasbro.views.LineSheetView">
    <skipped/>
  </testcase> <!-- tclsView -->
  <testcase name="tclsView" time="3.335" classname="com.hasbro.views.LineSheetView">
    <skipped/>
  </testcase> <!-- tclsView -->
  <testcase name="tclsView" time="31.599" classname="com.hasbro.views.LineSheetView"/>
  <testcase name="tclsView" time="0.340" classname="com.hasbro.views.LineSheetView">
    <skipped/>
  </testcase> <!-- tclsView -->
  <testcase name="tclsView" time="0.208" classname="com.hasbro.views.LineSheetView">
    <skipped/>
  </testcase> <!-- tclsView -->
  <testcase name="tclsView" time="0.267" classname="com.hasbro.views.LineSheetView">
    <skipped/>
  </testcase> <!-- tclsView -->
  <testcase name="tclsView" time="0.260" classname="com.hasbro.views.LineSheetView">
    <skipped/>
  </testcase> <!-- tclsView -->
  <testcase name="tclsView" time="0.206" classname="com.hasbro.views.LineSheetView">
    <skipped/>
  </testcase> <!-- tclsView -->
  <testcase name="tclsView" time="0.295" classname="com.hasbro.views.LineSheetView">
    <skipped/>
  </testcase> <!-- tclsView -->
  <testcase name="tclsView" time="0.237" classname="com.hasbro.views.LineSheetView">
    <skipped/>
  </testcase> <!-- tclsView -->
  <testcase name="tclsView" time="0.277" classname="com.hasbro.views.LineSheetView">
    <skipped/>
  </testcase> <!-- tclsView -->
  <testcase name="tclsView" time="0.168" classname="com.hasbro.views.LineSheetView">
    <skipped/>
  </testcase> <!-- tclsView -->
</testsuite> <!-- com.hasbro.views.LineSheetView -->
