<?xml version="1.0" encoding="UTF-8"?>
<!-- Generated by org.testng.reporters.JUnitReportReporter -->
<testsuite hostname="P3ALAP-6021FG3" name="com.hasbro.libraries.Product" tests="6" failures="6" timestamp="15 Mar 2017 08:56:02 GMT" time="0.000" errors="0">
  <testcase name="testcaseA1" time="0.000" classname="com.hasbro.libraries.Product">
    <failure type="java.lang.OutOfMemoryError" message="Java heap space">
      <![CDATA[java.lang.OutOfMemoryError: Java heap space
]]>
    </failure>
  </testcase> <!-- testcaseA1 -->
  <testcase name="testcaseA1" time="0.000" classname="com.hasbro.libraries.Product">
    <failure type="java.lang.OutOfMemoryError" message="Java heap space">
      <![CDATA[java.lang.OutOfMemoryError: Java heap space
]]>
    </failure>
  </testcase> <!-- testcaseA1 -->
  <testcase name="testcaseA1" time="0.000" classname="com.hasbro.libraries.Product">
    <failure type="java.lang.OutOfMemoryError" message="Java heap space">
      <![CDATA[java.lang.OutOfMemoryError: Java heap space
]]>
    </failure>
  </testcase> <!-- testcaseA1 -->
  <testcase name="testcaseA1" time="0.000" classname="com.hasbro.libraries.Product">
    <failure type="java.lang.OutOfMemoryError" message="Java heap space">
      <![CDATA[java.lang.OutOfMemoryError: Java heap space
]]>
    </failure>
  </testcase> <!-- testcaseA1 -->
  <testcase name="testcaseA1" time="0.000" classname="com.hasbro.libraries.Product">
    <failure type="java.lang.OutOfMemoryError" message="Java heap space">
      <![CDATA[java.lang.OutOfMemoryError: Java heap space
]]>
    </failure>
  </testcase> <!-- testcaseA1 -->
  <testcase name="testcaseA1" time="0.000" classname="com.hasbro.libraries.Product">
    <failure type="java.lang.OutOfMemoryError" message="Java heap space">
      <![CDATA[java.lang.OutOfMemoryError: Java heap space
]]>
    </failure>
  </testcase> <!-- testcaseA1 -->
</testsuite> <!-- com.hasbro.libraries.Product -->
