<?xml version="1.0" encoding="UTF-8"?>
<!-- Generated by org.testng.reporters.JUnitReportReporter -->
<testsuite skipped="20" hostname="BDC6-LX-723061Y" name="com.hasbro.views.CostSheetView" tests="20" failures="0" timestamp="14 Jun 2018 07:15:37 GMT" time="0.000" errors="0">
  <testcase name="tcView" time="0.000" classname="com.hasbro.views.CostSheetView">
    <skipped/>
  </testcase> <!-- tcView -->
  <testcase name="tcView" time="0.000" classname="com.hasbro.views.CostSheetView">
    <skipped/>
  </testcase> <!-- tcView -->
  <testcase name="tcView" time="0.000" classname="com.hasbro.views.CostSheetView">
    <skipped/>
  </testcase> <!-- tcView -->
  <testcase name="tcView" time="0.000" classname="com.hasbro.views.CostSheetView">
    <skipped/>
  </testcase> <!-- tcView -->
  <testcase name="tcView" time="0.000" classname="com.hasbro.views.CostSheetView">
    <skipped/>
  </testcase> <!-- tcView -->
  <testcase name="tcView" time="0.000" classname="com.hasbro.views.CostSheetView">
    <skipped/>
  </testcase> <!-- tcView -->
  <testcase name="tcView" time="0.000" classname="com.hasbro.views.CostSheetView">
    <skipped/>
  </testcase> <!-- tcView -->
  <testcase name="tcView" time="0.000" classname="com.hasbro.views.CostSheetView">
    <skipped/>
  </testcase> <!-- tcView -->
  <testcase name="tcView" time="0.000" classname="com.hasbro.views.CostSheetView">
    <skipped/>
  </testcase> <!-- tcView -->
  <testcase name="tcView" time="0.000" classname="com.hasbro.views.CostSheetView">
    <skipped/>
  </testcase> <!-- tcView -->
  <testcase name="tcView" time="0.000" classname="com.hasbro.views.CostSheetView">
    <skipped/>
  </testcase> <!-- tcView -->
  <testcase name="tcView" time="0.000" classname="com.hasbro.views.CostSheetView">
    <skipped/>
  </testcase> <!-- tcView -->
  <testcase name="tcView" time="0.000" classname="com.hasbro.views.CostSheetView">
    <skipped/>
  </testcase> <!-- tcView -->
  <testcase name="tcView" time="0.000" classname="com.hasbro.views.CostSheetView">
    <skipped/>
  </testcase> <!-- tcView -->
  <testcase name="tcView" time="0.000" classname="com.hasbro.views.CostSheetView">
    <skipped/>
  </testcase> <!-- tcView -->
  <testcase name="tcView" time="0.000" classname="com.hasbro.views.CostSheetView">
    <skipped/>
  </testcase> <!-- tcView -->
  <testcase name="tcView" time="0.000" classname="com.hasbro.views.CostSheetView">
    <skipped/>
  </testcase> <!-- tcView -->
  <testcase name="tcView" time="0.000" classname="com.hasbro.views.CostSheetView">
    <skipped/>
  </testcase> <!-- tcView -->
  <testcase name="tcView" time="0.000" classname="com.hasbro.views.CostSheetView">
    <skipped/>
  </testcase> <!-- tcView -->
  <testcase name="tcView" time="0.000" classname="com.hasbro.views.CostSheetView">
    <skipped/>
  </testcase> <!-- tcView -->
</testsuite> <!-- com.hasbro.views.CostSheetView -->
