<?xml version="1.0" encoding="UTF-8"?>
<!-- Generated by org.testng.reporters.JUnitReportReporter -->
<testsuite hostname="PDC3-LX-6021FG3" name="shopSuite.CheckProductDisplay" tests="1" failures="0" timestamp="16 Jul 2016 06:36:54 GMT" time="0.007" errors="1">
  <testcase name="testcaseA2" time="0.007" classname="shopSuite.CheckProductDisplay"/>
</testsuite> <!-- shopSuite.CheckProductDisplay -->
