<?xml version="1.0" encoding="UTF-8"?>
<!-- Generated by org.testng.reporters.JUnitReportReporter -->
<testsuite hostname="P3ALAP-6021FG3" name="com.hasbro.libraries.CheckProductDisplay" tests="1" failures="1" timestamp="15 Mar 2017 08:56:02 GMT" time="0.000" errors="0">
  <testcase name="testcaseA2" time="0.000" classname="com.hasbro.libraries.CheckProductDisplay">
    <failure type="java.lang.OutOfMemoryError" message="Java heap space">
      <![CDATA[java.lang.OutOfMemoryError: Java heap space
]]>
    </failure>
  </testcase> <!-- testcaseA2 -->
</testsuite> <!-- com.hasbro.libraries.CheckProductDisplay -->
