<?xml version="1.0" encoding="UTF-8"?>
<!-- Generated by org.testng.reporters.JUnitReportReporter -->
<testsuite skipped="1" hostname="BDC6-LX-723061Y" name="com.hasbro.ci2018.CI307" tests="1" failures="0" timestamp="30 Aug 2018 09:44:05 GMT" time="0.000" errors="0">
  <testcase name="tcCI" time="0.000" classname="com.hasbro.ci2018.CI307">
    <skipped/>
  </testcase> <!-- tcCI -->
</testsuite> <!-- com.hasbro.ci2018.CI307 -->
