<?xml version="1.0" encoding="UTF-8"?>
<!-- Generated by org.testng.reporters.JUnitReportReporter -->
<testsuite skipped="9" hostname="P3BLAP-7172WMV" name="com.hasbro.PC.CSFunctional" tests="9" failures="0" timestamp="01 Nov 2017 07:13:16 GMT" time="0.000" errors="0">
  <testcase name="tcSourcingConfig" time="0.000" classname="com.hasbro.PC.CSFunctional">
    <skipped/>
  </testcase> <!-- tcSourcingConfig -->
  <testcase name="tcSourcingConfig" time="0.000" classname="com.hasbro.PC.CSFunctional">
    <skipped/>
  </testcase> <!-- tcSourcingConfig -->
  <testcase name="tcSourcingConfig" time="0.000" classname="com.hasbro.PC.CSFunctional">
    <skipped/>
  </testcase> <!-- tcSourcingConfig -->
  <testcase name="tcSourcingConfig" time="0.000" classname="com.hasbro.PC.CSFunctional">
    <skipped/>
  </testcase> <!-- tcSourcingConfig -->
  <testcase name="tcSourcingConfig" time="0.000" classname="com.hasbro.PC.CSFunctional">
    <skipped/>
  </testcase> <!-- tcSourcingConfig -->
  <testcase name="tcSourcingConfig" time="0.000" classname="com.hasbro.PC.CSFunctional">
    <skipped/>
  </testcase> <!-- tcSourcingConfig -->
  <testcase name="tcSourcingConfig" time="0.000" classname="com.hasbro.PC.CSFunctional">
    <skipped/>
  </testcase> <!-- tcSourcingConfig -->
  <testcase name="tcSourcingConfig" time="0.000" classname="com.hasbro.PC.CSFunctional">
    <skipped/>
  </testcase> <!-- tcSourcingConfig -->
  <testcase name="tcSourcingConfig" time="0.000" classname="com.hasbro.PC.CSFunctional">
    <skipped/>
  </testcase> <!-- tcSourcingConfig -->
</testsuite> <!-- com.hasbro.PC.CSFunctional -->
