<?xml version="1.0" encoding="UTF-8"?>
<!-- Generated by org.testng.reporters.JUnitReportReporter -->
<testsuite hostname="P3ALAP-6021FG3" name="com.hasbro.security.BOM" tests="200" failures="0" timestamp="25 Nov 2016 08:37:39 GMT" time="0.431" errors="200">
  <testcase name="tcBOM" time="0.002" classname="com.hasbro.security.BOM"/>
  <testcase name="tcBOM" time="0.001" classname="com.hasbro.security.BOM"/>
  <testcase name="tcBOM" time="0.002" classname="com.hasbro.security.BOM"/>
  <testcase name="tcBOM" time="0.001" classname="com.hasbro.security.BOM"/>
  <testcase name="tcBOM" time="0.001" classname="com.hasbro.security.BOM"/>
  <testcase name="tcBOM" time="0.001" classname="com.hasbro.security.BOM"/>
  <testcase name="tcBOM" time="0.001" classname="com.hasbro.security.BOM"/>
  <testcase name="tcBOM" time="0.001" classname="com.hasbro.security.BOM"/>
  <testcase name="tcBOM" time="0.001" classname="com.hasbro.security.BOM"/>
  <testcase name="tcBOM" time="0.001" classname="com.hasbro.security.BOM"/>
  <testcase name="tcBOM" time="0.003" classname="com.hasbro.security.BOM"/>
  <testcase name="tcBOM" time="0.001" classname="com.hasbro.security.BOM"/>
  <testcase name="tcBOM" time="0.002" classname="com.hasbro.security.BOM"/>
  <testcase name="tcBOM" time="0.001" classname="com.hasbro.security.BOM"/>
  <testcase name="tcBOM" time="0.018" classname="com.hasbro.security.BOM"/>
  <testcase name="tcBOM" time="0.001" classname="com.hasbro.security.BOM"/>
  <testcase name="tcBOM" time="0.001" classname="com.hasbro.security.BOM"/>
  <testcase name="tcBOM" time="0.001" classname="com.hasbro.security.BOM"/>
  <testcase name="tcBOM" time="0.001" classname="com.hasbro.security.BOM"/>
  <testcase name="tcBOM" time="0.002" classname="com.hasbro.security.BOM"/>
  <testcase name="tcBOM" time="0.001" classname="com.hasbro.security.BOM"/>
  <testcase name="tcBOM" time="0.001" classname="com.hasbro.security.BOM"/>
  <testcase name="tcBOM" time="0.001" classname="com.hasbro.security.BOM"/>
  <testcase name="tcBOM" time="0.001" classname="com.hasbro.security.BOM"/>
  <testcase name="tcBOM" time="0.001" classname="com.hasbro.security.BOM"/>
  <testcase name="tcBOM" time="0.001" classname="com.hasbro.security.BOM"/>
  <testcase name="tcBOM" time="0.001" classname="com.hasbro.security.BOM"/>
  <testcase name="tcBOM" time="0.001" classname="com.hasbro.security.BOM"/>
  <testcase name="tcBOM" time="0.002" classname="com.hasbro.security.BOM"/>
  <testcase name="tcBOM" time="0.001" classname="com.hasbro.security.BOM"/>
  <testcase name="tcBOM" time="0.002" classname="com.hasbro.security.BOM"/>
  <testcase name="tcBOM" time="0.001" classname="com.hasbro.security.BOM"/>
  <testcase name="tcBOM" time="0.002" classname="com.hasbro.security.BOM"/>
  <testcase name="tcBOM" time="0.001" classname="com.hasbro.security.BOM"/>
  <testcase name="tcBOM" time="0.002" classname="com.hasbro.security.BOM"/>
  <testcase name="tcBOM" time="0.001" classname="com.hasbro.security.BOM"/>
  <testcase name="tcBOM" time="0.002" classname="com.hasbro.security.BOM"/>
  <testcase name="tcBOM" time="0.002" classname="com.hasbro.security.BOM"/>
  <testcase name="tcBOM" time="0.001" classname="com.hasbro.security.BOM"/>
  <testcase name="tcBOM" time="0.001" classname="com.hasbro.security.BOM"/>
  <testcase name="tcBOM" time="0.001" classname="com.hasbro.security.BOM"/>
  <testcase name="tcBOM" time="0.001" classname="com.hasbro.security.BOM"/>
  <testcase name="tcBOM" time="0.001" classname="com.hasbro.security.BOM"/>
  <testcase name="tcBOM" time="0.001" classname="com.hasbro.security.BOM"/>
  <testcase name="tcBOM" time="0.001" classname="com.hasbro.security.BOM"/>
  <testcase name="tcBOM" time="0.001" classname="com.hasbro.security.BOM"/>
  <testcase name="tcBOM" time="0.001" classname="com.hasbro.security.BOM"/>
  <testcase name="tcBOM" time="0.020" classname="com.hasbro.security.BOM"/>
  <testcase name="tcBOM" time="0.001" classname="com.hasbro.security.BOM"/>
  <testcase name="tcBOM" time="0.001" classname="com.hasbro.security.BOM"/>
  <testcase name="tcBOM" time="0.002" classname="com.hasbro.security.BOM"/>
  <testcase name="tcBOM" time="0.001" classname="com.hasbro.security.BOM"/>
  <testcase name="tcBOM" time="0.002" classname="com.hasbro.security.BOM"/>
  <testcase name="tcBOM" time="0.001" classname="com.hasbro.security.BOM"/>
  <testcase name="tcBOM" time="0.001" classname="com.hasbro.security.BOM"/>
  <testcase name="tcBOM" time="0.001" classname="com.hasbro.security.BOM"/>
  <testcase name="tcBOM" time="0.018" classname="com.hasbro.security.BOM"/>
  <testcase name="tcBOM" time="0.001" classname="com.hasbro.security.BOM"/>
  <testcase name="tcBOM" time="0.001" classname="com.hasbro.security.BOM"/>
  <testcase name="tcBOM" time="0.002" classname="com.hasbro.security.BOM"/>
  <testcase name="tcBOM" time="0.001" classname="com.hasbro.security.BOM"/>
  <testcase name="tcBOM" time="0.001" classname="com.hasbro.security.BOM"/>
  <testcase name="tcBOM" time="0.001" classname="com.hasbro.security.BOM"/>
  <testcase name="tcBOM" time="0.002" classname="com.hasbro.security.BOM"/>
  <testcase name="tcBOM" time="0.002" classname="com.hasbro.security.BOM"/>
  <testcase name="tcBOM" time="0.001" classname="com.hasbro.security.BOM"/>
  <testcase name="tcBOM" time="0.002" classname="com.hasbro.security.BOM"/>
  <testcase name="tcBOM" time="0.001" classname="com.hasbro.security.BOM"/>
  <testcase name="tcBOM" time="0.001" classname="com.hasbro.security.BOM"/>
  <testcase name="tcBOM" time="0.001" classname="com.hasbro.security.BOM"/>
  <testcase name="tcBOM" time="0.001" classname="com.hasbro.security.BOM"/>
  <testcase name="tcBOM" time="0.002" classname="com.hasbro.security.BOM"/>
  <testcase name="tcBOM" time="0.002" classname="com.hasbro.security.BOM"/>
  <testcase name="tcBOM" time="0.001" classname="com.hasbro.security.BOM"/>
  <testcase name="tcBOM" time="0.002" classname="com.hasbro.security.BOM"/>
  <testcase name="tcBOM" time="0.001" classname="com.hasbro.security.BOM"/>
  <testcase name="tcBOM" time="0.001" classname="com.hasbro.security.BOM"/>
  <testcase name="tcBOM" time="0.000" classname="com.hasbro.security.BOM"/>
  <testcase name="tcBOM" time="0.001" classname="com.hasbro.security.BOM"/>
  <testcase name="tcBOM" time="0.001" classname="com.hasbro.security.BOM"/>
  <testcase name="tcBOM" time="0.002" classname="com.hasbro.security.BOM"/>
  <testcase name="tcBOM" time="0.002" classname="com.hasbro.security.BOM"/>
  <testcase name="tcBOM" time="0.002" classname="com.hasbro.security.BOM"/>
  <testcase name="tcBOM" time="0.001" classname="com.hasbro.security.BOM"/>
  <testcase name="tcBOM" time="0.001" classname="com.hasbro.security.BOM"/>
  <testcase name="tcBOM" time="0.002" classname="com.hasbro.security.BOM"/>
  <testcase name="tcBOM" time="0.001" classname="com.hasbro.security.BOM"/>
  <testcase name="tcBOM" time="0.001" classname="com.hasbro.security.BOM"/>
  <testcase name="tcBOM" time="0.002" classname="com.hasbro.security.BOM"/>
  <testcase name="tcBOM" time="0.001" classname="com.hasbro.security.BOM"/>
  <testcase name="tcBOM" time="0.001" classname="com.hasbro.security.BOM"/>
  <testcase name="tcBOM" time="0.020" classname="com.hasbro.security.BOM"/>
  <testcase name="tcBOM" time="0.001" classname="com.hasbro.security.BOM"/>
  <testcase name="tcBOM" time="0.002" classname="com.hasbro.security.BOM"/>
  <testcase name="tcBOM" time="0.001" classname="com.hasbro.security.BOM"/>
  <testcase name="tcBOM" time="0.001" classname="com.hasbro.security.BOM"/>
  <testcase name="tcBOM" time="0.002" classname="com.hasbro.security.BOM"/>
  <testcase name="tcBOM" time="0.001" classname="com.hasbro.security.BOM"/>
  <testcase name="tcBOM" time="0.002" classname="com.hasbro.security.BOM"/>
  <testcase name="tcBOM" time="0.001" classname="com.hasbro.security.BOM"/>
  <testcase name="tcBOM" time="0.001" classname="com.hasbro.security.BOM"/>
  <testcase name="tcBOM" time="0.002" classname="com.hasbro.security.BOM"/>
  <testcase name="tcBOM" time="0.001" classname="com.hasbro.security.BOM"/>
  <testcase name="tcBOM" time="0.001" classname="com.hasbro.security.BOM"/>
  <testcase name="tcBOM" time="0.001" classname="com.hasbro.security.BOM"/>
  <testcase name="tcBOM" time="0.002" classname="com.hasbro.security.BOM"/>
  <testcase name="tcBOM" time="0.001" classname="com.hasbro.security.BOM"/>
  <testcase name="tcBOM" time="0.001" classname="com.hasbro.security.BOM"/>
  <testcase name="tcBOM" time="0.001" classname="com.hasbro.security.BOM"/>
  <testcase name="tcBOM" time="0.002" classname="com.hasbro.security.BOM"/>
  <testcase name="tcBOM" time="0.001" classname="com.hasbro.security.BOM"/>
  <testcase name="tcBOM" time="0.002" classname="com.hasbro.security.BOM"/>
  <testcase name="tcBOM" time="0.001" classname="com.hasbro.security.BOM"/>
  <testcase name="tcBOM" time="0.001" classname="com.hasbro.security.BOM"/>
  <testcase name="tcBOM" time="0.002" classname="com.hasbro.security.BOM"/>
  <testcase name="tcBOM" time="0.001" classname="com.hasbro.security.BOM"/>
  <testcase name="tcBOM" time="0.002" classname="com.hasbro.security.BOM"/>
  <testcase name="tcBOM" time="0.002" classname="com.hasbro.security.BOM"/>
  <testcase name="tcBOM" time="0.001" classname="com.hasbro.security.BOM"/>
  <testcase name="tcBOM" time="0.001" classname="com.hasbro.security.BOM"/>
  <testcase name="tcBOM" time="0.002" classname="com.hasbro.security.BOM"/>
  <testcase name="tcBOM" time="0.020" classname="com.hasbro.security.BOM"/>
  <testcase name="tcBOM" time="0.001" classname="com.hasbro.security.BOM"/>
  <testcase name="tcBOM" time="0.001" classname="com.hasbro.security.BOM"/>
  <testcase name="tcBOM" time="0.001" classname="com.hasbro.security.BOM"/>
  <testcase name="tcBOM" time="0.002" classname="com.hasbro.security.BOM"/>
  <testcase name="tcBOM" time="0.002" classname="com.hasbro.security.BOM"/>
  <testcase name="tcBOM" time="0.000" classname="com.hasbro.security.BOM"/>
  <testcase name="tcBOM" time="0.001" classname="com.hasbro.security.BOM"/>
  <testcase name="tcBOM" time="0.002" classname="com.hasbro.security.BOM"/>
  <testcase name="tcBOM" time="0.001" classname="com.hasbro.security.BOM"/>
  <testcase name="tcBOM" time="0.002" classname="com.hasbro.security.BOM"/>
  <testcase name="tcBOM" time="0.001" classname="com.hasbro.security.BOM"/>
  <testcase name="tcBOM" time="0.001" classname="com.hasbro.security.BOM"/>
  <testcase name="tcBOM" time="0.001" classname="com.hasbro.security.BOM"/>
  <testcase name="tcBOM" time="0.002" classname="com.hasbro.security.BOM"/>
  <testcase name="tcBOM" time="0.002" classname="com.hasbro.security.BOM"/>
  <testcase name="tcBOM" time="0.001" classname="com.hasbro.security.BOM"/>
  <testcase name="tcBOM" time="0.002" classname="com.hasbro.security.BOM"/>
  <testcase name="tcBOM" time="0.026" classname="com.hasbro.security.BOM"/>
  <testcase name="tcBOM" time="0.002" classname="com.hasbro.security.BOM"/>
  <testcase name="tcBOM" time="0.002" classname="com.hasbro.security.BOM"/>
  <testcase name="tcBOM" time="0.002" classname="com.hasbro.security.BOM"/>
  <testcase name="tcBOM" time="0.001" classname="com.hasbro.security.BOM"/>
  <testcase name="tcBOM" time="0.001" classname="com.hasbro.security.BOM"/>
  <testcase name="tcBOM" time="0.001" classname="com.hasbro.security.BOM"/>
  <testcase name="tcBOM" time="0.002" classname="com.hasbro.security.BOM"/>
  <testcase name="tcBOM" time="0.001" classname="com.hasbro.security.BOM"/>
  <testcase name="tcBOM" time="0.001" classname="com.hasbro.security.BOM"/>
  <testcase name="tcBOM" time="0.001" classname="com.hasbro.security.BOM"/>
  <testcase name="tcBOM" time="0.021" classname="com.hasbro.security.BOM"/>
  <testcase name="tcBOM" time="0.016" classname="com.hasbro.security.BOM"/>
  <testcase name="tcBOM" time="0.001" classname="com.hasbro.security.BOM"/>
  <testcase name="tcBOM" time="0.002" classname="com.hasbro.security.BOM"/>
  <testcase name="tcBOM" time="0.002" classname="com.hasbro.security.BOM"/>
  <testcase name="tcBOM" time="0.001" classname="com.hasbro.security.BOM"/>
  <testcase name="tcBOM" time="0.001" classname="com.hasbro.security.BOM"/>
  <testcase name="tcBOM" time="0.001" classname="com.hasbro.security.BOM"/>
  <testcase name="tcBOM" time="0.001" classname="com.hasbro.security.BOM"/>
  <testcase name="tcBOM" time="0.001" classname="com.hasbro.security.BOM"/>
  <testcase name="tcBOM" time="0.001" classname="com.hasbro.security.BOM"/>
  <testcase name="tcBOM" time="0.001" classname="com.hasbro.security.BOM"/>
  <testcase name="tcBOM" time="0.001" classname="com.hasbro.security.BOM"/>
  <testcase name="tcBOM" time="0.001" classname="com.hasbro.security.BOM"/>
  <testcase name="tcBOM" time="0.001" classname="com.hasbro.security.BOM"/>
  <testcase name="tcBOM" time="0.001" classname="com.hasbro.security.BOM"/>
  <testcase name="tcBOM" time="0.017" classname="com.hasbro.security.BOM"/>
  <testcase name="tcBOM" time="0.001" classname="com.hasbro.security.BOM"/>
  <testcase name="tcBOM" time="0.001" classname="com.hasbro.security.BOM"/>
  <testcase name="tcBOM" time="0.001" classname="com.hasbro.security.BOM"/>
  <testcase name="tcBOM" time="0.001" classname="com.hasbro.security.BOM"/>
  <testcase name="tcBOM" time="0.002" classname="com.hasbro.security.BOM"/>
  <testcase name="tcBOM" time="0.001" classname="com.hasbro.security.BOM"/>
  <testcase name="tcBOM" time="0.001" classname="com.hasbro.security.BOM"/>
  <testcase name="tcBOM" time="0.001" classname="com.hasbro.security.BOM"/>
  <testcase name="tcBOM" time="0.001" classname="com.hasbro.security.BOM"/>
  <testcase name="tcBOM" time="0.001" classname="com.hasbro.security.BOM"/>
  <testcase name="tcBOM" time="0.001" classname="com.hasbro.security.BOM"/>
  <testcase name="tcBOM" time="0.001" classname="com.hasbro.security.BOM"/>
  <testcase name="tcBOM" time="0.001" classname="com.hasbro.security.BOM"/>
  <testcase name="tcBOM" time="0.001" classname="com.hasbro.security.BOM"/>
  <testcase name="tcBOM" time="0.001" classname="com.hasbro.security.BOM"/>
  <testcase name="tcBOM" time="0.001" classname="com.hasbro.security.BOM"/>
  <testcase name="tcBOM" time="0.001" classname="com.hasbro.security.BOM"/>
  <testcase name="tcBOM" time="0.001" classname="com.hasbro.security.BOM"/>
  <testcase name="tcBOM" time="0.001" classname="com.hasbro.security.BOM"/>
  <testcase name="tcBOM" time="0.003" classname="com.hasbro.security.BOM"/>
  <testcase name="tcBOM" time="0.001" classname="com.hasbro.security.BOM"/>
  <testcase name="tcBOM" time="0.002" classname="com.hasbro.security.BOM"/>
  <testcase name="tcBOM" time="0.002" classname="com.hasbro.security.BOM"/>
  <testcase name="tcBOM" time="0.006" classname="com.hasbro.security.BOM"/>
  <testcase name="tcBOM" time="0.003" classname="com.hasbro.security.BOM"/>
  <testcase name="tcBOM" time="0.001" classname="com.hasbro.security.BOM"/>
  <testcase name="tcBOM" time="0.002" classname="com.hasbro.security.BOM"/>
  <testcase name="tcBOM" time="0.001" classname="com.hasbro.security.BOM"/>
  <testcase name="tcBOM" time="0.001" classname="com.hasbro.security.BOM"/>
  <testcase name="tcBOM" time="0.002" classname="com.hasbro.security.BOM"/>
  <testcase name="tcBOM" time="0.002" classname="com.hasbro.security.BOM"/>
  <testcase name="tcBOM" time="0.002" classname="com.hasbro.security.BOM"/>
  <testcase name="tcBOM" time="0.001" classname="com.hasbro.security.BOM"/>
</testsuite> <!-- com.hasbro.security.BOM -->
