<?xml version="1.0" encoding="UTF-8"?>
<!-- Generated by org.testng.reporters.JUnitReportReporter -->
<testsuite skipped="475" hostname="BDC6-LX-723061Y" name="com.hasbro.security.BOMInternalMainUser" tests="475" failures="0" timestamp="20 Mar 2018 12:33:07 GMT" time="0.000" errors="0">
  <testcase name="tcBOM" time="0.000" classname="com.hasbro.security.BOMInternalMainUser">
    <skipped/>
  </testcase> <!-- tcBOM -->
  <testcase name="tcBOM" time="0.000" classname="com.hasbro.security.BOMInternalMainUser">
    <skipped/>
  </testcase> <!-- tcBOM -->
  <testcase name="tcBOM" time="0.000" classname="com.hasbro.security.BOMInternalMainUser">
    <skipped/>
  </testcase> <!-- tcBOM -->
  <testcase name="tcBOM" time="0.000" classname="com.hasbro.security.BOMInternalMainUser">
    <skipped/>
  </testcase> <!-- tcBOM -->
  <testcase name="tcBOM" time="0.000" classname="com.hasbro.security.BOMInternalMainUser">
    <skipped/>
  </testcase> <!-- tcBOM -->
  <testcase name="tcBOM" time="0.000" classname="com.hasbro.security.BOMInternalMainUser">
    <skipped/>
  </testcase> <!-- tcBOM -->
  <testcase name="tcBOM" time="0.000" classname="com.hasbro.security.BOMInternalMainUser">
    <skipped/>
  </testcase> <!-- tcBOM -->
  <testcase name="tcBOM" time="0.000" classname="com.hasbro.security.BOMInternalMainUser">
    <skipped/>
  </testcase> <!-- tcBOM -->
  <testcase name="tcBOM" time="0.000" classname="com.hasbro.security.BOMInternalMainUser">
    <skipped/>
  </testcase> <!-- tcBOM -->
  <testcase name="tcBOM" time="0.000" classname="com.hasbro.security.BOMInternalMainUser">
    <skipped/>
  </testcase> <!-- tcBOM -->
  <testcase name="tcBOM" time="0.000" classname="com.hasbro.security.BOMInternalMainUser">
    <skipped/>
  </testcase> <!-- tcBOM -->
  <testcase name="tcBOM" time="0.000" classname="com.hasbro.security.BOMInternalMainUser">
    <skipped/>
  </testcase> <!-- tcBOM -->
  <testcase name="tcBOM" time="0.000" classname="com.hasbro.security.BOMInternalMainUser">
    <skipped/>
  </testcase> <!-- tcBOM -->
  <testcase name="tcBOM" time="0.000" classname="com.hasbro.security.BOMInternalMainUser">
    <skipped/>
  </testcase> <!-- tcBOM -->
  <testcase name="tcBOM" time="0.000" classname="com.hasbro.security.BOMInternalMainUser">
    <skipped/>
  </testcase> <!-- tcBOM -->
  <testcase name="tcBOM" time="0.000" classname="com.hasbro.security.BOMInternalMainUser">
    <skipped/>
  </testcase> <!-- tcBOM -->
  <testcase name="tcBOM" time="0.000" classname="com.hasbro.security.BOMInternalMainUser">
    <skipped/>
  </testcase> <!-- tcBOM -->
  <testcase name="tcBOM" time="0.000" classname="com.hasbro.security.BOMInternalMainUser">
    <skipped/>
  </testcase> <!-- tcBOM -->
  <testcase name="tcBOM" time="0.000" classname="com.hasbro.security.BOMInternalMainUser">
    <skipped/>
  </testcase> <!-- tcBOM -->
  <testcase name="tcBOM" time="0.000" classname="com.hasbro.security.BOMInternalMainUser">
    <skipped/>
  </testcase> <!-- tcBOM -->
  <testcase name="tcBOM" time="0.000" classname="com.hasbro.security.BOMInternalMainUser">
    <skipped/>
  </testcase> <!-- tcBOM -->
  <testcase name="tcBOM" time="0.000" classname="com.hasbro.security.BOMInternalMainUser">
    <skipped/>
  </testcase> <!-- tcBOM -->
  <testcase name="tcBOM" time="0.000" classname="com.hasbro.security.BOMInternalMainUser">
    <skipped/>
  </testcase> <!-- tcBOM -->
  <testcase name="tcBOM" time="0.000" classname="com.hasbro.security.BOMInternalMainUser">
    <skipped/>
  </testcase> <!-- tcBOM -->
  <testcase name="tcBOM" time="0.000" classname="com.hasbro.security.BOMInternalMainUser">
    <skipped/>
  </testcase> <!-- tcBOM -->
  <testcase name="tcBOM" time="0.000" classname="com.hasbro.security.BOMInternalMainUser">
    <skipped/>
  </testcase> <!-- tcBOM -->
  <testcase name="tcBOM" time="0.000" classname="com.hasbro.security.BOMInternalMainUser">
    <skipped/>
  </testcase> <!-- tcBOM -->
  <testcase name="tcBOM" time="0.000" classname="com.hasbro.security.BOMInternalMainUser">
    <skipped/>
  </testcase> <!-- tcBOM -->
  <testcase name="tcBOM" time="0.000" classname="com.hasbro.security.BOMInternalMainUser">
    <skipped/>
  </testcase> <!-- tcBOM -->
  <testcase name="tcBOM" time="0.000" classname="com.hasbro.security.BOMInternalMainUser">
    <skipped/>
  </testcase> <!-- tcBOM -->
  <testcase name="tcBOM" time="0.000" classname="com.hasbro.security.BOMInternalMainUser">
    <skipped/>
  </testcase> <!-- tcBOM -->
  <testcase name="tcBOM" time="0.000" classname="com.hasbro.security.BOMInternalMainUser">
    <skipped/>
  </testcase> <!-- tcBOM -->
  <testcase name="tcBOM" time="0.000" classname="com.hasbro.security.BOMInternalMainUser">
    <skipped/>
  </testcase> <!-- tcBOM -->
  <testcase name="tcBOM" time="0.000" classname="com.hasbro.security.BOMInternalMainUser">
    <skipped/>
  </testcase> <!-- tcBOM -->
  <testcase name="tcBOM" time="0.000" classname="com.hasbro.security.BOMInternalMainUser">
    <skipped/>
  </testcase> <!-- tcBOM -->
  <testcase name="tcBOM" time="0.000" classname="com.hasbro.security.BOMInternalMainUser">
    <skipped/>
  </testcase> <!-- tcBOM -->
  <testcase name="tcBOM" time="0.000" classname="com.hasbro.security.BOMInternalMainUser">
    <skipped/>
  </testcase> <!-- tcBOM -->
  <testcase name="tcBOM" time="0.000" classname="com.hasbro.security.BOMInternalMainUser">
    <skipped/>
  </testcase> <!-- tcBOM -->
  <testcase name="tcBOM" time="0.000" classname="com.hasbro.security.BOMInternalMainUser">
    <skipped/>
  </testcase> <!-- tcBOM -->
  <testcase name="tcBOM" time="0.000" classname="com.hasbro.security.BOMInternalMainUser">
    <skipped/>
  </testcase> <!-- tcBOM -->
  <testcase name="tcBOM" time="0.000" classname="com.hasbro.security.BOMInternalMainUser">
    <skipped/>
  </testcase> <!-- tcBOM -->
  <testcase name="tcBOM" time="0.000" classname="com.hasbro.security.BOMInternalMainUser">
    <skipped/>
  </testcase> <!-- tcBOM -->
  <testcase name="tcBOM" time="0.000" classname="com.hasbro.security.BOMInternalMainUser">
    <skipped/>
  </testcase> <!-- tcBOM -->
  <testcase name="tcBOM" time="0.000" classname="com.hasbro.security.BOMInternalMainUser">
    <skipped/>
  </testcase> <!-- tcBOM -->
  <testcase name="tcBOM" time="0.000" classname="com.hasbro.security.BOMInternalMainUser">
    <skipped/>
  </testcase> <!-- tcBOM -->
  <testcase name="tcBOM" time="0.000" classname="com.hasbro.security.BOMInternalMainUser">
    <skipped/>
  </testcase> <!-- tcBOM -->
  <testcase name="tcBOM" time="0.000" classname="com.hasbro.security.BOMInternalMainUser">
    <skipped/>
  </testcase> <!-- tcBOM -->
  <testcase name="tcBOM" time="0.000" classname="com.hasbro.security.BOMInternalMainUser">
    <skipped/>
  </testcase> <!-- tcBOM -->
  <testcase name="tcBOM" time="0.000" classname="com.hasbro.security.BOMInternalMainUser">
    <skipped/>
  </testcase> <!-- tcBOM -->
  <testcase name="tcBOM" time="0.000" classname="com.hasbro.security.BOMInternalMainUser">
    <skipped/>
  </testcase> <!-- tcBOM -->
  <testcase name="tcBOM" time="0.000" classname="com.hasbro.security.BOMInternalMainUser">
    <skipped/>
  </testcase> <!-- tcBOM -->
  <testcase name="tcBOM" time="0.000" classname="com.hasbro.security.BOMInternalMainUser">
    <skipped/>
  </testcase> <!-- tcBOM -->
  <testcase name="tcBOM" time="0.000" classname="com.hasbro.security.BOMInternalMainUser">
    <skipped/>
  </testcase> <!-- tcBOM -->
  <testcase name="tcBOM" time="0.000" classname="com.hasbro.security.BOMInternalMainUser">
    <skipped/>
  </testcase> <!-- tcBOM -->
  <testcase name="tcBOM" time="0.000" classname="com.hasbro.security.BOMInternalMainUser">
    <skipped/>
  </testcase> <!-- tcBOM -->
  <testcase name="tcBOM" time="0.000" classname="com.hasbro.security.BOMInternalMainUser">
    <skipped/>
  </testcase> <!-- tcBOM -->
  <testcase name="tcBOM" time="0.000" classname="com.hasbro.security.BOMInternalMainUser">
    <skipped/>
  </testcase> <!-- tcBOM -->
  <testcase name="tcBOM" time="0.000" classname="com.hasbro.security.BOMInternalMainUser">
    <skipped/>
  </testcase> <!-- tcBOM -->
  <testcase name="tcBOM" time="0.000" classname="com.hasbro.security.BOMInternalMainUser">
    <skipped/>
  </testcase> <!-- tcBOM -->
  <testcase name="tcBOM" time="0.000" classname="com.hasbro.security.BOMInternalMainUser">
    <skipped/>
  </testcase> <!-- tcBOM -->
  <testcase name="tcBOM" time="0.000" classname="com.hasbro.security.BOMInternalMainUser">
    <skipped/>
  </testcase> <!-- tcBOM -->
  <testcase name="tcBOM" time="0.000" classname="com.hasbro.security.BOMInternalMainUser">
    <skipped/>
  </testcase> <!-- tcBOM -->
  <testcase name="tcBOM" time="0.000" classname="com.hasbro.security.BOMInternalMainUser">
    <skipped/>
  </testcase> <!-- tcBOM -->
  <testcase name="tcBOM" time="0.000" classname="com.hasbro.security.BOMInternalMainUser">
    <skipped/>
  </testcase> <!-- tcBOM -->
  <testcase name="tcBOM" time="0.000" classname="com.hasbro.security.BOMInternalMainUser">
    <skipped/>
  </testcase> <!-- tcBOM -->
  <testcase name="tcBOM" time="0.000" classname="com.hasbro.security.BOMInternalMainUser">
    <skipped/>
  </testcase> <!-- tcBOM -->
  <testcase name="tcBOM" time="0.000" classname="com.hasbro.security.BOMInternalMainUser">
    <skipped/>
  </testcase> <!-- tcBOM -->
  <testcase name="tcBOM" time="0.000" classname="com.hasbro.security.BOMInternalMainUser">
    <skipped/>
  </testcase> <!-- tcBOM -->
  <testcase name="tcBOM" time="0.000" classname="com.hasbro.security.BOMInternalMainUser">
    <skipped/>
  </testcase> <!-- tcBOM -->
  <testcase name="tcBOM" time="0.000" classname="com.hasbro.security.BOMInternalMainUser">
    <skipped/>
  </testcase> <!-- tcBOM -->
  <testcase name="tcBOM" time="0.000" classname="com.hasbro.security.BOMInternalMainUser">
    <skipped/>
  </testcase> <!-- tcBOM -->
  <testcase name="tcBOM" time="0.000" classname="com.hasbro.security.BOMInternalMainUser">
    <skipped/>
  </testcase> <!-- tcBOM -->
  <testcase name="tcBOM" time="0.000" classname="com.hasbro.security.BOMInternalMainUser">
    <skipped/>
  </testcase> <!-- tcBOM -->
  <testcase name="tcBOM" time="0.000" classname="com.hasbro.security.BOMInternalMainUser">
    <skipped/>
  </testcase> <!-- tcBOM -->
  <testcase name="tcBOM" time="0.000" classname="com.hasbro.security.BOMInternalMainUser">
    <skipped/>
  </testcase> <!-- tcBOM -->
  <testcase name="tcBOM" time="0.000" classname="com.hasbro.security.BOMInternalMainUser">
    <skipped/>
  </testcase> <!-- tcBOM -->
  <testcase name="tcBOM" time="0.000" classname="com.hasbro.security.BOMInternalMainUser">
    <skipped/>
  </testcase> <!-- tcBOM -->
  <testcase name="tcBOM" time="0.000" classname="com.hasbro.security.BOMInternalMainUser">
    <skipped/>
  </testcase> <!-- tcBOM -->
  <testcase name="tcBOM" time="0.000" classname="com.hasbro.security.BOMInternalMainUser">
    <skipped/>
  </testcase> <!-- tcBOM -->
  <testcase name="tcBOM" time="0.000" classname="com.hasbro.security.BOMInternalMainUser">
    <skipped/>
  </testcase> <!-- tcBOM -->
  <testcase name="tcBOM" time="0.000" classname="com.hasbro.security.BOMInternalMainUser">
    <skipped/>
  </testcase> <!-- tcBOM -->
  <testcase name="tcBOM" time="0.000" classname="com.hasbro.security.BOMInternalMainUser">
    <skipped/>
  </testcase> <!-- tcBOM -->
  <testcase name="tcBOM" time="0.000" classname="com.hasbro.security.BOMInternalMainUser">
    <skipped/>
  </testcase> <!-- tcBOM -->
  <testcase name="tcBOM" time="0.000" classname="com.hasbro.security.BOMInternalMainUser">
    <skipped/>
  </testcase> <!-- tcBOM -->
  <testcase name="tcBOM" time="0.000" classname="com.hasbro.security.BOMInternalMainUser">
    <skipped/>
  </testcase> <!-- tcBOM -->
  <testcase name="tcBOM" time="0.000" classname="com.hasbro.security.BOMInternalMainUser">
    <skipped/>
  </testcase> <!-- tcBOM -->
  <testcase name="tcBOM" time="0.000" classname="com.hasbro.security.BOMInternalMainUser">
    <skipped/>
  </testcase> <!-- tcBOM -->
  <testcase name="tcBOM" time="0.000" classname="com.hasbro.security.BOMInternalMainUser">
    <skipped/>
  </testcase> <!-- tcBOM -->
  <testcase name="tcBOM" time="0.000" classname="com.hasbro.security.BOMInternalMainUser">
    <skipped/>
  </testcase> <!-- tcBOM -->
  <testcase name="tcBOM" time="0.000" classname="com.hasbro.security.BOMInternalMainUser">
    <skipped/>
  </testcase> <!-- tcBOM -->
  <testcase name="tcBOM" time="0.000" classname="com.hasbro.security.BOMInternalMainUser">
    <skipped/>
  </testcase> <!-- tcBOM -->
  <testcase name="tcBOM" time="0.000" classname="com.hasbro.security.BOMInternalMainUser">
    <skipped/>
  </testcase> <!-- tcBOM -->
  <testcase name="tcBOM" time="0.000" classname="com.hasbro.security.BOMInternalMainUser">
    <skipped/>
  </testcase> <!-- tcBOM -->
  <testcase name="tcBOM" time="0.000" classname="com.hasbro.security.BOMInternalMainUser">
    <skipped/>
  </testcase> <!-- tcBOM -->
  <testcase name="tcBOM" time="0.000" classname="com.hasbro.security.BOMInternalMainUser">
    <skipped/>
  </testcase> <!-- tcBOM -->
  <testcase name="tcBOM" time="0.000" classname="com.hasbro.security.BOMInternalMainUser">
    <skipped/>
  </testcase> <!-- tcBOM -->
  <testcase name="tcBOM" time="0.000" classname="com.hasbro.security.BOMInternalMainUser">
    <skipped/>
  </testcase> <!-- tcBOM -->
  <testcase name="tcBOM" time="0.000" classname="com.hasbro.security.BOMInternalMainUser">
    <skipped/>
  </testcase> <!-- tcBOM -->
  <testcase name="tcBOM" time="0.000" classname="com.hasbro.security.BOMInternalMainUser">
    <skipped/>
  </testcase> <!-- tcBOM -->
  <testcase name="tcBOM" time="0.000" classname="com.hasbro.security.BOMInternalMainUser">
    <skipped/>
  </testcase> <!-- tcBOM -->
  <testcase name="tcBOM" time="0.000" classname="com.hasbro.security.BOMInternalMainUser">
    <skipped/>
  </testcase> <!-- tcBOM -->
  <testcase name="tcBOM" time="0.000" classname="com.hasbro.security.BOMInternalMainUser">
    <skipped/>
  </testcase> <!-- tcBOM -->
  <testcase name="tcBOM" time="0.000" classname="com.hasbro.security.BOMInternalMainUser">
    <skipped/>
  </testcase> <!-- tcBOM -->
  <testcase name="tcBOM" time="0.000" classname="com.hasbro.security.BOMInternalMainUser">
    <skipped/>
  </testcase> <!-- tcBOM -->
  <testcase name="tcBOM" time="0.000" classname="com.hasbro.security.BOMInternalMainUser">
    <skipped/>
  </testcase> <!-- tcBOM -->
  <testcase name="tcBOM" time="0.000" classname="com.hasbro.security.BOMInternalMainUser">
    <skipped/>
  </testcase> <!-- tcBOM -->
  <testcase name="tcBOM" time="0.000" classname="com.hasbro.security.BOMInternalMainUser">
    <skipped/>
  </testcase> <!-- tcBOM -->
  <testcase name="tcBOM" time="0.000" classname="com.hasbro.security.BOMInternalMainUser">
    <skipped/>
  </testcase> <!-- tcBOM -->
  <testcase name="tcBOM" time="0.000" classname="com.hasbro.security.BOMInternalMainUser">
    <skipped/>
  </testcase> <!-- tcBOM -->
  <testcase name="tcBOM" time="0.000" classname="com.hasbro.security.BOMInternalMainUser">
    <skipped/>
  </testcase> <!-- tcBOM -->
  <testcase name="tcBOM" time="0.000" classname="com.hasbro.security.BOMInternalMainUser">
    <skipped/>
  </testcase> <!-- tcBOM -->
  <testcase name="tcBOM" time="0.000" classname="com.hasbro.security.BOMInternalMainUser">
    <skipped/>
  </testcase> <!-- tcBOM -->
  <testcase name="tcBOM" time="0.000" classname="com.hasbro.security.BOMInternalMainUser">
    <skipped/>
  </testcase> <!-- tcBOM -->
  <testcase name="tcBOM" time="0.000" classname="com.hasbro.security.BOMInternalMainUser">
    <skipped/>
  </testcase> <!-- tcBOM -->
  <testcase name="tcBOM" time="0.000" classname="com.hasbro.security.BOMInternalMainUser">
    <skipped/>
  </testcase> <!-- tcBOM -->
  <testcase name="tcBOM" time="0.000" classname="com.hasbro.security.BOMInternalMainUser">
    <skipped/>
  </testcase> <!-- tcBOM -->
  <testcase name="tcBOM" time="0.000" classname="com.hasbro.security.BOMInternalMainUser">
    <skipped/>
  </testcase> <!-- tcBOM -->
  <testcase name="tcBOM" time="0.000" classname="com.hasbro.security.BOMInternalMainUser">
    <skipped/>
  </testcase> <!-- tcBOM -->
  <testcase name="tcBOM" time="0.000" classname="com.hasbro.security.BOMInternalMainUser">
    <skipped/>
  </testcase> <!-- tcBOM -->
  <testcase name="tcBOM" time="0.000" classname="com.hasbro.security.BOMInternalMainUser">
    <skipped/>
  </testcase> <!-- tcBOM -->
  <testcase name="tcBOM" time="0.000" classname="com.hasbro.security.BOMInternalMainUser">
    <skipped/>
  </testcase> <!-- tcBOM -->
  <testcase name="tcBOM" time="0.000" classname="com.hasbro.security.BOMInternalMainUser">
    <skipped/>
  </testcase> <!-- tcBOM -->
  <testcase name="tcBOM" time="0.000" classname="com.hasbro.security.BOMInternalMainUser">
    <skipped/>
  </testcase> <!-- tcBOM -->
  <testcase name="tcBOM" time="0.000" classname="com.hasbro.security.BOMInternalMainUser">
    <skipped/>
  </testcase> <!-- tcBOM -->
  <testcase name="tcBOM" time="0.000" classname="com.hasbro.security.BOMInternalMainUser">
    <skipped/>
  </testcase> <!-- tcBOM -->
  <testcase name="tcBOM" time="0.000" classname="com.hasbro.security.BOMInternalMainUser">
    <skipped/>
  </testcase> <!-- tcBOM -->
  <testcase name="tcBOM" time="0.000" classname="com.hasbro.security.BOMInternalMainUser">
    <skipped/>
  </testcase> <!-- tcBOM -->
  <testcase name="tcBOM" time="0.000" classname="com.hasbro.security.BOMInternalMainUser">
    <skipped/>
  </testcase> <!-- tcBOM -->
  <testcase name="tcBOM" time="0.000" classname="com.hasbro.security.BOMInternalMainUser">
    <skipped/>
  </testcase> <!-- tcBOM -->
  <testcase name="tcBOM" time="0.000" classname="com.hasbro.security.BOMInternalMainUser">
    <skipped/>
  </testcase> <!-- tcBOM -->
  <testcase name="tcBOM" time="0.000" classname="com.hasbro.security.BOMInternalMainUser">
    <skipped/>
  </testcase> <!-- tcBOM -->
  <testcase name="tcBOM" time="0.000" classname="com.hasbro.security.BOMInternalMainUser">
    <skipped/>
  </testcase> <!-- tcBOM -->
  <testcase name="tcBOM" time="0.000" classname="com.hasbro.security.BOMInternalMainUser">
    <skipped/>
  </testcase> <!-- tcBOM -->
  <testcase name="tcBOM" time="0.000" classname="com.hasbro.security.BOMInternalMainUser">
    <skipped/>
  </testcase> <!-- tcBOM -->
  <testcase name="tcBOM" time="0.000" classname="com.hasbro.security.BOMInternalMainUser">
    <skipped/>
  </testcase> <!-- tcBOM -->
  <testcase name="tcBOM" time="0.000" classname="com.hasbro.security.BOMInternalMainUser">
    <skipped/>
  </testcase> <!-- tcBOM -->
  <testcase name="tcBOM" time="0.000" classname="com.hasbro.security.BOMInternalMainUser">
    <skipped/>
  </testcase> <!-- tcBOM -->
  <testcase name="tcBOM" time="0.000" classname="com.hasbro.security.BOMInternalMainUser">
    <skipped/>
  </testcase> <!-- tcBOM -->
  <testcase name="tcBOM" time="0.000" classname="com.hasbro.security.BOMInternalMainUser">
    <skipped/>
  </testcase> <!-- tcBOM -->
  <testcase name="tcBOM" time="0.000" classname="com.hasbro.security.BOMInternalMainUser">
    <skipped/>
  </testcase> <!-- tcBOM -->
  <testcase name="tcBOM" time="0.000" classname="com.hasbro.security.BOMInternalMainUser">
    <skipped/>
  </testcase> <!-- tcBOM -->
  <testcase name="tcBOM" time="0.000" classname="com.hasbro.security.BOMInternalMainUser">
    <skipped/>
  </testcase> <!-- tcBOM -->
  <testcase name="tcBOM" time="0.000" classname="com.hasbro.security.BOMInternalMainUser">
    <skipped/>
  </testcase> <!-- tcBOM -->
  <testcase name="tcBOM" time="0.000" classname="com.hasbro.security.BOMInternalMainUser">
    <skipped/>
  </testcase> <!-- tcBOM -->
  <testcase name="tcBOM" time="0.000" classname="com.hasbro.security.BOMInternalMainUser">
    <skipped/>
  </testcase> <!-- tcBOM -->
  <testcase name="tcBOM" time="0.000" classname="com.hasbro.security.BOMInternalMainUser">
    <skipped/>
  </testcase> <!-- tcBOM -->
  <testcase name="tcBOM" time="0.000" classname="com.hasbro.security.BOMInternalMainUser">
    <skipped/>
  </testcase> <!-- tcBOM -->
  <testcase name="tcBOM" time="0.000" classname="com.hasbro.security.BOMInternalMainUser">
    <skipped/>
  </testcase> <!-- tcBOM -->
  <testcase name="tcBOM" time="0.000" classname="com.hasbro.security.BOMInternalMainUser">
    <skipped/>
  </testcase> <!-- tcBOM -->
  <testcase name="tcBOM" time="0.000" classname="com.hasbro.security.BOMInternalMainUser">
    <skipped/>
  </testcase> <!-- tcBOM -->
  <testcase name="tcBOM" time="0.000" classname="com.hasbro.security.BOMInternalMainUser">
    <skipped/>
  </testcase> <!-- tcBOM -->
  <testcase name="tcBOM" time="0.000" classname="com.hasbro.security.BOMInternalMainUser">
    <skipped/>
  </testcase> <!-- tcBOM -->
  <testcase name="tcBOM" time="0.000" classname="com.hasbro.security.BOMInternalMainUser">
    <skipped/>
  </testcase> <!-- tcBOM -->
  <testcase name="tcBOM" time="0.000" classname="com.hasbro.security.BOMInternalMainUser">
    <skipped/>
  </testcase> <!-- tcBOM -->
  <testcase name="tcBOM" time="0.000" classname="com.hasbro.security.BOMInternalMainUser">
    <skipped/>
  </testcase> <!-- tcBOM -->
  <testcase name="tcBOM" time="0.000" classname="com.hasbro.security.BOMInternalMainUser">
    <skipped/>
  </testcase> <!-- tcBOM -->
  <testcase name="tcBOM" time="0.000" classname="com.hasbro.security.BOMInternalMainUser">
    <skipped/>
  </testcase> <!-- tcBOM -->
  <testcase name="tcBOM" time="0.000" classname="com.hasbro.security.BOMInternalMainUser">
    <skipped/>
  </testcase> <!-- tcBOM -->
  <testcase name="tcBOM" time="0.000" classname="com.hasbro.security.BOMInternalMainUser">
    <skipped/>
  </testcase> <!-- tcBOM -->
  <testcase name="tcBOM" time="0.000" classname="com.hasbro.security.BOMInternalMainUser">
    <skipped/>
  </testcase> <!-- tcBOM -->
  <testcase name="tcBOM" time="0.000" classname="com.hasbro.security.BOMInternalMainUser">
    <skipped/>
  </testcase> <!-- tcBOM -->
  <testcase name="tcBOM" time="0.000" classname="com.hasbro.security.BOMInternalMainUser">
    <skipped/>
  </testcase> <!-- tcBOM -->
  <testcase name="tcBOM" time="0.000" classname="com.hasbro.security.BOMInternalMainUser">
    <skipped/>
  </testcase> <!-- tcBOM -->
  <testcase name="tcBOM" time="0.000" classname="com.hasbro.security.BOMInternalMainUser">
    <skipped/>
  </testcase> <!-- tcBOM -->
  <testcase name="tcBOM" time="0.000" classname="com.hasbro.security.BOMInternalMainUser">
    <skipped/>
  </testcase> <!-- tcBOM -->
  <testcase name="tcBOM" time="0.000" classname="com.hasbro.security.BOMInternalMainUser">
    <skipped/>
  </testcase> <!-- tcBOM -->
  <testcase name="tcBOM" time="0.000" classname="com.hasbro.security.BOMInternalMainUser">
    <skipped/>
  </testcase> <!-- tcBOM -->
  <testcase name="tcBOM" time="0.000" classname="com.hasbro.security.BOMInternalMainUser">
    <skipped/>
  </testcase> <!-- tcBOM -->
  <testcase name="tcBOM" time="0.000" classname="com.hasbro.security.BOMInternalMainUser">
    <skipped/>
  </testcase> <!-- tcBOM -->
  <testcase name="tcBOM" time="0.000" classname="com.hasbro.security.BOMInternalMainUser">
    <skipped/>
  </testcase> <!-- tcBOM -->
  <testcase name="tcBOM" time="0.000" classname="com.hasbro.security.BOMInternalMainUser">
    <skipped/>
  </testcase> <!-- tcBOM -->
  <testcase name="tcBOM" time="0.000" classname="com.hasbro.security.BOMInternalMainUser">
    <skipped/>
  </testcase> <!-- tcBOM -->
  <testcase name="tcBOM" time="0.000" classname="com.hasbro.security.BOMInternalMainUser">
    <skipped/>
  </testcase> <!-- tcBOM -->
  <testcase name="tcBOM" time="0.000" classname="com.hasbro.security.BOMInternalMainUser">
    <skipped/>
  </testcase> <!-- tcBOM -->
  <testcase name="tcBOM" time="0.000" classname="com.hasbro.security.BOMInternalMainUser">
    <skipped/>
  </testcase> <!-- tcBOM -->
  <testcase name="tcBOM" time="0.000" classname="com.hasbro.security.BOMInternalMainUser">
    <skipped/>
  </testcase> <!-- tcBOM -->
  <testcase name="tcBOM" time="0.000" classname="com.hasbro.security.BOMInternalMainUser">
    <skipped/>
  </testcase> <!-- tcBOM -->
  <testcase name="tcBOM" time="0.000" classname="com.hasbro.security.BOMInternalMainUser">
    <skipped/>
  </testcase> <!-- tcBOM -->
  <testcase name="tcBOM" time="0.000" classname="com.hasbro.security.BOMInternalMainUser">
    <skipped/>
  </testcase> <!-- tcBOM -->
  <testcase name="tcBOM" time="0.000" classname="com.hasbro.security.BOMInternalMainUser">
    <skipped/>
  </testcase> <!-- tcBOM -->
  <testcase name="tcBOM" time="0.000" classname="com.hasbro.security.BOMInternalMainUser">
    <skipped/>
  </testcase> <!-- tcBOM -->
  <testcase name="tcBOM" time="0.000" classname="com.hasbro.security.BOMInternalMainUser">
    <skipped/>
  </testcase> <!-- tcBOM -->
  <testcase name="tcBOM" time="0.000" classname="com.hasbro.security.BOMInternalMainUser">
    <skipped/>
  </testcase> <!-- tcBOM -->
  <testcase name="tcBOM" time="0.000" classname="com.hasbro.security.BOMInternalMainUser">
    <skipped/>
  </testcase> <!-- tcBOM -->
  <testcase name="tcBOM" time="0.000" classname="com.hasbro.security.BOMInternalMainUser">
    <skipped/>
  </testcase> <!-- tcBOM -->
  <testcase name="tcBOM" time="0.000" classname="com.hasbro.security.BOMInternalMainUser">
    <skipped/>
  </testcase> <!-- tcBOM -->
  <testcase name="tcBOM" time="0.000" classname="com.hasbro.security.BOMInternalMainUser">
    <skipped/>
  </testcase> <!-- tcBOM -->
  <testcase name="tcBOM" time="0.000" classname="com.hasbro.security.BOMInternalMainUser">
    <skipped/>
  </testcase> <!-- tcBOM -->
  <testcase name="tcBOM" time="0.000" classname="com.hasbro.security.BOMInternalMainUser">
    <skipped/>
  </testcase> <!-- tcBOM -->
  <testcase name="tcBOM" time="0.000" classname="com.hasbro.security.BOMInternalMainUser">
    <skipped/>
  </testcase> <!-- tcBOM -->
  <testcase name="tcBOM" time="0.000" classname="com.hasbro.security.BOMInternalMainUser">
    <skipped/>
  </testcase> <!-- tcBOM -->
  <testcase name="tcBOM" time="0.000" classname="com.hasbro.security.BOMInternalMainUser">
    <skipped/>
  </testcase> <!-- tcBOM -->
  <testcase name="tcBOM" time="0.000" classname="com.hasbro.security.BOMInternalMainUser">
    <skipped/>
  </testcase> <!-- tcBOM -->
  <testcase name="tcBOM" time="0.000" classname="com.hasbro.security.BOMInternalMainUser">
    <skipped/>
  </testcase> <!-- tcBOM -->
  <testcase name="tcBOM" time="0.000" classname="com.hasbro.security.BOMInternalMainUser">
    <skipped/>
  </testcase> <!-- tcBOM -->
  <testcase name="tcBOM" time="0.000" classname="com.hasbro.security.BOMInternalMainUser">
    <skipped/>
  </testcase> <!-- tcBOM -->
  <testcase name="tcBOM" time="0.000" classname="com.hasbro.security.BOMInternalMainUser">
    <skipped/>
  </testcase> <!-- tcBOM -->
  <testcase name="tcBOM" time="0.000" classname="com.hasbro.security.BOMInternalMainUser">
    <skipped/>
  </testcase> <!-- tcBOM -->
  <testcase name="tcBOM" time="0.000" classname="com.hasbro.security.BOMInternalMainUser">
    <skipped/>
  </testcase> <!-- tcBOM -->
  <testcase name="tcBOM" time="0.000" classname="com.hasbro.security.BOMInternalMainUser">
    <skipped/>
  </testcase> <!-- tcBOM -->
  <testcase name="tcBOM" time="0.000" classname="com.hasbro.security.BOMInternalMainUser">
    <skipped/>
  </testcase> <!-- tcBOM -->
  <testcase name="tcBOM" time="0.000" classname="com.hasbro.security.BOMInternalMainUser">
    <skipped/>
  </testcase> <!-- tcBOM -->
  <testcase name="tcBOM" time="0.000" classname="com.hasbro.security.BOMInternalMainUser">
    <skipped/>
  </testcase> <!-- tcBOM -->
  <testcase name="tcBOM" time="0.000" classname="com.hasbro.security.BOMInternalMainUser">
    <skipped/>
  </testcase> <!-- tcBOM -->
  <testcase name="tcBOM" time="0.000" classname="com.hasbro.security.BOMInternalMainUser">
    <skipped/>
  </testcase> <!-- tcBOM -->
  <testcase name="tcBOM" time="0.000" classname="com.hasbro.security.BOMInternalMainUser">
    <skipped/>
  </testcase> <!-- tcBOM -->
  <testcase name="tcBOM" time="0.000" classname="com.hasbro.security.BOMInternalMainUser">
    <skipped/>
  </testcase> <!-- tcBOM -->
  <testcase name="tcBOM" time="0.000" classname="com.hasbro.security.BOMInternalMainUser">
    <skipped/>
  </testcase> <!-- tcBOM -->
  <testcase name="tcBOM" time="0.000" classname="com.hasbro.security.BOMInternalMainUser">
    <skipped/>
  </testcase> <!-- tcBOM -->
  <testcase name="tcBOM" time="0.000" classname="com.hasbro.security.BOMInternalMainUser">
    <skipped/>
  </testcase> <!-- tcBOM -->
  <testcase name="tcBOM" time="0.000" classname="com.hasbro.security.BOMInternalMainUser">
    <skipped/>
  </testcase> <!-- tcBOM -->
  <testcase name="tcBOM" time="0.000" classname="com.hasbro.security.BOMInternalMainUser">
    <skipped/>
  </testcase> <!-- tcBOM -->
  <testcase name="tcBOM" time="0.000" classname="com.hasbro.security.BOMInternalMainUser">
    <skipped/>
  </testcase> <!-- tcBOM -->
  <testcase name="tcBOM" time="0.000" classname="com.hasbro.security.BOMInternalMainUser">
    <skipped/>
  </testcase> <!-- tcBOM -->
  <testcase name="tcBOM" time="0.000" classname="com.hasbro.security.BOMInternalMainUser">
    <skipped/>
  </testcase> <!-- tcBOM -->
  <testcase name="tcBOM" time="0.000" classname="com.hasbro.security.BOMInternalMainUser">
    <skipped/>
  </testcase> <!-- tcBOM -->
  <testcase name="tcBOM" time="0.000" classname="com.hasbro.security.BOMInternalMainUser">
    <skipped/>
  </testcase> <!-- tcBOM -->
  <testcase name="tcBOM" time="0.000" classname="com.hasbro.security.BOMInternalMainUser">
    <skipped/>
  </testcase> <!-- tcBOM -->
  <testcase name="tcBOM" time="0.000" classname="com.hasbro.security.BOMInternalMainUser">
    <skipped/>
  </testcase> <!-- tcBOM -->
  <testcase name="tcBOM" time="0.000" classname="com.hasbro.security.BOMInternalMainUser">
    <skipped/>
  </testcase> <!-- tcBOM -->
  <testcase name="tcBOM" time="0.000" classname="com.hasbro.security.BOMInternalMainUser">
    <skipped/>
  </testcase> <!-- tcBOM -->
  <testcase name="tcBOM" time="0.000" classname="com.hasbro.security.BOMInternalMainUser">
    <skipped/>
  </testcase> <!-- tcBOM -->
  <testcase name="tcBOM" time="0.000" classname="com.hasbro.security.BOMInternalMainUser">
    <skipped/>
  </testcase> <!-- tcBOM -->
  <testcase name="tcBOM" time="0.000" classname="com.hasbro.security.BOMInternalMainUser">
    <skipped/>
  </testcase> <!-- tcBOM -->
  <testcase name="tcBOM" time="0.000" classname="com.hasbro.security.BOMInternalMainUser">
    <skipped/>
  </testcase> <!-- tcBOM -->
  <testcase name="tcBOM" time="0.000" classname="com.hasbro.security.BOMInternalMainUser">
    <skipped/>
  </testcase> <!-- tcBOM -->
  <testcase name="tcBOM" time="0.000" classname="com.hasbro.security.BOMInternalMainUser">
    <skipped/>
  </testcase> <!-- tcBOM -->
  <testcase name="tcBOM" time="0.000" classname="com.hasbro.security.BOMInternalMainUser">
    <skipped/>
  </testcase> <!-- tcBOM -->
  <testcase name="tcBOM" time="0.000" classname="com.hasbro.security.BOMInternalMainUser">
    <skipped/>
  </testcase> <!-- tcBOM -->
  <testcase name="tcBOM" time="0.000" classname="com.hasbro.security.BOMInternalMainUser">
    <skipped/>
  </testcase> <!-- tcBOM -->
  <testcase name="tcBOM" time="0.000" classname="com.hasbro.security.BOMInternalMainUser">
    <skipped/>
  </testcase> <!-- tcBOM -->
  <testcase name="tcBOM" time="0.000" classname="com.hasbro.security.BOMInternalMainUser">
    <skipped/>
  </testcase> <!-- tcBOM -->
  <testcase name="tcBOM" time="0.000" classname="com.hasbro.security.BOMInternalMainUser">
    <skipped/>
  </testcase> <!-- tcBOM -->
  <testcase name="tcBOM" time="0.000" classname="com.hasbro.security.BOMInternalMainUser">
    <skipped/>
  </testcase> <!-- tcBOM -->
  <testcase name="tcBOM" time="0.000" classname="com.hasbro.security.BOMInternalMainUser">
    <skipped/>
  </testcase> <!-- tcBOM -->
  <testcase name="tcBOM" time="0.000" classname="com.hasbro.security.BOMInternalMainUser">
    <skipped/>
  </testcase> <!-- tcBOM -->
  <testcase name="tcBOM" time="0.000" classname="com.hasbro.security.BOMInternalMainUser">
    <skipped/>
  </testcase> <!-- tcBOM -->
  <testcase name="tcBOM" time="0.000" classname="com.hasbro.security.BOMInternalMainUser">
    <skipped/>
  </testcase> <!-- tcBOM -->
  <testcase name="tcBOM" time="0.000" classname="com.hasbro.security.BOMInternalMainUser">
    <skipped/>
  </testcase> <!-- tcBOM -->
  <testcase name="tcBOM" time="0.000" classname="com.hasbro.security.BOMInternalMainUser">
    <skipped/>
  </testcase> <!-- tcBOM -->
  <testcase name="tcBOM" time="0.000" classname="com.hasbro.security.BOMInternalMainUser">
    <skipped/>
  </testcase> <!-- tcBOM -->
  <testcase name="tcBOM" time="0.000" classname="com.hasbro.security.BOMInternalMainUser">
    <skipped/>
  </testcase> <!-- tcBOM -->
  <testcase name="tcBOM" time="0.000" classname="com.hasbro.security.BOMInternalMainUser">
    <skipped/>
  </testcase> <!-- tcBOM -->
  <testcase name="tcBOM" time="0.000" classname="com.hasbro.security.BOMInternalMainUser">
    <skipped/>
  </testcase> <!-- tcBOM -->
  <testcase name="tcBOM" time="0.000" classname="com.hasbro.security.BOMInternalMainUser">
    <skipped/>
  </testcase> <!-- tcBOM -->
  <testcase name="tcBOM" time="0.000" classname="com.hasbro.security.BOMInternalMainUser">
    <skipped/>
  </testcase> <!-- tcBOM -->
  <testcase name="tcBOM" time="0.000" classname="com.hasbro.security.BOMInternalMainUser">
    <skipped/>
  </testcase> <!-- tcBOM -->
  <testcase name="tcBOM" time="0.000" classname="com.hasbro.security.BOMInternalMainUser">
    <skipped/>
  </testcase> <!-- tcBOM -->
  <testcase name="tcBOM" time="0.000" classname="com.hasbro.security.BOMInternalMainUser">
    <skipped/>
  </testcase> <!-- tcBOM -->
  <testcase name="tcBOM" time="0.000" classname="com.hasbro.security.BOMInternalMainUser">
    <skipped/>
  </testcase> <!-- tcBOM -->
  <testcase name="tcBOM" time="0.000" classname="com.hasbro.security.BOMInternalMainUser">
    <skipped/>
  </testcase> <!-- tcBOM -->
  <testcase name="tcBOM" time="0.000" classname="com.hasbro.security.BOMInternalMainUser">
    <skipped/>
  </testcase> <!-- tcBOM -->
  <testcase name="tcBOM" time="0.000" classname="com.hasbro.security.BOMInternalMainUser">
    <skipped/>
  </testcase> <!-- tcBOM -->
  <testcase name="tcBOM" time="0.000" classname="com.hasbro.security.BOMInternalMainUser">
    <skipped/>
  </testcase> <!-- tcBOM -->
  <testcase name="tcBOM" time="0.000" classname="com.hasbro.security.BOMInternalMainUser">
    <skipped/>
  </testcase> <!-- tcBOM -->
  <testcase name="tcBOM" time="0.000" classname="com.hasbro.security.BOMInternalMainUser">
    <skipped/>
  </testcase> <!-- tcBOM -->
  <testcase name="tcBOM" time="0.000" classname="com.hasbro.security.BOMInternalMainUser">
    <skipped/>
  </testcase> <!-- tcBOM -->
  <testcase name="tcBOM" time="0.000" classname="com.hasbro.security.BOMInternalMainUser">
    <skipped/>
  </testcase> <!-- tcBOM -->
  <testcase name="tcBOM" time="0.000" classname="com.hasbro.security.BOMInternalMainUser">
    <skipped/>
  </testcase> <!-- tcBOM -->
  <testcase name="tcBOM" time="0.000" classname="com.hasbro.security.BOMInternalMainUser">
    <skipped/>
  </testcase> <!-- tcBOM -->
  <testcase name="tcBOM" time="0.000" classname="com.hasbro.security.BOMInternalMainUser">
    <skipped/>
  </testcase> <!-- tcBOM -->
  <testcase name="tcBOM" time="0.000" classname="com.hasbro.security.BOMInternalMainUser">
    <skipped/>
  </testcase> <!-- tcBOM -->
  <testcase name="tcBOM" time="0.000" classname="com.hasbro.security.BOMInternalMainUser">
    <skipped/>
  </testcase> <!-- tcBOM -->
  <testcase name="tcBOM" time="0.000" classname="com.hasbro.security.BOMInternalMainUser">
    <skipped/>
  </testcase> <!-- tcBOM -->
  <testcase name="tcBOM" time="0.000" classname="com.hasbro.security.BOMInternalMainUser">
    <skipped/>
  </testcase> <!-- tcBOM -->
  <testcase name="tcBOM" time="0.000" classname="com.hasbro.security.BOMInternalMainUser">
    <skipped/>
  </testcase> <!-- tcBOM -->
  <testcase name="tcBOM" time="0.000" classname="com.hasbro.security.BOMInternalMainUser">
    <skipped/>
  </testcase> <!-- tcBOM -->
  <testcase name="tcBOM" time="0.000" classname="com.hasbro.security.BOMInternalMainUser">
    <skipped/>
  </testcase> <!-- tcBOM -->
  <testcase name="tcBOM" time="0.000" classname="com.hasbro.security.BOMInternalMainUser">
    <skipped/>
  </testcase> <!-- tcBOM -->
  <testcase name="tcBOM" time="0.000" classname="com.hasbro.security.BOMInternalMainUser">
    <skipped/>
  </testcase> <!-- tcBOM -->
  <testcase name="tcBOM" time="0.000" classname="com.hasbro.security.BOMInternalMainUser">
    <skipped/>
  </testcase> <!-- tcBOM -->
  <testcase name="tcBOM" time="0.000" classname="com.hasbro.security.BOMInternalMainUser">
    <skipped/>
  </testcase> <!-- tcBOM -->
  <testcase name="tcBOM" time="0.000" classname="com.hasbro.security.BOMInternalMainUser">
    <skipped/>
  </testcase> <!-- tcBOM -->
  <testcase name="tcBOM" time="0.000" classname="com.hasbro.security.BOMInternalMainUser">
    <skipped/>
  </testcase> <!-- tcBOM -->
  <testcase name="tcBOM" time="0.000" classname="com.hasbro.security.BOMInternalMainUser">
    <skipped/>
  </testcase> <!-- tcBOM -->
  <testcase name="tcBOM" time="0.000" classname="com.hasbro.security.BOMInternalMainUser">
    <skipped/>
  </testcase> <!-- tcBOM -->
  <testcase name="tcBOM" time="0.000" classname="com.hasbro.security.BOMInternalMainUser">
    <skipped/>
  </testcase> <!-- tcBOM -->
  <testcase name="tcBOM" time="0.000" classname="com.hasbro.security.BOMInternalMainUser">
    <skipped/>
  </testcase> <!-- tcBOM -->
  <testcase name="tcBOM" time="0.000" classname="com.hasbro.security.BOMInternalMainUser">
    <skipped/>
  </testcase> <!-- tcBOM -->
  <testcase name="tcBOM" time="0.000" classname="com.hasbro.security.BOMInternalMainUser">
    <skipped/>
  </testcase> <!-- tcBOM -->
  <testcase name="tcBOM" time="0.000" classname="com.hasbro.security.BOMInternalMainUser">
    <skipped/>
  </testcase> <!-- tcBOM -->
  <testcase name="tcBOM" time="0.000" classname="com.hasbro.security.BOMInternalMainUser">
    <skipped/>
  </testcase> <!-- tcBOM -->
  <testcase name="tcBOM" time="0.000" classname="com.hasbro.security.BOMInternalMainUser">
    <skipped/>
  </testcase> <!-- tcBOM -->
  <testcase name="tcBOM" time="0.000" classname="com.hasbro.security.BOMInternalMainUser">
    <skipped/>
  </testcase> <!-- tcBOM -->
  <testcase name="tcBOM" time="0.000" classname="com.hasbro.security.BOMInternalMainUser">
    <skipped/>
  </testcase> <!-- tcBOM -->
  <testcase name="tcBOM" time="0.000" classname="com.hasbro.security.BOMInternalMainUser">
    <skipped/>
  </testcase> <!-- tcBOM -->
  <testcase name="tcBOM" time="0.000" classname="com.hasbro.security.BOMInternalMainUser">
    <skipped/>
  </testcase> <!-- tcBOM -->
  <testcase name="tcBOM" time="0.000" classname="com.hasbro.security.BOMInternalMainUser">
    <skipped/>
  </testcase> <!-- tcBOM -->
  <testcase name="tcBOM" time="0.000" classname="com.hasbro.security.BOMInternalMainUser">
    <skipped/>
  </testcase> <!-- tcBOM -->
  <testcase name="tcBOM" time="0.000" classname="com.hasbro.security.BOMInternalMainUser">
    <skipped/>
  </testcase> <!-- tcBOM -->
  <testcase name="tcBOM" time="0.000" classname="com.hasbro.security.BOMInternalMainUser">
    <skipped/>
  </testcase> <!-- tcBOM -->
  <testcase name="tcBOM" time="0.000" classname="com.hasbro.security.BOMInternalMainUser">
    <skipped/>
  </testcase> <!-- tcBOM -->
  <testcase name="tcBOM" time="0.000" classname="com.hasbro.security.BOMInternalMainUser">
    <skipped/>
  </testcase> <!-- tcBOM -->
  <testcase name="tcBOM" time="0.000" classname="com.hasbro.security.BOMInternalMainUser">
    <skipped/>
  </testcase> <!-- tcBOM -->
  <testcase name="tcBOM" time="0.000" classname="com.hasbro.security.BOMInternalMainUser">
    <skipped/>
  </testcase> <!-- tcBOM -->
  <testcase name="tcBOM" time="0.000" classname="com.hasbro.security.BOMInternalMainUser">
    <skipped/>
  </testcase> <!-- tcBOM -->
  <testcase name="tcBOM" time="0.000" classname="com.hasbro.security.BOMInternalMainUser">
    <skipped/>
  </testcase> <!-- tcBOM -->
  <testcase name="tcBOM" time="0.000" classname="com.hasbro.security.BOMInternalMainUser">
    <skipped/>
  </testcase> <!-- tcBOM -->
  <testcase name="tcBOM" time="0.000" classname="com.hasbro.security.BOMInternalMainUser">
    <skipped/>
  </testcase> <!-- tcBOM -->
  <testcase name="tcBOM" time="0.000" classname="com.hasbro.security.BOMInternalMainUser">
    <skipped/>
  </testcase> <!-- tcBOM -->
  <testcase name="tcBOM" time="0.000" classname="com.hasbro.security.BOMInternalMainUser">
    <skipped/>
  </testcase> <!-- tcBOM -->
  <testcase name="tcBOM" time="0.000" classname="com.hasbro.security.BOMInternalMainUser">
    <skipped/>
  </testcase> <!-- tcBOM -->
  <testcase name="tcBOM" time="0.000" classname="com.hasbro.security.BOMInternalMainUser">
    <skipped/>
  </testcase> <!-- tcBOM -->
  <testcase name="tcBOM" time="0.000" classname="com.hasbro.security.BOMInternalMainUser">
    <skipped/>
  </testcase> <!-- tcBOM -->
  <testcase name="tcBOM" time="0.000" classname="com.hasbro.security.BOMInternalMainUser">
    <skipped/>
  </testcase> <!-- tcBOM -->
  <testcase name="tcBOM" time="0.000" classname="com.hasbro.security.BOMInternalMainUser">
    <skipped/>
  </testcase> <!-- tcBOM -->
  <testcase name="tcBOM" time="0.000" classname="com.hasbro.security.BOMInternalMainUser">
    <skipped/>
  </testcase> <!-- tcBOM -->
  <testcase name="tcBOM" time="0.000" classname="com.hasbro.security.BOMInternalMainUser">
    <skipped/>
  </testcase> <!-- tcBOM -->
  <testcase name="tcBOM" time="0.000" classname="com.hasbro.security.BOMInternalMainUser">
    <skipped/>
  </testcase> <!-- tcBOM -->
  <testcase name="tcBOM" time="0.000" classname="com.hasbro.security.BOMInternalMainUser">
    <skipped/>
  </testcase> <!-- tcBOM -->
  <testcase name="tcBOM" time="0.000" classname="com.hasbro.security.BOMInternalMainUser">
    <skipped/>
  </testcase> <!-- tcBOM -->
  <testcase name="tcBOM" time="0.000" classname="com.hasbro.security.BOMInternalMainUser">
    <skipped/>
  </testcase> <!-- tcBOM -->
  <testcase name="tcBOM" time="0.000" classname="com.hasbro.security.BOMInternalMainUser">
    <skipped/>
  </testcase> <!-- tcBOM -->
  <testcase name="tcBOM" time="0.000" classname="com.hasbro.security.BOMInternalMainUser">
    <skipped/>
  </testcase> <!-- tcBOM -->
  <testcase name="tcBOM" time="0.000" classname="com.hasbro.security.BOMInternalMainUser">
    <skipped/>
  </testcase> <!-- tcBOM -->
  <testcase name="tcBOM" time="0.000" classname="com.hasbro.security.BOMInternalMainUser">
    <skipped/>
  </testcase> <!-- tcBOM -->
  <testcase name="tcBOM" time="0.000" classname="com.hasbro.security.BOMInternalMainUser">
    <skipped/>
  </testcase> <!-- tcBOM -->
  <testcase name="tcBOM" time="0.000" classname="com.hasbro.security.BOMInternalMainUser">
    <skipped/>
  </testcase> <!-- tcBOM -->
  <testcase name="tcBOM" time="0.000" classname="com.hasbro.security.BOMInternalMainUser">
    <skipped/>
  </testcase> <!-- tcBOM -->
  <testcase name="tcBOM" time="0.000" classname="com.hasbro.security.BOMInternalMainUser">
    <skipped/>
  </testcase> <!-- tcBOM -->
  <testcase name="tcBOM" time="0.000" classname="com.hasbro.security.BOMInternalMainUser">
    <skipped/>
  </testcase> <!-- tcBOM -->
  <testcase name="tcBOM" time="0.000" classname="com.hasbro.security.BOMInternalMainUser">
    <skipped/>
  </testcase> <!-- tcBOM -->
  <testcase name="tcBOM" time="0.000" classname="com.hasbro.security.BOMInternalMainUser">
    <skipped/>
  </testcase> <!-- tcBOM -->
  <testcase name="tcBOM" time="0.000" classname="com.hasbro.security.BOMInternalMainUser">
    <skipped/>
  </testcase> <!-- tcBOM -->
  <testcase name="tcBOM" time="0.000" classname="com.hasbro.security.BOMInternalMainUser">
    <skipped/>
  </testcase> <!-- tcBOM -->
  <testcase name="tcBOM" time="0.000" classname="com.hasbro.security.BOMInternalMainUser">
    <skipped/>
  </testcase> <!-- tcBOM -->
  <testcase name="tcBOM" time="0.000" classname="com.hasbro.security.BOMInternalMainUser">
    <skipped/>
  </testcase> <!-- tcBOM -->
  <testcase name="tcBOM" time="0.000" classname="com.hasbro.security.BOMInternalMainUser">
    <skipped/>
  </testcase> <!-- tcBOM -->
  <testcase name="tcBOM" time="0.000" classname="com.hasbro.security.BOMInternalMainUser">
    <skipped/>
  </testcase> <!-- tcBOM -->
  <testcase name="tcBOM" time="0.000" classname="com.hasbro.security.BOMInternalMainUser">
    <skipped/>
  </testcase> <!-- tcBOM -->
  <testcase name="tcBOM" time="0.000" classname="com.hasbro.security.BOMInternalMainUser">
    <skipped/>
  </testcase> <!-- tcBOM -->
  <testcase name="tcBOM" time="0.000" classname="com.hasbro.security.BOMInternalMainUser">
    <skipped/>
  </testcase> <!-- tcBOM -->
  <testcase name="tcBOM" time="0.000" classname="com.hasbro.security.BOMInternalMainUser">
    <skipped/>
  </testcase> <!-- tcBOM -->
  <testcase name="tcBOM" time="0.000" classname="com.hasbro.security.BOMInternalMainUser">
    <skipped/>
  </testcase> <!-- tcBOM -->
  <testcase name="tcBOM" time="0.000" classname="com.hasbro.security.BOMInternalMainUser">
    <skipped/>
  </testcase> <!-- tcBOM -->
  <testcase name="tcBOM" time="0.000" classname="com.hasbro.security.BOMInternalMainUser">
    <skipped/>
  </testcase> <!-- tcBOM -->
  <testcase name="tcBOM" time="0.000" classname="com.hasbro.security.BOMInternalMainUser">
    <skipped/>
  </testcase> <!-- tcBOM -->
  <testcase name="tcBOM" time="0.000" classname="com.hasbro.security.BOMInternalMainUser">
    <skipped/>
  </testcase> <!-- tcBOM -->
  <testcase name="tcBOM" time="0.000" classname="com.hasbro.security.BOMInternalMainUser">
    <skipped/>
  </testcase> <!-- tcBOM -->
  <testcase name="tcBOM" time="0.000" classname="com.hasbro.security.BOMInternalMainUser">
    <skipped/>
  </testcase> <!-- tcBOM -->
  <testcase name="tcBOM" time="0.000" classname="com.hasbro.security.BOMInternalMainUser">
    <skipped/>
  </testcase> <!-- tcBOM -->
  <testcase name="tcBOM" time="0.000" classname="com.hasbro.security.BOMInternalMainUser">
    <skipped/>
  </testcase> <!-- tcBOM -->
  <testcase name="tcBOM" time="0.000" classname="com.hasbro.security.BOMInternalMainUser">
    <skipped/>
  </testcase> <!-- tcBOM -->
  <testcase name="tcBOM" time="0.000" classname="com.hasbro.security.BOMInternalMainUser">
    <skipped/>
  </testcase> <!-- tcBOM -->
  <testcase name="tcBOM" time="0.000" classname="com.hasbro.security.BOMInternalMainUser">
    <skipped/>
  </testcase> <!-- tcBOM -->
  <testcase name="tcBOM" time="0.000" classname="com.hasbro.security.BOMInternalMainUser">
    <skipped/>
  </testcase> <!-- tcBOM -->
  <testcase name="tcBOM" time="0.000" classname="com.hasbro.security.BOMInternalMainUser">
    <skipped/>
  </testcase> <!-- tcBOM -->
  <testcase name="tcBOM" time="0.000" classname="com.hasbro.security.BOMInternalMainUser">
    <skipped/>
  </testcase> <!-- tcBOM -->
  <testcase name="tcBOM" time="0.000" classname="com.hasbro.security.BOMInternalMainUser">
    <skipped/>
  </testcase> <!-- tcBOM -->
  <testcase name="tcBOM" time="0.000" classname="com.hasbro.security.BOMInternalMainUser">
    <skipped/>
  </testcase> <!-- tcBOM -->
  <testcase name="tcBOM" time="0.000" classname="com.hasbro.security.BOMInternalMainUser">
    <skipped/>
  </testcase> <!-- tcBOM -->
  <testcase name="tcBOM" time="0.000" classname="com.hasbro.security.BOMInternalMainUser">
    <skipped/>
  </testcase> <!-- tcBOM -->
  <testcase name="tcBOM" time="0.000" classname="com.hasbro.security.BOMInternalMainUser">
    <skipped/>
  </testcase> <!-- tcBOM -->
  <testcase name="tcBOM" time="0.000" classname="com.hasbro.security.BOMInternalMainUser">
    <skipped/>
  </testcase> <!-- tcBOM -->
  <testcase name="tcBOM" time="0.000" classname="com.hasbro.security.BOMInternalMainUser">
    <skipped/>
  </testcase> <!-- tcBOM -->
  <testcase name="tcBOM" time="0.000" classname="com.hasbro.security.BOMInternalMainUser">
    <skipped/>
  </testcase> <!-- tcBOM -->
  <testcase name="tcBOM" time="0.000" classname="com.hasbro.security.BOMInternalMainUser">
    <skipped/>
  </testcase> <!-- tcBOM -->
  <testcase name="tcBOM" time="0.000" classname="com.hasbro.security.BOMInternalMainUser">
    <skipped/>
  </testcase> <!-- tcBOM -->
  <testcase name="tcBOM" time="0.000" classname="com.hasbro.security.BOMInternalMainUser">
    <skipped/>
  </testcase> <!-- tcBOM -->
  <testcase name="tcBOM" time="0.000" classname="com.hasbro.security.BOMInternalMainUser">
    <skipped/>
  </testcase> <!-- tcBOM -->
  <testcase name="tcBOM" time="0.000" classname="com.hasbro.security.BOMInternalMainUser">
    <skipped/>
  </testcase> <!-- tcBOM -->
  <testcase name="tcBOM" time="0.000" classname="com.hasbro.security.BOMInternalMainUser">
    <skipped/>
  </testcase> <!-- tcBOM -->
  <testcase name="tcBOM" time="0.000" classname="com.hasbro.security.BOMInternalMainUser">
    <skipped/>
  </testcase> <!-- tcBOM -->
  <testcase name="tcBOM" time="0.000" classname="com.hasbro.security.BOMInternalMainUser">
    <skipped/>
  </testcase> <!-- tcBOM -->
  <testcase name="tcBOM" time="0.000" classname="com.hasbro.security.BOMInternalMainUser">
    <skipped/>
  </testcase> <!-- tcBOM -->
  <testcase name="tcBOM" time="0.000" classname="com.hasbro.security.BOMInternalMainUser">
    <skipped/>
  </testcase> <!-- tcBOM -->
  <testcase name="tcBOM" time="0.000" classname="com.hasbro.security.BOMInternalMainUser">
    <skipped/>
  </testcase> <!-- tcBOM -->
  <testcase name="tcBOM" time="0.000" classname="com.hasbro.security.BOMInternalMainUser">
    <skipped/>
  </testcase> <!-- tcBOM -->
  <testcase name="tcBOM" time="0.000" classname="com.hasbro.security.BOMInternalMainUser">
    <skipped/>
  </testcase> <!-- tcBOM -->
  <testcase name="tcBOM" time="0.000" classname="com.hasbro.security.BOMInternalMainUser">
    <skipped/>
  </testcase> <!-- tcBOM -->
  <testcase name="tcBOM" time="0.000" classname="com.hasbro.security.BOMInternalMainUser">
    <skipped/>
  </testcase> <!-- tcBOM -->
  <testcase name="tcBOM" time="0.000" classname="com.hasbro.security.BOMInternalMainUser">
    <skipped/>
  </testcase> <!-- tcBOM -->
  <testcase name="tcBOM" time="0.000" classname="com.hasbro.security.BOMInternalMainUser">
    <skipped/>
  </testcase> <!-- tcBOM -->
  <testcase name="tcBOM" time="0.000" classname="com.hasbro.security.BOMInternalMainUser">
    <skipped/>
  </testcase> <!-- tcBOM -->
  <testcase name="tcBOM" time="0.000" classname="com.hasbro.security.BOMInternalMainUser">
    <skipped/>
  </testcase> <!-- tcBOM -->
  <testcase name="tcBOM" time="0.000" classname="com.hasbro.security.BOMInternalMainUser">
    <skipped/>
  </testcase> <!-- tcBOM -->
  <testcase name="tcBOM" time="0.000" classname="com.hasbro.security.BOMInternalMainUser">
    <skipped/>
  </testcase> <!-- tcBOM -->
  <testcase name="tcBOM" time="0.000" classname="com.hasbro.security.BOMInternalMainUser">
    <skipped/>
  </testcase> <!-- tcBOM -->
  <testcase name="tcBOM" time="0.000" classname="com.hasbro.security.BOMInternalMainUser">
    <skipped/>
  </testcase> <!-- tcBOM -->
  <testcase name="tcBOM" time="0.000" classname="com.hasbro.security.BOMInternalMainUser">
    <skipped/>
  </testcase> <!-- tcBOM -->
  <testcase name="tcBOM" time="0.000" classname="com.hasbro.security.BOMInternalMainUser">
    <skipped/>
  </testcase> <!-- tcBOM -->
  <testcase name="tcBOM" time="0.000" classname="com.hasbro.security.BOMInternalMainUser">
    <skipped/>
  </testcase> <!-- tcBOM -->
  <testcase name="tcBOM" time="0.000" classname="com.hasbro.security.BOMInternalMainUser">
    <skipped/>
  </testcase> <!-- tcBOM -->
  <testcase name="tcBOM" time="0.000" classname="com.hasbro.security.BOMInternalMainUser">
    <skipped/>
  </testcase> <!-- tcBOM -->
  <testcase name="tcBOM" time="0.000" classname="com.hasbro.security.BOMInternalMainUser">
    <skipped/>
  </testcase> <!-- tcBOM -->
  <testcase name="tcBOM" time="0.000" classname="com.hasbro.security.BOMInternalMainUser">
    <skipped/>
  </testcase> <!-- tcBOM -->
  <testcase name="tcBOM" time="0.000" classname="com.hasbro.security.BOMInternalMainUser">
    <skipped/>
  </testcase> <!-- tcBOM -->
  <testcase name="tcBOM" time="0.000" classname="com.hasbro.security.BOMInternalMainUser">
    <skipped/>
  </testcase> <!-- tcBOM -->
  <testcase name="tcBOM" time="0.000" classname="com.hasbro.security.BOMInternalMainUser">
    <skipped/>
  </testcase> <!-- tcBOM -->
  <testcase name="tcBOM" time="0.000" classname="com.hasbro.security.BOMInternalMainUser">
    <skipped/>
  </testcase> <!-- tcBOM -->
  <testcase name="tcBOM" time="0.000" classname="com.hasbro.security.BOMInternalMainUser">
    <skipped/>
  </testcase> <!-- tcBOM -->
  <testcase name="tcBOM" time="0.000" classname="com.hasbro.security.BOMInternalMainUser">
    <skipped/>
  </testcase> <!-- tcBOM -->
  <testcase name="tcBOM" time="0.000" classname="com.hasbro.security.BOMInternalMainUser">
    <skipped/>
  </testcase> <!-- tcBOM -->
  <testcase name="tcBOM" time="0.000" classname="com.hasbro.security.BOMInternalMainUser">
    <skipped/>
  </testcase> <!-- tcBOM -->
  <testcase name="tcBOM" time="0.000" classname="com.hasbro.security.BOMInternalMainUser">
    <skipped/>
  </testcase> <!-- tcBOM -->
  <testcase name="tcBOM" time="0.000" classname="com.hasbro.security.BOMInternalMainUser">
    <skipped/>
  </testcase> <!-- tcBOM -->
  <testcase name="tcBOM" time="0.000" classname="com.hasbro.security.BOMInternalMainUser">
    <skipped/>
  </testcase> <!-- tcBOM -->
  <testcase name="tcBOM" time="0.000" classname="com.hasbro.security.BOMInternalMainUser">
    <skipped/>
  </testcase> <!-- tcBOM -->
  <testcase name="tcBOM" time="0.000" classname="com.hasbro.security.BOMInternalMainUser">
    <skipped/>
  </testcase> <!-- tcBOM -->
  <testcase name="tcBOM" time="0.000" classname="com.hasbro.security.BOMInternalMainUser">
    <skipped/>
  </testcase> <!-- tcBOM -->
  <testcase name="tcBOM" time="0.000" classname="com.hasbro.security.BOMInternalMainUser">
    <skipped/>
  </testcase> <!-- tcBOM -->
  <testcase name="tcBOM" time="0.000" classname="com.hasbro.security.BOMInternalMainUser">
    <skipped/>
  </testcase> <!-- tcBOM -->
  <testcase name="tcBOM" time="0.000" classname="com.hasbro.security.BOMInternalMainUser">
    <skipped/>
  </testcase> <!-- tcBOM -->
  <testcase name="tcBOM" time="0.000" classname="com.hasbro.security.BOMInternalMainUser">
    <skipped/>
  </testcase> <!-- tcBOM -->
  <testcase name="tcBOM" time="0.000" classname="com.hasbro.security.BOMInternalMainUser">
    <skipped/>
  </testcase> <!-- tcBOM -->
  <testcase name="tcBOM" time="0.000" classname="com.hasbro.security.BOMInternalMainUser">
    <skipped/>
  </testcase> <!-- tcBOM -->
  <testcase name="tcBOM" time="0.000" classname="com.hasbro.security.BOMInternalMainUser">
    <skipped/>
  </testcase> <!-- tcBOM -->
  <testcase name="tcBOM" time="0.000" classname="com.hasbro.security.BOMInternalMainUser">
    <skipped/>
  </testcase> <!-- tcBOM -->
  <testcase name="tcBOM" time="0.000" classname="com.hasbro.security.BOMInternalMainUser">
    <skipped/>
  </testcase> <!-- tcBOM -->
  <testcase name="tcBOM" time="0.000" classname="com.hasbro.security.BOMInternalMainUser">
    <skipped/>
  </testcase> <!-- tcBOM -->
  <testcase name="tcBOM" time="0.000" classname="com.hasbro.security.BOMInternalMainUser">
    <skipped/>
  </testcase> <!-- tcBOM -->
  <testcase name="tcBOM" time="0.000" classname="com.hasbro.security.BOMInternalMainUser">
    <skipped/>
  </testcase> <!-- tcBOM -->
  <testcase name="tcBOM" time="0.000" classname="com.hasbro.security.BOMInternalMainUser">
    <skipped/>
  </testcase> <!-- tcBOM -->
  <testcase name="tcBOM" time="0.000" classname="com.hasbro.security.BOMInternalMainUser">
    <skipped/>
  </testcase> <!-- tcBOM -->
  <testcase name="tcBOM" time="0.000" classname="com.hasbro.security.BOMInternalMainUser">
    <skipped/>
  </testcase> <!-- tcBOM -->
  <testcase name="tcBOM" time="0.000" classname="com.hasbro.security.BOMInternalMainUser">
    <skipped/>
  </testcase> <!-- tcBOM -->
  <testcase name="tcBOM" time="0.000" classname="com.hasbro.security.BOMInternalMainUser">
    <skipped/>
  </testcase> <!-- tcBOM -->
  <testcase name="tcBOM" time="0.000" classname="com.hasbro.security.BOMInternalMainUser">
    <skipped/>
  </testcase> <!-- tcBOM -->
  <testcase name="tcBOM" time="0.000" classname="com.hasbro.security.BOMInternalMainUser">
    <skipped/>
  </testcase> <!-- tcBOM -->
  <testcase name="tcBOM" time="0.000" classname="com.hasbro.security.BOMInternalMainUser">
    <skipped/>
  </testcase> <!-- tcBOM -->
  <testcase name="tcBOM" time="0.000" classname="com.hasbro.security.BOMInternalMainUser">
    <skipped/>
  </testcase> <!-- tcBOM -->
  <testcase name="tcBOM" time="0.000" classname="com.hasbro.security.BOMInternalMainUser">
    <skipped/>
  </testcase> <!-- tcBOM -->
  <testcase name="tcBOM" time="0.000" classname="com.hasbro.security.BOMInternalMainUser">
    <skipped/>
  </testcase> <!-- tcBOM -->
  <testcase name="tcBOM" time="0.000" classname="com.hasbro.security.BOMInternalMainUser">
    <skipped/>
  </testcase> <!-- tcBOM -->
  <testcase name="tcBOM" time="0.000" classname="com.hasbro.security.BOMInternalMainUser">
    <skipped/>
  </testcase> <!-- tcBOM -->
  <testcase name="tcBOM" time="0.000" classname="com.hasbro.security.BOMInternalMainUser">
    <skipped/>
  </testcase> <!-- tcBOM -->
  <testcase name="tcBOM" time="0.000" classname="com.hasbro.security.BOMInternalMainUser">
    <skipped/>
  </testcase> <!-- tcBOM -->
  <testcase name="tcBOM" time="0.000" classname="com.hasbro.security.BOMInternalMainUser">
    <skipped/>
  </testcase> <!-- tcBOM -->
  <testcase name="tcBOM" time="0.000" classname="com.hasbro.security.BOMInternalMainUser">
    <skipped/>
  </testcase> <!-- tcBOM -->
  <testcase name="tcBOM" time="0.000" classname="com.hasbro.security.BOMInternalMainUser">
    <skipped/>
  </testcase> <!-- tcBOM -->
  <testcase name="tcBOM" time="0.000" classname="com.hasbro.security.BOMInternalMainUser">
    <skipped/>
  </testcase> <!-- tcBOM -->
  <testcase name="tcBOM" time="0.000" classname="com.hasbro.security.BOMInternalMainUser">
    <skipped/>
  </testcase> <!-- tcBOM -->
  <testcase name="tcBOM" time="0.000" classname="com.hasbro.security.BOMInternalMainUser">
    <skipped/>
  </testcase> <!-- tcBOM -->
  <testcase name="tcBOM" time="0.000" classname="com.hasbro.security.BOMInternalMainUser">
    <skipped/>
  </testcase> <!-- tcBOM -->
  <testcase name="tcBOM" time="0.000" classname="com.hasbro.security.BOMInternalMainUser">
    <skipped/>
  </testcase> <!-- tcBOM -->
  <testcase name="tcBOM" time="0.000" classname="com.hasbro.security.BOMInternalMainUser">
    <skipped/>
  </testcase> <!-- tcBOM -->
  <testcase name="tcBOM" time="0.000" classname="com.hasbro.security.BOMInternalMainUser">
    <skipped/>
  </testcase> <!-- tcBOM -->
  <testcase name="tcBOM" time="0.000" classname="com.hasbro.security.BOMInternalMainUser">
    <skipped/>
  </testcase> <!-- tcBOM -->
  <testcase name="tcBOM" time="0.000" classname="com.hasbro.security.BOMInternalMainUser">
    <skipped/>
  </testcase> <!-- tcBOM -->
  <testcase name="tcBOM" time="0.000" classname="com.hasbro.security.BOMInternalMainUser">
    <skipped/>
  </testcase> <!-- tcBOM -->
  <testcase name="tcBOM" time="0.000" classname="com.hasbro.security.BOMInternalMainUser">
    <skipped/>
  </testcase> <!-- tcBOM -->
  <testcase name="tcBOM" time="0.000" classname="com.hasbro.security.BOMInternalMainUser">
    <skipped/>
  </testcase> <!-- tcBOM -->
  <testcase name="tcBOM" time="0.000" classname="com.hasbro.security.BOMInternalMainUser">
    <skipped/>
  </testcase> <!-- tcBOM -->
  <testcase name="tcBOM" time="0.000" classname="com.hasbro.security.BOMInternalMainUser">
    <skipped/>
  </testcase> <!-- tcBOM -->
  <testcase name="tcBOM" time="0.000" classname="com.hasbro.security.BOMInternalMainUser">
    <skipped/>
  </testcase> <!-- tcBOM -->
  <testcase name="tcBOM" time="0.000" classname="com.hasbro.security.BOMInternalMainUser">
    <skipped/>
  </testcase> <!-- tcBOM -->
  <testcase name="tcBOM" time="0.000" classname="com.hasbro.security.BOMInternalMainUser">
    <skipped/>
  </testcase> <!-- tcBOM -->
  <testcase name="tcBOM" time="0.000" classname="com.hasbro.security.BOMInternalMainUser">
    <skipped/>
  </testcase> <!-- tcBOM -->
  <testcase name="tcBOM" time="0.000" classname="com.hasbro.security.BOMInternalMainUser">
    <skipped/>
  </testcase> <!-- tcBOM -->
  <testcase name="tcBOM" time="0.000" classname="com.hasbro.security.BOMInternalMainUser">
    <skipped/>
  </testcase> <!-- tcBOM -->
  <testcase name="tcBOM" time="0.000" classname="com.hasbro.security.BOMInternalMainUser">
    <skipped/>
  </testcase> <!-- tcBOM -->
  <testcase name="tcBOM" time="0.000" classname="com.hasbro.security.BOMInternalMainUser">
    <skipped/>
  </testcase> <!-- tcBOM -->
  <testcase name="tcBOM" time="0.000" classname="com.hasbro.security.BOMInternalMainUser">
    <skipped/>
  </testcase> <!-- tcBOM -->
  <testcase name="tcBOM" time="0.000" classname="com.hasbro.security.BOMInternalMainUser">
    <skipped/>
  </testcase> <!-- tcBOM -->
  <testcase name="tcBOM" time="0.000" classname="com.hasbro.security.BOMInternalMainUser">
    <skipped/>
  </testcase> <!-- tcBOM -->
  <testcase name="tcBOM" time="0.000" classname="com.hasbro.security.BOMInternalMainUser">
    <skipped/>
  </testcase> <!-- tcBOM -->
  <testcase name="tcBOM" time="0.000" classname="com.hasbro.security.BOMInternalMainUser">
    <skipped/>
  </testcase> <!-- tcBOM -->
  <testcase name="tcBOM" time="0.000" classname="com.hasbro.security.BOMInternalMainUser">
    <skipped/>
  </testcase> <!-- tcBOM -->
  <testcase name="tcBOM" time="0.000" classname="com.hasbro.security.BOMInternalMainUser">
    <skipped/>
  </testcase> <!-- tcBOM -->
  <testcase name="tcBOM" time="0.000" classname="com.hasbro.security.BOMInternalMainUser">
    <skipped/>
  </testcase> <!-- tcBOM -->
  <testcase name="tcBOM" time="0.000" classname="com.hasbro.security.BOMInternalMainUser">
    <skipped/>
  </testcase> <!-- tcBOM -->
  <testcase name="tcBOM" time="0.000" classname="com.hasbro.security.BOMInternalMainUser">
    <skipped/>
  </testcase> <!-- tcBOM -->
  <testcase name="tcBOM" time="0.000" classname="com.hasbro.security.BOMInternalMainUser">
    <skipped/>
  </testcase> <!-- tcBOM -->
  <testcase name="tcBOM" time="0.000" classname="com.hasbro.security.BOMInternalMainUser">
    <skipped/>
  </testcase> <!-- tcBOM -->
  <testcase name="tcBOM" time="0.000" classname="com.hasbro.security.BOMInternalMainUser">
    <skipped/>
  </testcase> <!-- tcBOM -->
  <testcase name="tcBOM" time="0.000" classname="com.hasbro.security.BOMInternalMainUser">
    <skipped/>
  </testcase> <!-- tcBOM -->
  <testcase name="tcBOM" time="0.000" classname="com.hasbro.security.BOMInternalMainUser">
    <skipped/>
  </testcase> <!-- tcBOM -->
  <testcase name="tcBOM" time="0.000" classname="com.hasbro.security.BOMInternalMainUser">
    <skipped/>
  </testcase> <!-- tcBOM -->
  <testcase name="tcBOM" time="0.000" classname="com.hasbro.security.BOMInternalMainUser">
    <skipped/>
  </testcase> <!-- tcBOM -->
  <testcase name="tcBOM" time="0.000" classname="com.hasbro.security.BOMInternalMainUser">
    <skipped/>
  </testcase> <!-- tcBOM -->
  <testcase name="tcBOM" time="0.000" classname="com.hasbro.security.BOMInternalMainUser">
    <skipped/>
  </testcase> <!-- tcBOM -->
  <testcase name="tcBOM" time="0.000" classname="com.hasbro.security.BOMInternalMainUser">
    <skipped/>
  </testcase> <!-- tcBOM -->
  <testcase name="tcBOM" time="0.000" classname="com.hasbro.security.BOMInternalMainUser">
    <skipped/>
  </testcase> <!-- tcBOM -->
  <testcase name="tcBOM" time="0.000" classname="com.hasbro.security.BOMInternalMainUser">
    <skipped/>
  </testcase> <!-- tcBOM -->
  <testcase name="tcBOM" time="0.000" classname="com.hasbro.security.BOMInternalMainUser">
    <skipped/>
  </testcase> <!-- tcBOM -->
</testsuite> <!-- com.hasbro.security.BOMInternalMainUser -->
