<?xml version="1.0" encoding="UTF-8"?>
<!-- Generated by org.testng.reporters.JUnitReportReporter -->
<testsuite skipped="15" hostname="P3BLAP-7172WMV" name="com.hasbro.PC.SMFunctional" tests="15" failures="0" timestamp="01 Nov 2017 07:13:16 GMT" time="0.000" errors="0">
  <testcase name="tcStructureManagementFunctional" time="0.000" classname="com.hasbro.PC.SMFunctional">
    <skipped/>
  </testcase> <!-- tcStructureManagementFunctional -->
  <testcase name="tcStructureManagementFunctional" time="0.000" classname="com.hasbro.PC.SMFunctional">
    <skipped/>
  </testcase> <!-- tcStructureManagementFunctional -->
  <testcase name="tcStructureManagementFunctional" time="0.000" classname="com.hasbro.PC.SMFunctional">
    <skipped/>
  </testcase> <!-- tcStructureManagementFunctional -->
  <testcase name="tcStructureManagementFunctional" time="0.000" classname="com.hasbro.PC.SMFunctional">
    <skipped/>
  </testcase> <!-- tcStructureManagementFunctional -->
  <testcase name="tcStructureManagementFunctional" time="0.000" classname="com.hasbro.PC.SMFunctional">
    <skipped/>
  </testcase> <!-- tcStructureManagementFunctional -->
  <testcase name="tcStructureManagementFunctional" time="0.000" classname="com.hasbro.PC.SMFunctional">
    <skipped/>
  </testcase> <!-- tcStructureManagementFunctional -->
  <testcase name="tcStructureManagementFunctional" time="0.000" classname="com.hasbro.PC.SMFunctional">
    <skipped/>
  </testcase> <!-- tcStructureManagementFunctional -->
  <testcase name="tcStructureManagementFunctional" time="0.000" classname="com.hasbro.PC.SMFunctional">
    <skipped/>
  </testcase> <!-- tcStructureManagementFunctional -->
  <testcase name="tcStructureManagementFunctional" time="0.000" classname="com.hasbro.PC.SMFunctional">
    <skipped/>
  </testcase> <!-- tcStructureManagementFunctional -->
  <testcase name="tcStructureManagementFunctional" time="0.000" classname="com.hasbro.PC.SMFunctional">
    <skipped/>
  </testcase> <!-- tcStructureManagementFunctional -->
  <testcase name="tcStructureManagementFunctional" time="0.000" classname="com.hasbro.PC.SMFunctional">
    <skipped/>
  </testcase> <!-- tcStructureManagementFunctional -->
  <testcase name="tcStructureManagementFunctional" time="0.000" classname="com.hasbro.PC.SMFunctional">
    <skipped/>
  </testcase> <!-- tcStructureManagementFunctional -->
  <testcase name="tcStructureManagementFunctional" time="0.000" classname="com.hasbro.PC.SMFunctional">
    <skipped/>
  </testcase> <!-- tcStructureManagementFunctional -->
  <testcase name="tcStructureManagementFunctional" time="0.000" classname="com.hasbro.PC.SMFunctional">
    <skipped/>
  </testcase> <!-- tcStructureManagementFunctional -->
  <testcase name="tcStructureManagementFunctional" time="0.000" classname="com.hasbro.PC.SMFunctional">
    <skipped/>
  </testcase> <!-- tcStructureManagementFunctional -->
</testsuite> <!-- com.hasbro.PC.SMFunctional -->
