<?xml version="1.0" encoding="UTF-8"?>
<!-- Generated by org.testng.reporters.JUnitReportReporter -->
<testsuite skipped="19" hostname="BDC6-LX-723061Y" name="com.hasbro.ci2018.CI207" tests="19" failures="0" timestamp="17 Aug 2018 11:37:03 GMT" time="0.000" errors="0">
  <testcase name="tcCI" time="0.000" classname="com.hasbro.ci2018.CI207">
    <skipped/>
  </testcase> <!-- tcCI -->
  <testcase name="tcCI" time="0.000" classname="com.hasbro.ci2018.CI207">
    <skipped/>
  </testcase> <!-- tcCI -->
  <testcase name="tcCI" time="0.000" classname="com.hasbro.ci2018.CI207">
    <skipped/>
  </testcase> <!-- tcCI -->
  <testcase name="tcCI" time="0.000" classname="com.hasbro.ci2018.CI207">
    <skipped/>
  </testcase> <!-- tcCI -->
  <testcase name="tcCI" time="0.000" classname="com.hasbro.ci2018.CI207">
    <skipped/>
  </testcase> <!-- tcCI -->
  <testcase name="tcCI" time="0.000" classname="com.hasbro.ci2018.CI207">
    <skipped/>
  </testcase> <!-- tcCI -->
  <testcase name="tcCI" time="0.000" classname="com.hasbro.ci2018.CI207">
    <skipped/>
  </testcase> <!-- tcCI -->
  <testcase name="tcCI" time="0.000" classname="com.hasbro.ci2018.CI207">
    <skipped/>
  </testcase> <!-- tcCI -->
  <testcase name="tcCI" time="0.000" classname="com.hasbro.ci2018.CI207">
    <skipped/>
  </testcase> <!-- tcCI -->
  <testcase name="tcCI" time="0.000" classname="com.hasbro.ci2018.CI207">
    <skipped/>
  </testcase> <!-- tcCI -->
  <testcase name="tcCI" time="0.000" classname="com.hasbro.ci2018.CI207">
    <skipped/>
  </testcase> <!-- tcCI -->
  <testcase name="tcCI" time="0.000" classname="com.hasbro.ci2018.CI207">
    <skipped/>
  </testcase> <!-- tcCI -->
  <testcase name="tcCI" time="0.000" classname="com.hasbro.ci2018.CI207">
    <skipped/>
  </testcase> <!-- tcCI -->
  <testcase name="tcCI" time="0.000" classname="com.hasbro.ci2018.CI207">
    <skipped/>
  </testcase> <!-- tcCI -->
  <testcase name="tcCI" time="0.000" classname="com.hasbro.ci2018.CI207">
    <skipped/>
  </testcase> <!-- tcCI -->
  <testcase name="tcCI" time="0.000" classname="com.hasbro.ci2018.CI207">
    <skipped/>
  </testcase> <!-- tcCI -->
  <testcase name="tcCI" time="0.000" classname="com.hasbro.ci2018.CI207">
    <skipped/>
  </testcase> <!-- tcCI -->
  <testcase name="tcCI" time="0.000" classname="com.hasbro.ci2018.CI207">
    <skipped/>
  </testcase> <!-- tcCI -->
  <testcase name="tcCI" time="0.000" classname="com.hasbro.ci2018.CI207">
    <skipped/>
  </testcase> <!-- tcCI -->
</testsuite> <!-- com.hasbro.ci2018.CI207 -->
