<?xml version="1.0" encoding="UTF-8"?>
<!-- Generated by org.testng.reporters.JUnitReportReporter -->
<testsuite hostname="PDC3-LX-6021FG3" name="Libraries.CheckProductDisplay" tests="1" failures="0" timestamp="5 Aug 2016 09:14:09 GMT" time="0.000" errors="1">
  <testcase name="testcaseA2" time="0.000" classname="Libraries.CheckProductDisplay"/>
</testsuite> <!-- Libraries.CheckProductDisplay -->
