<?xml version="1.0" encoding="UTF-8"?>
<!-- Generated by org.testng.reporters.JUnitReportReporter -->
<testsuite hostname="PDC3-LX-6021FG3" name="Security.Product" tests="42" failures="0" timestamp="5 Aug 2016 09:14:09 GMT" time="0.578" errors="42">
  <testcase name="tcProduct" time="0.009" classname="Security.Product"/>
  <testcase name="tcProduct" time="0.029" classname="Security.Product"/>
  <testcase name="tcProduct" time="0.020" classname="Security.Product"/>
  <testcase name="tcProduct" time="0.009" classname="Security.Product"/>
  <testcase name="tcProduct" time="0.009" classname="Security.Product"/>
  <testcase name="tcProduct" time="0.009" classname="Security.Product"/>
  <testcase name="tcProduct" time="0.013" classname="Security.Product"/>
  <testcase name="tcProduct" time="0.017" classname="Security.Product"/>
  <testcase name="tcProduct" time="0.007" classname="Security.Product"/>
  <testcase name="tcProduct" time="0.010" classname="Security.Product"/>
  <testcase name="tcProduct" time="0.017" classname="Security.Product"/>
  <testcase name="tcProduct" time="0.051" classname="Security.Product"/>
  <testcase name="tcProduct" time="0.010" classname="Security.Product"/>
  <testcase name="tcProduct" time="0.005" classname="Security.Product"/>
  <testcase name="tcProduct" time="0.012" classname="Security.Product"/>
  <testcase name="tcProduct" time="0.012" classname="Security.Product"/>
  <testcase name="tcProduct" time="0.007" classname="Security.Product"/>
  <testcase name="tcProduct" time="0.010" classname="Security.Product"/>
  <testcase name="tcProduct" time="0.007" classname="Security.Product"/>
  <testcase name="tcProduct" time="0.013" classname="Security.Product"/>
  <testcase name="tcProduct" time="0.011" classname="Security.Product"/>
  <testcase name="tcProduct" time="0.015" classname="Security.Product"/>
  <testcase name="tcProduct" time="0.011" classname="Security.Product"/>
  <testcase name="tcProduct" time="0.011" classname="Security.Product"/>
  <testcase name="tcProduct" time="0.013" classname="Security.Product"/>
  <testcase name="tcProduct" time="0.014" classname="Security.Product"/>
  <testcase name="tcProduct" time="0.009" classname="Security.Product"/>
  <testcase name="tcProduct" time="0.009" classname="Security.Product"/>
  <testcase name="tcProduct" time="0.010" classname="Security.Product"/>
  <testcase name="tcProduct" time="0.012" classname="Security.Product"/>
  <testcase name="tcProduct" time="0.008" classname="Security.Product"/>
  <testcase name="tcProduct" time="0.008" classname="Security.Product"/>
  <testcase name="tcProduct" time="0.008" classname="Security.Product"/>
  <testcase name="tcProduct" time="0.008" classname="Security.Product"/>
  <testcase name="tcProduct" time="0.077" classname="Security.Product"/>
  <testcase name="tcProduct" time="0.009" classname="Security.Product"/>
  <testcase name="tcProduct" time="0.012" classname="Security.Product"/>
  <testcase name="tcProduct" time="0.007" classname="Security.Product"/>
  <testcase name="tcProduct" time="0.009" classname="Security.Product"/>
  <testcase name="tcProduct" time="0.019" classname="Security.Product"/>
  <testcase name="tcProduct" time="0.016" classname="Security.Product"/>
  <testcase name="tcProduct" time="0.006" classname="Security.Product"/>
</testsuite> <!-- Security.Product -->
