<?xml version="1.0" encoding="UTF-8"?>
<!-- Generated by org.testng.reporters.JUnitReportReporter -->
<testsuite skipped="13" hostname="P3BLAP-7172WMV" name="com.hasbro.PC.SCFunctional" tests="13" failures="0" timestamp="01 Nov 2017 07:13:17 GMT" time="0.000" errors="0">
  <testcase name="tcSCFunctional" time="0.000" classname="com.hasbro.PC.SCFunctional">
    <skipped/>
  </testcase> <!-- tcSCFunctional -->
  <testcase name="tcSCFunctional" time="0.000" classname="com.hasbro.PC.SCFunctional">
    <skipped/>
  </testcase> <!-- tcSCFunctional -->
  <testcase name="tcSCFunctional" time="0.000" classname="com.hasbro.PC.SCFunctional">
    <skipped/>
  </testcase> <!-- tcSCFunctional -->
  <testcase name="tcSCFunctional" time="0.000" classname="com.hasbro.PC.SCFunctional">
    <skipped/>
  </testcase> <!-- tcSCFunctional -->
  <testcase name="tcSCFunctional" time="0.000" classname="com.hasbro.PC.SCFunctional">
    <skipped/>
  </testcase> <!-- tcSCFunctional -->
  <testcase name="tcSCFunctional" time="0.000" classname="com.hasbro.PC.SCFunctional">
    <skipped/>
  </testcase> <!-- tcSCFunctional -->
  <testcase name="tcSCFunctional" time="0.000" classname="com.hasbro.PC.SCFunctional">
    <skipped/>
  </testcase> <!-- tcSCFunctional -->
  <testcase name="tcSCFunctional" time="0.000" classname="com.hasbro.PC.SCFunctional">
    <skipped/>
  </testcase> <!-- tcSCFunctional -->
  <testcase name="tcSCFunctional" time="0.000" classname="com.hasbro.PC.SCFunctional">
    <skipped/>
  </testcase> <!-- tcSCFunctional -->
  <testcase name="tcSCFunctional" time="0.000" classname="com.hasbro.PC.SCFunctional">
    <skipped/>
  </testcase> <!-- tcSCFunctional -->
  <testcase name="tcSCFunctional" time="0.000" classname="com.hasbro.PC.SCFunctional">
    <skipped/>
  </testcase> <!-- tcSCFunctional -->
  <testcase name="tcSCFunctional" time="0.000" classname="com.hasbro.PC.SCFunctional">
    <skipped/>
  </testcase> <!-- tcSCFunctional -->
  <testcase name="tcSCFunctional" time="0.000" classname="com.hasbro.PC.SCFunctional">
    <skipped/>
  </testcase> <!-- tcSCFunctional -->
</testsuite> <!-- com.hasbro.PC.SCFunctional -->
