<?xml version="1.0" encoding="UTF-8"?>
<!-- Generated by org.testng.reporters.JUnitReportReporter -->
<testsuite skipped="434" hostname="BDC6-LX-723061Y" name="com.hasbro.cascading.CascadingProduct" tests="434" failures="0" timestamp="20 Mar 2018 12:33:08 GMT" time="0.000" errors="0">
  <testcase name="tcProduct" time="0.000" classname="com.hasbro.cascading.CascadingProduct">
    <skipped/>
  </testcase> <!-- tcProduct -->
  <testcase name="tcProduct" time="0.000" classname="com.hasbro.cascading.CascadingProduct">
    <skipped/>
  </testcase> <!-- tcProduct -->
  <testcase name="tcProduct" time="0.000" classname="com.hasbro.cascading.CascadingProduct">
    <skipped/>
  </testcase> <!-- tcProduct -->
  <testcase name="tcProduct" time="0.000" classname="com.hasbro.cascading.CascadingProduct">
    <skipped/>
  </testcase> <!-- tcProduct -->
  <testcase name="tcProduct" time="0.000" classname="com.hasbro.cascading.CascadingProduct">
    <skipped/>
  </testcase> <!-- tcProduct -->
  <testcase name="tcProduct" time="0.000" classname="com.hasbro.cascading.CascadingProduct">
    <skipped/>
  </testcase> <!-- tcProduct -->
  <testcase name="tcProduct" time="0.000" classname="com.hasbro.cascading.CascadingProduct">
    <skipped/>
  </testcase> <!-- tcProduct -->
  <testcase name="tcProduct" time="0.000" classname="com.hasbro.cascading.CascadingProduct">
    <skipped/>
  </testcase> <!-- tcProduct -->
  <testcase name="tcProduct" time="0.000" classname="com.hasbro.cascading.CascadingProduct">
    <skipped/>
  </testcase> <!-- tcProduct -->
  <testcase name="tcProduct" time="0.000" classname="com.hasbro.cascading.CascadingProduct">
    <skipped/>
  </testcase> <!-- tcProduct -->
  <testcase name="tcProduct" time="0.000" classname="com.hasbro.cascading.CascadingProduct">
    <skipped/>
  </testcase> <!-- tcProduct -->
  <testcase name="tcProduct" time="0.000" classname="com.hasbro.cascading.CascadingProduct">
    <skipped/>
  </testcase> <!-- tcProduct -->
  <testcase name="tcProduct" time="0.000" classname="com.hasbro.cascading.CascadingProduct">
    <skipped/>
  </testcase> <!-- tcProduct -->
  <testcase name="tcProduct" time="0.000" classname="com.hasbro.cascading.CascadingProduct">
    <skipped/>
  </testcase> <!-- tcProduct -->
  <testcase name="tcProduct" time="0.000" classname="com.hasbro.cascading.CascadingProduct">
    <skipped/>
  </testcase> <!-- tcProduct -->
  <testcase name="tcProduct" time="0.000" classname="com.hasbro.cascading.CascadingProduct">
    <skipped/>
  </testcase> <!-- tcProduct -->
  <testcase name="tcProduct" time="0.000" classname="com.hasbro.cascading.CascadingProduct">
    <skipped/>
  </testcase> <!-- tcProduct -->
  <testcase name="tcProduct" time="0.000" classname="com.hasbro.cascading.CascadingProduct">
    <skipped/>
  </testcase> <!-- tcProduct -->
  <testcase name="tcProduct" time="0.000" classname="com.hasbro.cascading.CascadingProduct">
    <skipped/>
  </testcase> <!-- tcProduct -->
  <testcase name="tcProduct" time="0.000" classname="com.hasbro.cascading.CascadingProduct">
    <skipped/>
  </testcase> <!-- tcProduct -->
  <testcase name="tcProduct" time="0.000" classname="com.hasbro.cascading.CascadingProduct">
    <skipped/>
  </testcase> <!-- tcProduct -->
  <testcase name="tcProduct" time="0.000" classname="com.hasbro.cascading.CascadingProduct">
    <skipped/>
  </testcase> <!-- tcProduct -->
  <testcase name="tcProduct" time="0.000" classname="com.hasbro.cascading.CascadingProduct">
    <skipped/>
  </testcase> <!-- tcProduct -->
  <testcase name="tcProduct" time="0.000" classname="com.hasbro.cascading.CascadingProduct">
    <skipped/>
  </testcase> <!-- tcProduct -->
  <testcase name="tcProduct" time="0.000" classname="com.hasbro.cascading.CascadingProduct">
    <skipped/>
  </testcase> <!-- tcProduct -->
  <testcase name="tcProduct" time="0.000" classname="com.hasbro.cascading.CascadingProduct">
    <skipped/>
  </testcase> <!-- tcProduct -->
  <testcase name="tcProduct" time="0.000" classname="com.hasbro.cascading.CascadingProduct">
    <skipped/>
  </testcase> <!-- tcProduct -->
  <testcase name="tcProduct" time="0.000" classname="com.hasbro.cascading.CascadingProduct">
    <skipped/>
  </testcase> <!-- tcProduct -->
  <testcase name="tcProduct" time="0.000" classname="com.hasbro.cascading.CascadingProduct">
    <skipped/>
  </testcase> <!-- tcProduct -->
  <testcase name="tcProduct" time="0.000" classname="com.hasbro.cascading.CascadingProduct">
    <skipped/>
  </testcase> <!-- tcProduct -->
  <testcase name="tcProduct" time="0.000" classname="com.hasbro.cascading.CascadingProduct">
    <skipped/>
  </testcase> <!-- tcProduct -->
  <testcase name="tcProduct" time="0.000" classname="com.hasbro.cascading.CascadingProduct">
    <skipped/>
  </testcase> <!-- tcProduct -->
  <testcase name="tcProduct" time="0.000" classname="com.hasbro.cascading.CascadingProduct">
    <skipped/>
  </testcase> <!-- tcProduct -->
  <testcase name="tcProduct" time="0.000" classname="com.hasbro.cascading.CascadingProduct">
    <skipped/>
  </testcase> <!-- tcProduct -->
  <testcase name="tcProduct" time="0.000" classname="com.hasbro.cascading.CascadingProduct">
    <skipped/>
  </testcase> <!-- tcProduct -->
  <testcase name="tcProduct" time="0.000" classname="com.hasbro.cascading.CascadingProduct">
    <skipped/>
  </testcase> <!-- tcProduct -->
  <testcase name="tcProduct" time="0.000" classname="com.hasbro.cascading.CascadingProduct">
    <skipped/>
  </testcase> <!-- tcProduct -->
  <testcase name="tcProduct" time="0.000" classname="com.hasbro.cascading.CascadingProduct">
    <skipped/>
  </testcase> <!-- tcProduct -->
  <testcase name="tcProduct" time="0.000" classname="com.hasbro.cascading.CascadingProduct">
    <skipped/>
  </testcase> <!-- tcProduct -->
  <testcase name="tcProduct" time="0.000" classname="com.hasbro.cascading.CascadingProduct">
    <skipped/>
  </testcase> <!-- tcProduct -->
  <testcase name="tcProduct" time="0.000" classname="com.hasbro.cascading.CascadingProduct">
    <skipped/>
  </testcase> <!-- tcProduct -->
  <testcase name="tcProduct" time="0.000" classname="com.hasbro.cascading.CascadingProduct">
    <skipped/>
  </testcase> <!-- tcProduct -->
  <testcase name="tcProduct" time="0.000" classname="com.hasbro.cascading.CascadingProduct">
    <skipped/>
  </testcase> <!-- tcProduct -->
  <testcase name="tcProduct" time="0.000" classname="com.hasbro.cascading.CascadingProduct">
    <skipped/>
  </testcase> <!-- tcProduct -->
  <testcase name="tcProduct" time="0.000" classname="com.hasbro.cascading.CascadingProduct">
    <skipped/>
  </testcase> <!-- tcProduct -->
  <testcase name="tcProduct" time="0.000" classname="com.hasbro.cascading.CascadingProduct">
    <skipped/>
  </testcase> <!-- tcProduct -->
  <testcase name="tcProduct" time="0.000" classname="com.hasbro.cascading.CascadingProduct">
    <skipped/>
  </testcase> <!-- tcProduct -->
  <testcase name="tcProduct" time="0.000" classname="com.hasbro.cascading.CascadingProduct">
    <skipped/>
  </testcase> <!-- tcProduct -->
  <testcase name="tcProduct" time="0.000" classname="com.hasbro.cascading.CascadingProduct">
    <skipped/>
  </testcase> <!-- tcProduct -->
  <testcase name="tcProduct" time="0.000" classname="com.hasbro.cascading.CascadingProduct">
    <skipped/>
  </testcase> <!-- tcProduct -->
  <testcase name="tcProduct" time="0.000" classname="com.hasbro.cascading.CascadingProduct">
    <skipped/>
  </testcase> <!-- tcProduct -->
  <testcase name="tcProduct" time="0.000" classname="com.hasbro.cascading.CascadingProduct">
    <skipped/>
  </testcase> <!-- tcProduct -->
  <testcase name="tcProduct" time="0.000" classname="com.hasbro.cascading.CascadingProduct">
    <skipped/>
  </testcase> <!-- tcProduct -->
  <testcase name="tcProduct" time="0.000" classname="com.hasbro.cascading.CascadingProduct">
    <skipped/>
  </testcase> <!-- tcProduct -->
  <testcase name="tcProduct" time="0.000" classname="com.hasbro.cascading.CascadingProduct">
    <skipped/>
  </testcase> <!-- tcProduct -->
  <testcase name="tcProduct" time="0.000" classname="com.hasbro.cascading.CascadingProduct">
    <skipped/>
  </testcase> <!-- tcProduct -->
  <testcase name="tcProduct" time="0.000" classname="com.hasbro.cascading.CascadingProduct">
    <skipped/>
  </testcase> <!-- tcProduct -->
  <testcase name="tcProduct" time="0.000" classname="com.hasbro.cascading.CascadingProduct">
    <skipped/>
  </testcase> <!-- tcProduct -->
  <testcase name="tcProduct" time="0.000" classname="com.hasbro.cascading.CascadingProduct">
    <skipped/>
  </testcase> <!-- tcProduct -->
  <testcase name="tcProduct" time="0.000" classname="com.hasbro.cascading.CascadingProduct">
    <skipped/>
  </testcase> <!-- tcProduct -->
  <testcase name="tcProduct" time="0.000" classname="com.hasbro.cascading.CascadingProduct">
    <skipped/>
  </testcase> <!-- tcProduct -->
  <testcase name="tcProduct" time="0.000" classname="com.hasbro.cascading.CascadingProduct">
    <skipped/>
  </testcase> <!-- tcProduct -->
  <testcase name="tcProduct" time="0.000" classname="com.hasbro.cascading.CascadingProduct">
    <skipped/>
  </testcase> <!-- tcProduct -->
  <testcase name="tcProduct" time="0.000" classname="com.hasbro.cascading.CascadingProduct">
    <skipped/>
  </testcase> <!-- tcProduct -->
  <testcase name="tcProduct" time="0.000" classname="com.hasbro.cascading.CascadingProduct">
    <skipped/>
  </testcase> <!-- tcProduct -->
  <testcase name="tcProduct" time="0.000" classname="com.hasbro.cascading.CascadingProduct">
    <skipped/>
  </testcase> <!-- tcProduct -->
  <testcase name="tcProduct" time="0.000" classname="com.hasbro.cascading.CascadingProduct">
    <skipped/>
  </testcase> <!-- tcProduct -->
  <testcase name="tcProduct" time="0.000" classname="com.hasbro.cascading.CascadingProduct">
    <skipped/>
  </testcase> <!-- tcProduct -->
  <testcase name="tcProduct" time="0.000" classname="com.hasbro.cascading.CascadingProduct">
    <skipped/>
  </testcase> <!-- tcProduct -->
  <testcase name="tcProduct" time="0.000" classname="com.hasbro.cascading.CascadingProduct">
    <skipped/>
  </testcase> <!-- tcProduct -->
  <testcase name="tcProduct" time="0.000" classname="com.hasbro.cascading.CascadingProduct">
    <skipped/>
  </testcase> <!-- tcProduct -->
  <testcase name="tcProduct" time="0.000" classname="com.hasbro.cascading.CascadingProduct">
    <skipped/>
  </testcase> <!-- tcProduct -->
  <testcase name="tcProduct" time="0.000" classname="com.hasbro.cascading.CascadingProduct">
    <skipped/>
  </testcase> <!-- tcProduct -->
  <testcase name="tcProduct" time="0.000" classname="com.hasbro.cascading.CascadingProduct">
    <skipped/>
  </testcase> <!-- tcProduct -->
  <testcase name="tcProduct" time="0.000" classname="com.hasbro.cascading.CascadingProduct">
    <skipped/>
  </testcase> <!-- tcProduct -->
  <testcase name="tcProduct" time="0.000" classname="com.hasbro.cascading.CascadingProduct">
    <skipped/>
  </testcase> <!-- tcProduct -->
  <testcase name="tcProduct" time="0.000" classname="com.hasbro.cascading.CascadingProduct">
    <skipped/>
  </testcase> <!-- tcProduct -->
  <testcase name="tcProduct" time="0.000" classname="com.hasbro.cascading.CascadingProduct">
    <skipped/>
  </testcase> <!-- tcProduct -->
  <testcase name="tcProduct" time="0.000" classname="com.hasbro.cascading.CascadingProduct">
    <skipped/>
  </testcase> <!-- tcProduct -->
  <testcase name="tcProduct" time="0.000" classname="com.hasbro.cascading.CascadingProduct">
    <skipped/>
  </testcase> <!-- tcProduct -->
  <testcase name="tcProduct" time="0.000" classname="com.hasbro.cascading.CascadingProduct">
    <skipped/>
  </testcase> <!-- tcProduct -->
  <testcase name="tcProduct" time="0.000" classname="com.hasbro.cascading.CascadingProduct">
    <skipped/>
  </testcase> <!-- tcProduct -->
  <testcase name="tcProduct" time="0.000" classname="com.hasbro.cascading.CascadingProduct">
    <skipped/>
  </testcase> <!-- tcProduct -->
  <testcase name="tcProduct" time="0.000" classname="com.hasbro.cascading.CascadingProduct">
    <skipped/>
  </testcase> <!-- tcProduct -->
  <testcase name="tcProduct" time="0.000" classname="com.hasbro.cascading.CascadingProduct">
    <skipped/>
  </testcase> <!-- tcProduct -->
  <testcase name="tcProduct" time="0.000" classname="com.hasbro.cascading.CascadingProduct">
    <skipped/>
  </testcase> <!-- tcProduct -->
  <testcase name="tcProduct" time="0.000" classname="com.hasbro.cascading.CascadingProduct">
    <skipped/>
  </testcase> <!-- tcProduct -->
  <testcase name="tcProduct" time="0.000" classname="com.hasbro.cascading.CascadingProduct">
    <skipped/>
  </testcase> <!-- tcProduct -->
  <testcase name="tcProduct" time="0.000" classname="com.hasbro.cascading.CascadingProduct">
    <skipped/>
  </testcase> <!-- tcProduct -->
  <testcase name="tcProduct" time="0.000" classname="com.hasbro.cascading.CascadingProduct">
    <skipped/>
  </testcase> <!-- tcProduct -->
  <testcase name="tcProduct" time="0.000" classname="com.hasbro.cascading.CascadingProduct">
    <skipped/>
  </testcase> <!-- tcProduct -->
  <testcase name="tcProduct" time="0.000" classname="com.hasbro.cascading.CascadingProduct">
    <skipped/>
  </testcase> <!-- tcProduct -->
  <testcase name="tcProduct" time="0.000" classname="com.hasbro.cascading.CascadingProduct">
    <skipped/>
  </testcase> <!-- tcProduct -->
  <testcase name="tcProduct" time="0.000" classname="com.hasbro.cascading.CascadingProduct">
    <skipped/>
  </testcase> <!-- tcProduct -->
  <testcase name="tcProduct" time="0.000" classname="com.hasbro.cascading.CascadingProduct">
    <skipped/>
  </testcase> <!-- tcProduct -->
  <testcase name="tcProduct" time="0.000" classname="com.hasbro.cascading.CascadingProduct">
    <skipped/>
  </testcase> <!-- tcProduct -->
  <testcase name="tcProduct" time="0.000" classname="com.hasbro.cascading.CascadingProduct">
    <skipped/>
  </testcase> <!-- tcProduct -->
  <testcase name="tcProduct" time="0.000" classname="com.hasbro.cascading.CascadingProduct">
    <skipped/>
  </testcase> <!-- tcProduct -->
  <testcase name="tcProduct" time="0.000" classname="com.hasbro.cascading.CascadingProduct">
    <skipped/>
  </testcase> <!-- tcProduct -->
  <testcase name="tcProduct" time="0.000" classname="com.hasbro.cascading.CascadingProduct">
    <skipped/>
  </testcase> <!-- tcProduct -->
  <testcase name="tcProduct" time="0.000" classname="com.hasbro.cascading.CascadingProduct">
    <skipped/>
  </testcase> <!-- tcProduct -->
  <testcase name="tcProduct" time="0.000" classname="com.hasbro.cascading.CascadingProduct">
    <skipped/>
  </testcase> <!-- tcProduct -->
  <testcase name="tcProduct" time="0.000" classname="com.hasbro.cascading.CascadingProduct">
    <skipped/>
  </testcase> <!-- tcProduct -->
  <testcase name="tcProduct" time="0.000" classname="com.hasbro.cascading.CascadingProduct">
    <skipped/>
  </testcase> <!-- tcProduct -->
  <testcase name="tcProduct" time="0.000" classname="com.hasbro.cascading.CascadingProduct">
    <skipped/>
  </testcase> <!-- tcProduct -->
  <testcase name="tcProduct" time="0.000" classname="com.hasbro.cascading.CascadingProduct">
    <skipped/>
  </testcase> <!-- tcProduct -->
  <testcase name="tcProduct" time="0.000" classname="com.hasbro.cascading.CascadingProduct">
    <skipped/>
  </testcase> <!-- tcProduct -->
  <testcase name="tcProduct" time="0.000" classname="com.hasbro.cascading.CascadingProduct">
    <skipped/>
  </testcase> <!-- tcProduct -->
  <testcase name="tcProduct" time="0.000" classname="com.hasbro.cascading.CascadingProduct">
    <skipped/>
  </testcase> <!-- tcProduct -->
  <testcase name="tcProduct" time="0.000" classname="com.hasbro.cascading.CascadingProduct">
    <skipped/>
  </testcase> <!-- tcProduct -->
  <testcase name="tcProduct" time="0.000" classname="com.hasbro.cascading.CascadingProduct">
    <skipped/>
  </testcase> <!-- tcProduct -->
  <testcase name="tcProduct" time="0.000" classname="com.hasbro.cascading.CascadingProduct">
    <skipped/>
  </testcase> <!-- tcProduct -->
  <testcase name="tcProduct" time="0.000" classname="com.hasbro.cascading.CascadingProduct">
    <skipped/>
  </testcase> <!-- tcProduct -->
  <testcase name="tcProduct" time="0.000" classname="com.hasbro.cascading.CascadingProduct">
    <skipped/>
  </testcase> <!-- tcProduct -->
  <testcase name="tcProduct" time="0.000" classname="com.hasbro.cascading.CascadingProduct">
    <skipped/>
  </testcase> <!-- tcProduct -->
  <testcase name="tcProduct" time="0.000" classname="com.hasbro.cascading.CascadingProduct">
    <skipped/>
  </testcase> <!-- tcProduct -->
  <testcase name="tcProduct" time="0.000" classname="com.hasbro.cascading.CascadingProduct">
    <skipped/>
  </testcase> <!-- tcProduct -->
  <testcase name="tcProduct" time="0.000" classname="com.hasbro.cascading.CascadingProduct">
    <skipped/>
  </testcase> <!-- tcProduct -->
  <testcase name="tcProduct" time="0.000" classname="com.hasbro.cascading.CascadingProduct">
    <skipped/>
  </testcase> <!-- tcProduct -->
  <testcase name="tcProduct" time="0.000" classname="com.hasbro.cascading.CascadingProduct">
    <skipped/>
  </testcase> <!-- tcProduct -->
  <testcase name="tcProduct" time="0.000" classname="com.hasbro.cascading.CascadingProduct">
    <skipped/>
  </testcase> <!-- tcProduct -->
  <testcase name="tcProduct" time="0.000" classname="com.hasbro.cascading.CascadingProduct">
    <skipped/>
  </testcase> <!-- tcProduct -->
  <testcase name="tcProduct" time="0.000" classname="com.hasbro.cascading.CascadingProduct">
    <skipped/>
  </testcase> <!-- tcProduct -->
  <testcase name="tcProduct" time="0.000" classname="com.hasbro.cascading.CascadingProduct">
    <skipped/>
  </testcase> <!-- tcProduct -->
  <testcase name="tcProduct" time="0.000" classname="com.hasbro.cascading.CascadingProduct">
    <skipped/>
  </testcase> <!-- tcProduct -->
  <testcase name="tcProduct" time="0.000" classname="com.hasbro.cascading.CascadingProduct">
    <skipped/>
  </testcase> <!-- tcProduct -->
  <testcase name="tcProduct" time="0.000" classname="com.hasbro.cascading.CascadingProduct">
    <skipped/>
  </testcase> <!-- tcProduct -->
  <testcase name="tcProduct" time="0.000" classname="com.hasbro.cascading.CascadingProduct">
    <skipped/>
  </testcase> <!-- tcProduct -->
  <testcase name="tcProduct" time="0.000" classname="com.hasbro.cascading.CascadingProduct">
    <skipped/>
  </testcase> <!-- tcProduct -->
  <testcase name="tcProduct" time="0.000" classname="com.hasbro.cascading.CascadingProduct">
    <skipped/>
  </testcase> <!-- tcProduct -->
  <testcase name="tcProduct" time="0.000" classname="com.hasbro.cascading.CascadingProduct">
    <skipped/>
  </testcase> <!-- tcProduct -->
  <testcase name="tcProduct" time="0.000" classname="com.hasbro.cascading.CascadingProduct">
    <skipped/>
  </testcase> <!-- tcProduct -->
  <testcase name="tcProduct" time="0.000" classname="com.hasbro.cascading.CascadingProduct">
    <skipped/>
  </testcase> <!-- tcProduct -->
  <testcase name="tcProduct" time="0.000" classname="com.hasbro.cascading.CascadingProduct">
    <skipped/>
  </testcase> <!-- tcProduct -->
  <testcase name="tcProduct" time="0.000" classname="com.hasbro.cascading.CascadingProduct">
    <skipped/>
  </testcase> <!-- tcProduct -->
  <testcase name="tcProduct" time="0.000" classname="com.hasbro.cascading.CascadingProduct">
    <skipped/>
  </testcase> <!-- tcProduct -->
  <testcase name="tcProduct" time="0.000" classname="com.hasbro.cascading.CascadingProduct">
    <skipped/>
  </testcase> <!-- tcProduct -->
  <testcase name="tcProduct" time="0.000" classname="com.hasbro.cascading.CascadingProduct">
    <skipped/>
  </testcase> <!-- tcProduct -->
  <testcase name="tcProduct" time="0.000" classname="com.hasbro.cascading.CascadingProduct">
    <skipped/>
  </testcase> <!-- tcProduct -->
  <testcase name="tcProduct" time="0.000" classname="com.hasbro.cascading.CascadingProduct">
    <skipped/>
  </testcase> <!-- tcProduct -->
  <testcase name="tcProduct" time="0.000" classname="com.hasbro.cascading.CascadingProduct">
    <skipped/>
  </testcase> <!-- tcProduct -->
  <testcase name="tcProduct" time="0.000" classname="com.hasbro.cascading.CascadingProduct">
    <skipped/>
  </testcase> <!-- tcProduct -->
  <testcase name="tcProduct" time="0.000" classname="com.hasbro.cascading.CascadingProduct">
    <skipped/>
  </testcase> <!-- tcProduct -->
  <testcase name="tcProduct" time="0.000" classname="com.hasbro.cascading.CascadingProduct">
    <skipped/>
  </testcase> <!-- tcProduct -->
  <testcase name="tcProduct" time="0.000" classname="com.hasbro.cascading.CascadingProduct">
    <skipped/>
  </testcase> <!-- tcProduct -->
  <testcase name="tcProduct" time="0.000" classname="com.hasbro.cascading.CascadingProduct">
    <skipped/>
  </testcase> <!-- tcProduct -->
  <testcase name="tcProduct" time="0.000" classname="com.hasbro.cascading.CascadingProduct">
    <skipped/>
  </testcase> <!-- tcProduct -->
  <testcase name="tcProduct" time="0.000" classname="com.hasbro.cascading.CascadingProduct">
    <skipped/>
  </testcase> <!-- tcProduct -->
  <testcase name="tcProduct" time="0.000" classname="com.hasbro.cascading.CascadingProduct">
    <skipped/>
  </testcase> <!-- tcProduct -->
  <testcase name="tcProduct" time="0.000" classname="com.hasbro.cascading.CascadingProduct">
    <skipped/>
  </testcase> <!-- tcProduct -->
  <testcase name="tcProduct" time="0.000" classname="com.hasbro.cascading.CascadingProduct">
    <skipped/>
  </testcase> <!-- tcProduct -->
  <testcase name="tcProduct" time="0.000" classname="com.hasbro.cascading.CascadingProduct">
    <skipped/>
  </testcase> <!-- tcProduct -->
  <testcase name="tcProduct" time="0.000" classname="com.hasbro.cascading.CascadingProduct">
    <skipped/>
  </testcase> <!-- tcProduct -->
  <testcase name="tcProduct" time="0.000" classname="com.hasbro.cascading.CascadingProduct">
    <skipped/>
  </testcase> <!-- tcProduct -->
  <testcase name="tcProduct" time="0.000" classname="com.hasbro.cascading.CascadingProduct">
    <skipped/>
  </testcase> <!-- tcProduct -->
  <testcase name="tcProduct" time="0.000" classname="com.hasbro.cascading.CascadingProduct">
    <skipped/>
  </testcase> <!-- tcProduct -->
  <testcase name="tcProduct" time="0.000" classname="com.hasbro.cascading.CascadingProduct">
    <skipped/>
  </testcase> <!-- tcProduct -->
  <testcase name="tcProduct" time="0.000" classname="com.hasbro.cascading.CascadingProduct">
    <skipped/>
  </testcase> <!-- tcProduct -->
  <testcase name="tcProduct" time="0.000" classname="com.hasbro.cascading.CascadingProduct">
    <skipped/>
  </testcase> <!-- tcProduct -->
  <testcase name="tcProduct" time="0.000" classname="com.hasbro.cascading.CascadingProduct">
    <skipped/>
  </testcase> <!-- tcProduct -->
  <testcase name="tcProduct" time="0.000" classname="com.hasbro.cascading.CascadingProduct">
    <skipped/>
  </testcase> <!-- tcProduct -->
  <testcase name="tcProduct" time="0.000" classname="com.hasbro.cascading.CascadingProduct">
    <skipped/>
  </testcase> <!-- tcProduct -->
  <testcase name="tcProduct" time="0.000" classname="com.hasbro.cascading.CascadingProduct">
    <skipped/>
  </testcase> <!-- tcProduct -->
  <testcase name="tcProduct" time="0.000" classname="com.hasbro.cascading.CascadingProduct">
    <skipped/>
  </testcase> <!-- tcProduct -->
  <testcase name="tcProduct" time="0.000" classname="com.hasbro.cascading.CascadingProduct">
    <skipped/>
  </testcase> <!-- tcProduct -->
  <testcase name="tcProduct" time="0.000" classname="com.hasbro.cascading.CascadingProduct">
    <skipped/>
  </testcase> <!-- tcProduct -->
  <testcase name="tcProduct" time="0.000" classname="com.hasbro.cascading.CascadingProduct">
    <skipped/>
  </testcase> <!-- tcProduct -->
  <testcase name="tcProduct" time="0.000" classname="com.hasbro.cascading.CascadingProduct">
    <skipped/>
  </testcase> <!-- tcProduct -->
  <testcase name="tcProduct" time="0.000" classname="com.hasbro.cascading.CascadingProduct">
    <skipped/>
  </testcase> <!-- tcProduct -->
  <testcase name="tcProduct" time="0.000" classname="com.hasbro.cascading.CascadingProduct">
    <skipped/>
  </testcase> <!-- tcProduct -->
  <testcase name="tcProduct" time="0.000" classname="com.hasbro.cascading.CascadingProduct">
    <skipped/>
  </testcase> <!-- tcProduct -->
  <testcase name="tcProduct" time="0.000" classname="com.hasbro.cascading.CascadingProduct">
    <skipped/>
  </testcase> <!-- tcProduct -->
  <testcase name="tcProduct" time="0.000" classname="com.hasbro.cascading.CascadingProduct">
    <skipped/>
  </testcase> <!-- tcProduct -->
  <testcase name="tcProduct" time="0.000" classname="com.hasbro.cascading.CascadingProduct">
    <skipped/>
  </testcase> <!-- tcProduct -->
  <testcase name="tcProduct" time="0.000" classname="com.hasbro.cascading.CascadingProduct">
    <skipped/>
  </testcase> <!-- tcProduct -->
  <testcase name="tcProduct" time="0.000" classname="com.hasbro.cascading.CascadingProduct">
    <skipped/>
  </testcase> <!-- tcProduct -->
  <testcase name="tcProduct" time="0.000" classname="com.hasbro.cascading.CascadingProduct">
    <skipped/>
  </testcase> <!-- tcProduct -->
  <testcase name="tcProduct" time="0.000" classname="com.hasbro.cascading.CascadingProduct">
    <skipped/>
  </testcase> <!-- tcProduct -->
  <testcase name="tcProduct" time="0.000" classname="com.hasbro.cascading.CascadingProduct">
    <skipped/>
  </testcase> <!-- tcProduct -->
  <testcase name="tcProduct" time="0.000" classname="com.hasbro.cascading.CascadingProduct">
    <skipped/>
  </testcase> <!-- tcProduct -->
  <testcase name="tcProduct" time="0.000" classname="com.hasbro.cascading.CascadingProduct">
    <skipped/>
  </testcase> <!-- tcProduct -->
  <testcase name="tcProduct" time="0.000" classname="com.hasbro.cascading.CascadingProduct">
    <skipped/>
  </testcase> <!-- tcProduct -->
  <testcase name="tcProduct" time="0.000" classname="com.hasbro.cascading.CascadingProduct">
    <skipped/>
  </testcase> <!-- tcProduct -->
  <testcase name="tcProduct" time="0.000" classname="com.hasbro.cascading.CascadingProduct">
    <skipped/>
  </testcase> <!-- tcProduct -->
  <testcase name="tcProduct" time="0.000" classname="com.hasbro.cascading.CascadingProduct">
    <skipped/>
  </testcase> <!-- tcProduct -->
  <testcase name="tcProduct" time="0.000" classname="com.hasbro.cascading.CascadingProduct">
    <skipped/>
  </testcase> <!-- tcProduct -->
  <testcase name="tcProduct" time="0.000" classname="com.hasbro.cascading.CascadingProduct">
    <skipped/>
  </testcase> <!-- tcProduct -->
  <testcase name="tcProduct" time="0.000" classname="com.hasbro.cascading.CascadingProduct">
    <skipped/>
  </testcase> <!-- tcProduct -->
  <testcase name="tcProduct" time="0.000" classname="com.hasbro.cascading.CascadingProduct">
    <skipped/>
  </testcase> <!-- tcProduct -->
  <testcase name="tcProduct" time="0.000" classname="com.hasbro.cascading.CascadingProduct">
    <skipped/>
  </testcase> <!-- tcProduct -->
  <testcase name="tcProduct" time="0.000" classname="com.hasbro.cascading.CascadingProduct">
    <skipped/>
  </testcase> <!-- tcProduct -->
  <testcase name="tcProduct" time="0.000" classname="com.hasbro.cascading.CascadingProduct">
    <skipped/>
  </testcase> <!-- tcProduct -->
  <testcase name="tcProduct" time="0.000" classname="com.hasbro.cascading.CascadingProduct">
    <skipped/>
  </testcase> <!-- tcProduct -->
  <testcase name="tcProduct" time="0.000" classname="com.hasbro.cascading.CascadingProduct">
    <skipped/>
  </testcase> <!-- tcProduct -->
  <testcase name="tcProduct" time="0.000" classname="com.hasbro.cascading.CascadingProduct">
    <skipped/>
  </testcase> <!-- tcProduct -->
  <testcase name="tcProduct" time="0.000" classname="com.hasbro.cascading.CascadingProduct">
    <skipped/>
  </testcase> <!-- tcProduct -->
  <testcase name="tcProduct" time="0.000" classname="com.hasbro.cascading.CascadingProduct">
    <skipped/>
  </testcase> <!-- tcProduct -->
  <testcase name="tcProduct" time="0.000" classname="com.hasbro.cascading.CascadingProduct">
    <skipped/>
  </testcase> <!-- tcProduct -->
  <testcase name="tcProduct" time="0.000" classname="com.hasbro.cascading.CascadingProduct">
    <skipped/>
  </testcase> <!-- tcProduct -->
  <testcase name="tcProduct" time="0.000" classname="com.hasbro.cascading.CascadingProduct">
    <skipped/>
  </testcase> <!-- tcProduct -->
  <testcase name="tcProduct" time="0.000" classname="com.hasbro.cascading.CascadingProduct">
    <skipped/>
  </testcase> <!-- tcProduct -->
  <testcase name="tcProduct" time="0.000" classname="com.hasbro.cascading.CascadingProduct">
    <skipped/>
  </testcase> <!-- tcProduct -->
  <testcase name="tcProduct" time="0.000" classname="com.hasbro.cascading.CascadingProduct">
    <skipped/>
  </testcase> <!-- tcProduct -->
  <testcase name="tcProduct" time="0.000" classname="com.hasbro.cascading.CascadingProduct">
    <skipped/>
  </testcase> <!-- tcProduct -->
  <testcase name="tcProduct" time="0.000" classname="com.hasbro.cascading.CascadingProduct">
    <skipped/>
  </testcase> <!-- tcProduct -->
  <testcase name="tcProduct" time="0.000" classname="com.hasbro.cascading.CascadingProduct">
    <skipped/>
  </testcase> <!-- tcProduct -->
  <testcase name="tcProduct" time="0.000" classname="com.hasbro.cascading.CascadingProduct">
    <skipped/>
  </testcase> <!-- tcProduct -->
  <testcase name="tcProduct" time="0.000" classname="com.hasbro.cascading.CascadingProduct">
    <skipped/>
  </testcase> <!-- tcProduct -->
  <testcase name="tcProduct" time="0.000" classname="com.hasbro.cascading.CascadingProduct">
    <skipped/>
  </testcase> <!-- tcProduct -->
  <testcase name="tcProduct" time="0.000" classname="com.hasbro.cascading.CascadingProduct">
    <skipped/>
  </testcase> <!-- tcProduct -->
  <testcase name="tcProduct" time="0.000" classname="com.hasbro.cascading.CascadingProduct">
    <skipped/>
  </testcase> <!-- tcProduct -->
  <testcase name="tcProduct" time="0.000" classname="com.hasbro.cascading.CascadingProduct">
    <skipped/>
  </testcase> <!-- tcProduct -->
  <testcase name="tcProduct" time="0.000" classname="com.hasbro.cascading.CascadingProduct">
    <skipped/>
  </testcase> <!-- tcProduct -->
  <testcase name="tcProduct" time="0.000" classname="com.hasbro.cascading.CascadingProduct">
    <skipped/>
  </testcase> <!-- tcProduct -->
  <testcase name="tcProduct" time="0.000" classname="com.hasbro.cascading.CascadingProduct">
    <skipped/>
  </testcase> <!-- tcProduct -->
  <testcase name="tcProduct" time="0.000" classname="com.hasbro.cascading.CascadingProduct">
    <skipped/>
  </testcase> <!-- tcProduct -->
  <testcase name="tcProduct" time="0.000" classname="com.hasbro.cascading.CascadingProduct">
    <skipped/>
  </testcase> <!-- tcProduct -->
  <testcase name="tcProduct" time="0.000" classname="com.hasbro.cascading.CascadingProduct">
    <skipped/>
  </testcase> <!-- tcProduct -->
  <testcase name="tcProduct" time="0.000" classname="com.hasbro.cascading.CascadingProduct">
    <skipped/>
  </testcase> <!-- tcProduct -->
  <testcase name="tcProduct" time="0.000" classname="com.hasbro.cascading.CascadingProduct">
    <skipped/>
  </testcase> <!-- tcProduct -->
  <testcase name="tcProduct" time="0.000" classname="com.hasbro.cascading.CascadingProduct">
    <skipped/>
  </testcase> <!-- tcProduct -->
  <testcase name="tcProduct" time="0.000" classname="com.hasbro.cascading.CascadingProduct">
    <skipped/>
  </testcase> <!-- tcProduct -->
  <testcase name="tcProduct" time="0.000" classname="com.hasbro.cascading.CascadingProduct">
    <skipped/>
  </testcase> <!-- tcProduct -->
  <testcase name="tcProduct" time="0.000" classname="com.hasbro.cascading.CascadingProduct">
    <skipped/>
  </testcase> <!-- tcProduct -->
  <testcase name="tcProduct" time="0.000" classname="com.hasbro.cascading.CascadingProduct">
    <skipped/>
  </testcase> <!-- tcProduct -->
  <testcase name="tcProduct" time="0.000" classname="com.hasbro.cascading.CascadingProduct">
    <skipped/>
  </testcase> <!-- tcProduct -->
  <testcase name="tcProduct" time="0.000" classname="com.hasbro.cascading.CascadingProduct">
    <skipped/>
  </testcase> <!-- tcProduct -->
  <testcase name="tcProduct" time="0.000" classname="com.hasbro.cascading.CascadingProduct">
    <skipped/>
  </testcase> <!-- tcProduct -->
  <testcase name="tcProduct" time="0.000" classname="com.hasbro.cascading.CascadingProduct">
    <skipped/>
  </testcase> <!-- tcProduct -->
  <testcase name="tcProduct" time="0.000" classname="com.hasbro.cascading.CascadingProduct">
    <skipped/>
  </testcase> <!-- tcProduct -->
  <testcase name="tcProduct" time="0.000" classname="com.hasbro.cascading.CascadingProduct">
    <skipped/>
  </testcase> <!-- tcProduct -->
  <testcase name="tcProduct" time="0.000" classname="com.hasbro.cascading.CascadingProduct">
    <skipped/>
  </testcase> <!-- tcProduct -->
  <testcase name="tcProduct" time="0.000" classname="com.hasbro.cascading.CascadingProduct">
    <skipped/>
  </testcase> <!-- tcProduct -->
  <testcase name="tcProduct" time="0.000" classname="com.hasbro.cascading.CascadingProduct">
    <skipped/>
  </testcase> <!-- tcProduct -->
  <testcase name="tcProduct" time="0.000" classname="com.hasbro.cascading.CascadingProduct">
    <skipped/>
  </testcase> <!-- tcProduct -->
  <testcase name="tcProduct" time="0.000" classname="com.hasbro.cascading.CascadingProduct">
    <skipped/>
  </testcase> <!-- tcProduct -->
  <testcase name="tcProduct" time="0.000" classname="com.hasbro.cascading.CascadingProduct">
    <skipped/>
  </testcase> <!-- tcProduct -->
  <testcase name="tcProduct" time="0.000" classname="com.hasbro.cascading.CascadingProduct">
    <skipped/>
  </testcase> <!-- tcProduct -->
  <testcase name="tcProduct" time="0.000" classname="com.hasbro.cascading.CascadingProduct">
    <skipped/>
  </testcase> <!-- tcProduct -->
  <testcase name="tcProduct" time="0.000" classname="com.hasbro.cascading.CascadingProduct">
    <skipped/>
  </testcase> <!-- tcProduct -->
  <testcase name="tcProduct" time="0.000" classname="com.hasbro.cascading.CascadingProduct">
    <skipped/>
  </testcase> <!-- tcProduct -->
  <testcase name="tcProduct" time="0.000" classname="com.hasbro.cascading.CascadingProduct">
    <skipped/>
  </testcase> <!-- tcProduct -->
  <testcase name="tcProduct" time="0.000" classname="com.hasbro.cascading.CascadingProduct">
    <skipped/>
  </testcase> <!-- tcProduct -->
  <testcase name="tcProduct" time="0.000" classname="com.hasbro.cascading.CascadingProduct">
    <skipped/>
  </testcase> <!-- tcProduct -->
  <testcase name="tcProduct" time="0.000" classname="com.hasbro.cascading.CascadingProduct">
    <skipped/>
  </testcase> <!-- tcProduct -->
  <testcase name="tcProduct" time="0.000" classname="com.hasbro.cascading.CascadingProduct">
    <skipped/>
  </testcase> <!-- tcProduct -->
  <testcase name="tcProduct" time="0.000" classname="com.hasbro.cascading.CascadingProduct">
    <skipped/>
  </testcase> <!-- tcProduct -->
  <testcase name="tcProduct" time="0.000" classname="com.hasbro.cascading.CascadingProduct">
    <skipped/>
  </testcase> <!-- tcProduct -->
  <testcase name="tcProduct" time="0.000" classname="com.hasbro.cascading.CascadingProduct">
    <skipped/>
  </testcase> <!-- tcProduct -->
  <testcase name="tcProduct" time="0.000" classname="com.hasbro.cascading.CascadingProduct">
    <skipped/>
  </testcase> <!-- tcProduct -->
  <testcase name="tcProduct" time="0.000" classname="com.hasbro.cascading.CascadingProduct">
    <skipped/>
  </testcase> <!-- tcProduct -->
  <testcase name="tcProduct" time="0.000" classname="com.hasbro.cascading.CascadingProduct">
    <skipped/>
  </testcase> <!-- tcProduct -->
  <testcase name="tcProduct" time="0.000" classname="com.hasbro.cascading.CascadingProduct">
    <skipped/>
  </testcase> <!-- tcProduct -->
  <testcase name="tcProduct" time="0.000" classname="com.hasbro.cascading.CascadingProduct">
    <skipped/>
  </testcase> <!-- tcProduct -->
  <testcase name="tcProduct" time="0.000" classname="com.hasbro.cascading.CascadingProduct">
    <skipped/>
  </testcase> <!-- tcProduct -->
  <testcase name="tcProduct" time="0.000" classname="com.hasbro.cascading.CascadingProduct">
    <skipped/>
  </testcase> <!-- tcProduct -->
  <testcase name="tcProduct" time="0.000" classname="com.hasbro.cascading.CascadingProduct">
    <skipped/>
  </testcase> <!-- tcProduct -->
  <testcase name="tcProduct" time="0.000" classname="com.hasbro.cascading.CascadingProduct">
    <skipped/>
  </testcase> <!-- tcProduct -->
  <testcase name="tcProduct" time="0.000" classname="com.hasbro.cascading.CascadingProduct">
    <skipped/>
  </testcase> <!-- tcProduct -->
  <testcase name="tcProduct" time="0.000" classname="com.hasbro.cascading.CascadingProduct">
    <skipped/>
  </testcase> <!-- tcProduct -->
  <testcase name="tcProduct" time="0.000" classname="com.hasbro.cascading.CascadingProduct">
    <skipped/>
  </testcase> <!-- tcProduct -->
  <testcase name="tcProduct" time="0.000" classname="com.hasbro.cascading.CascadingProduct">
    <skipped/>
  </testcase> <!-- tcProduct -->
  <testcase name="tcProduct" time="0.000" classname="com.hasbro.cascading.CascadingProduct">
    <skipped/>
  </testcase> <!-- tcProduct -->
  <testcase name="tcProduct" time="0.000" classname="com.hasbro.cascading.CascadingProduct">
    <skipped/>
  </testcase> <!-- tcProduct -->
  <testcase name="tcProduct" time="0.000" classname="com.hasbro.cascading.CascadingProduct">
    <skipped/>
  </testcase> <!-- tcProduct -->
  <testcase name="tcProduct" time="0.000" classname="com.hasbro.cascading.CascadingProduct">
    <skipped/>
  </testcase> <!-- tcProduct -->
  <testcase name="tcProduct" time="0.000" classname="com.hasbro.cascading.CascadingProduct">
    <skipped/>
  </testcase> <!-- tcProduct -->
  <testcase name="tcProduct" time="0.000" classname="com.hasbro.cascading.CascadingProduct">
    <skipped/>
  </testcase> <!-- tcProduct -->
  <testcase name="tcProduct" time="0.000" classname="com.hasbro.cascading.CascadingProduct">
    <skipped/>
  </testcase> <!-- tcProduct -->
  <testcase name="tcProduct" time="0.000" classname="com.hasbro.cascading.CascadingProduct">
    <skipped/>
  </testcase> <!-- tcProduct -->
  <testcase name="tcProduct" time="0.000" classname="com.hasbro.cascading.CascadingProduct">
    <skipped/>
  </testcase> <!-- tcProduct -->
  <testcase name="tcProduct" time="0.000" classname="com.hasbro.cascading.CascadingProduct">
    <skipped/>
  </testcase> <!-- tcProduct -->
  <testcase name="tcProduct" time="0.000" classname="com.hasbro.cascading.CascadingProduct">
    <skipped/>
  </testcase> <!-- tcProduct -->
  <testcase name="tcProduct" time="0.000" classname="com.hasbro.cascading.CascadingProduct">
    <skipped/>
  </testcase> <!-- tcProduct -->
  <testcase name="tcProduct" time="0.000" classname="com.hasbro.cascading.CascadingProduct">
    <skipped/>
  </testcase> <!-- tcProduct -->
  <testcase name="tcProduct" time="0.000" classname="com.hasbro.cascading.CascadingProduct">
    <skipped/>
  </testcase> <!-- tcProduct -->
  <testcase name="tcProduct" time="0.000" classname="com.hasbro.cascading.CascadingProduct">
    <skipped/>
  </testcase> <!-- tcProduct -->
  <testcase name="tcProduct" time="0.000" classname="com.hasbro.cascading.CascadingProduct">
    <skipped/>
  </testcase> <!-- tcProduct -->
  <testcase name="tcProduct" time="0.000" classname="com.hasbro.cascading.CascadingProduct">
    <skipped/>
  </testcase> <!-- tcProduct -->
  <testcase name="tcProduct" time="0.000" classname="com.hasbro.cascading.CascadingProduct">
    <skipped/>
  </testcase> <!-- tcProduct -->
  <testcase name="tcProduct" time="0.000" classname="com.hasbro.cascading.CascadingProduct">
    <skipped/>
  </testcase> <!-- tcProduct -->
  <testcase name="tcProduct" time="0.000" classname="com.hasbro.cascading.CascadingProduct">
    <skipped/>
  </testcase> <!-- tcProduct -->
  <testcase name="tcProduct" time="0.000" classname="com.hasbro.cascading.CascadingProduct">
    <skipped/>
  </testcase> <!-- tcProduct -->
  <testcase name="tcProduct" time="0.000" classname="com.hasbro.cascading.CascadingProduct">
    <skipped/>
  </testcase> <!-- tcProduct -->
  <testcase name="tcProduct" time="0.000" classname="com.hasbro.cascading.CascadingProduct">
    <skipped/>
  </testcase> <!-- tcProduct -->
  <testcase name="tcProduct" time="0.000" classname="com.hasbro.cascading.CascadingProduct">
    <skipped/>
  </testcase> <!-- tcProduct -->
  <testcase name="tcProduct" time="0.000" classname="com.hasbro.cascading.CascadingProduct">
    <skipped/>
  </testcase> <!-- tcProduct -->
  <testcase name="tcProduct" time="0.000" classname="com.hasbro.cascading.CascadingProduct">
    <skipped/>
  </testcase> <!-- tcProduct -->
  <testcase name="tcProduct" time="0.000" classname="com.hasbro.cascading.CascadingProduct">
    <skipped/>
  </testcase> <!-- tcProduct -->
  <testcase name="tcProduct" time="0.000" classname="com.hasbro.cascading.CascadingProduct">
    <skipped/>
  </testcase> <!-- tcProduct -->
  <testcase name="tcProduct" time="0.000" classname="com.hasbro.cascading.CascadingProduct">
    <skipped/>
  </testcase> <!-- tcProduct -->
  <testcase name="tcProduct" time="0.000" classname="com.hasbro.cascading.CascadingProduct">
    <skipped/>
  </testcase> <!-- tcProduct -->
  <testcase name="tcProduct" time="0.000" classname="com.hasbro.cascading.CascadingProduct">
    <skipped/>
  </testcase> <!-- tcProduct -->
  <testcase name="tcProduct" time="0.000" classname="com.hasbro.cascading.CascadingProduct">
    <skipped/>
  </testcase> <!-- tcProduct -->
  <testcase name="tcProduct" time="0.000" classname="com.hasbro.cascading.CascadingProduct">
    <skipped/>
  </testcase> <!-- tcProduct -->
  <testcase name="tcProduct" time="0.000" classname="com.hasbro.cascading.CascadingProduct">
    <skipped/>
  </testcase> <!-- tcProduct -->
  <testcase name="tcProduct" time="0.000" classname="com.hasbro.cascading.CascadingProduct">
    <skipped/>
  </testcase> <!-- tcProduct -->
  <testcase name="tcProduct" time="0.000" classname="com.hasbro.cascading.CascadingProduct">
    <skipped/>
  </testcase> <!-- tcProduct -->
  <testcase name="tcProduct" time="0.000" classname="com.hasbro.cascading.CascadingProduct">
    <skipped/>
  </testcase> <!-- tcProduct -->
  <testcase name="tcProduct" time="0.000" classname="com.hasbro.cascading.CascadingProduct">
    <skipped/>
  </testcase> <!-- tcProduct -->
  <testcase name="tcProduct" time="0.000" classname="com.hasbro.cascading.CascadingProduct">
    <skipped/>
  </testcase> <!-- tcProduct -->
  <testcase name="tcProduct" time="0.000" classname="com.hasbro.cascading.CascadingProduct">
    <skipped/>
  </testcase> <!-- tcProduct -->
  <testcase name="tcProduct" time="0.000" classname="com.hasbro.cascading.CascadingProduct">
    <skipped/>
  </testcase> <!-- tcProduct -->
  <testcase name="tcProduct" time="0.000" classname="com.hasbro.cascading.CascadingProduct">
    <skipped/>
  </testcase> <!-- tcProduct -->
  <testcase name="tcProduct" time="0.000" classname="com.hasbro.cascading.CascadingProduct">
    <skipped/>
  </testcase> <!-- tcProduct -->
  <testcase name="tcProduct" time="0.000" classname="com.hasbro.cascading.CascadingProduct">
    <skipped/>
  </testcase> <!-- tcProduct -->
  <testcase name="tcProduct" time="0.000" classname="com.hasbro.cascading.CascadingProduct">
    <skipped/>
  </testcase> <!-- tcProduct -->
  <testcase name="tcProduct" time="0.000" classname="com.hasbro.cascading.CascadingProduct">
    <skipped/>
  </testcase> <!-- tcProduct -->
  <testcase name="tcProduct" time="0.000" classname="com.hasbro.cascading.CascadingProduct">
    <skipped/>
  </testcase> <!-- tcProduct -->
  <testcase name="tcProduct" time="0.000" classname="com.hasbro.cascading.CascadingProduct">
    <skipped/>
  </testcase> <!-- tcProduct -->
  <testcase name="tcProduct" time="0.000" classname="com.hasbro.cascading.CascadingProduct">
    <skipped/>
  </testcase> <!-- tcProduct -->
  <testcase name="tcProduct" time="0.000" classname="com.hasbro.cascading.CascadingProduct">
    <skipped/>
  </testcase> <!-- tcProduct -->
  <testcase name="tcProduct" time="0.000" classname="com.hasbro.cascading.CascadingProduct">
    <skipped/>
  </testcase> <!-- tcProduct -->
  <testcase name="tcProduct" time="0.000" classname="com.hasbro.cascading.CascadingProduct">
    <skipped/>
  </testcase> <!-- tcProduct -->
  <testcase name="tcProduct" time="0.000" classname="com.hasbro.cascading.CascadingProduct">
    <skipped/>
  </testcase> <!-- tcProduct -->
  <testcase name="tcProduct" time="0.000" classname="com.hasbro.cascading.CascadingProduct">
    <skipped/>
  </testcase> <!-- tcProduct -->
  <testcase name="tcProduct" time="0.000" classname="com.hasbro.cascading.CascadingProduct">
    <skipped/>
  </testcase> <!-- tcProduct -->
  <testcase name="tcProduct" time="0.000" classname="com.hasbro.cascading.CascadingProduct">
    <skipped/>
  </testcase> <!-- tcProduct -->
  <testcase name="tcProduct" time="0.000" classname="com.hasbro.cascading.CascadingProduct">
    <skipped/>
  </testcase> <!-- tcProduct -->
  <testcase name="tcProduct" time="0.000" classname="com.hasbro.cascading.CascadingProduct">
    <skipped/>
  </testcase> <!-- tcProduct -->
  <testcase name="tcProduct" time="0.000" classname="com.hasbro.cascading.CascadingProduct">
    <skipped/>
  </testcase> <!-- tcProduct -->
  <testcase name="tcProduct" time="0.000" classname="com.hasbro.cascading.CascadingProduct">
    <skipped/>
  </testcase> <!-- tcProduct -->
  <testcase name="tcProduct" time="0.000" classname="com.hasbro.cascading.CascadingProduct">
    <skipped/>
  </testcase> <!-- tcProduct -->
  <testcase name="tcProduct" time="0.000" classname="com.hasbro.cascading.CascadingProduct">
    <skipped/>
  </testcase> <!-- tcProduct -->
  <testcase name="tcProduct" time="0.000" classname="com.hasbro.cascading.CascadingProduct">
    <skipped/>
  </testcase> <!-- tcProduct -->
  <testcase name="tcProduct" time="0.000" classname="com.hasbro.cascading.CascadingProduct">
    <skipped/>
  </testcase> <!-- tcProduct -->
  <testcase name="tcProduct" time="0.000" classname="com.hasbro.cascading.CascadingProduct">
    <skipped/>
  </testcase> <!-- tcProduct -->
  <testcase name="tcProduct" time="0.000" classname="com.hasbro.cascading.CascadingProduct">
    <skipped/>
  </testcase> <!-- tcProduct -->
  <testcase name="tcProduct" time="0.000" classname="com.hasbro.cascading.CascadingProduct">
    <skipped/>
  </testcase> <!-- tcProduct -->
  <testcase name="tcProduct" time="0.000" classname="com.hasbro.cascading.CascadingProduct">
    <skipped/>
  </testcase> <!-- tcProduct -->
  <testcase name="tcProduct" time="0.000" classname="com.hasbro.cascading.CascadingProduct">
    <skipped/>
  </testcase> <!-- tcProduct -->
  <testcase name="tcProduct" time="0.000" classname="com.hasbro.cascading.CascadingProduct">
    <skipped/>
  </testcase> <!-- tcProduct -->
  <testcase name="tcProduct" time="0.000" classname="com.hasbro.cascading.CascadingProduct">
    <skipped/>
  </testcase> <!-- tcProduct -->
  <testcase name="tcProduct" time="0.000" classname="com.hasbro.cascading.CascadingProduct">
    <skipped/>
  </testcase> <!-- tcProduct -->
  <testcase name="tcProduct" time="0.000" classname="com.hasbro.cascading.CascadingProduct">
    <skipped/>
  </testcase> <!-- tcProduct -->
  <testcase name="tcProduct" time="0.000" classname="com.hasbro.cascading.CascadingProduct">
    <skipped/>
  </testcase> <!-- tcProduct -->
  <testcase name="tcProduct" time="0.000" classname="com.hasbro.cascading.CascadingProduct">
    <skipped/>
  </testcase> <!-- tcProduct -->
  <testcase name="tcProduct" time="0.000" classname="com.hasbro.cascading.CascadingProduct">
    <skipped/>
  </testcase> <!-- tcProduct -->
  <testcase name="tcProduct" time="0.000" classname="com.hasbro.cascading.CascadingProduct">
    <skipped/>
  </testcase> <!-- tcProduct -->
  <testcase name="tcProduct" time="0.000" classname="com.hasbro.cascading.CascadingProduct">
    <skipped/>
  </testcase> <!-- tcProduct -->
  <testcase name="tcProduct" time="0.000" classname="com.hasbro.cascading.CascadingProduct">
    <skipped/>
  </testcase> <!-- tcProduct -->
  <testcase name="tcProduct" time="0.000" classname="com.hasbro.cascading.CascadingProduct">
    <skipped/>
  </testcase> <!-- tcProduct -->
  <testcase name="tcProduct" time="0.000" classname="com.hasbro.cascading.CascadingProduct">
    <skipped/>
  </testcase> <!-- tcProduct -->
  <testcase name="tcProduct" time="0.000" classname="com.hasbro.cascading.CascadingProduct">
    <skipped/>
  </testcase> <!-- tcProduct -->
  <testcase name="tcProduct" time="0.000" classname="com.hasbro.cascading.CascadingProduct">
    <skipped/>
  </testcase> <!-- tcProduct -->
  <testcase name="tcProduct" time="0.000" classname="com.hasbro.cascading.CascadingProduct">
    <skipped/>
  </testcase> <!-- tcProduct -->
  <testcase name="tcProduct" time="0.000" classname="com.hasbro.cascading.CascadingProduct">
    <skipped/>
  </testcase> <!-- tcProduct -->
  <testcase name="tcProduct" time="0.000" classname="com.hasbro.cascading.CascadingProduct">
    <skipped/>
  </testcase> <!-- tcProduct -->
  <testcase name="tcProduct" time="0.000" classname="com.hasbro.cascading.CascadingProduct">
    <skipped/>
  </testcase> <!-- tcProduct -->
  <testcase name="tcProduct" time="0.000" classname="com.hasbro.cascading.CascadingProduct">
    <skipped/>
  </testcase> <!-- tcProduct -->
  <testcase name="tcProduct" time="0.000" classname="com.hasbro.cascading.CascadingProduct">
    <skipped/>
  </testcase> <!-- tcProduct -->
  <testcase name="tcProduct" time="0.000" classname="com.hasbro.cascading.CascadingProduct">
    <skipped/>
  </testcase> <!-- tcProduct -->
  <testcase name="tcProduct" time="0.000" classname="com.hasbro.cascading.CascadingProduct">
    <skipped/>
  </testcase> <!-- tcProduct -->
  <testcase name="tcProduct" time="0.000" classname="com.hasbro.cascading.CascadingProduct">
    <skipped/>
  </testcase> <!-- tcProduct -->
  <testcase name="tcProduct" time="0.000" classname="com.hasbro.cascading.CascadingProduct">
    <skipped/>
  </testcase> <!-- tcProduct -->
  <testcase name="tcProduct" time="0.000" classname="com.hasbro.cascading.CascadingProduct">
    <skipped/>
  </testcase> <!-- tcProduct -->
  <testcase name="tcProduct" time="0.000" classname="com.hasbro.cascading.CascadingProduct">
    <skipped/>
  </testcase> <!-- tcProduct -->
  <testcase name="tcProduct" time="0.000" classname="com.hasbro.cascading.CascadingProduct">
    <skipped/>
  </testcase> <!-- tcProduct -->
  <testcase name="tcProduct" time="0.000" classname="com.hasbro.cascading.CascadingProduct">
    <skipped/>
  </testcase> <!-- tcProduct -->
  <testcase name="tcProduct" time="0.000" classname="com.hasbro.cascading.CascadingProduct">
    <skipped/>
  </testcase> <!-- tcProduct -->
  <testcase name="tcProduct" time="0.000" classname="com.hasbro.cascading.CascadingProduct">
    <skipped/>
  </testcase> <!-- tcProduct -->
  <testcase name="tcProduct" time="0.000" classname="com.hasbro.cascading.CascadingProduct">
    <skipped/>
  </testcase> <!-- tcProduct -->
  <testcase name="tcProduct" time="0.000" classname="com.hasbro.cascading.CascadingProduct">
    <skipped/>
  </testcase> <!-- tcProduct -->
  <testcase name="tcProduct" time="0.000" classname="com.hasbro.cascading.CascadingProduct">
    <skipped/>
  </testcase> <!-- tcProduct -->
  <testcase name="tcProduct" time="0.000" classname="com.hasbro.cascading.CascadingProduct">
    <skipped/>
  </testcase> <!-- tcProduct -->
  <testcase name="tcProduct" time="0.000" classname="com.hasbro.cascading.CascadingProduct">
    <skipped/>
  </testcase> <!-- tcProduct -->
  <testcase name="tcProduct" time="0.000" classname="com.hasbro.cascading.CascadingProduct">
    <skipped/>
  </testcase> <!-- tcProduct -->
  <testcase name="tcProduct" time="0.000" classname="com.hasbro.cascading.CascadingProduct">
    <skipped/>
  </testcase> <!-- tcProduct -->
  <testcase name="tcProduct" time="0.000" classname="com.hasbro.cascading.CascadingProduct">
    <skipped/>
  </testcase> <!-- tcProduct -->
  <testcase name="tcProduct" time="0.000" classname="com.hasbro.cascading.CascadingProduct">
    <skipped/>
  </testcase> <!-- tcProduct -->
  <testcase name="tcProduct" time="0.000" classname="com.hasbro.cascading.CascadingProduct">
    <skipped/>
  </testcase> <!-- tcProduct -->
  <testcase name="tcProduct" time="0.000" classname="com.hasbro.cascading.CascadingProduct">
    <skipped/>
  </testcase> <!-- tcProduct -->
  <testcase name="tcProduct" time="0.000" classname="com.hasbro.cascading.CascadingProduct">
    <skipped/>
  </testcase> <!-- tcProduct -->
  <testcase name="tcProduct" time="0.000" classname="com.hasbro.cascading.CascadingProduct">
    <skipped/>
  </testcase> <!-- tcProduct -->
  <testcase name="tcProduct" time="0.000" classname="com.hasbro.cascading.CascadingProduct">
    <skipped/>
  </testcase> <!-- tcProduct -->
  <testcase name="tcProduct" time="0.000" classname="com.hasbro.cascading.CascadingProduct">
    <skipped/>
  </testcase> <!-- tcProduct -->
  <testcase name="tcProduct" time="0.000" classname="com.hasbro.cascading.CascadingProduct">
    <skipped/>
  </testcase> <!-- tcProduct -->
  <testcase name="tcProduct" time="0.000" classname="com.hasbro.cascading.CascadingProduct">
    <skipped/>
  </testcase> <!-- tcProduct -->
  <testcase name="tcProduct" time="0.000" classname="com.hasbro.cascading.CascadingProduct">
    <skipped/>
  </testcase> <!-- tcProduct -->
  <testcase name="tcProduct" time="0.000" classname="com.hasbro.cascading.CascadingProduct">
    <skipped/>
  </testcase> <!-- tcProduct -->
  <testcase name="tcProduct" time="0.000" classname="com.hasbro.cascading.CascadingProduct">
    <skipped/>
  </testcase> <!-- tcProduct -->
  <testcase name="tcProduct" time="0.000" classname="com.hasbro.cascading.CascadingProduct">
    <skipped/>
  </testcase> <!-- tcProduct -->
  <testcase name="tcProduct" time="0.000" classname="com.hasbro.cascading.CascadingProduct">
    <skipped/>
  </testcase> <!-- tcProduct -->
  <testcase name="tcProduct" time="0.000" classname="com.hasbro.cascading.CascadingProduct">
    <skipped/>
  </testcase> <!-- tcProduct -->
  <testcase name="tcProduct" time="0.000" classname="com.hasbro.cascading.CascadingProduct">
    <skipped/>
  </testcase> <!-- tcProduct -->
  <testcase name="tcProduct" time="0.000" classname="com.hasbro.cascading.CascadingProduct">
    <skipped/>
  </testcase> <!-- tcProduct -->
  <testcase name="tcProduct" time="0.000" classname="com.hasbro.cascading.CascadingProduct">
    <skipped/>
  </testcase> <!-- tcProduct -->
  <testcase name="tcProduct" time="0.000" classname="com.hasbro.cascading.CascadingProduct">
    <skipped/>
  </testcase> <!-- tcProduct -->
  <testcase name="tcProduct" time="0.000" classname="com.hasbro.cascading.CascadingProduct">
    <skipped/>
  </testcase> <!-- tcProduct -->
  <testcase name="tcProduct" time="0.000" classname="com.hasbro.cascading.CascadingProduct">
    <skipped/>
  </testcase> <!-- tcProduct -->
  <testcase name="tcProduct" time="0.000" classname="com.hasbro.cascading.CascadingProduct">
    <skipped/>
  </testcase> <!-- tcProduct -->
  <testcase name="tcProduct" time="0.000" classname="com.hasbro.cascading.CascadingProduct">
    <skipped/>
  </testcase> <!-- tcProduct -->
  <testcase name="tcProduct" time="0.000" classname="com.hasbro.cascading.CascadingProduct">
    <skipped/>
  </testcase> <!-- tcProduct -->
  <testcase name="tcProduct" time="0.000" classname="com.hasbro.cascading.CascadingProduct">
    <skipped/>
  </testcase> <!-- tcProduct -->
  <testcase name="tcProduct" time="0.000" classname="com.hasbro.cascading.CascadingProduct">
    <skipped/>
  </testcase> <!-- tcProduct -->
  <testcase name="tcProduct" time="0.000" classname="com.hasbro.cascading.CascadingProduct">
    <skipped/>
  </testcase> <!-- tcProduct -->
  <testcase name="tcProduct" time="0.000" classname="com.hasbro.cascading.CascadingProduct">
    <skipped/>
  </testcase> <!-- tcProduct -->
  <testcase name="tcProduct" time="0.000" classname="com.hasbro.cascading.CascadingProduct">
    <skipped/>
  </testcase> <!-- tcProduct -->
  <testcase name="tcProduct" time="0.000" classname="com.hasbro.cascading.CascadingProduct">
    <skipped/>
  </testcase> <!-- tcProduct -->
  <testcase name="tcProduct" time="0.000" classname="com.hasbro.cascading.CascadingProduct">
    <skipped/>
  </testcase> <!-- tcProduct -->
  <testcase name="tcProduct" time="0.000" classname="com.hasbro.cascading.CascadingProduct">
    <skipped/>
  </testcase> <!-- tcProduct -->
  <testcase name="tcProduct" time="0.000" classname="com.hasbro.cascading.CascadingProduct">
    <skipped/>
  </testcase> <!-- tcProduct -->
  <testcase name="tcProduct" time="0.000" classname="com.hasbro.cascading.CascadingProduct">
    <skipped/>
  </testcase> <!-- tcProduct -->
  <testcase name="tcProduct" time="0.000" classname="com.hasbro.cascading.CascadingProduct">
    <skipped/>
  </testcase> <!-- tcProduct -->
  <testcase name="tcProduct" time="0.000" classname="com.hasbro.cascading.CascadingProduct">
    <skipped/>
  </testcase> <!-- tcProduct -->
  <testcase name="tcProduct" time="0.000" classname="com.hasbro.cascading.CascadingProduct">
    <skipped/>
  </testcase> <!-- tcProduct -->
  <testcase name="tcProduct" time="0.000" classname="com.hasbro.cascading.CascadingProduct">
    <skipped/>
  </testcase> <!-- tcProduct -->
  <testcase name="tcProduct" time="0.000" classname="com.hasbro.cascading.CascadingProduct">
    <skipped/>
  </testcase> <!-- tcProduct -->
  <testcase name="tcProduct" time="0.000" classname="com.hasbro.cascading.CascadingProduct">
    <skipped/>
  </testcase> <!-- tcProduct -->
  <testcase name="tcProduct" time="0.000" classname="com.hasbro.cascading.CascadingProduct">
    <skipped/>
  </testcase> <!-- tcProduct -->
  <testcase name="tcProduct" time="0.000" classname="com.hasbro.cascading.CascadingProduct">
    <skipped/>
  </testcase> <!-- tcProduct -->
  <testcase name="tcProduct" time="0.000" classname="com.hasbro.cascading.CascadingProduct">
    <skipped/>
  </testcase> <!-- tcProduct -->
  <testcase name="tcProduct" time="0.000" classname="com.hasbro.cascading.CascadingProduct">
    <skipped/>
  </testcase> <!-- tcProduct -->
  <testcase name="tcProduct" time="0.000" classname="com.hasbro.cascading.CascadingProduct">
    <skipped/>
  </testcase> <!-- tcProduct -->
  <testcase name="tcProduct" time="0.000" classname="com.hasbro.cascading.CascadingProduct">
    <skipped/>
  </testcase> <!-- tcProduct -->
  <testcase name="tcProduct" time="0.000" classname="com.hasbro.cascading.CascadingProduct">
    <skipped/>
  </testcase> <!-- tcProduct -->
  <testcase name="tcProduct" time="0.000" classname="com.hasbro.cascading.CascadingProduct">
    <skipped/>
  </testcase> <!-- tcProduct -->
  <testcase name="tcProduct" time="0.000" classname="com.hasbro.cascading.CascadingProduct">
    <skipped/>
  </testcase> <!-- tcProduct -->
  <testcase name="tcProduct" time="0.000" classname="com.hasbro.cascading.CascadingProduct">
    <skipped/>
  </testcase> <!-- tcProduct -->
  <testcase name="tcProduct" time="0.000" classname="com.hasbro.cascading.CascadingProduct">
    <skipped/>
  </testcase> <!-- tcProduct -->
  <testcase name="tcProduct" time="0.000" classname="com.hasbro.cascading.CascadingProduct">
    <skipped/>
  </testcase> <!-- tcProduct -->
  <testcase name="tcProduct" time="0.000" classname="com.hasbro.cascading.CascadingProduct">
    <skipped/>
  </testcase> <!-- tcProduct -->
  <testcase name="tcProduct" time="0.000" classname="com.hasbro.cascading.CascadingProduct">
    <skipped/>
  </testcase> <!-- tcProduct -->
  <testcase name="tcProduct" time="0.000" classname="com.hasbro.cascading.CascadingProduct">
    <skipped/>
  </testcase> <!-- tcProduct -->
  <testcase name="tcProduct" time="0.000" classname="com.hasbro.cascading.CascadingProduct">
    <skipped/>
  </testcase> <!-- tcProduct -->
  <testcase name="tcProduct" time="0.000" classname="com.hasbro.cascading.CascadingProduct">
    <skipped/>
  </testcase> <!-- tcProduct -->
  <testcase name="tcProduct" time="0.000" classname="com.hasbro.cascading.CascadingProduct">
    <skipped/>
  </testcase> <!-- tcProduct -->
  <testcase name="tcProduct" time="0.000" classname="com.hasbro.cascading.CascadingProduct">
    <skipped/>
  </testcase> <!-- tcProduct -->
  <testcase name="tcProduct" time="0.000" classname="com.hasbro.cascading.CascadingProduct">
    <skipped/>
  </testcase> <!-- tcProduct -->
  <testcase name="tcProduct" time="0.000" classname="com.hasbro.cascading.CascadingProduct">
    <skipped/>
  </testcase> <!-- tcProduct -->
  <testcase name="tcProduct" time="0.000" classname="com.hasbro.cascading.CascadingProduct">
    <skipped/>
  </testcase> <!-- tcProduct -->
  <testcase name="tcProduct" time="0.000" classname="com.hasbro.cascading.CascadingProduct">
    <skipped/>
  </testcase> <!-- tcProduct -->
  <testcase name="tcProduct" time="0.000" classname="com.hasbro.cascading.CascadingProduct">
    <skipped/>
  </testcase> <!-- tcProduct -->
  <testcase name="tcProduct" time="0.000" classname="com.hasbro.cascading.CascadingProduct">
    <skipped/>
  </testcase> <!-- tcProduct -->
</testsuite> <!-- com.hasbro.cascading.CascadingProduct -->
