<?xml version="1.0" encoding="UTF-8"?>
<!-- Generated by org.testng.reporters.JUnitReportReporter -->
<testsuite skipped="300" hostname="BDC6-LX-723061Y" name="com.hasbro.sanity.SanitySuiteUpdateProductName" tests="300" failures="0" timestamp="28 Aug 2018 11:38:33 GMT" time="0.001" errors="0">
  <testcase name="tcSCFunctional" time="0.000" classname="com.hasbro.sanity.SanitySuiteUpdateProductName">
    <skipped/>
  </testcase> <!-- tcSCFunctional -->
  <testcase name="tcSCFunctional" time="0.000" classname="com.hasbro.sanity.SanitySuiteUpdateProductName">
    <skipped/>
  </testcase> <!-- tcSCFunctional -->
  <testcase name="tcSCFunctional" time="0.000" classname="com.hasbro.sanity.SanitySuiteUpdateProductName">
    <skipped/>
  </testcase> <!-- tcSCFunctional -->
  <testcase name="tcSCFunctional" time="0.000" classname="com.hasbro.sanity.SanitySuiteUpdateProductName">
    <skipped/>
  </testcase> <!-- tcSCFunctional -->
  <testcase name="tcSCFunctional" time="0.000" classname="com.hasbro.sanity.SanitySuiteUpdateProductName">
    <skipped/>
  </testcase> <!-- tcSCFunctional -->
  <testcase name="tcSCFunctional" time="0.000" classname="com.hasbro.sanity.SanitySuiteUpdateProductName">
    <skipped/>
  </testcase> <!-- tcSCFunctional -->
  <testcase name="tcSCFunctional" time="0.000" classname="com.hasbro.sanity.SanitySuiteUpdateProductName">
    <skipped/>
  </testcase> <!-- tcSCFunctional -->
  <testcase name="tcSCFunctional" time="0.000" classname="com.hasbro.sanity.SanitySuiteUpdateProductName">
    <skipped/>
  </testcase> <!-- tcSCFunctional -->
  <testcase name="tcSCFunctional" time="0.000" classname="com.hasbro.sanity.SanitySuiteUpdateProductName">
    <skipped/>
  </testcase> <!-- tcSCFunctional -->
  <testcase name="tcSCFunctional" time="0.000" classname="com.hasbro.sanity.SanitySuiteUpdateProductName">
    <skipped/>
  </testcase> <!-- tcSCFunctional -->
  <testcase name="tcSCFunctional" time="0.000" classname="com.hasbro.sanity.SanitySuiteUpdateProductName">
    <skipped/>
  </testcase> <!-- tcSCFunctional -->
  <testcase name="tcSCFunctional" time="0.000" classname="com.hasbro.sanity.SanitySuiteUpdateProductName">
    <skipped/>
  </testcase> <!-- tcSCFunctional -->
  <testcase name="tcSCFunctional" time="0.000" classname="com.hasbro.sanity.SanitySuiteUpdateProductName">
    <skipped/>
  </testcase> <!-- tcSCFunctional -->
  <testcase name="tcSCFunctional" time="0.000" classname="com.hasbro.sanity.SanitySuiteUpdateProductName">
    <skipped/>
  </testcase> <!-- tcSCFunctional -->
  <testcase name="tcSCFunctional" time="0.000" classname="com.hasbro.sanity.SanitySuiteUpdateProductName">
    <skipped/>
  </testcase> <!-- tcSCFunctional -->
  <testcase name="tcSCFunctional" time="0.000" classname="com.hasbro.sanity.SanitySuiteUpdateProductName">
    <skipped/>
  </testcase> <!-- tcSCFunctional -->
  <testcase name="tcSCFunctional" time="0.000" classname="com.hasbro.sanity.SanitySuiteUpdateProductName">
    <skipped/>
  </testcase> <!-- tcSCFunctional -->
  <testcase name="tcSCFunctional" time="0.000" classname="com.hasbro.sanity.SanitySuiteUpdateProductName">
    <skipped/>
  </testcase> <!-- tcSCFunctional -->
  <testcase name="tcSCFunctional" time="0.000" classname="com.hasbro.sanity.SanitySuiteUpdateProductName">
    <skipped/>
  </testcase> <!-- tcSCFunctional -->
  <testcase name="tcSCFunctional" time="0.000" classname="com.hasbro.sanity.SanitySuiteUpdateProductName">
    <skipped/>
  </testcase> <!-- tcSCFunctional -->
  <testcase name="tcSCFunctional" time="0.000" classname="com.hasbro.sanity.SanitySuiteUpdateProductName">
    <skipped/>
  </testcase> <!-- tcSCFunctional -->
  <testcase name="tcSCFunctional" time="0.000" classname="com.hasbro.sanity.SanitySuiteUpdateProductName">
    <skipped/>
  </testcase> <!-- tcSCFunctional -->
  <testcase name="tcSCFunctional" time="0.000" classname="com.hasbro.sanity.SanitySuiteUpdateProductName">
    <skipped/>
  </testcase> <!-- tcSCFunctional -->
  <testcase name="tcSCFunctional" time="0.000" classname="com.hasbro.sanity.SanitySuiteUpdateProductName">
    <skipped/>
  </testcase> <!-- tcSCFunctional -->
  <testcase name="tcSCFunctional" time="0.000" classname="com.hasbro.sanity.SanitySuiteUpdateProductName">
    <skipped/>
  </testcase> <!-- tcSCFunctional -->
  <testcase name="tcSCFunctional" time="0.000" classname="com.hasbro.sanity.SanitySuiteUpdateProductName">
    <skipped/>
  </testcase> <!-- tcSCFunctional -->
  <testcase name="tcSCFunctional" time="0.000" classname="com.hasbro.sanity.SanitySuiteUpdateProductName">
    <skipped/>
  </testcase> <!-- tcSCFunctional -->
  <testcase name="tcSCFunctional" time="0.000" classname="com.hasbro.sanity.SanitySuiteUpdateProductName">
    <skipped/>
  </testcase> <!-- tcSCFunctional -->
  <testcase name="tcSCFunctional" time="0.000" classname="com.hasbro.sanity.SanitySuiteUpdateProductName">
    <skipped/>
  </testcase> <!-- tcSCFunctional -->
  <testcase name="tcSCFunctional" time="0.000" classname="com.hasbro.sanity.SanitySuiteUpdateProductName">
    <skipped/>
  </testcase> <!-- tcSCFunctional -->
  <testcase name="tcSCFunctional" time="0.000" classname="com.hasbro.sanity.SanitySuiteUpdateProductName">
    <skipped/>
  </testcase> <!-- tcSCFunctional -->
  <testcase name="tcSCFunctional" time="0.000" classname="com.hasbro.sanity.SanitySuiteUpdateProductName">
    <skipped/>
  </testcase> <!-- tcSCFunctional -->
  <testcase name="tcSCFunctional" time="0.000" classname="com.hasbro.sanity.SanitySuiteUpdateProductName">
    <skipped/>
  </testcase> <!-- tcSCFunctional -->
  <testcase name="tcSCFunctional" time="0.000" classname="com.hasbro.sanity.SanitySuiteUpdateProductName">
    <skipped/>
  </testcase> <!-- tcSCFunctional -->
  <testcase name="tcSCFunctional" time="0.000" classname="com.hasbro.sanity.SanitySuiteUpdateProductName">
    <skipped/>
  </testcase> <!-- tcSCFunctional -->
  <testcase name="tcSCFunctional" time="0.000" classname="com.hasbro.sanity.SanitySuiteUpdateProductName">
    <skipped/>
  </testcase> <!-- tcSCFunctional -->
  <testcase name="tcSCFunctional" time="0.000" classname="com.hasbro.sanity.SanitySuiteUpdateProductName">
    <skipped/>
  </testcase> <!-- tcSCFunctional -->
  <testcase name="tcSCFunctional" time="0.000" classname="com.hasbro.sanity.SanitySuiteUpdateProductName">
    <skipped/>
  </testcase> <!-- tcSCFunctional -->
  <testcase name="tcSCFunctional" time="0.000" classname="com.hasbro.sanity.SanitySuiteUpdateProductName">
    <skipped/>
  </testcase> <!-- tcSCFunctional -->
  <testcase name="tcSCFunctional" time="0.000" classname="com.hasbro.sanity.SanitySuiteUpdateProductName">
    <skipped/>
  </testcase> <!-- tcSCFunctional -->
  <testcase name="tcSCFunctional" time="0.000" classname="com.hasbro.sanity.SanitySuiteUpdateProductName">
    <skipped/>
  </testcase> <!-- tcSCFunctional -->
  <testcase name="tcSCFunctional" time="0.000" classname="com.hasbro.sanity.SanitySuiteUpdateProductName">
    <skipped/>
  </testcase> <!-- tcSCFunctional -->
  <testcase name="tcSCFunctional" time="0.000" classname="com.hasbro.sanity.SanitySuiteUpdateProductName">
    <skipped/>
  </testcase> <!-- tcSCFunctional -->
  <testcase name="tcSCFunctional" time="0.000" classname="com.hasbro.sanity.SanitySuiteUpdateProductName">
    <skipped/>
  </testcase> <!-- tcSCFunctional -->
  <testcase name="tcSCFunctional" time="0.000" classname="com.hasbro.sanity.SanitySuiteUpdateProductName">
    <skipped/>
  </testcase> <!-- tcSCFunctional -->
  <testcase name="tcSCFunctional" time="0.000" classname="com.hasbro.sanity.SanitySuiteUpdateProductName">
    <skipped/>
  </testcase> <!-- tcSCFunctional -->
  <testcase name="tcSCFunctional" time="0.000" classname="com.hasbro.sanity.SanitySuiteUpdateProductName">
    <skipped/>
  </testcase> <!-- tcSCFunctional -->
  <testcase name="tcSCFunctional" time="0.000" classname="com.hasbro.sanity.SanitySuiteUpdateProductName">
    <skipped/>
  </testcase> <!-- tcSCFunctional -->
  <testcase name="tcSCFunctional" time="0.000" classname="com.hasbro.sanity.SanitySuiteUpdateProductName">
    <skipped/>
  </testcase> <!-- tcSCFunctional -->
  <testcase name="tcSCFunctional" time="0.000" classname="com.hasbro.sanity.SanitySuiteUpdateProductName">
    <skipped/>
  </testcase> <!-- tcSCFunctional -->
  <testcase name="tcSCFunctional" time="0.000" classname="com.hasbro.sanity.SanitySuiteUpdateProductName">
    <skipped/>
  </testcase> <!-- tcSCFunctional -->
  <testcase name="tcSCFunctional" time="0.000" classname="com.hasbro.sanity.SanitySuiteUpdateProductName">
    <skipped/>
  </testcase> <!-- tcSCFunctional -->
  <testcase name="tcSCFunctional" time="0.000" classname="com.hasbro.sanity.SanitySuiteUpdateProductName">
    <skipped/>
  </testcase> <!-- tcSCFunctional -->
  <testcase name="tcSCFunctional" time="0.000" classname="com.hasbro.sanity.SanitySuiteUpdateProductName">
    <skipped/>
  </testcase> <!-- tcSCFunctional -->
  <testcase name="tcSCFunctional" time="0.000" classname="com.hasbro.sanity.SanitySuiteUpdateProductName">
    <skipped/>
  </testcase> <!-- tcSCFunctional -->
  <testcase name="tcSCFunctional" time="0.000" classname="com.hasbro.sanity.SanitySuiteUpdateProductName">
    <skipped/>
  </testcase> <!-- tcSCFunctional -->
  <testcase name="tcSCFunctional" time="0.000" classname="com.hasbro.sanity.SanitySuiteUpdateProductName">
    <skipped/>
  </testcase> <!-- tcSCFunctional -->
  <testcase name="tcSCFunctional" time="0.000" classname="com.hasbro.sanity.SanitySuiteUpdateProductName">
    <skipped/>
  </testcase> <!-- tcSCFunctional -->
  <testcase name="tcSCFunctional" time="0.000" classname="com.hasbro.sanity.SanitySuiteUpdateProductName">
    <skipped/>
  </testcase> <!-- tcSCFunctional -->
  <testcase name="tcSCFunctional" time="0.000" classname="com.hasbro.sanity.SanitySuiteUpdateProductName">
    <skipped/>
  </testcase> <!-- tcSCFunctional -->
  <testcase name="tcSCFunctional" time="0.000" classname="com.hasbro.sanity.SanitySuiteUpdateProductName">
    <skipped/>
  </testcase> <!-- tcSCFunctional -->
  <testcase name="tcSCFunctional" time="0.000" classname="com.hasbro.sanity.SanitySuiteUpdateProductName">
    <skipped/>
  </testcase> <!-- tcSCFunctional -->
  <testcase name="tcSCFunctional" time="0.000" classname="com.hasbro.sanity.SanitySuiteUpdateProductName">
    <skipped/>
  </testcase> <!-- tcSCFunctional -->
  <testcase name="tcSCFunctional" time="0.000" classname="com.hasbro.sanity.SanitySuiteUpdateProductName">
    <skipped/>
  </testcase> <!-- tcSCFunctional -->
  <testcase name="tcSCFunctional" time="0.000" classname="com.hasbro.sanity.SanitySuiteUpdateProductName">
    <skipped/>
  </testcase> <!-- tcSCFunctional -->
  <testcase name="tcSCFunctional" time="0.000" classname="com.hasbro.sanity.SanitySuiteUpdateProductName">
    <skipped/>
  </testcase> <!-- tcSCFunctional -->
  <testcase name="tcSCFunctional" time="0.000" classname="com.hasbro.sanity.SanitySuiteUpdateProductName">
    <skipped/>
  </testcase> <!-- tcSCFunctional -->
  <testcase name="tcSCFunctional" time="0.000" classname="com.hasbro.sanity.SanitySuiteUpdateProductName">
    <skipped/>
  </testcase> <!-- tcSCFunctional -->
  <testcase name="tcSCFunctional" time="0.000" classname="com.hasbro.sanity.SanitySuiteUpdateProductName">
    <skipped/>
  </testcase> <!-- tcSCFunctional -->
  <testcase name="tcSCFunctional" time="0.000" classname="com.hasbro.sanity.SanitySuiteUpdateProductName">
    <skipped/>
  </testcase> <!-- tcSCFunctional -->
  <testcase name="tcSCFunctional" time="0.000" classname="com.hasbro.sanity.SanitySuiteUpdateProductName">
    <skipped/>
  </testcase> <!-- tcSCFunctional -->
  <testcase name="tcSCFunctional" time="0.000" classname="com.hasbro.sanity.SanitySuiteUpdateProductName">
    <skipped/>
  </testcase> <!-- tcSCFunctional -->
  <testcase name="tcSCFunctional" time="0.000" classname="com.hasbro.sanity.SanitySuiteUpdateProductName">
    <skipped/>
  </testcase> <!-- tcSCFunctional -->
  <testcase name="tcSCFunctional" time="0.000" classname="com.hasbro.sanity.SanitySuiteUpdateProductName">
    <skipped/>
  </testcase> <!-- tcSCFunctional -->
  <testcase name="tcSCFunctional" time="0.000" classname="com.hasbro.sanity.SanitySuiteUpdateProductName">
    <skipped/>
  </testcase> <!-- tcSCFunctional -->
  <testcase name="tcSCFunctional" time="0.000" classname="com.hasbro.sanity.SanitySuiteUpdateProductName">
    <skipped/>
  </testcase> <!-- tcSCFunctional -->
  <testcase name="tcSCFunctional" time="0.000" classname="com.hasbro.sanity.SanitySuiteUpdateProductName">
    <skipped/>
  </testcase> <!-- tcSCFunctional -->
  <testcase name="tcSCFunctional" time="0.000" classname="com.hasbro.sanity.SanitySuiteUpdateProductName">
    <skipped/>
  </testcase> <!-- tcSCFunctional -->
  <testcase name="tcSCFunctional" time="0.000" classname="com.hasbro.sanity.SanitySuiteUpdateProductName">
    <skipped/>
  </testcase> <!-- tcSCFunctional -->
  <testcase name="tcSCFunctional" time="0.000" classname="com.hasbro.sanity.SanitySuiteUpdateProductName">
    <skipped/>
  </testcase> <!-- tcSCFunctional -->
  <testcase name="tcSCFunctional" time="0.000" classname="com.hasbro.sanity.SanitySuiteUpdateProductName">
    <skipped/>
  </testcase> <!-- tcSCFunctional -->
  <testcase name="tcSCFunctional" time="0.000" classname="com.hasbro.sanity.SanitySuiteUpdateProductName">
    <skipped/>
  </testcase> <!-- tcSCFunctional -->
  <testcase name="tcSCFunctional" time="0.000" classname="com.hasbro.sanity.SanitySuiteUpdateProductName">
    <skipped/>
  </testcase> <!-- tcSCFunctional -->
  <testcase name="tcSCFunctional" time="0.000" classname="com.hasbro.sanity.SanitySuiteUpdateProductName">
    <skipped/>
  </testcase> <!-- tcSCFunctional -->
  <testcase name="tcSCFunctional" time="0.000" classname="com.hasbro.sanity.SanitySuiteUpdateProductName">
    <skipped/>
  </testcase> <!-- tcSCFunctional -->
  <testcase name="tcSCFunctional" time="0.000" classname="com.hasbro.sanity.SanitySuiteUpdateProductName">
    <skipped/>
  </testcase> <!-- tcSCFunctional -->
  <testcase name="tcSCFunctional" time="0.000" classname="com.hasbro.sanity.SanitySuiteUpdateProductName">
    <skipped/>
  </testcase> <!-- tcSCFunctional -->
  <testcase name="tcSCFunctional" time="0.000" classname="com.hasbro.sanity.SanitySuiteUpdateProductName">
    <skipped/>
  </testcase> <!-- tcSCFunctional -->
  <testcase name="tcSCFunctional" time="0.000" classname="com.hasbro.sanity.SanitySuiteUpdateProductName">
    <skipped/>
  </testcase> <!-- tcSCFunctional -->
  <testcase name="tcSCFunctional" time="0.000" classname="com.hasbro.sanity.SanitySuiteUpdateProductName">
    <skipped/>
  </testcase> <!-- tcSCFunctional -->
  <testcase name="tcSCFunctional" time="0.000" classname="com.hasbro.sanity.SanitySuiteUpdateProductName">
    <skipped/>
  </testcase> <!-- tcSCFunctional -->
  <testcase name="tcSCFunctional" time="0.000" classname="com.hasbro.sanity.SanitySuiteUpdateProductName">
    <skipped/>
  </testcase> <!-- tcSCFunctional -->
  <testcase name="tcSCFunctional" time="0.000" classname="com.hasbro.sanity.SanitySuiteUpdateProductName">
    <skipped/>
  </testcase> <!-- tcSCFunctional -->
  <testcase name="tcSCFunctional" time="0.000" classname="com.hasbro.sanity.SanitySuiteUpdateProductName">
    <skipped/>
  </testcase> <!-- tcSCFunctional -->
  <testcase name="tcSCFunctional" time="0.000" classname="com.hasbro.sanity.SanitySuiteUpdateProductName">
    <skipped/>
  </testcase> <!-- tcSCFunctional -->
  <testcase name="tcSCFunctional" time="0.000" classname="com.hasbro.sanity.SanitySuiteUpdateProductName">
    <skipped/>
  </testcase> <!-- tcSCFunctional -->
  <testcase name="tcSCFunctional" time="0.000" classname="com.hasbro.sanity.SanitySuiteUpdateProductName">
    <skipped/>
  </testcase> <!-- tcSCFunctional -->
  <testcase name="tcSCFunctional" time="0.000" classname="com.hasbro.sanity.SanitySuiteUpdateProductName">
    <skipped/>
  </testcase> <!-- tcSCFunctional -->
  <testcase name="tcSCFunctional" time="0.000" classname="com.hasbro.sanity.SanitySuiteUpdateProductName">
    <skipped/>
  </testcase> <!-- tcSCFunctional -->
  <testcase name="tcSCFunctional" time="0.000" classname="com.hasbro.sanity.SanitySuiteUpdateProductName">
    <skipped/>
  </testcase> <!-- tcSCFunctional -->
  <testcase name="tcSCFunctional" time="0.000" classname="com.hasbro.sanity.SanitySuiteUpdateProductName">
    <skipped/>
  </testcase> <!-- tcSCFunctional -->
  <testcase name="tcSCFunctional" time="0.000" classname="com.hasbro.sanity.SanitySuiteUpdateProductName">
    <skipped/>
  </testcase> <!-- tcSCFunctional -->
  <testcase name="tcSCFunctional" time="0.000" classname="com.hasbro.sanity.SanitySuiteUpdateProductName">
    <skipped/>
  </testcase> <!-- tcSCFunctional -->
  <testcase name="tcSCFunctional" time="0.000" classname="com.hasbro.sanity.SanitySuiteUpdateProductName">
    <skipped/>
  </testcase> <!-- tcSCFunctional -->
  <testcase name="tcSCFunctional" time="0.000" classname="com.hasbro.sanity.SanitySuiteUpdateProductName">
    <skipped/>
  </testcase> <!-- tcSCFunctional -->
  <testcase name="tcSCFunctional" time="0.000" classname="com.hasbro.sanity.SanitySuiteUpdateProductName">
    <skipped/>
  </testcase> <!-- tcSCFunctional -->
  <testcase name="tcSCFunctional" time="0.000" classname="com.hasbro.sanity.SanitySuiteUpdateProductName">
    <skipped/>
  </testcase> <!-- tcSCFunctional -->
  <testcase name="tcSCFunctional" time="0.000" classname="com.hasbro.sanity.SanitySuiteUpdateProductName">
    <skipped/>
  </testcase> <!-- tcSCFunctional -->
  <testcase name="tcSCFunctional" time="0.000" classname="com.hasbro.sanity.SanitySuiteUpdateProductName">
    <skipped/>
  </testcase> <!-- tcSCFunctional -->
  <testcase name="tcSCFunctional" time="0.000" classname="com.hasbro.sanity.SanitySuiteUpdateProductName">
    <skipped/>
  </testcase> <!-- tcSCFunctional -->
  <testcase name="tcSCFunctional" time="0.000" classname="com.hasbro.sanity.SanitySuiteUpdateProductName">
    <skipped/>
  </testcase> <!-- tcSCFunctional -->
  <testcase name="tcSCFunctional" time="0.000" classname="com.hasbro.sanity.SanitySuiteUpdateProductName">
    <skipped/>
  </testcase> <!-- tcSCFunctional -->
  <testcase name="tcSCFunctional" time="0.000" classname="com.hasbro.sanity.SanitySuiteUpdateProductName">
    <skipped/>
  </testcase> <!-- tcSCFunctional -->
  <testcase name="tcSCFunctional" time="0.000" classname="com.hasbro.sanity.SanitySuiteUpdateProductName">
    <skipped/>
  </testcase> <!-- tcSCFunctional -->
  <testcase name="tcSCFunctional" time="0.000" classname="com.hasbro.sanity.SanitySuiteUpdateProductName">
    <skipped/>
  </testcase> <!-- tcSCFunctional -->
  <testcase name="tcSCFunctional" time="0.001" classname="com.hasbro.sanity.SanitySuiteUpdateProductName">
    <skipped/>
  </testcase> <!-- tcSCFunctional -->
  <testcase name="tcSCFunctional" time="0.000" classname="com.hasbro.sanity.SanitySuiteUpdateProductName">
    <skipped/>
  </testcase> <!-- tcSCFunctional -->
  <testcase name="tcSCFunctional" time="0.000" classname="com.hasbro.sanity.SanitySuiteUpdateProductName">
    <skipped/>
  </testcase> <!-- tcSCFunctional -->
  <testcase name="tcSCFunctional" time="0.000" classname="com.hasbro.sanity.SanitySuiteUpdateProductName">
    <skipped/>
  </testcase> <!-- tcSCFunctional -->
  <testcase name="tcSCFunctional" time="0.000" classname="com.hasbro.sanity.SanitySuiteUpdateProductName">
    <skipped/>
  </testcase> <!-- tcSCFunctional -->
  <testcase name="tcSCFunctional" time="0.000" classname="com.hasbro.sanity.SanitySuiteUpdateProductName">
    <skipped/>
  </testcase> <!-- tcSCFunctional -->
  <testcase name="tcSCFunctional" time="0.000" classname="com.hasbro.sanity.SanitySuiteUpdateProductName">
    <skipped/>
  </testcase> <!-- tcSCFunctional -->
  <testcase name="tcSCFunctional" time="0.000" classname="com.hasbro.sanity.SanitySuiteUpdateProductName">
    <skipped/>
  </testcase> <!-- tcSCFunctional -->
  <testcase name="tcSCFunctional" time="0.000" classname="com.hasbro.sanity.SanitySuiteUpdateProductName">
    <skipped/>
  </testcase> <!-- tcSCFunctional -->
  <testcase name="tcSCFunctional" time="0.000" classname="com.hasbro.sanity.SanitySuiteUpdateProductName">
    <skipped/>
  </testcase> <!-- tcSCFunctional -->
  <testcase name="tcSCFunctional" time="0.000" classname="com.hasbro.sanity.SanitySuiteUpdateProductName">
    <skipped/>
  </testcase> <!-- tcSCFunctional -->
  <testcase name="tcSCFunctional" time="0.000" classname="com.hasbro.sanity.SanitySuiteUpdateProductName">
    <skipped/>
  </testcase> <!-- tcSCFunctional -->
  <testcase name="tcSCFunctional" time="0.000" classname="com.hasbro.sanity.SanitySuiteUpdateProductName">
    <skipped/>
  </testcase> <!-- tcSCFunctional -->
  <testcase name="tcSCFunctional" time="0.000" classname="com.hasbro.sanity.SanitySuiteUpdateProductName">
    <skipped/>
  </testcase> <!-- tcSCFunctional -->
  <testcase name="tcSCFunctional" time="0.000" classname="com.hasbro.sanity.SanitySuiteUpdateProductName">
    <skipped/>
  </testcase> <!-- tcSCFunctional -->
  <testcase name="tcSCFunctional" time="0.000" classname="com.hasbro.sanity.SanitySuiteUpdateProductName">
    <skipped/>
  </testcase> <!-- tcSCFunctional -->
  <testcase name="tcSCFunctional" time="0.000" classname="com.hasbro.sanity.SanitySuiteUpdateProductName">
    <skipped/>
  </testcase> <!-- tcSCFunctional -->
  <testcase name="tcSCFunctional" time="0.000" classname="com.hasbro.sanity.SanitySuiteUpdateProductName">
    <skipped/>
  </testcase> <!-- tcSCFunctional -->
  <testcase name="tcSCFunctional" time="0.000" classname="com.hasbro.sanity.SanitySuiteUpdateProductName">
    <skipped/>
  </testcase> <!-- tcSCFunctional -->
  <testcase name="tcSCFunctional" time="0.000" classname="com.hasbro.sanity.SanitySuiteUpdateProductName">
    <skipped/>
  </testcase> <!-- tcSCFunctional -->
  <testcase name="tcSCFunctional" time="0.000" classname="com.hasbro.sanity.SanitySuiteUpdateProductName">
    <skipped/>
  </testcase> <!-- tcSCFunctional -->
  <testcase name="tcSCFunctional" time="0.000" classname="com.hasbro.sanity.SanitySuiteUpdateProductName">
    <skipped/>
  </testcase> <!-- tcSCFunctional -->
  <testcase name="tcSCFunctional" time="0.000" classname="com.hasbro.sanity.SanitySuiteUpdateProductName">
    <skipped/>
  </testcase> <!-- tcSCFunctional -->
  <testcase name="tcSCFunctional" time="0.000" classname="com.hasbro.sanity.SanitySuiteUpdateProductName">
    <skipped/>
  </testcase> <!-- tcSCFunctional -->
  <testcase name="tcSCFunctional" time="0.000" classname="com.hasbro.sanity.SanitySuiteUpdateProductName">
    <skipped/>
  </testcase> <!-- tcSCFunctional -->
  <testcase name="tcSCFunctional" time="0.000" classname="com.hasbro.sanity.SanitySuiteUpdateProductName">
    <skipped/>
  </testcase> <!-- tcSCFunctional -->
  <testcase name="tcSCFunctional" time="0.000" classname="com.hasbro.sanity.SanitySuiteUpdateProductName">
    <skipped/>
  </testcase> <!-- tcSCFunctional -->
  <testcase name="tcSCFunctional" time="0.000" classname="com.hasbro.sanity.SanitySuiteUpdateProductName">
    <skipped/>
  </testcase> <!-- tcSCFunctional -->
  <testcase name="tcSCFunctional" time="0.000" classname="com.hasbro.sanity.SanitySuiteUpdateProductName">
    <skipped/>
  </testcase> <!-- tcSCFunctional -->
  <testcase name="tcSCFunctional" time="0.000" classname="com.hasbro.sanity.SanitySuiteUpdateProductName">
    <skipped/>
  </testcase> <!-- tcSCFunctional -->
  <testcase name="tcSCFunctional" time="0.000" classname="com.hasbro.sanity.SanitySuiteUpdateProductName">
    <skipped/>
  </testcase> <!-- tcSCFunctional -->
  <testcase name="tcSCFunctional" time="0.000" classname="com.hasbro.sanity.SanitySuiteUpdateProductName">
    <skipped/>
  </testcase> <!-- tcSCFunctional -->
  <testcase name="tcSCFunctional" time="0.000" classname="com.hasbro.sanity.SanitySuiteUpdateProductName">
    <skipped/>
  </testcase> <!-- tcSCFunctional -->
  <testcase name="tcSCFunctional" time="0.000" classname="com.hasbro.sanity.SanitySuiteUpdateProductName">
    <skipped/>
  </testcase> <!-- tcSCFunctional -->
  <testcase name="tcSCFunctional" time="0.000" classname="com.hasbro.sanity.SanitySuiteUpdateProductName">
    <skipped/>
  </testcase> <!-- tcSCFunctional -->
  <testcase name="tcSCFunctional" time="0.000" classname="com.hasbro.sanity.SanitySuiteUpdateProductName">
    <skipped/>
  </testcase> <!-- tcSCFunctional -->
  <testcase name="tcSCFunctional" time="0.000" classname="com.hasbro.sanity.SanitySuiteUpdateProductName">
    <skipped/>
  </testcase> <!-- tcSCFunctional -->
  <testcase name="tcSCFunctional" time="0.000" classname="com.hasbro.sanity.SanitySuiteUpdateProductName">
    <skipped/>
  </testcase> <!-- tcSCFunctional -->
  <testcase name="tcSCFunctional" time="0.000" classname="com.hasbro.sanity.SanitySuiteUpdateProductName">
    <skipped/>
  </testcase> <!-- tcSCFunctional -->
  <testcase name="tcSCFunctional" time="0.000" classname="com.hasbro.sanity.SanitySuiteUpdateProductName">
    <skipped/>
  </testcase> <!-- tcSCFunctional -->
  <testcase name="tcSCFunctional" time="0.000" classname="com.hasbro.sanity.SanitySuiteUpdateProductName">
    <skipped/>
  </testcase> <!-- tcSCFunctional -->
  <testcase name="tcSCFunctional" time="0.000" classname="com.hasbro.sanity.SanitySuiteUpdateProductName">
    <skipped/>
  </testcase> <!-- tcSCFunctional -->
  <testcase name="tcSCFunctional" time="0.000" classname="com.hasbro.sanity.SanitySuiteUpdateProductName">
    <skipped/>
  </testcase> <!-- tcSCFunctional -->
  <testcase name="tcSCFunctional" time="0.000" classname="com.hasbro.sanity.SanitySuiteUpdateProductName">
    <skipped/>
  </testcase> <!-- tcSCFunctional -->
  <testcase name="tcSCFunctional" time="0.000" classname="com.hasbro.sanity.SanitySuiteUpdateProductName">
    <skipped/>
  </testcase> <!-- tcSCFunctional -->
  <testcase name="tcSCFunctional" time="0.000" classname="com.hasbro.sanity.SanitySuiteUpdateProductName">
    <skipped/>
  </testcase> <!-- tcSCFunctional -->
  <testcase name="tcSCFunctional" time="0.000" classname="com.hasbro.sanity.SanitySuiteUpdateProductName">
    <skipped/>
  </testcase> <!-- tcSCFunctional -->
  <testcase name="tcSCFunctional" time="0.000" classname="com.hasbro.sanity.SanitySuiteUpdateProductName">
    <skipped/>
  </testcase> <!-- tcSCFunctional -->
  <testcase name="tcSCFunctional" time="0.000" classname="com.hasbro.sanity.SanitySuiteUpdateProductName">
    <skipped/>
  </testcase> <!-- tcSCFunctional -->
  <testcase name="tcSCFunctional" time="0.000" classname="com.hasbro.sanity.SanitySuiteUpdateProductName">
    <skipped/>
  </testcase> <!-- tcSCFunctional -->
  <testcase name="tcSCFunctional" time="0.000" classname="com.hasbro.sanity.SanitySuiteUpdateProductName">
    <skipped/>
  </testcase> <!-- tcSCFunctional -->
  <testcase name="tcSCFunctional" time="0.000" classname="com.hasbro.sanity.SanitySuiteUpdateProductName">
    <skipped/>
  </testcase> <!-- tcSCFunctional -->
  <testcase name="tcSCFunctional" time="0.000" classname="com.hasbro.sanity.SanitySuiteUpdateProductName">
    <skipped/>
  </testcase> <!-- tcSCFunctional -->
  <testcase name="tcSCFunctional" time="0.000" classname="com.hasbro.sanity.SanitySuiteUpdateProductName">
    <skipped/>
  </testcase> <!-- tcSCFunctional -->
  <testcase name="tcSCFunctional" time="0.000" classname="com.hasbro.sanity.SanitySuiteUpdateProductName">
    <skipped/>
  </testcase> <!-- tcSCFunctional -->
  <testcase name="tcSCFunctional" time="0.000" classname="com.hasbro.sanity.SanitySuiteUpdateProductName">
    <skipped/>
  </testcase> <!-- tcSCFunctional -->
  <testcase name="tcSCFunctional" time="0.000" classname="com.hasbro.sanity.SanitySuiteUpdateProductName">
    <skipped/>
  </testcase> <!-- tcSCFunctional -->
  <testcase name="tcSCFunctional" time="0.000" classname="com.hasbro.sanity.SanitySuiteUpdateProductName">
    <skipped/>
  </testcase> <!-- tcSCFunctional -->
  <testcase name="tcSCFunctional" time="0.000" classname="com.hasbro.sanity.SanitySuiteUpdateProductName">
    <skipped/>
  </testcase> <!-- tcSCFunctional -->
  <testcase name="tcSCFunctional" time="0.000" classname="com.hasbro.sanity.SanitySuiteUpdateProductName">
    <skipped/>
  </testcase> <!-- tcSCFunctional -->
  <testcase name="tcSCFunctional" time="0.000" classname="com.hasbro.sanity.SanitySuiteUpdateProductName">
    <skipped/>
  </testcase> <!-- tcSCFunctional -->
  <testcase name="tcSCFunctional" time="0.000" classname="com.hasbro.sanity.SanitySuiteUpdateProductName">
    <skipped/>
  </testcase> <!-- tcSCFunctional -->
  <testcase name="tcSCFunctional" time="0.000" classname="com.hasbro.sanity.SanitySuiteUpdateProductName">
    <skipped/>
  </testcase> <!-- tcSCFunctional -->
  <testcase name="tcSCFunctional" time="0.000" classname="com.hasbro.sanity.SanitySuiteUpdateProductName">
    <skipped/>
  </testcase> <!-- tcSCFunctional -->
  <testcase name="tcSCFunctional" time="0.000" classname="com.hasbro.sanity.SanitySuiteUpdateProductName">
    <skipped/>
  </testcase> <!-- tcSCFunctional -->
  <testcase name="tcSCFunctional" time="0.000" classname="com.hasbro.sanity.SanitySuiteUpdateProductName">
    <skipped/>
  </testcase> <!-- tcSCFunctional -->
  <testcase name="tcSCFunctional" time="0.000" classname="com.hasbro.sanity.SanitySuiteUpdateProductName">
    <skipped/>
  </testcase> <!-- tcSCFunctional -->
  <testcase name="tcSCFunctional" time="0.000" classname="com.hasbro.sanity.SanitySuiteUpdateProductName">
    <skipped/>
  </testcase> <!-- tcSCFunctional -->
  <testcase name="tcSCFunctional" time="0.000" classname="com.hasbro.sanity.SanitySuiteUpdateProductName">
    <skipped/>
  </testcase> <!-- tcSCFunctional -->
  <testcase name="tcSCFunctional" time="0.000" classname="com.hasbro.sanity.SanitySuiteUpdateProductName">
    <skipped/>
  </testcase> <!-- tcSCFunctional -->
  <testcase name="tcSCFunctional" time="0.000" classname="com.hasbro.sanity.SanitySuiteUpdateProductName">
    <skipped/>
  </testcase> <!-- tcSCFunctional -->
  <testcase name="tcSCFunctional" time="0.000" classname="com.hasbro.sanity.SanitySuiteUpdateProductName">
    <skipped/>
  </testcase> <!-- tcSCFunctional -->
  <testcase name="tcSCFunctional" time="0.000" classname="com.hasbro.sanity.SanitySuiteUpdateProductName">
    <skipped/>
  </testcase> <!-- tcSCFunctional -->
  <testcase name="tcSCFunctional" time="0.000" classname="com.hasbro.sanity.SanitySuiteUpdateProductName">
    <skipped/>
  </testcase> <!-- tcSCFunctional -->
  <testcase name="tcSCFunctional" time="0.000" classname="com.hasbro.sanity.SanitySuiteUpdateProductName">
    <skipped/>
  </testcase> <!-- tcSCFunctional -->
  <testcase name="tcSCFunctional" time="0.000" classname="com.hasbro.sanity.SanitySuiteUpdateProductName">
    <skipped/>
  </testcase> <!-- tcSCFunctional -->
  <testcase name="tcSCFunctional" time="0.000" classname="com.hasbro.sanity.SanitySuiteUpdateProductName">
    <skipped/>
  </testcase> <!-- tcSCFunctional -->
  <testcase name="tcSCFunctional" time="0.000" classname="com.hasbro.sanity.SanitySuiteUpdateProductName">
    <skipped/>
  </testcase> <!-- tcSCFunctional -->
  <testcase name="tcSCFunctional" time="0.000" classname="com.hasbro.sanity.SanitySuiteUpdateProductName">
    <skipped/>
  </testcase> <!-- tcSCFunctional -->
  <testcase name="tcSCFunctional" time="0.000" classname="com.hasbro.sanity.SanitySuiteUpdateProductName">
    <skipped/>
  </testcase> <!-- tcSCFunctional -->
  <testcase name="tcSCFunctional" time="0.000" classname="com.hasbro.sanity.SanitySuiteUpdateProductName">
    <skipped/>
  </testcase> <!-- tcSCFunctional -->
  <testcase name="tcSCFunctional" time="0.000" classname="com.hasbro.sanity.SanitySuiteUpdateProductName">
    <skipped/>
  </testcase> <!-- tcSCFunctional -->
  <testcase name="tcSCFunctional" time="0.000" classname="com.hasbro.sanity.SanitySuiteUpdateProductName">
    <skipped/>
  </testcase> <!-- tcSCFunctional -->
  <testcase name="tcSCFunctional" time="0.000" classname="com.hasbro.sanity.SanitySuiteUpdateProductName">
    <skipped/>
  </testcase> <!-- tcSCFunctional -->
  <testcase name="tcSCFunctional" time="0.000" classname="com.hasbro.sanity.SanitySuiteUpdateProductName">
    <skipped/>
  </testcase> <!-- tcSCFunctional -->
  <testcase name="tcSCFunctional" time="0.000" classname="com.hasbro.sanity.SanitySuiteUpdateProductName">
    <skipped/>
  </testcase> <!-- tcSCFunctional -->
  <testcase name="tcSCFunctional" time="0.000" classname="com.hasbro.sanity.SanitySuiteUpdateProductName">
    <skipped/>
  </testcase> <!-- tcSCFunctional -->
  <testcase name="tcSCFunctional" time="0.000" classname="com.hasbro.sanity.SanitySuiteUpdateProductName">
    <skipped/>
  </testcase> <!-- tcSCFunctional -->
  <testcase name="tcSCFunctional" time="0.000" classname="com.hasbro.sanity.SanitySuiteUpdateProductName">
    <skipped/>
  </testcase> <!-- tcSCFunctional -->
  <testcase name="tcSCFunctional" time="0.000" classname="com.hasbro.sanity.SanitySuiteUpdateProductName">
    <skipped/>
  </testcase> <!-- tcSCFunctional -->
  <testcase name="tcSCFunctional" time="0.000" classname="com.hasbro.sanity.SanitySuiteUpdateProductName">
    <skipped/>
  </testcase> <!-- tcSCFunctional -->
  <testcase name="tcSCFunctional" time="0.000" classname="com.hasbro.sanity.SanitySuiteUpdateProductName">
    <skipped/>
  </testcase> <!-- tcSCFunctional -->
  <testcase name="tcSCFunctional" time="0.000" classname="com.hasbro.sanity.SanitySuiteUpdateProductName">
    <skipped/>
  </testcase> <!-- tcSCFunctional -->
  <testcase name="tcSCFunctional" time="0.000" classname="com.hasbro.sanity.SanitySuiteUpdateProductName">
    <skipped/>
  </testcase> <!-- tcSCFunctional -->
  <testcase name="tcSCFunctional" time="0.000" classname="com.hasbro.sanity.SanitySuiteUpdateProductName">
    <skipped/>
  </testcase> <!-- tcSCFunctional -->
  <testcase name="tcSCFunctional" time="0.000" classname="com.hasbro.sanity.SanitySuiteUpdateProductName">
    <skipped/>
  </testcase> <!-- tcSCFunctional -->
  <testcase name="tcSCFunctional" time="0.000" classname="com.hasbro.sanity.SanitySuiteUpdateProductName">
    <skipped/>
  </testcase> <!-- tcSCFunctional -->
  <testcase name="tcSCFunctional" time="0.000" classname="com.hasbro.sanity.SanitySuiteUpdateProductName">
    <skipped/>
  </testcase> <!-- tcSCFunctional -->
  <testcase name="tcSCFunctional" time="0.000" classname="com.hasbro.sanity.SanitySuiteUpdateProductName">
    <skipped/>
  </testcase> <!-- tcSCFunctional -->
  <testcase name="tcSCFunctional" time="0.000" classname="com.hasbro.sanity.SanitySuiteUpdateProductName">
    <skipped/>
  </testcase> <!-- tcSCFunctional -->
  <testcase name="tcSCFunctional" time="0.000" classname="com.hasbro.sanity.SanitySuiteUpdateProductName">
    <skipped/>
  </testcase> <!-- tcSCFunctional -->
  <testcase name="tcSCFunctional" time="0.000" classname="com.hasbro.sanity.SanitySuiteUpdateProductName">
    <skipped/>
  </testcase> <!-- tcSCFunctional -->
  <testcase name="tcSCFunctional" time="0.000" classname="com.hasbro.sanity.SanitySuiteUpdateProductName">
    <skipped/>
  </testcase> <!-- tcSCFunctional -->
  <testcase name="tcSCFunctional" time="0.000" classname="com.hasbro.sanity.SanitySuiteUpdateProductName">
    <skipped/>
  </testcase> <!-- tcSCFunctional -->
  <testcase name="tcSCFunctional" time="0.000" classname="com.hasbro.sanity.SanitySuiteUpdateProductName">
    <skipped/>
  </testcase> <!-- tcSCFunctional -->
  <testcase name="tcSCFunctional" time="0.000" classname="com.hasbro.sanity.SanitySuiteUpdateProductName">
    <skipped/>
  </testcase> <!-- tcSCFunctional -->
  <testcase name="tcSCFunctional" time="0.000" classname="com.hasbro.sanity.SanitySuiteUpdateProductName">
    <skipped/>
  </testcase> <!-- tcSCFunctional -->
  <testcase name="tcSCFunctional" time="0.000" classname="com.hasbro.sanity.SanitySuiteUpdateProductName">
    <skipped/>
  </testcase> <!-- tcSCFunctional -->
  <testcase name="tcSCFunctional" time="0.000" classname="com.hasbro.sanity.SanitySuiteUpdateProductName">
    <skipped/>
  </testcase> <!-- tcSCFunctional -->
  <testcase name="tcSCFunctional" time="0.000" classname="com.hasbro.sanity.SanitySuiteUpdateProductName">
    <skipped/>
  </testcase> <!-- tcSCFunctional -->
  <testcase name="tcSCFunctional" time="0.000" classname="com.hasbro.sanity.SanitySuiteUpdateProductName">
    <skipped/>
  </testcase> <!-- tcSCFunctional -->
  <testcase name="tcSCFunctional" time="0.000" classname="com.hasbro.sanity.SanitySuiteUpdateProductName">
    <skipped/>
  </testcase> <!-- tcSCFunctional -->
  <testcase name="tcSCFunctional" time="0.000" classname="com.hasbro.sanity.SanitySuiteUpdateProductName">
    <skipped/>
  </testcase> <!-- tcSCFunctional -->
  <testcase name="tcSCFunctional" time="0.000" classname="com.hasbro.sanity.SanitySuiteUpdateProductName">
    <skipped/>
  </testcase> <!-- tcSCFunctional -->
  <testcase name="tcSCFunctional" time="0.000" classname="com.hasbro.sanity.SanitySuiteUpdateProductName">
    <skipped/>
  </testcase> <!-- tcSCFunctional -->
  <testcase name="tcSCFunctional" time="0.000" classname="com.hasbro.sanity.SanitySuiteUpdateProductName">
    <skipped/>
  </testcase> <!-- tcSCFunctional -->
  <testcase name="tcSCFunctional" time="0.000" classname="com.hasbro.sanity.SanitySuiteUpdateProductName">
    <skipped/>
  </testcase> <!-- tcSCFunctional -->
  <testcase name="tcSCFunctional" time="0.000" classname="com.hasbro.sanity.SanitySuiteUpdateProductName">
    <skipped/>
  </testcase> <!-- tcSCFunctional -->
  <testcase name="tcSCFunctional" time="0.000" classname="com.hasbro.sanity.SanitySuiteUpdateProductName">
    <skipped/>
  </testcase> <!-- tcSCFunctional -->
  <testcase name="tcSCFunctional" time="0.000" classname="com.hasbro.sanity.SanitySuiteUpdateProductName">
    <skipped/>
  </testcase> <!-- tcSCFunctional -->
  <testcase name="tcSCFunctional" time="0.000" classname="com.hasbro.sanity.SanitySuiteUpdateProductName">
    <skipped/>
  </testcase> <!-- tcSCFunctional -->
  <testcase name="tcSCFunctional" time="0.000" classname="com.hasbro.sanity.SanitySuiteUpdateProductName">
    <skipped/>
  </testcase> <!-- tcSCFunctional -->
  <testcase name="tcSCFunctional" time="0.000" classname="com.hasbro.sanity.SanitySuiteUpdateProductName">
    <skipped/>
  </testcase> <!-- tcSCFunctional -->
  <testcase name="tcSCFunctional" time="0.000" classname="com.hasbro.sanity.SanitySuiteUpdateProductName">
    <skipped/>
  </testcase> <!-- tcSCFunctional -->
  <testcase name="tcSCFunctional" time="0.000" classname="com.hasbro.sanity.SanitySuiteUpdateProductName">
    <skipped/>
  </testcase> <!-- tcSCFunctional -->
  <testcase name="tcSCFunctional" time="0.000" classname="com.hasbro.sanity.SanitySuiteUpdateProductName">
    <skipped/>
  </testcase> <!-- tcSCFunctional -->
  <testcase name="tcSCFunctional" time="0.000" classname="com.hasbro.sanity.SanitySuiteUpdateProductName">
    <skipped/>
  </testcase> <!-- tcSCFunctional -->
  <testcase name="tcSCFunctional" time="0.000" classname="com.hasbro.sanity.SanitySuiteUpdateProductName">
    <skipped/>
  </testcase> <!-- tcSCFunctional -->
  <testcase name="tcSCFunctional" time="0.000" classname="com.hasbro.sanity.SanitySuiteUpdateProductName">
    <skipped/>
  </testcase> <!-- tcSCFunctional -->
  <testcase name="tcSCFunctional" time="0.000" classname="com.hasbro.sanity.SanitySuiteUpdateProductName">
    <skipped/>
  </testcase> <!-- tcSCFunctional -->
  <testcase name="tcSCFunctional" time="0.000" classname="com.hasbro.sanity.SanitySuiteUpdateProductName">
    <skipped/>
  </testcase> <!-- tcSCFunctional -->
  <testcase name="tcSCFunctional" time="0.000" classname="com.hasbro.sanity.SanitySuiteUpdateProductName">
    <skipped/>
  </testcase> <!-- tcSCFunctional -->
  <testcase name="tcSCFunctional" time="0.000" classname="com.hasbro.sanity.SanitySuiteUpdateProductName">
    <skipped/>
  </testcase> <!-- tcSCFunctional -->
  <testcase name="tcSCFunctional" time="0.000" classname="com.hasbro.sanity.SanitySuiteUpdateProductName">
    <skipped/>
  </testcase> <!-- tcSCFunctional -->
  <testcase name="tcSCFunctional" time="0.000" classname="com.hasbro.sanity.SanitySuiteUpdateProductName">
    <skipped/>
  </testcase> <!-- tcSCFunctional -->
  <testcase name="tcSCFunctional" time="0.000" classname="com.hasbro.sanity.SanitySuiteUpdateProductName">
    <skipped/>
  </testcase> <!-- tcSCFunctional -->
  <testcase name="tcSCFunctional" time="0.000" classname="com.hasbro.sanity.SanitySuiteUpdateProductName">
    <skipped/>
  </testcase> <!-- tcSCFunctional -->
  <testcase name="tcSCFunctional" time="0.000" classname="com.hasbro.sanity.SanitySuiteUpdateProductName">
    <skipped/>
  </testcase> <!-- tcSCFunctional -->
  <testcase name="tcSCFunctional" time="0.000" classname="com.hasbro.sanity.SanitySuiteUpdateProductName">
    <skipped/>
  </testcase> <!-- tcSCFunctional -->
  <testcase name="tcSCFunctional" time="0.000" classname="com.hasbro.sanity.SanitySuiteUpdateProductName">
    <skipped/>
  </testcase> <!-- tcSCFunctional -->
  <testcase name="tcSCFunctional" time="0.000" classname="com.hasbro.sanity.SanitySuiteUpdateProductName">
    <skipped/>
  </testcase> <!-- tcSCFunctional -->
  <testcase name="tcSCFunctional" time="0.000" classname="com.hasbro.sanity.SanitySuiteUpdateProductName">
    <skipped/>
  </testcase> <!-- tcSCFunctional -->
  <testcase name="tcSCFunctional" time="0.000" classname="com.hasbro.sanity.SanitySuiteUpdateProductName">
    <skipped/>
  </testcase> <!-- tcSCFunctional -->
  <testcase name="tcSCFunctional" time="0.000" classname="com.hasbro.sanity.SanitySuiteUpdateProductName">
    <skipped/>
  </testcase> <!-- tcSCFunctional -->
  <testcase name="tcSCFunctional" time="0.000" classname="com.hasbro.sanity.SanitySuiteUpdateProductName">
    <skipped/>
  </testcase> <!-- tcSCFunctional -->
  <testcase name="tcSCFunctional" time="0.000" classname="com.hasbro.sanity.SanitySuiteUpdateProductName">
    <skipped/>
  </testcase> <!-- tcSCFunctional -->
  <testcase name="tcSCFunctional" time="0.000" classname="com.hasbro.sanity.SanitySuiteUpdateProductName">
    <skipped/>
  </testcase> <!-- tcSCFunctional -->
  <testcase name="tcSCFunctional" time="0.000" classname="com.hasbro.sanity.SanitySuiteUpdateProductName">
    <skipped/>
  </testcase> <!-- tcSCFunctional -->
  <testcase name="tcSCFunctional" time="0.000" classname="com.hasbro.sanity.SanitySuiteUpdateProductName">
    <skipped/>
  </testcase> <!-- tcSCFunctional -->
  <testcase name="tcSCFunctional" time="0.000" classname="com.hasbro.sanity.SanitySuiteUpdateProductName">
    <skipped/>
  </testcase> <!-- tcSCFunctional -->
  <testcase name="tcSCFunctional" time="0.000" classname="com.hasbro.sanity.SanitySuiteUpdateProductName">
    <skipped/>
  </testcase> <!-- tcSCFunctional -->
  <testcase name="tcSCFunctional" time="0.000" classname="com.hasbro.sanity.SanitySuiteUpdateProductName">
    <skipped/>
  </testcase> <!-- tcSCFunctional -->
  <testcase name="tcSCFunctional" time="0.000" classname="com.hasbro.sanity.SanitySuiteUpdateProductName">
    <skipped/>
  </testcase> <!-- tcSCFunctional -->
  <testcase name="tcSCFunctional" time="0.000" classname="com.hasbro.sanity.SanitySuiteUpdateProductName">
    <skipped/>
  </testcase> <!-- tcSCFunctional -->
  <testcase name="tcSCFunctional" time="0.000" classname="com.hasbro.sanity.SanitySuiteUpdateProductName">
    <skipped/>
  </testcase> <!-- tcSCFunctional -->
  <testcase name="tcSCFunctional" time="0.000" classname="com.hasbro.sanity.SanitySuiteUpdateProductName">
    <skipped/>
  </testcase> <!-- tcSCFunctional -->
  <testcase name="tcSCFunctional" time="0.000" classname="com.hasbro.sanity.SanitySuiteUpdateProductName">
    <skipped/>
  </testcase> <!-- tcSCFunctional -->
  <testcase name="tcSCFunctional" time="0.000" classname="com.hasbro.sanity.SanitySuiteUpdateProductName">
    <skipped/>
  </testcase> <!-- tcSCFunctional -->
  <testcase name="tcSCFunctional" time="0.000" classname="com.hasbro.sanity.SanitySuiteUpdateProductName">
    <skipped/>
  </testcase> <!-- tcSCFunctional -->
  <testcase name="tcSCFunctional" time="0.000" classname="com.hasbro.sanity.SanitySuiteUpdateProductName">
    <skipped/>
  </testcase> <!-- tcSCFunctional -->
  <testcase name="tcSCFunctional" time="0.000" classname="com.hasbro.sanity.SanitySuiteUpdateProductName">
    <skipped/>
  </testcase> <!-- tcSCFunctional -->
  <testcase name="tcSCFunctional" time="0.000" classname="com.hasbro.sanity.SanitySuiteUpdateProductName">
    <skipped/>
  </testcase> <!-- tcSCFunctional -->
  <testcase name="tcSCFunctional" time="0.000" classname="com.hasbro.sanity.SanitySuiteUpdateProductName">
    <skipped/>
  </testcase> <!-- tcSCFunctional -->
  <testcase name="tcSCFunctional" time="0.000" classname="com.hasbro.sanity.SanitySuiteUpdateProductName">
    <skipped/>
  </testcase> <!-- tcSCFunctional -->
  <testcase name="tcSCFunctional" time="0.000" classname="com.hasbro.sanity.SanitySuiteUpdateProductName">
    <skipped/>
  </testcase> <!-- tcSCFunctional -->
  <testcase name="tcSCFunctional" time="0.000" classname="com.hasbro.sanity.SanitySuiteUpdateProductName">
    <skipped/>
  </testcase> <!-- tcSCFunctional -->
  <testcase name="tcSCFunctional" time="0.000" classname="com.hasbro.sanity.SanitySuiteUpdateProductName">
    <skipped/>
  </testcase> <!-- tcSCFunctional -->
  <testcase name="tcSCFunctional" time="0.000" classname="com.hasbro.sanity.SanitySuiteUpdateProductName">
    <skipped/>
  </testcase> <!-- tcSCFunctional -->
  <testcase name="tcSCFunctional" time="0.000" classname="com.hasbro.sanity.SanitySuiteUpdateProductName">
    <skipped/>
  </testcase> <!-- tcSCFunctional -->
  <testcase name="tcSCFunctional" time="0.000" classname="com.hasbro.sanity.SanitySuiteUpdateProductName">
    <skipped/>
  </testcase> <!-- tcSCFunctional -->
  <testcase name="tcSCFunctional" time="0.000" classname="com.hasbro.sanity.SanitySuiteUpdateProductName">
    <skipped/>
  </testcase> <!-- tcSCFunctional -->
  <testcase name="tcSCFunctional" time="0.000" classname="com.hasbro.sanity.SanitySuiteUpdateProductName">
    <skipped/>
  </testcase> <!-- tcSCFunctional -->
  <testcase name="tcSCFunctional" time="0.000" classname="com.hasbro.sanity.SanitySuiteUpdateProductName">
    <skipped/>
  </testcase> <!-- tcSCFunctional -->
  <testcase name="tcSCFunctional" time="0.000" classname="com.hasbro.sanity.SanitySuiteUpdateProductName">
    <skipped/>
  </testcase> <!-- tcSCFunctional -->
  <testcase name="tcSCFunctional" time="0.000" classname="com.hasbro.sanity.SanitySuiteUpdateProductName">
    <skipped/>
  </testcase> <!-- tcSCFunctional -->
  <testcase name="tcSCFunctional" time="0.000" classname="com.hasbro.sanity.SanitySuiteUpdateProductName">
    <skipped/>
  </testcase> <!-- tcSCFunctional -->
  <testcase name="tcSCFunctional" time="0.000" classname="com.hasbro.sanity.SanitySuiteUpdateProductName">
    <skipped/>
  </testcase> <!-- tcSCFunctional -->
  <testcase name="tcSCFunctional" time="0.000" classname="com.hasbro.sanity.SanitySuiteUpdateProductName">
    <skipped/>
  </testcase> <!-- tcSCFunctional -->
  <testcase name="tcSCFunctional" time="0.000" classname="com.hasbro.sanity.SanitySuiteUpdateProductName">
    <skipped/>
  </testcase> <!-- tcSCFunctional -->
  <testcase name="tcSCFunctional" time="0.000" classname="com.hasbro.sanity.SanitySuiteUpdateProductName">
    <skipped/>
  </testcase> <!-- tcSCFunctional -->
  <testcase name="tcSCFunctional" time="0.000" classname="com.hasbro.sanity.SanitySuiteUpdateProductName">
    <skipped/>
  </testcase> <!-- tcSCFunctional -->
  <testcase name="tcSCFunctional" time="0.000" classname="com.hasbro.sanity.SanitySuiteUpdateProductName">
    <skipped/>
  </testcase> <!-- tcSCFunctional -->
  <testcase name="tcSCFunctional" time="0.000" classname="com.hasbro.sanity.SanitySuiteUpdateProductName">
    <skipped/>
  </testcase> <!-- tcSCFunctional -->
  <testcase name="tcSCFunctional" time="0.000" classname="com.hasbro.sanity.SanitySuiteUpdateProductName">
    <skipped/>
  </testcase> <!-- tcSCFunctional -->
  <testcase name="tcSCFunctional" time="0.000" classname="com.hasbro.sanity.SanitySuiteUpdateProductName">
    <skipped/>
  </testcase> <!-- tcSCFunctional -->
</testsuite> <!-- com.hasbro.sanity.SanitySuiteUpdateProductName -->
