<?xml version="1.0" encoding="UTF-8"?>
<!-- Generated by org.testng.reporters.JUnitReportReporter -->
<testsuite hostname="P3ALAP-6021FG3" name="com.hasbro.libraries.Season" tests="6" failures="0" timestamp="9 Aug 2016 09:47:07 GMT" time="0.000" errors="6">
  <testcase name="testcaseA1" time="0.000" classname="com.hasbro.libraries.Season"/>
  <testcase name="testcaseA1" time="0.000" classname="com.hasbro.libraries.Season"/>
  <testcase name="testcaseA1" time="0.000" classname="com.hasbro.libraries.Season"/>
  <testcase name="testcaseA1" time="0.000" classname="com.hasbro.libraries.Season"/>
  <testcase name="testcaseA1" time="0.000" classname="com.hasbro.libraries.Season"/>
  <testcase name="testcaseA1" time="0.000" classname="com.hasbro.libraries.Season"/>
</testsuite> <!-- com.hasbro.libraries.Season -->
