<?xml version="1.0" encoding="UTF-8"?>
<!-- Generated by org.testng.reporters.JUnitReportReporter -->
<testsuite skipped="224" hostname="BDC6-LX-723061Y" name="com.hasbro.security.Material" tests="224" failures="0" timestamp="20 Mar 2018 12:33:08 GMT" time="0.000" errors="0">
  <testcase name="tcMaterial" time="0.000" classname="com.hasbro.security.Material">
    <skipped/>
  </testcase> <!-- tcMaterial -->
  <testcase name="tcMaterial" time="0.000" classname="com.hasbro.security.Material">
    <skipped/>
  </testcase> <!-- tcMaterial -->
  <testcase name="tcMaterial" time="0.000" classname="com.hasbro.security.Material">
    <skipped/>
  </testcase> <!-- tcMaterial -->
  <testcase name="tcMaterial" time="0.000" classname="com.hasbro.security.Material">
    <skipped/>
  </testcase> <!-- tcMaterial -->
  <testcase name="tcMaterial" time="0.000" classname="com.hasbro.security.Material">
    <skipped/>
  </testcase> <!-- tcMaterial -->
  <testcase name="tcMaterial" time="0.000" classname="com.hasbro.security.Material">
    <skipped/>
  </testcase> <!-- tcMaterial -->
  <testcase name="tcMaterial" time="0.000" classname="com.hasbro.security.Material">
    <skipped/>
  </testcase> <!-- tcMaterial -->
  <testcase name="tcMaterial" time="0.000" classname="com.hasbro.security.Material">
    <skipped/>
  </testcase> <!-- tcMaterial -->
  <testcase name="tcMaterial" time="0.000" classname="com.hasbro.security.Material">
    <skipped/>
  </testcase> <!-- tcMaterial -->
  <testcase name="tcMaterial" time="0.000" classname="com.hasbro.security.Material">
    <skipped/>
  </testcase> <!-- tcMaterial -->
  <testcase name="tcMaterial" time="0.000" classname="com.hasbro.security.Material">
    <skipped/>
  </testcase> <!-- tcMaterial -->
  <testcase name="tcMaterial" time="0.000" classname="com.hasbro.security.Material">
    <skipped/>
  </testcase> <!-- tcMaterial -->
  <testcase name="tcMaterial" time="0.000" classname="com.hasbro.security.Material">
    <skipped/>
  </testcase> <!-- tcMaterial -->
  <testcase name="tcMaterial" time="0.000" classname="com.hasbro.security.Material">
    <skipped/>
  </testcase> <!-- tcMaterial -->
  <testcase name="tcMaterial" time="0.000" classname="com.hasbro.security.Material">
    <skipped/>
  </testcase> <!-- tcMaterial -->
  <testcase name="tcMaterial" time="0.000" classname="com.hasbro.security.Material">
    <skipped/>
  </testcase> <!-- tcMaterial -->
  <testcase name="tcMaterial" time="0.000" classname="com.hasbro.security.Material">
    <skipped/>
  </testcase> <!-- tcMaterial -->
  <testcase name="tcMaterial" time="0.000" classname="com.hasbro.security.Material">
    <skipped/>
  </testcase> <!-- tcMaterial -->
  <testcase name="tcMaterial" time="0.000" classname="com.hasbro.security.Material">
    <skipped/>
  </testcase> <!-- tcMaterial -->
  <testcase name="tcMaterial" time="0.000" classname="com.hasbro.security.Material">
    <skipped/>
  </testcase> <!-- tcMaterial -->
  <testcase name="tcMaterial" time="0.000" classname="com.hasbro.security.Material">
    <skipped/>
  </testcase> <!-- tcMaterial -->
  <testcase name="tcMaterial" time="0.000" classname="com.hasbro.security.Material">
    <skipped/>
  </testcase> <!-- tcMaterial -->
  <testcase name="tcMaterial" time="0.000" classname="com.hasbro.security.Material">
    <skipped/>
  </testcase> <!-- tcMaterial -->
  <testcase name="tcMaterial" time="0.000" classname="com.hasbro.security.Material">
    <skipped/>
  </testcase> <!-- tcMaterial -->
  <testcase name="tcMaterial" time="0.000" classname="com.hasbro.security.Material">
    <skipped/>
  </testcase> <!-- tcMaterial -->
  <testcase name="tcMaterial" time="0.000" classname="com.hasbro.security.Material">
    <skipped/>
  </testcase> <!-- tcMaterial -->
  <testcase name="tcMaterial" time="0.000" classname="com.hasbro.security.Material">
    <skipped/>
  </testcase> <!-- tcMaterial -->
  <testcase name="tcMaterial" time="0.000" classname="com.hasbro.security.Material">
    <skipped/>
  </testcase> <!-- tcMaterial -->
  <testcase name="tcMaterial" time="0.000" classname="com.hasbro.security.Material">
    <skipped/>
  </testcase> <!-- tcMaterial -->
  <testcase name="tcMaterial" time="0.000" classname="com.hasbro.security.Material">
    <skipped/>
  </testcase> <!-- tcMaterial -->
  <testcase name="tcMaterial" time="0.000" classname="com.hasbro.security.Material">
    <skipped/>
  </testcase> <!-- tcMaterial -->
  <testcase name="tcMaterial" time="0.000" classname="com.hasbro.security.Material">
    <skipped/>
  </testcase> <!-- tcMaterial -->
  <testcase name="tcMaterial" time="0.000" classname="com.hasbro.security.Material">
    <skipped/>
  </testcase> <!-- tcMaterial -->
  <testcase name="tcMaterial" time="0.000" classname="com.hasbro.security.Material">
    <skipped/>
  </testcase> <!-- tcMaterial -->
  <testcase name="tcMaterial" time="0.000" classname="com.hasbro.security.Material">
    <skipped/>
  </testcase> <!-- tcMaterial -->
  <testcase name="tcMaterial" time="0.000" classname="com.hasbro.security.Material">
    <skipped/>
  </testcase> <!-- tcMaterial -->
  <testcase name="tcMaterial" time="0.000" classname="com.hasbro.security.Material">
    <skipped/>
  </testcase> <!-- tcMaterial -->
  <testcase name="tcMaterial" time="0.000" classname="com.hasbro.security.Material">
    <skipped/>
  </testcase> <!-- tcMaterial -->
  <testcase name="tcMaterial" time="0.000" classname="com.hasbro.security.Material">
    <skipped/>
  </testcase> <!-- tcMaterial -->
  <testcase name="tcMaterial" time="0.000" classname="com.hasbro.security.Material">
    <skipped/>
  </testcase> <!-- tcMaterial -->
  <testcase name="tcMaterial" time="0.000" classname="com.hasbro.security.Material">
    <skipped/>
  </testcase> <!-- tcMaterial -->
  <testcase name="tcMaterial" time="0.000" classname="com.hasbro.security.Material">
    <skipped/>
  </testcase> <!-- tcMaterial -->
  <testcase name="tcMaterial" time="0.000" classname="com.hasbro.security.Material">
    <skipped/>
  </testcase> <!-- tcMaterial -->
  <testcase name="tcMaterial" time="0.000" classname="com.hasbro.security.Material">
    <skipped/>
  </testcase> <!-- tcMaterial -->
  <testcase name="tcMaterial" time="0.000" classname="com.hasbro.security.Material">
    <skipped/>
  </testcase> <!-- tcMaterial -->
  <testcase name="tcMaterial" time="0.000" classname="com.hasbro.security.Material">
    <skipped/>
  </testcase> <!-- tcMaterial -->
  <testcase name="tcMaterial" time="0.000" classname="com.hasbro.security.Material">
    <skipped/>
  </testcase> <!-- tcMaterial -->
  <testcase name="tcMaterial" time="0.000" classname="com.hasbro.security.Material">
    <skipped/>
  </testcase> <!-- tcMaterial -->
  <testcase name="tcMaterial" time="0.000" classname="com.hasbro.security.Material">
    <skipped/>
  </testcase> <!-- tcMaterial -->
  <testcase name="tcMaterial" time="0.000" classname="com.hasbro.security.Material">
    <skipped/>
  </testcase> <!-- tcMaterial -->
  <testcase name="tcMaterial" time="0.000" classname="com.hasbro.security.Material">
    <skipped/>
  </testcase> <!-- tcMaterial -->
  <testcase name="tcMaterial" time="0.000" classname="com.hasbro.security.Material">
    <skipped/>
  </testcase> <!-- tcMaterial -->
  <testcase name="tcMaterial" time="0.000" classname="com.hasbro.security.Material">
    <skipped/>
  </testcase> <!-- tcMaterial -->
  <testcase name="tcMaterial" time="0.000" classname="com.hasbro.security.Material">
    <skipped/>
  </testcase> <!-- tcMaterial -->
  <testcase name="tcMaterial" time="0.000" classname="com.hasbro.security.Material">
    <skipped/>
  </testcase> <!-- tcMaterial -->
  <testcase name="tcMaterial" time="0.000" classname="com.hasbro.security.Material">
    <skipped/>
  </testcase> <!-- tcMaterial -->
  <testcase name="tcMaterial" time="0.000" classname="com.hasbro.security.Material">
    <skipped/>
  </testcase> <!-- tcMaterial -->
  <testcase name="tcMaterial" time="0.000" classname="com.hasbro.security.Material">
    <skipped/>
  </testcase> <!-- tcMaterial -->
  <testcase name="tcMaterial" time="0.000" classname="com.hasbro.security.Material">
    <skipped/>
  </testcase> <!-- tcMaterial -->
  <testcase name="tcMaterial" time="0.000" classname="com.hasbro.security.Material">
    <skipped/>
  </testcase> <!-- tcMaterial -->
  <testcase name="tcMaterial" time="0.000" classname="com.hasbro.security.Material">
    <skipped/>
  </testcase> <!-- tcMaterial -->
  <testcase name="tcMaterial" time="0.000" classname="com.hasbro.security.Material">
    <skipped/>
  </testcase> <!-- tcMaterial -->
  <testcase name="tcMaterial" time="0.000" classname="com.hasbro.security.Material">
    <skipped/>
  </testcase> <!-- tcMaterial -->
  <testcase name="tcMaterial" time="0.000" classname="com.hasbro.security.Material">
    <skipped/>
  </testcase> <!-- tcMaterial -->
  <testcase name="tcMaterial" time="0.000" classname="com.hasbro.security.Material">
    <skipped/>
  </testcase> <!-- tcMaterial -->
  <testcase name="tcMaterial" time="0.000" classname="com.hasbro.security.Material">
    <skipped/>
  </testcase> <!-- tcMaterial -->
  <testcase name="tcMaterial" time="0.000" classname="com.hasbro.security.Material">
    <skipped/>
  </testcase> <!-- tcMaterial -->
  <testcase name="tcMaterial" time="0.000" classname="com.hasbro.security.Material">
    <skipped/>
  </testcase> <!-- tcMaterial -->
  <testcase name="tcMaterial" time="0.000" classname="com.hasbro.security.Material">
    <skipped/>
  </testcase> <!-- tcMaterial -->
  <testcase name="tcMaterial" time="0.000" classname="com.hasbro.security.Material">
    <skipped/>
  </testcase> <!-- tcMaterial -->
  <testcase name="tcMaterial" time="0.000" classname="com.hasbro.security.Material">
    <skipped/>
  </testcase> <!-- tcMaterial -->
  <testcase name="tcMaterial" time="0.000" classname="com.hasbro.security.Material">
    <skipped/>
  </testcase> <!-- tcMaterial -->
  <testcase name="tcMaterial" time="0.000" classname="com.hasbro.security.Material">
    <skipped/>
  </testcase> <!-- tcMaterial -->
  <testcase name="tcMaterial" time="0.000" classname="com.hasbro.security.Material">
    <skipped/>
  </testcase> <!-- tcMaterial -->
  <testcase name="tcMaterial" time="0.000" classname="com.hasbro.security.Material">
    <skipped/>
  </testcase> <!-- tcMaterial -->
  <testcase name="tcMaterial" time="0.000" classname="com.hasbro.security.Material">
    <skipped/>
  </testcase> <!-- tcMaterial -->
  <testcase name="tcMaterial" time="0.000" classname="com.hasbro.security.Material">
    <skipped/>
  </testcase> <!-- tcMaterial -->
  <testcase name="tcMaterial" time="0.000" classname="com.hasbro.security.Material">
    <skipped/>
  </testcase> <!-- tcMaterial -->
  <testcase name="tcMaterial" time="0.000" classname="com.hasbro.security.Material">
    <skipped/>
  </testcase> <!-- tcMaterial -->
  <testcase name="tcMaterial" time="0.000" classname="com.hasbro.security.Material">
    <skipped/>
  </testcase> <!-- tcMaterial -->
  <testcase name="tcMaterial" time="0.000" classname="com.hasbro.security.Material">
    <skipped/>
  </testcase> <!-- tcMaterial -->
  <testcase name="tcMaterial" time="0.000" classname="com.hasbro.security.Material">
    <skipped/>
  </testcase> <!-- tcMaterial -->
  <testcase name="tcMaterial" time="0.000" classname="com.hasbro.security.Material">
    <skipped/>
  </testcase> <!-- tcMaterial -->
  <testcase name="tcMaterial" time="0.000" classname="com.hasbro.security.Material">
    <skipped/>
  </testcase> <!-- tcMaterial -->
  <testcase name="tcMaterial" time="0.000" classname="com.hasbro.security.Material">
    <skipped/>
  </testcase> <!-- tcMaterial -->
  <testcase name="tcMaterial" time="0.000" classname="com.hasbro.security.Material">
    <skipped/>
  </testcase> <!-- tcMaterial -->
  <testcase name="tcMaterial" time="0.000" classname="com.hasbro.security.Material">
    <skipped/>
  </testcase> <!-- tcMaterial -->
  <testcase name="tcMaterial" time="0.000" classname="com.hasbro.security.Material">
    <skipped/>
  </testcase> <!-- tcMaterial -->
  <testcase name="tcMaterial" time="0.000" classname="com.hasbro.security.Material">
    <skipped/>
  </testcase> <!-- tcMaterial -->
  <testcase name="tcMaterial" time="0.000" classname="com.hasbro.security.Material">
    <skipped/>
  </testcase> <!-- tcMaterial -->
  <testcase name="tcMaterial" time="0.000" classname="com.hasbro.security.Material">
    <skipped/>
  </testcase> <!-- tcMaterial -->
  <testcase name="tcMaterial" time="0.000" classname="com.hasbro.security.Material">
    <skipped/>
  </testcase> <!-- tcMaterial -->
  <testcase name="tcMaterial" time="0.000" classname="com.hasbro.security.Material">
    <skipped/>
  </testcase> <!-- tcMaterial -->
  <testcase name="tcMaterial" time="0.000" classname="com.hasbro.security.Material">
    <skipped/>
  </testcase> <!-- tcMaterial -->
  <testcase name="tcMaterial" time="0.000" classname="com.hasbro.security.Material">
    <skipped/>
  </testcase> <!-- tcMaterial -->
  <testcase name="tcMaterial" time="0.000" classname="com.hasbro.security.Material">
    <skipped/>
  </testcase> <!-- tcMaterial -->
  <testcase name="tcMaterial" time="0.000" classname="com.hasbro.security.Material">
    <skipped/>
  </testcase> <!-- tcMaterial -->
  <testcase name="tcMaterial" time="0.000" classname="com.hasbro.security.Material">
    <skipped/>
  </testcase> <!-- tcMaterial -->
  <testcase name="tcMaterial" time="0.000" classname="com.hasbro.security.Material">
    <skipped/>
  </testcase> <!-- tcMaterial -->
  <testcase name="tcMaterial" time="0.000" classname="com.hasbro.security.Material">
    <skipped/>
  </testcase> <!-- tcMaterial -->
  <testcase name="tcMaterial" time="0.000" classname="com.hasbro.security.Material">
    <skipped/>
  </testcase> <!-- tcMaterial -->
  <testcase name="tcMaterial" time="0.000" classname="com.hasbro.security.Material">
    <skipped/>
  </testcase> <!-- tcMaterial -->
  <testcase name="tcMaterial" time="0.000" classname="com.hasbro.security.Material">
    <skipped/>
  </testcase> <!-- tcMaterial -->
  <testcase name="tcMaterial" time="0.000" classname="com.hasbro.security.Material">
    <skipped/>
  </testcase> <!-- tcMaterial -->
  <testcase name="tcMaterial" time="0.000" classname="com.hasbro.security.Material">
    <skipped/>
  </testcase> <!-- tcMaterial -->
  <testcase name="tcMaterial" time="0.000" classname="com.hasbro.security.Material">
    <skipped/>
  </testcase> <!-- tcMaterial -->
  <testcase name="tcMaterial" time="0.000" classname="com.hasbro.security.Material">
    <skipped/>
  </testcase> <!-- tcMaterial -->
  <testcase name="tcMaterial" time="0.000" classname="com.hasbro.security.Material">
    <skipped/>
  </testcase> <!-- tcMaterial -->
  <testcase name="tcMaterial" time="0.000" classname="com.hasbro.security.Material">
    <skipped/>
  </testcase> <!-- tcMaterial -->
  <testcase name="tcMaterial" time="0.000" classname="com.hasbro.security.Material">
    <skipped/>
  </testcase> <!-- tcMaterial -->
  <testcase name="tcMaterial" time="0.000" classname="com.hasbro.security.Material">
    <skipped/>
  </testcase> <!-- tcMaterial -->
  <testcase name="tcMaterial" time="0.000" classname="com.hasbro.security.Material">
    <skipped/>
  </testcase> <!-- tcMaterial -->
  <testcase name="tcMaterial" time="0.000" classname="com.hasbro.security.Material">
    <skipped/>
  </testcase> <!-- tcMaterial -->
  <testcase name="tcMaterial" time="0.000" classname="com.hasbro.security.Material">
    <skipped/>
  </testcase> <!-- tcMaterial -->
  <testcase name="tcMaterial" time="0.000" classname="com.hasbro.security.Material">
    <skipped/>
  </testcase> <!-- tcMaterial -->
  <testcase name="tcMaterial" time="0.000" classname="com.hasbro.security.Material">
    <skipped/>
  </testcase> <!-- tcMaterial -->
  <testcase name="tcMaterial" time="0.000" classname="com.hasbro.security.Material">
    <skipped/>
  </testcase> <!-- tcMaterial -->
  <testcase name="tcMaterial" time="0.000" classname="com.hasbro.security.Material">
    <skipped/>
  </testcase> <!-- tcMaterial -->
  <testcase name="tcMaterial" time="0.000" classname="com.hasbro.security.Material">
    <skipped/>
  </testcase> <!-- tcMaterial -->
  <testcase name="tcMaterial" time="0.000" classname="com.hasbro.security.Material">
    <skipped/>
  </testcase> <!-- tcMaterial -->
  <testcase name="tcMaterial" time="0.000" classname="com.hasbro.security.Material">
    <skipped/>
  </testcase> <!-- tcMaterial -->
  <testcase name="tcMaterial" time="0.000" classname="com.hasbro.security.Material">
    <skipped/>
  </testcase> <!-- tcMaterial -->
  <testcase name="tcMaterial" time="0.000" classname="com.hasbro.security.Material">
    <skipped/>
  </testcase> <!-- tcMaterial -->
  <testcase name="tcMaterial" time="0.000" classname="com.hasbro.security.Material">
    <skipped/>
  </testcase> <!-- tcMaterial -->
  <testcase name="tcMaterial" time="0.000" classname="com.hasbro.security.Material">
    <skipped/>
  </testcase> <!-- tcMaterial -->
  <testcase name="tcMaterial" time="0.000" classname="com.hasbro.security.Material">
    <skipped/>
  </testcase> <!-- tcMaterial -->
  <testcase name="tcMaterial" time="0.000" classname="com.hasbro.security.Material">
    <skipped/>
  </testcase> <!-- tcMaterial -->
  <testcase name="tcMaterial" time="0.000" classname="com.hasbro.security.Material">
    <skipped/>
  </testcase> <!-- tcMaterial -->
  <testcase name="tcMaterial" time="0.000" classname="com.hasbro.security.Material">
    <skipped/>
  </testcase> <!-- tcMaterial -->
  <testcase name="tcMaterial" time="0.000" classname="com.hasbro.security.Material">
    <skipped/>
  </testcase> <!-- tcMaterial -->
  <testcase name="tcMaterial" time="0.000" classname="com.hasbro.security.Material">
    <skipped/>
  </testcase> <!-- tcMaterial -->
  <testcase name="tcMaterial" time="0.000" classname="com.hasbro.security.Material">
    <skipped/>
  </testcase> <!-- tcMaterial -->
  <testcase name="tcMaterial" time="0.000" classname="com.hasbro.security.Material">
    <skipped/>
  </testcase> <!-- tcMaterial -->
  <testcase name="tcMaterial" time="0.000" classname="com.hasbro.security.Material">
    <skipped/>
  </testcase> <!-- tcMaterial -->
  <testcase name="tcMaterial" time="0.000" classname="com.hasbro.security.Material">
    <skipped/>
  </testcase> <!-- tcMaterial -->
  <testcase name="tcMaterial" time="0.000" classname="com.hasbro.security.Material">
    <skipped/>
  </testcase> <!-- tcMaterial -->
  <testcase name="tcMaterial" time="0.000" classname="com.hasbro.security.Material">
    <skipped/>
  </testcase> <!-- tcMaterial -->
  <testcase name="tcMaterial" time="0.000" classname="com.hasbro.security.Material">
    <skipped/>
  </testcase> <!-- tcMaterial -->
  <testcase name="tcMaterial" time="0.000" classname="com.hasbro.security.Material">
    <skipped/>
  </testcase> <!-- tcMaterial -->
  <testcase name="tcMaterial" time="0.000" classname="com.hasbro.security.Material">
    <skipped/>
  </testcase> <!-- tcMaterial -->
  <testcase name="tcMaterial" time="0.000" classname="com.hasbro.security.Material">
    <skipped/>
  </testcase> <!-- tcMaterial -->
  <testcase name="tcMaterial" time="0.000" classname="com.hasbro.security.Material">
    <skipped/>
  </testcase> <!-- tcMaterial -->
  <testcase name="tcMaterial" time="0.000" classname="com.hasbro.security.Material">
    <skipped/>
  </testcase> <!-- tcMaterial -->
  <testcase name="tcMaterial" time="0.000" classname="com.hasbro.security.Material">
    <skipped/>
  </testcase> <!-- tcMaterial -->
  <testcase name="tcMaterial" time="0.000" classname="com.hasbro.security.Material">
    <skipped/>
  </testcase> <!-- tcMaterial -->
  <testcase name="tcMaterial" time="0.000" classname="com.hasbro.security.Material">
    <skipped/>
  </testcase> <!-- tcMaterial -->
  <testcase name="tcMaterial" time="0.000" classname="com.hasbro.security.Material">
    <skipped/>
  </testcase> <!-- tcMaterial -->
  <testcase name="tcMaterial" time="0.000" classname="com.hasbro.security.Material">
    <skipped/>
  </testcase> <!-- tcMaterial -->
  <testcase name="tcMaterial" time="0.000" classname="com.hasbro.security.Material">
    <skipped/>
  </testcase> <!-- tcMaterial -->
  <testcase name="tcMaterial" time="0.000" classname="com.hasbro.security.Material">
    <skipped/>
  </testcase> <!-- tcMaterial -->
  <testcase name="tcMaterial" time="0.000" classname="com.hasbro.security.Material">
    <skipped/>
  </testcase> <!-- tcMaterial -->
  <testcase name="tcMaterial" time="0.000" classname="com.hasbro.security.Material">
    <skipped/>
  </testcase> <!-- tcMaterial -->
  <testcase name="tcMaterial" time="0.000" classname="com.hasbro.security.Material">
    <skipped/>
  </testcase> <!-- tcMaterial -->
  <testcase name="tcMaterial" time="0.000" classname="com.hasbro.security.Material">
    <skipped/>
  </testcase> <!-- tcMaterial -->
  <testcase name="tcMaterial" time="0.000" classname="com.hasbro.security.Material">
    <skipped/>
  </testcase> <!-- tcMaterial -->
  <testcase name="tcMaterial" time="0.000" classname="com.hasbro.security.Material">
    <skipped/>
  </testcase> <!-- tcMaterial -->
  <testcase name="tcMaterial" time="0.000" classname="com.hasbro.security.Material">
    <skipped/>
  </testcase> <!-- tcMaterial -->
  <testcase name="tcMaterial" time="0.000" classname="com.hasbro.security.Material">
    <skipped/>
  </testcase> <!-- tcMaterial -->
  <testcase name="tcMaterial" time="0.000" classname="com.hasbro.security.Material">
    <skipped/>
  </testcase> <!-- tcMaterial -->
  <testcase name="tcMaterial" time="0.000" classname="com.hasbro.security.Material">
    <skipped/>
  </testcase> <!-- tcMaterial -->
  <testcase name="tcMaterial" time="0.000" classname="com.hasbro.security.Material">
    <skipped/>
  </testcase> <!-- tcMaterial -->
  <testcase name="tcMaterial" time="0.000" classname="com.hasbro.security.Material">
    <skipped/>
  </testcase> <!-- tcMaterial -->
  <testcase name="tcMaterial" time="0.000" classname="com.hasbro.security.Material">
    <skipped/>
  </testcase> <!-- tcMaterial -->
  <testcase name="tcMaterial" time="0.000" classname="com.hasbro.security.Material">
    <skipped/>
  </testcase> <!-- tcMaterial -->
  <testcase name="tcMaterial" time="0.000" classname="com.hasbro.security.Material">
    <skipped/>
  </testcase> <!-- tcMaterial -->
  <testcase name="tcMaterial" time="0.000" classname="com.hasbro.security.Material">
    <skipped/>
  </testcase> <!-- tcMaterial -->
  <testcase name="tcMaterial" time="0.000" classname="com.hasbro.security.Material">
    <skipped/>
  </testcase> <!-- tcMaterial -->
  <testcase name="tcMaterial" time="0.000" classname="com.hasbro.security.Material">
    <skipped/>
  </testcase> <!-- tcMaterial -->
  <testcase name="tcMaterial" time="0.000" classname="com.hasbro.security.Material">
    <skipped/>
  </testcase> <!-- tcMaterial -->
  <testcase name="tcMaterial" time="0.000" classname="com.hasbro.security.Material">
    <skipped/>
  </testcase> <!-- tcMaterial -->
  <testcase name="tcMaterial" time="0.000" classname="com.hasbro.security.Material">
    <skipped/>
  </testcase> <!-- tcMaterial -->
  <testcase name="tcMaterial" time="0.000" classname="com.hasbro.security.Material">
    <skipped/>
  </testcase> <!-- tcMaterial -->
  <testcase name="tcMaterial" time="0.000" classname="com.hasbro.security.Material">
    <skipped/>
  </testcase> <!-- tcMaterial -->
  <testcase name="tcMaterial" time="0.000" classname="com.hasbro.security.Material">
    <skipped/>
  </testcase> <!-- tcMaterial -->
  <testcase name="tcMaterial" time="0.000" classname="com.hasbro.security.Material">
    <skipped/>
  </testcase> <!-- tcMaterial -->
  <testcase name="tcMaterial" time="0.000" classname="com.hasbro.security.Material">
    <skipped/>
  </testcase> <!-- tcMaterial -->
  <testcase name="tcMaterial" time="0.000" classname="com.hasbro.security.Material">
    <skipped/>
  </testcase> <!-- tcMaterial -->
  <testcase name="tcMaterial" time="0.000" classname="com.hasbro.security.Material">
    <skipped/>
  </testcase> <!-- tcMaterial -->
  <testcase name="tcMaterial" time="0.000" classname="com.hasbro.security.Material">
    <skipped/>
  </testcase> <!-- tcMaterial -->
  <testcase name="tcMaterial" time="0.000" classname="com.hasbro.security.Material">
    <skipped/>
  </testcase> <!-- tcMaterial -->
  <testcase name="tcMaterial" time="0.000" classname="com.hasbro.security.Material">
    <skipped/>
  </testcase> <!-- tcMaterial -->
  <testcase name="tcMaterial" time="0.000" classname="com.hasbro.security.Material">
    <skipped/>
  </testcase> <!-- tcMaterial -->
  <testcase name="tcMaterial" time="0.000" classname="com.hasbro.security.Material">
    <skipped/>
  </testcase> <!-- tcMaterial -->
  <testcase name="tcMaterial" time="0.000" classname="com.hasbro.security.Material">
    <skipped/>
  </testcase> <!-- tcMaterial -->
  <testcase name="tcMaterial" time="0.000" classname="com.hasbro.security.Material">
    <skipped/>
  </testcase> <!-- tcMaterial -->
  <testcase name="tcMaterial" time="0.000" classname="com.hasbro.security.Material">
    <skipped/>
  </testcase> <!-- tcMaterial -->
  <testcase name="tcMaterial" time="0.000" classname="com.hasbro.security.Material">
    <skipped/>
  </testcase> <!-- tcMaterial -->
  <testcase name="tcMaterial" time="0.000" classname="com.hasbro.security.Material">
    <skipped/>
  </testcase> <!-- tcMaterial -->
  <testcase name="tcMaterial" time="0.000" classname="com.hasbro.security.Material">
    <skipped/>
  </testcase> <!-- tcMaterial -->
  <testcase name="tcMaterial" time="0.000" classname="com.hasbro.security.Material">
    <skipped/>
  </testcase> <!-- tcMaterial -->
  <testcase name="tcMaterial" time="0.000" classname="com.hasbro.security.Material">
    <skipped/>
  </testcase> <!-- tcMaterial -->
  <testcase name="tcMaterial" time="0.000" classname="com.hasbro.security.Material">
    <skipped/>
  </testcase> <!-- tcMaterial -->
  <testcase name="tcMaterial" time="0.000" classname="com.hasbro.security.Material">
    <skipped/>
  </testcase> <!-- tcMaterial -->
  <testcase name="tcMaterial" time="0.000" classname="com.hasbro.security.Material">
    <skipped/>
  </testcase> <!-- tcMaterial -->
  <testcase name="tcMaterial" time="0.000" classname="com.hasbro.security.Material">
    <skipped/>
  </testcase> <!-- tcMaterial -->
  <testcase name="tcMaterial" time="0.000" classname="com.hasbro.security.Material">
    <skipped/>
  </testcase> <!-- tcMaterial -->
  <testcase name="tcMaterial" time="0.000" classname="com.hasbro.security.Material">
    <skipped/>
  </testcase> <!-- tcMaterial -->
  <testcase name="tcMaterial" time="0.000" classname="com.hasbro.security.Material">
    <skipped/>
  </testcase> <!-- tcMaterial -->
  <testcase name="tcMaterial" time="0.000" classname="com.hasbro.security.Material">
    <skipped/>
  </testcase> <!-- tcMaterial -->
  <testcase name="tcMaterial" time="0.000" classname="com.hasbro.security.Material">
    <skipped/>
  </testcase> <!-- tcMaterial -->
  <testcase name="tcMaterial" time="0.000" classname="com.hasbro.security.Material">
    <skipped/>
  </testcase> <!-- tcMaterial -->
  <testcase name="tcMaterial" time="0.000" classname="com.hasbro.security.Material">
    <skipped/>
  </testcase> <!-- tcMaterial -->
  <testcase name="tcMaterial" time="0.000" classname="com.hasbro.security.Material">
    <skipped/>
  </testcase> <!-- tcMaterial -->
  <testcase name="tcMaterial" time="0.000" classname="com.hasbro.security.Material">
    <skipped/>
  </testcase> <!-- tcMaterial -->
  <testcase name="tcMaterial" time="0.000" classname="com.hasbro.security.Material">
    <skipped/>
  </testcase> <!-- tcMaterial -->
  <testcase name="tcMaterial" time="0.000" classname="com.hasbro.security.Material">
    <skipped/>
  </testcase> <!-- tcMaterial -->
  <testcase name="tcMaterial" time="0.000" classname="com.hasbro.security.Material">
    <skipped/>
  </testcase> <!-- tcMaterial -->
  <testcase name="tcMaterial" time="0.000" classname="com.hasbro.security.Material">
    <skipped/>
  </testcase> <!-- tcMaterial -->
  <testcase name="tcMaterial" time="0.000" classname="com.hasbro.security.Material">
    <skipped/>
  </testcase> <!-- tcMaterial -->
  <testcase name="tcMaterial" time="0.000" classname="com.hasbro.security.Material">
    <skipped/>
  </testcase> <!-- tcMaterial -->
  <testcase name="tcMaterial" time="0.000" classname="com.hasbro.security.Material">
    <skipped/>
  </testcase> <!-- tcMaterial -->
  <testcase name="tcMaterial" time="0.000" classname="com.hasbro.security.Material">
    <skipped/>
  </testcase> <!-- tcMaterial -->
  <testcase name="tcMaterial" time="0.000" classname="com.hasbro.security.Material">
    <skipped/>
  </testcase> <!-- tcMaterial -->
  <testcase name="tcMaterial" time="0.000" classname="com.hasbro.security.Material">
    <skipped/>
  </testcase> <!-- tcMaterial -->
  <testcase name="tcMaterial" time="0.000" classname="com.hasbro.security.Material">
    <skipped/>
  </testcase> <!-- tcMaterial -->
  <testcase name="tcMaterial" time="0.000" classname="com.hasbro.security.Material">
    <skipped/>
  </testcase> <!-- tcMaterial -->
  <testcase name="tcMaterial" time="0.000" classname="com.hasbro.security.Material">
    <skipped/>
  </testcase> <!-- tcMaterial -->
  <testcase name="tcMaterial" time="0.000" classname="com.hasbro.security.Material">
    <skipped/>
  </testcase> <!-- tcMaterial -->
  <testcase name="tcMaterial" time="0.000" classname="com.hasbro.security.Material">
    <skipped/>
  </testcase> <!-- tcMaterial -->
  <testcase name="tcMaterial" time="0.000" classname="com.hasbro.security.Material">
    <skipped/>
  </testcase> <!-- tcMaterial -->
  <testcase name="tcMaterial" time="0.000" classname="com.hasbro.security.Material">
    <skipped/>
  </testcase> <!-- tcMaterial -->
  <testcase name="tcMaterial" time="0.000" classname="com.hasbro.security.Material">
    <skipped/>
  </testcase> <!-- tcMaterial -->
  <testcase name="tcMaterial" time="0.000" classname="com.hasbro.security.Material">
    <skipped/>
  </testcase> <!-- tcMaterial -->
  <testcase name="tcMaterial" time="0.000" classname="com.hasbro.security.Material">
    <skipped/>
  </testcase> <!-- tcMaterial -->
</testsuite> <!-- com.hasbro.security.Material -->
