<?xml version="1.0" encoding="UTF-8"?>
<!-- Generated by org.testng.reporters.JUnitReportReporter -->
<testsuite hostname="PDC3-LX-6021FG3" name="Libraries.Season" tests="6" failures="0" timestamp="5 Aug 2016 09:14:09 GMT" time="0.000" errors="6">
  <testcase name="testcaseA1" time="0.000" classname="Libraries.Season"/>
  <testcase name="testcaseA1" time="0.000" classname="Libraries.Season"/>
  <testcase name="testcaseA1" time="0.000" classname="Libraries.Season"/>
  <testcase name="testcaseA1" time="0.000" classname="Libraries.Season"/>
  <testcase name="testcaseA1" time="0.000" classname="Libraries.Season"/>
  <testcase name="testcaseA1" time="0.000" classname="Libraries.Season"/>
</testsuite> <!-- Libraries.Season -->
