<?xml version="1.0" encoding="UTF-8"?>
<!-- Generated by org.testng.reporters.JUnitReportReporter -->
<testsuite hostname="P3ALAP-6021FG3" name="com.hasbro.R2.StructureManagementFunctional" tests="5" failures="0" timestamp="4 Oct 2016 07:49:41 GMT" time="0.016" errors="5">
  <testcase name="tcStructureManagementFunctional" time="0.000" classname="com.hasbro.R2.StructureManagementFunctional"/>
  <testcase name="tcStructureManagementFunctional" time="0.000" classname="com.hasbro.R2.StructureManagementFunctional"/>
  <testcase name="tcStructureManagementFunctional" time="0.000" classname="com.hasbro.R2.StructureManagementFunctional"/>
  <testcase name="tcStructureManagementFunctional" time="0.016" classname="com.hasbro.R2.StructureManagementFunctional"/>
  <testcase name="tcStructureManagementFunctional" time="0.000" classname="com.hasbro.R2.StructureManagementFunctional"/>
</testsuite> <!-- com.hasbro.R2.StructureManagementFunctional -->
