<?xml version="1.0" encoding="UTF-8"?>
<!-- Generated by org.testng.reporters.JUnitReportReporter -->
<testsuite skipped="48" hostname="BDC6-LX-723061Y" name="com.hasbro.security.Product" tests="48" failures="0" timestamp="20 Mar 2018 12:33:08 GMT" time="0.000" errors="0">
  <testcase name="tcProduct" time="0.000" classname="com.hasbro.security.Product">
    <skipped/>
  </testcase> <!-- tcProduct -->
  <testcase name="tcProduct" time="0.000" classname="com.hasbro.security.Product">
    <skipped/>
  </testcase> <!-- tcProduct -->
  <testcase name="tcProduct" time="0.000" classname="com.hasbro.security.Product">
    <skipped/>
  </testcase> <!-- tcProduct -->
  <testcase name="tcProduct" time="0.000" classname="com.hasbro.security.Product">
    <skipped/>
  </testcase> <!-- tcProduct -->
  <testcase name="tcProduct" time="0.000" classname="com.hasbro.security.Product">
    <skipped/>
  </testcase> <!-- tcProduct -->
  <testcase name="tcProduct" time="0.000" classname="com.hasbro.security.Product">
    <skipped/>
  </testcase> <!-- tcProduct -->
  <testcase name="tcProduct" time="0.000" classname="com.hasbro.security.Product">
    <skipped/>
  </testcase> <!-- tcProduct -->
  <testcase name="tcProduct" time="0.000" classname="com.hasbro.security.Product">
    <skipped/>
  </testcase> <!-- tcProduct -->
  <testcase name="tcProduct" time="0.000" classname="com.hasbro.security.Product">
    <skipped/>
  </testcase> <!-- tcProduct -->
  <testcase name="tcProduct" time="0.000" classname="com.hasbro.security.Product">
    <skipped/>
  </testcase> <!-- tcProduct -->
  <testcase name="tcProduct" time="0.000" classname="com.hasbro.security.Product">
    <skipped/>
  </testcase> <!-- tcProduct -->
  <testcase name="tcProduct" time="0.000" classname="com.hasbro.security.Product">
    <skipped/>
  </testcase> <!-- tcProduct -->
  <testcase name="tcProduct" time="0.000" classname="com.hasbro.security.Product">
    <skipped/>
  </testcase> <!-- tcProduct -->
  <testcase name="tcProduct" time="0.000" classname="com.hasbro.security.Product">
    <skipped/>
  </testcase> <!-- tcProduct -->
  <testcase name="tcProduct" time="0.000" classname="com.hasbro.security.Product">
    <skipped/>
  </testcase> <!-- tcProduct -->
  <testcase name="tcProduct" time="0.000" classname="com.hasbro.security.Product">
    <skipped/>
  </testcase> <!-- tcProduct -->
  <testcase name="tcProduct" time="0.000" classname="com.hasbro.security.Product">
    <skipped/>
  </testcase> <!-- tcProduct -->
  <testcase name="tcProduct" time="0.000" classname="com.hasbro.security.Product">
    <skipped/>
  </testcase> <!-- tcProduct -->
  <testcase name="tcProduct" time="0.000" classname="com.hasbro.security.Product">
    <skipped/>
  </testcase> <!-- tcProduct -->
  <testcase name="tcProduct" time="0.000" classname="com.hasbro.security.Product">
    <skipped/>
  </testcase> <!-- tcProduct -->
  <testcase name="tcProduct" time="0.000" classname="com.hasbro.security.Product">
    <skipped/>
  </testcase> <!-- tcProduct -->
  <testcase name="tcProduct" time="0.000" classname="com.hasbro.security.Product">
    <skipped/>
  </testcase> <!-- tcProduct -->
  <testcase name="tcProduct" time="0.000" classname="com.hasbro.security.Product">
    <skipped/>
  </testcase> <!-- tcProduct -->
  <testcase name="tcProduct" time="0.000" classname="com.hasbro.security.Product">
    <skipped/>
  </testcase> <!-- tcProduct -->
  <testcase name="tcProduct" time="0.000" classname="com.hasbro.security.Product">
    <skipped/>
  </testcase> <!-- tcProduct -->
  <testcase name="tcProduct" time="0.000" classname="com.hasbro.security.Product">
    <skipped/>
  </testcase> <!-- tcProduct -->
  <testcase name="tcProduct" time="0.000" classname="com.hasbro.security.Product">
    <skipped/>
  </testcase> <!-- tcProduct -->
  <testcase name="tcProduct" time="0.000" classname="com.hasbro.security.Product">
    <skipped/>
  </testcase> <!-- tcProduct -->
  <testcase name="tcProduct" time="0.000" classname="com.hasbro.security.Product">
    <skipped/>
  </testcase> <!-- tcProduct -->
  <testcase name="tcProduct" time="0.000" classname="com.hasbro.security.Product">
    <skipped/>
  </testcase> <!-- tcProduct -->
  <testcase name="tcProduct" time="0.000" classname="com.hasbro.security.Product">
    <skipped/>
  </testcase> <!-- tcProduct -->
  <testcase name="tcProduct" time="0.000" classname="com.hasbro.security.Product">
    <skipped/>
  </testcase> <!-- tcProduct -->
  <testcase name="tcProduct" time="0.000" classname="com.hasbro.security.Product">
    <skipped/>
  </testcase> <!-- tcProduct -->
  <testcase name="tcProduct" time="0.000" classname="com.hasbro.security.Product">
    <skipped/>
  </testcase> <!-- tcProduct -->
  <testcase name="tcProduct" time="0.000" classname="com.hasbro.security.Product">
    <skipped/>
  </testcase> <!-- tcProduct -->
  <testcase name="tcProduct" time="0.000" classname="com.hasbro.security.Product">
    <skipped/>
  </testcase> <!-- tcProduct -->
  <testcase name="tcProduct" time="0.000" classname="com.hasbro.security.Product">
    <skipped/>
  </testcase> <!-- tcProduct -->
  <testcase name="tcProduct" time="0.000" classname="com.hasbro.security.Product">
    <skipped/>
  </testcase> <!-- tcProduct -->
  <testcase name="tcProduct" time="0.000" classname="com.hasbro.security.Product">
    <skipped/>
  </testcase> <!-- tcProduct -->
  <testcase name="tcProduct" time="0.000" classname="com.hasbro.security.Product">
    <skipped/>
  </testcase> <!-- tcProduct -->
  <testcase name="tcProduct" time="0.000" classname="com.hasbro.security.Product">
    <skipped/>
  </testcase> <!-- tcProduct -->
  <testcase name="tcProduct" time="0.000" classname="com.hasbro.security.Product">
    <skipped/>
  </testcase> <!-- tcProduct -->
  <testcase name="tcProduct" time="0.000" classname="com.hasbro.security.Product">
    <skipped/>
  </testcase> <!-- tcProduct -->
  <testcase name="tcProduct" time="0.000" classname="com.hasbro.security.Product">
    <skipped/>
  </testcase> <!-- tcProduct -->
  <testcase name="tcProduct" time="0.000" classname="com.hasbro.security.Product">
    <skipped/>
  </testcase> <!-- tcProduct -->
  <testcase name="tcProduct" time="0.000" classname="com.hasbro.security.Product">
    <skipped/>
  </testcase> <!-- tcProduct -->
  <testcase name="tcProduct" time="0.000" classname="com.hasbro.security.Product">
    <skipped/>
  </testcase> <!-- tcProduct -->
  <testcase name="tcProduct" time="0.000" classname="com.hasbro.security.Product">
    <skipped/>
  </testcase> <!-- tcProduct -->
</testsuite> <!-- com.hasbro.security.Product -->
