<?xml version="1.0" encoding="UTF-8"?>
<!-- Generated by org.testng.reporters.JUnitReportReporter -->
<testsuite skipped="88" hostname="BDC6-LX-723061Y" name="com.hasbro.security.CSInternalRetailMainUser" tests="88" failures="0" timestamp="20 Mar 2018 12:33:08 GMT" time="0.000" errors="0">
  <testcase name="tcCostSheet" time="0.000" classname="com.hasbro.security.CSInternalRetailMainUser">
    <skipped/>
  </testcase> <!-- tcCostSheet -->
  <testcase name="tcCostSheet" time="0.000" classname="com.hasbro.security.CSInternalRetailMainUser">
    <skipped/>
  </testcase> <!-- tcCostSheet -->
  <testcase name="tcCostSheet" time="0.000" classname="com.hasbro.security.CSInternalRetailMainUser">
    <skipped/>
  </testcase> <!-- tcCostSheet -->
  <testcase name="tcCostSheet" time="0.000" classname="com.hasbro.security.CSInternalRetailMainUser">
    <skipped/>
  </testcase> <!-- tcCostSheet -->
  <testcase name="tcCostSheet" time="0.000" classname="com.hasbro.security.CSInternalRetailMainUser">
    <skipped/>
  </testcase> <!-- tcCostSheet -->
  <testcase name="tcCostSheet" time="0.000" classname="com.hasbro.security.CSInternalRetailMainUser">
    <skipped/>
  </testcase> <!-- tcCostSheet -->
  <testcase name="tcCostSheet" time="0.000" classname="com.hasbro.security.CSInternalRetailMainUser">
    <skipped/>
  </testcase> <!-- tcCostSheet -->
  <testcase name="tcCostSheet" time="0.000" classname="com.hasbro.security.CSInternalRetailMainUser">
    <skipped/>
  </testcase> <!-- tcCostSheet -->
  <testcase name="tcCostSheet" time="0.000" classname="com.hasbro.security.CSInternalRetailMainUser">
    <skipped/>
  </testcase> <!-- tcCostSheet -->
  <testcase name="tcCostSheet" time="0.000" classname="com.hasbro.security.CSInternalRetailMainUser">
    <skipped/>
  </testcase> <!-- tcCostSheet -->
  <testcase name="tcCostSheet" time="0.000" classname="com.hasbro.security.CSInternalRetailMainUser">
    <skipped/>
  </testcase> <!-- tcCostSheet -->
  <testcase name="tcCostSheet" time="0.000" classname="com.hasbro.security.CSInternalRetailMainUser">
    <skipped/>
  </testcase> <!-- tcCostSheet -->
  <testcase name="tcCostSheet" time="0.000" classname="com.hasbro.security.CSInternalRetailMainUser">
    <skipped/>
  </testcase> <!-- tcCostSheet -->
  <testcase name="tcCostSheet" time="0.000" classname="com.hasbro.security.CSInternalRetailMainUser">
    <skipped/>
  </testcase> <!-- tcCostSheet -->
  <testcase name="tcCostSheet" time="0.000" classname="com.hasbro.security.CSInternalRetailMainUser">
    <skipped/>
  </testcase> <!-- tcCostSheet -->
  <testcase name="tcCostSheet" time="0.000" classname="com.hasbro.security.CSInternalRetailMainUser">
    <skipped/>
  </testcase> <!-- tcCostSheet -->
  <testcase name="tcCostSheet" time="0.000" classname="com.hasbro.security.CSInternalRetailMainUser">
    <skipped/>
  </testcase> <!-- tcCostSheet -->
  <testcase name="tcCostSheet" time="0.000" classname="com.hasbro.security.CSInternalRetailMainUser">
    <skipped/>
  </testcase> <!-- tcCostSheet -->
  <testcase name="tcCostSheet" time="0.000" classname="com.hasbro.security.CSInternalRetailMainUser">
    <skipped/>
  </testcase> <!-- tcCostSheet -->
  <testcase name="tcCostSheet" time="0.000" classname="com.hasbro.security.CSInternalRetailMainUser">
    <skipped/>
  </testcase> <!-- tcCostSheet -->
  <testcase name="tcCostSheet" time="0.000" classname="com.hasbro.security.CSInternalRetailMainUser">
    <skipped/>
  </testcase> <!-- tcCostSheet -->
  <testcase name="tcCostSheet" time="0.000" classname="com.hasbro.security.CSInternalRetailMainUser">
    <skipped/>
  </testcase> <!-- tcCostSheet -->
  <testcase name="tcCostSheet" time="0.000" classname="com.hasbro.security.CSInternalRetailMainUser">
    <skipped/>
  </testcase> <!-- tcCostSheet -->
  <testcase name="tcCostSheet" time="0.000" classname="com.hasbro.security.CSInternalRetailMainUser">
    <skipped/>
  </testcase> <!-- tcCostSheet -->
  <testcase name="tcCostSheet" time="0.000" classname="com.hasbro.security.CSInternalRetailMainUser">
    <skipped/>
  </testcase> <!-- tcCostSheet -->
  <testcase name="tcCostSheet" time="0.000" classname="com.hasbro.security.CSInternalRetailMainUser">
    <skipped/>
  </testcase> <!-- tcCostSheet -->
  <testcase name="tcCostSheet" time="0.000" classname="com.hasbro.security.CSInternalRetailMainUser">
    <skipped/>
  </testcase> <!-- tcCostSheet -->
  <testcase name="tcCostSheet" time="0.000" classname="com.hasbro.security.CSInternalRetailMainUser">
    <skipped/>
  </testcase> <!-- tcCostSheet -->
  <testcase name="tcCostSheet" time="0.000" classname="com.hasbro.security.CSInternalRetailMainUser">
    <skipped/>
  </testcase> <!-- tcCostSheet -->
  <testcase name="tcCostSheet" time="0.000" classname="com.hasbro.security.CSInternalRetailMainUser">
    <skipped/>
  </testcase> <!-- tcCostSheet -->
  <testcase name="tcCostSheet" time="0.000" classname="com.hasbro.security.CSInternalRetailMainUser">
    <skipped/>
  </testcase> <!-- tcCostSheet -->
  <testcase name="tcCostSheet" time="0.000" classname="com.hasbro.security.CSInternalRetailMainUser">
    <skipped/>
  </testcase> <!-- tcCostSheet -->
  <testcase name="tcCostSheet" time="0.000" classname="com.hasbro.security.CSInternalRetailMainUser">
    <skipped/>
  </testcase> <!-- tcCostSheet -->
  <testcase name="tcCostSheet" time="0.000" classname="com.hasbro.security.CSInternalRetailMainUser">
    <skipped/>
  </testcase> <!-- tcCostSheet -->
  <testcase name="tcCostSheet" time="0.000" classname="com.hasbro.security.CSInternalRetailMainUser">
    <skipped/>
  </testcase> <!-- tcCostSheet -->
  <testcase name="tcCostSheet" time="0.000" classname="com.hasbro.security.CSInternalRetailMainUser">
    <skipped/>
  </testcase> <!-- tcCostSheet -->
  <testcase name="tcCostSheet" time="0.000" classname="com.hasbro.security.CSInternalRetailMainUser">
    <skipped/>
  </testcase> <!-- tcCostSheet -->
  <testcase name="tcCostSheet" time="0.000" classname="com.hasbro.security.CSInternalRetailMainUser">
    <skipped/>
  </testcase> <!-- tcCostSheet -->
  <testcase name="tcCostSheet" time="0.000" classname="com.hasbro.security.CSInternalRetailMainUser">
    <skipped/>
  </testcase> <!-- tcCostSheet -->
  <testcase name="tcCostSheet" time="0.000" classname="com.hasbro.security.CSInternalRetailMainUser">
    <skipped/>
  </testcase> <!-- tcCostSheet -->
  <testcase name="tcCostSheet" time="0.000" classname="com.hasbro.security.CSInternalRetailMainUser">
    <skipped/>
  </testcase> <!-- tcCostSheet -->
  <testcase name="tcCostSheet" time="0.000" classname="com.hasbro.security.CSInternalRetailMainUser">
    <skipped/>
  </testcase> <!-- tcCostSheet -->
  <testcase name="tcCostSheet" time="0.000" classname="com.hasbro.security.CSInternalRetailMainUser">
    <skipped/>
  </testcase> <!-- tcCostSheet -->
  <testcase name="tcCostSheet" time="0.000" classname="com.hasbro.security.CSInternalRetailMainUser">
    <skipped/>
  </testcase> <!-- tcCostSheet -->
  <testcase name="tcCostSheet" time="0.000" classname="com.hasbro.security.CSInternalRetailMainUser">
    <skipped/>
  </testcase> <!-- tcCostSheet -->
  <testcase name="tcCostSheet" time="0.000" classname="com.hasbro.security.CSInternalRetailMainUser">
    <skipped/>
  </testcase> <!-- tcCostSheet -->
  <testcase name="tcCostSheet" time="0.000" classname="com.hasbro.security.CSInternalRetailMainUser">
    <skipped/>
  </testcase> <!-- tcCostSheet -->
  <testcase name="tcCostSheet" time="0.000" classname="com.hasbro.security.CSInternalRetailMainUser">
    <skipped/>
  </testcase> <!-- tcCostSheet -->
  <testcase name="tcCostSheet" time="0.000" classname="com.hasbro.security.CSInternalRetailMainUser">
    <skipped/>
  </testcase> <!-- tcCostSheet -->
  <testcase name="tcCostSheet" time="0.000" classname="com.hasbro.security.CSInternalRetailMainUser">
    <skipped/>
  </testcase> <!-- tcCostSheet -->
  <testcase name="tcCostSheet" time="0.000" classname="com.hasbro.security.CSInternalRetailMainUser">
    <skipped/>
  </testcase> <!-- tcCostSheet -->
  <testcase name="tcCostSheet" time="0.000" classname="com.hasbro.security.CSInternalRetailMainUser">
    <skipped/>
  </testcase> <!-- tcCostSheet -->
  <testcase name="tcCostSheet" time="0.000" classname="com.hasbro.security.CSInternalRetailMainUser">
    <skipped/>
  </testcase> <!-- tcCostSheet -->
  <testcase name="tcCostSheet" time="0.000" classname="com.hasbro.security.CSInternalRetailMainUser">
    <skipped/>
  </testcase> <!-- tcCostSheet -->
  <testcase name="tcCostSheet" time="0.000" classname="com.hasbro.security.CSInternalRetailMainUser">
    <skipped/>
  </testcase> <!-- tcCostSheet -->
  <testcase name="tcCostSheet" time="0.000" classname="com.hasbro.security.CSInternalRetailMainUser">
    <skipped/>
  </testcase> <!-- tcCostSheet -->
  <testcase name="tcCostSheet" time="0.000" classname="com.hasbro.security.CSInternalRetailMainUser">
    <skipped/>
  </testcase> <!-- tcCostSheet -->
  <testcase name="tcCostSheet" time="0.000" classname="com.hasbro.security.CSInternalRetailMainUser">
    <skipped/>
  </testcase> <!-- tcCostSheet -->
  <testcase name="tcCostSheet" time="0.000" classname="com.hasbro.security.CSInternalRetailMainUser">
    <skipped/>
  </testcase> <!-- tcCostSheet -->
  <testcase name="tcCostSheet" time="0.000" classname="com.hasbro.security.CSInternalRetailMainUser">
    <skipped/>
  </testcase> <!-- tcCostSheet -->
  <testcase name="tcCostSheet" time="0.000" classname="com.hasbro.security.CSInternalRetailMainUser">
    <skipped/>
  </testcase> <!-- tcCostSheet -->
  <testcase name="tcCostSheet" time="0.000" classname="com.hasbro.security.CSInternalRetailMainUser">
    <skipped/>
  </testcase> <!-- tcCostSheet -->
  <testcase name="tcCostSheet" time="0.000" classname="com.hasbro.security.CSInternalRetailMainUser">
    <skipped/>
  </testcase> <!-- tcCostSheet -->
  <testcase name="tcCostSheet" time="0.000" classname="com.hasbro.security.CSInternalRetailMainUser">
    <skipped/>
  </testcase> <!-- tcCostSheet -->
  <testcase name="tcCostSheet" time="0.000" classname="com.hasbro.security.CSInternalRetailMainUser">
    <skipped/>
  </testcase> <!-- tcCostSheet -->
  <testcase name="tcCostSheet" time="0.000" classname="com.hasbro.security.CSInternalRetailMainUser">
    <skipped/>
  </testcase> <!-- tcCostSheet -->
  <testcase name="tcCostSheet" time="0.000" classname="com.hasbro.security.CSInternalRetailMainUser">
    <skipped/>
  </testcase> <!-- tcCostSheet -->
  <testcase name="tcCostSheet" time="0.000" classname="com.hasbro.security.CSInternalRetailMainUser">
    <skipped/>
  </testcase> <!-- tcCostSheet -->
  <testcase name="tcCostSheet" time="0.000" classname="com.hasbro.security.CSInternalRetailMainUser">
    <skipped/>
  </testcase> <!-- tcCostSheet -->
  <testcase name="tcCostSheet" time="0.000" classname="com.hasbro.security.CSInternalRetailMainUser">
    <skipped/>
  </testcase> <!-- tcCostSheet -->
  <testcase name="tcCostSheet" time="0.000" classname="com.hasbro.security.CSInternalRetailMainUser">
    <skipped/>
  </testcase> <!-- tcCostSheet -->
  <testcase name="tcCostSheet" time="0.000" classname="com.hasbro.security.CSInternalRetailMainUser">
    <skipped/>
  </testcase> <!-- tcCostSheet -->
  <testcase name="tcCostSheet" time="0.000" classname="com.hasbro.security.CSInternalRetailMainUser">
    <skipped/>
  </testcase> <!-- tcCostSheet -->
  <testcase name="tcCostSheet" time="0.000" classname="com.hasbro.security.CSInternalRetailMainUser">
    <skipped/>
  </testcase> <!-- tcCostSheet -->
  <testcase name="tcCostSheet" time="0.000" classname="com.hasbro.security.CSInternalRetailMainUser">
    <skipped/>
  </testcase> <!-- tcCostSheet -->
  <testcase name="tcCostSheet" time="0.000" classname="com.hasbro.security.CSInternalRetailMainUser">
    <skipped/>
  </testcase> <!-- tcCostSheet -->
  <testcase name="tcCostSheet" time="0.000" classname="com.hasbro.security.CSInternalRetailMainUser">
    <skipped/>
  </testcase> <!-- tcCostSheet -->
  <testcase name="tcCostSheet" time="0.000" classname="com.hasbro.security.CSInternalRetailMainUser">
    <skipped/>
  </testcase> <!-- tcCostSheet -->
  <testcase name="tcCostSheet" time="0.000" classname="com.hasbro.security.CSInternalRetailMainUser">
    <skipped/>
  </testcase> <!-- tcCostSheet -->
  <testcase name="tcCostSheet" time="0.000" classname="com.hasbro.security.CSInternalRetailMainUser">
    <skipped/>
  </testcase> <!-- tcCostSheet -->
  <testcase name="tcCostSheet" time="0.000" classname="com.hasbro.security.CSInternalRetailMainUser">
    <skipped/>
  </testcase> <!-- tcCostSheet -->
  <testcase name="tcCostSheet" time="0.000" classname="com.hasbro.security.CSInternalRetailMainUser">
    <skipped/>
  </testcase> <!-- tcCostSheet -->
  <testcase name="tcCostSheet" time="0.000" classname="com.hasbro.security.CSInternalRetailMainUser">
    <skipped/>
  </testcase> <!-- tcCostSheet -->
  <testcase name="tcCostSheet" time="0.000" classname="com.hasbro.security.CSInternalRetailMainUser">
    <skipped/>
  </testcase> <!-- tcCostSheet -->
  <testcase name="tcCostSheet" time="0.000" classname="com.hasbro.security.CSInternalRetailMainUser">
    <skipped/>
  </testcase> <!-- tcCostSheet -->
  <testcase name="tcCostSheet" time="0.000" classname="com.hasbro.security.CSInternalRetailMainUser">
    <skipped/>
  </testcase> <!-- tcCostSheet -->
  <testcase name="tcCostSheet" time="0.000" classname="com.hasbro.security.CSInternalRetailMainUser">
    <skipped/>
  </testcase> <!-- tcCostSheet -->
  <testcase name="tcCostSheet" time="0.000" classname="com.hasbro.security.CSInternalRetailMainUser">
    <skipped/>
  </testcase> <!-- tcCostSheet -->
</testsuite> <!-- com.hasbro.security.CSInternalRetailMainUser -->
