<?xml version="1.0" encoding="UTF-8"?>
<!-- Generated by org.testng.reporters.JUnitReportReporter -->
<testsuite skipped="3" hostname="BDC6-LX-723061Y" name="com.hasbro.workflow.SourcingconfigapprovalWF" tests="3" failures="0" timestamp="20 Mar 2018 12:33:08 GMT" time="0.000" errors="0">
  <testcase name="tcSCWF" time="0.000" classname="com.hasbro.workflow.SourcingconfigapprovalWF">
    <skipped/>
  </testcase> <!-- tcSCWF -->
  <testcase name="tcSCWF" time="0.000" classname="com.hasbro.workflow.SourcingconfigapprovalWF">
    <skipped/>
  </testcase> <!-- tcSCWF -->
  <testcase name="tcSCWF" time="0.000" classname="com.hasbro.workflow.SourcingconfigapprovalWF">
    <skipped/>
  </testcase> <!-- tcSCWF -->
</testsuite> <!-- com.hasbro.workflow.SourcingconfigapprovalWF -->
