<?xml version="1.0" encoding="UTF-8"?>
<!-- Generated by org.testng.reporters.JUnitReportReporter -->
<testsuite skipped="250" hostname="BDC6-LX-723061Y" name="com.hasbro.sanity.SanitySuite_AssortmentRetail" tests="250" failures="0" timestamp="28 Aug 2018 11:38:32 GMT" time="0.000" errors="0">
  <testcase name="tcSCFunctional" time="0.000" classname="com.hasbro.sanity.SanitySuite_AssortmentRetail">
    <skipped/>
  </testcase> <!-- tcSCFunctional -->
  <testcase name="tcSCFunctional" time="0.000" classname="com.hasbro.sanity.SanitySuite_AssortmentRetail">
    <skipped/>
  </testcase> <!-- tcSCFunctional -->
  <testcase name="tcSCFunctional" time="0.000" classname="com.hasbro.sanity.SanitySuite_AssortmentRetail">
    <skipped/>
  </testcase> <!-- tcSCFunctional -->
  <testcase name="tcSCFunctional" time="0.000" classname="com.hasbro.sanity.SanitySuite_AssortmentRetail">
    <skipped/>
  </testcase> <!-- tcSCFunctional -->
  <testcase name="tcSCFunctional" time="0.000" classname="com.hasbro.sanity.SanitySuite_AssortmentRetail">
    <skipped/>
  </testcase> <!-- tcSCFunctional -->
  <testcase name="tcSCFunctional" time="0.000" classname="com.hasbro.sanity.SanitySuite_AssortmentRetail">
    <skipped/>
  </testcase> <!-- tcSCFunctional -->
  <testcase name="tcSCFunctional" time="0.000" classname="com.hasbro.sanity.SanitySuite_AssortmentRetail">
    <skipped/>
  </testcase> <!-- tcSCFunctional -->
  <testcase name="tcSCFunctional" time="0.000" classname="com.hasbro.sanity.SanitySuite_AssortmentRetail">
    <skipped/>
  </testcase> <!-- tcSCFunctional -->
  <testcase name="tcSCFunctional" time="0.000" classname="com.hasbro.sanity.SanitySuite_AssortmentRetail">
    <skipped/>
  </testcase> <!-- tcSCFunctional -->
  <testcase name="tcSCFunctional" time="0.000" classname="com.hasbro.sanity.SanitySuite_AssortmentRetail">
    <skipped/>
  </testcase> <!-- tcSCFunctional -->
  <testcase name="tcSCFunctional" time="0.000" classname="com.hasbro.sanity.SanitySuite_AssortmentRetail">
    <skipped/>
  </testcase> <!-- tcSCFunctional -->
  <testcase name="tcSCFunctional" time="0.000" classname="com.hasbro.sanity.SanitySuite_AssortmentRetail">
    <skipped/>
  </testcase> <!-- tcSCFunctional -->
  <testcase name="tcSCFunctional" time="0.000" classname="com.hasbro.sanity.SanitySuite_AssortmentRetail">
    <skipped/>
  </testcase> <!-- tcSCFunctional -->
  <testcase name="tcSCFunctional" time="0.000" classname="com.hasbro.sanity.SanitySuite_AssortmentRetail">
    <skipped/>
  </testcase> <!-- tcSCFunctional -->
  <testcase name="tcSCFunctional" time="0.000" classname="com.hasbro.sanity.SanitySuite_AssortmentRetail">
    <skipped/>
  </testcase> <!-- tcSCFunctional -->
  <testcase name="tcSCFunctional" time="0.000" classname="com.hasbro.sanity.SanitySuite_AssortmentRetail">
    <skipped/>
  </testcase> <!-- tcSCFunctional -->
  <testcase name="tcSCFunctional" time="0.000" classname="com.hasbro.sanity.SanitySuite_AssortmentRetail">
    <skipped/>
  </testcase> <!-- tcSCFunctional -->
  <testcase name="tcSCFunctional" time="0.000" classname="com.hasbro.sanity.SanitySuite_AssortmentRetail">
    <skipped/>
  </testcase> <!-- tcSCFunctional -->
  <testcase name="tcSCFunctional" time="0.000" classname="com.hasbro.sanity.SanitySuite_AssortmentRetail">
    <skipped/>
  </testcase> <!-- tcSCFunctional -->
  <testcase name="tcSCFunctional" time="0.000" classname="com.hasbro.sanity.SanitySuite_AssortmentRetail">
    <skipped/>
  </testcase> <!-- tcSCFunctional -->
  <testcase name="tcSCFunctional" time="0.000" classname="com.hasbro.sanity.SanitySuite_AssortmentRetail">
    <skipped/>
  </testcase> <!-- tcSCFunctional -->
  <testcase name="tcSCFunctional" time="0.000" classname="com.hasbro.sanity.SanitySuite_AssortmentRetail">
    <skipped/>
  </testcase> <!-- tcSCFunctional -->
  <testcase name="tcSCFunctional" time="0.000" classname="com.hasbro.sanity.SanitySuite_AssortmentRetail">
    <skipped/>
  </testcase> <!-- tcSCFunctional -->
  <testcase name="tcSCFunctional" time="0.000" classname="com.hasbro.sanity.SanitySuite_AssortmentRetail">
    <skipped/>
  </testcase> <!-- tcSCFunctional -->
  <testcase name="tcSCFunctional" time="0.000" classname="com.hasbro.sanity.SanitySuite_AssortmentRetail">
    <skipped/>
  </testcase> <!-- tcSCFunctional -->
  <testcase name="tcSCFunctional" time="0.000" classname="com.hasbro.sanity.SanitySuite_AssortmentRetail">
    <skipped/>
  </testcase> <!-- tcSCFunctional -->
  <testcase name="tcSCFunctional" time="0.000" classname="com.hasbro.sanity.SanitySuite_AssortmentRetail">
    <skipped/>
  </testcase> <!-- tcSCFunctional -->
  <testcase name="tcSCFunctional" time="0.000" classname="com.hasbro.sanity.SanitySuite_AssortmentRetail">
    <skipped/>
  </testcase> <!-- tcSCFunctional -->
  <testcase name="tcSCFunctional" time="0.000" classname="com.hasbro.sanity.SanitySuite_AssortmentRetail">
    <skipped/>
  </testcase> <!-- tcSCFunctional -->
  <testcase name="tcSCFunctional" time="0.000" classname="com.hasbro.sanity.SanitySuite_AssortmentRetail">
    <skipped/>
  </testcase> <!-- tcSCFunctional -->
  <testcase name="tcSCFunctional" time="0.000" classname="com.hasbro.sanity.SanitySuite_AssortmentRetail">
    <skipped/>
  </testcase> <!-- tcSCFunctional -->
  <testcase name="tcSCFunctional" time="0.000" classname="com.hasbro.sanity.SanitySuite_AssortmentRetail">
    <skipped/>
  </testcase> <!-- tcSCFunctional -->
  <testcase name="tcSCFunctional" time="0.000" classname="com.hasbro.sanity.SanitySuite_AssortmentRetail">
    <skipped/>
  </testcase> <!-- tcSCFunctional -->
  <testcase name="tcSCFunctional" time="0.000" classname="com.hasbro.sanity.SanitySuite_AssortmentRetail">
    <skipped/>
  </testcase> <!-- tcSCFunctional -->
  <testcase name="tcSCFunctional" time="0.000" classname="com.hasbro.sanity.SanitySuite_AssortmentRetail">
    <skipped/>
  </testcase> <!-- tcSCFunctional -->
  <testcase name="tcSCFunctional" time="0.000" classname="com.hasbro.sanity.SanitySuite_AssortmentRetail">
    <skipped/>
  </testcase> <!-- tcSCFunctional -->
  <testcase name="tcSCFunctional" time="0.000" classname="com.hasbro.sanity.SanitySuite_AssortmentRetail">
    <skipped/>
  </testcase> <!-- tcSCFunctional -->
  <testcase name="tcSCFunctional" time="0.000" classname="com.hasbro.sanity.SanitySuite_AssortmentRetail">
    <skipped/>
  </testcase> <!-- tcSCFunctional -->
  <testcase name="tcSCFunctional" time="0.000" classname="com.hasbro.sanity.SanitySuite_AssortmentRetail">
    <skipped/>
  </testcase> <!-- tcSCFunctional -->
  <testcase name="tcSCFunctional" time="0.000" classname="com.hasbro.sanity.SanitySuite_AssortmentRetail">
    <skipped/>
  </testcase> <!-- tcSCFunctional -->
  <testcase name="tcSCFunctional" time="0.000" classname="com.hasbro.sanity.SanitySuite_AssortmentRetail">
    <skipped/>
  </testcase> <!-- tcSCFunctional -->
  <testcase name="tcSCFunctional" time="0.000" classname="com.hasbro.sanity.SanitySuite_AssortmentRetail">
    <skipped/>
  </testcase> <!-- tcSCFunctional -->
  <testcase name="tcSCFunctional" time="0.000" classname="com.hasbro.sanity.SanitySuite_AssortmentRetail">
    <skipped/>
  </testcase> <!-- tcSCFunctional -->
  <testcase name="tcSCFunctional" time="0.000" classname="com.hasbro.sanity.SanitySuite_AssortmentRetail">
    <skipped/>
  </testcase> <!-- tcSCFunctional -->
  <testcase name="tcSCFunctional" time="0.000" classname="com.hasbro.sanity.SanitySuite_AssortmentRetail">
    <skipped/>
  </testcase> <!-- tcSCFunctional -->
  <testcase name="tcSCFunctional" time="0.000" classname="com.hasbro.sanity.SanitySuite_AssortmentRetail">
    <skipped/>
  </testcase> <!-- tcSCFunctional -->
  <testcase name="tcSCFunctional" time="0.000" classname="com.hasbro.sanity.SanitySuite_AssortmentRetail">
    <skipped/>
  </testcase> <!-- tcSCFunctional -->
  <testcase name="tcSCFunctional" time="0.000" classname="com.hasbro.sanity.SanitySuite_AssortmentRetail">
    <skipped/>
  </testcase> <!-- tcSCFunctional -->
  <testcase name="tcSCFunctional" time="0.000" classname="com.hasbro.sanity.SanitySuite_AssortmentRetail">
    <skipped/>
  </testcase> <!-- tcSCFunctional -->
  <testcase name="tcSCFunctional" time="0.000" classname="com.hasbro.sanity.SanitySuite_AssortmentRetail">
    <skipped/>
  </testcase> <!-- tcSCFunctional -->
  <testcase name="tcSCFunctional" time="0.000" classname="com.hasbro.sanity.SanitySuite_AssortmentRetail">
    <skipped/>
  </testcase> <!-- tcSCFunctional -->
  <testcase name="tcSCFunctional" time="0.000" classname="com.hasbro.sanity.SanitySuite_AssortmentRetail">
    <skipped/>
  </testcase> <!-- tcSCFunctional -->
  <testcase name="tcSCFunctional" time="0.000" classname="com.hasbro.sanity.SanitySuite_AssortmentRetail">
    <skipped/>
  </testcase> <!-- tcSCFunctional -->
  <testcase name="tcSCFunctional" time="0.000" classname="com.hasbro.sanity.SanitySuite_AssortmentRetail">
    <skipped/>
  </testcase> <!-- tcSCFunctional -->
  <testcase name="tcSCFunctional" time="0.000" classname="com.hasbro.sanity.SanitySuite_AssortmentRetail">
    <skipped/>
  </testcase> <!-- tcSCFunctional -->
  <testcase name="tcSCFunctional" time="0.000" classname="com.hasbro.sanity.SanitySuite_AssortmentRetail">
    <skipped/>
  </testcase> <!-- tcSCFunctional -->
  <testcase name="tcSCFunctional" time="0.000" classname="com.hasbro.sanity.SanitySuite_AssortmentRetail">
    <skipped/>
  </testcase> <!-- tcSCFunctional -->
  <testcase name="tcSCFunctional" time="0.000" classname="com.hasbro.sanity.SanitySuite_AssortmentRetail">
    <skipped/>
  </testcase> <!-- tcSCFunctional -->
  <testcase name="tcSCFunctional" time="0.000" classname="com.hasbro.sanity.SanitySuite_AssortmentRetail">
    <skipped/>
  </testcase> <!-- tcSCFunctional -->
  <testcase name="tcSCFunctional" time="0.000" classname="com.hasbro.sanity.SanitySuite_AssortmentRetail">
    <skipped/>
  </testcase> <!-- tcSCFunctional -->
  <testcase name="tcSCFunctional" time="0.000" classname="com.hasbro.sanity.SanitySuite_AssortmentRetail">
    <skipped/>
  </testcase> <!-- tcSCFunctional -->
  <testcase name="tcSCFunctional" time="0.000" classname="com.hasbro.sanity.SanitySuite_AssortmentRetail">
    <skipped/>
  </testcase> <!-- tcSCFunctional -->
  <testcase name="tcSCFunctional" time="0.000" classname="com.hasbro.sanity.SanitySuite_AssortmentRetail">
    <skipped/>
  </testcase> <!-- tcSCFunctional -->
  <testcase name="tcSCFunctional" time="0.000" classname="com.hasbro.sanity.SanitySuite_AssortmentRetail">
    <skipped/>
  </testcase> <!-- tcSCFunctional -->
  <testcase name="tcSCFunctional" time="0.000" classname="com.hasbro.sanity.SanitySuite_AssortmentRetail">
    <skipped/>
  </testcase> <!-- tcSCFunctional -->
  <testcase name="tcSCFunctional" time="0.000" classname="com.hasbro.sanity.SanitySuite_AssortmentRetail">
    <skipped/>
  </testcase> <!-- tcSCFunctional -->
  <testcase name="tcSCFunctional" time="0.000" classname="com.hasbro.sanity.SanitySuite_AssortmentRetail">
    <skipped/>
  </testcase> <!-- tcSCFunctional -->
  <testcase name="tcSCFunctional" time="0.000" classname="com.hasbro.sanity.SanitySuite_AssortmentRetail">
    <skipped/>
  </testcase> <!-- tcSCFunctional -->
  <testcase name="tcSCFunctional" time="0.000" classname="com.hasbro.sanity.SanitySuite_AssortmentRetail">
    <skipped/>
  </testcase> <!-- tcSCFunctional -->
  <testcase name="tcSCFunctional" time="0.000" classname="com.hasbro.sanity.SanitySuite_AssortmentRetail">
    <skipped/>
  </testcase> <!-- tcSCFunctional -->
  <testcase name="tcSCFunctional" time="0.000" classname="com.hasbro.sanity.SanitySuite_AssortmentRetail">
    <skipped/>
  </testcase> <!-- tcSCFunctional -->
  <testcase name="tcSCFunctional" time="0.000" classname="com.hasbro.sanity.SanitySuite_AssortmentRetail">
    <skipped/>
  </testcase> <!-- tcSCFunctional -->
  <testcase name="tcSCFunctional" time="0.000" classname="com.hasbro.sanity.SanitySuite_AssortmentRetail">
    <skipped/>
  </testcase> <!-- tcSCFunctional -->
  <testcase name="tcSCFunctional" time="0.000" classname="com.hasbro.sanity.SanitySuite_AssortmentRetail">
    <skipped/>
  </testcase> <!-- tcSCFunctional -->
  <testcase name="tcSCFunctional" time="0.000" classname="com.hasbro.sanity.SanitySuite_AssortmentRetail">
    <skipped/>
  </testcase> <!-- tcSCFunctional -->
  <testcase name="tcSCFunctional" time="0.000" classname="com.hasbro.sanity.SanitySuite_AssortmentRetail">
    <skipped/>
  </testcase> <!-- tcSCFunctional -->
  <testcase name="tcSCFunctional" time="0.000" classname="com.hasbro.sanity.SanitySuite_AssortmentRetail">
    <skipped/>
  </testcase> <!-- tcSCFunctional -->
  <testcase name="tcSCFunctional" time="0.000" classname="com.hasbro.sanity.SanitySuite_AssortmentRetail">
    <skipped/>
  </testcase> <!-- tcSCFunctional -->
  <testcase name="tcSCFunctional" time="0.000" classname="com.hasbro.sanity.SanitySuite_AssortmentRetail">
    <skipped/>
  </testcase> <!-- tcSCFunctional -->
  <testcase name="tcSCFunctional" time="0.000" classname="com.hasbro.sanity.SanitySuite_AssortmentRetail">
    <skipped/>
  </testcase> <!-- tcSCFunctional -->
  <testcase name="tcSCFunctional" time="0.000" classname="com.hasbro.sanity.SanitySuite_AssortmentRetail">
    <skipped/>
  </testcase> <!-- tcSCFunctional -->
  <testcase name="tcSCFunctional" time="0.000" classname="com.hasbro.sanity.SanitySuite_AssortmentRetail">
    <skipped/>
  </testcase> <!-- tcSCFunctional -->
  <testcase name="tcSCFunctional" time="0.000" classname="com.hasbro.sanity.SanitySuite_AssortmentRetail">
    <skipped/>
  </testcase> <!-- tcSCFunctional -->
  <testcase name="tcSCFunctional" time="0.000" classname="com.hasbro.sanity.SanitySuite_AssortmentRetail">
    <skipped/>
  </testcase> <!-- tcSCFunctional -->
  <testcase name="tcSCFunctional" time="0.000" classname="com.hasbro.sanity.SanitySuite_AssortmentRetail">
    <skipped/>
  </testcase> <!-- tcSCFunctional -->
  <testcase name="tcSCFunctional" time="0.000" classname="com.hasbro.sanity.SanitySuite_AssortmentRetail">
    <skipped/>
  </testcase> <!-- tcSCFunctional -->
  <testcase name="tcSCFunctional" time="0.000" classname="com.hasbro.sanity.SanitySuite_AssortmentRetail">
    <skipped/>
  </testcase> <!-- tcSCFunctional -->
  <testcase name="tcSCFunctional" time="0.000" classname="com.hasbro.sanity.SanitySuite_AssortmentRetail">
    <skipped/>
  </testcase> <!-- tcSCFunctional -->
  <testcase name="tcSCFunctional" time="0.000" classname="com.hasbro.sanity.SanitySuite_AssortmentRetail">
    <skipped/>
  </testcase> <!-- tcSCFunctional -->
  <testcase name="tcSCFunctional" time="0.000" classname="com.hasbro.sanity.SanitySuite_AssortmentRetail">
    <skipped/>
  </testcase> <!-- tcSCFunctional -->
  <testcase name="tcSCFunctional" time="0.000" classname="com.hasbro.sanity.SanitySuite_AssortmentRetail">
    <skipped/>
  </testcase> <!-- tcSCFunctional -->
  <testcase name="tcSCFunctional" time="0.000" classname="com.hasbro.sanity.SanitySuite_AssortmentRetail">
    <skipped/>
  </testcase> <!-- tcSCFunctional -->
  <testcase name="tcSCFunctional" time="0.000" classname="com.hasbro.sanity.SanitySuite_AssortmentRetail">
    <skipped/>
  </testcase> <!-- tcSCFunctional -->
  <testcase name="tcSCFunctional" time="0.000" classname="com.hasbro.sanity.SanitySuite_AssortmentRetail">
    <skipped/>
  </testcase> <!-- tcSCFunctional -->
  <testcase name="tcSCFunctional" time="0.000" classname="com.hasbro.sanity.SanitySuite_AssortmentRetail">
    <skipped/>
  </testcase> <!-- tcSCFunctional -->
  <testcase name="tcSCFunctional" time="0.000" classname="com.hasbro.sanity.SanitySuite_AssortmentRetail">
    <skipped/>
  </testcase> <!-- tcSCFunctional -->
  <testcase name="tcSCFunctional" time="0.000" classname="com.hasbro.sanity.SanitySuite_AssortmentRetail">
    <skipped/>
  </testcase> <!-- tcSCFunctional -->
  <testcase name="tcSCFunctional" time="0.000" classname="com.hasbro.sanity.SanitySuite_AssortmentRetail">
    <skipped/>
  </testcase> <!-- tcSCFunctional -->
  <testcase name="tcSCFunctional" time="0.000" classname="com.hasbro.sanity.SanitySuite_AssortmentRetail">
    <skipped/>
  </testcase> <!-- tcSCFunctional -->
  <testcase name="tcSCFunctional" time="0.000" classname="com.hasbro.sanity.SanitySuite_AssortmentRetail">
    <skipped/>
  </testcase> <!-- tcSCFunctional -->
  <testcase name="tcSCFunctional" time="0.000" classname="com.hasbro.sanity.SanitySuite_AssortmentRetail">
    <skipped/>
  </testcase> <!-- tcSCFunctional -->
  <testcase name="tcSCFunctional" time="0.000" classname="com.hasbro.sanity.SanitySuite_AssortmentRetail">
    <skipped/>
  </testcase> <!-- tcSCFunctional -->
  <testcase name="tcSCFunctional" time="0.000" classname="com.hasbro.sanity.SanitySuite_AssortmentRetail">
    <skipped/>
  </testcase> <!-- tcSCFunctional -->
  <testcase name="tcSCFunctional" time="0.000" classname="com.hasbro.sanity.SanitySuite_AssortmentRetail">
    <skipped/>
  </testcase> <!-- tcSCFunctional -->
  <testcase name="tcSCFunctional" time="0.000" classname="com.hasbro.sanity.SanitySuite_AssortmentRetail">
    <skipped/>
  </testcase> <!-- tcSCFunctional -->
  <testcase name="tcSCFunctional" time="0.000" classname="com.hasbro.sanity.SanitySuite_AssortmentRetail">
    <skipped/>
  </testcase> <!-- tcSCFunctional -->
  <testcase name="tcSCFunctional" time="0.000" classname="com.hasbro.sanity.SanitySuite_AssortmentRetail">
    <skipped/>
  </testcase> <!-- tcSCFunctional -->
  <testcase name="tcSCFunctional" time="0.000" classname="com.hasbro.sanity.SanitySuite_AssortmentRetail">
    <skipped/>
  </testcase> <!-- tcSCFunctional -->
  <testcase name="tcSCFunctional" time="0.000" classname="com.hasbro.sanity.SanitySuite_AssortmentRetail">
    <skipped/>
  </testcase> <!-- tcSCFunctional -->
  <testcase name="tcSCFunctional" time="0.000" classname="com.hasbro.sanity.SanitySuite_AssortmentRetail">
    <skipped/>
  </testcase> <!-- tcSCFunctional -->
  <testcase name="tcSCFunctional" time="0.000" classname="com.hasbro.sanity.SanitySuite_AssortmentRetail">
    <skipped/>
  </testcase> <!-- tcSCFunctional -->
  <testcase name="tcSCFunctional" time="0.000" classname="com.hasbro.sanity.SanitySuite_AssortmentRetail">
    <skipped/>
  </testcase> <!-- tcSCFunctional -->
  <testcase name="tcSCFunctional" time="0.000" classname="com.hasbro.sanity.SanitySuite_AssortmentRetail">
    <skipped/>
  </testcase> <!-- tcSCFunctional -->
  <testcase name="tcSCFunctional" time="0.000" classname="com.hasbro.sanity.SanitySuite_AssortmentRetail">
    <skipped/>
  </testcase> <!-- tcSCFunctional -->
  <testcase name="tcSCFunctional" time="0.000" classname="com.hasbro.sanity.SanitySuite_AssortmentRetail">
    <skipped/>
  </testcase> <!-- tcSCFunctional -->
  <testcase name="tcSCFunctional" time="0.000" classname="com.hasbro.sanity.SanitySuite_AssortmentRetail">
    <skipped/>
  </testcase> <!-- tcSCFunctional -->
  <testcase name="tcSCFunctional" time="0.000" classname="com.hasbro.sanity.SanitySuite_AssortmentRetail">
    <skipped/>
  </testcase> <!-- tcSCFunctional -->
  <testcase name="tcSCFunctional" time="0.000" classname="com.hasbro.sanity.SanitySuite_AssortmentRetail">
    <skipped/>
  </testcase> <!-- tcSCFunctional -->
  <testcase name="tcSCFunctional" time="0.000" classname="com.hasbro.sanity.SanitySuite_AssortmentRetail">
    <skipped/>
  </testcase> <!-- tcSCFunctional -->
  <testcase name="tcSCFunctional" time="0.000" classname="com.hasbro.sanity.SanitySuite_AssortmentRetail">
    <skipped/>
  </testcase> <!-- tcSCFunctional -->
  <testcase name="tcSCFunctional" time="0.000" classname="com.hasbro.sanity.SanitySuite_AssortmentRetail">
    <skipped/>
  </testcase> <!-- tcSCFunctional -->
  <testcase name="tcSCFunctional" time="0.000" classname="com.hasbro.sanity.SanitySuite_AssortmentRetail">
    <skipped/>
  </testcase> <!-- tcSCFunctional -->
  <testcase name="tcSCFunctional" time="0.000" classname="com.hasbro.sanity.SanitySuite_AssortmentRetail">
    <skipped/>
  </testcase> <!-- tcSCFunctional -->
  <testcase name="tcSCFunctional" time="0.000" classname="com.hasbro.sanity.SanitySuite_AssortmentRetail">
    <skipped/>
  </testcase> <!-- tcSCFunctional -->
  <testcase name="tcSCFunctional" time="0.000" classname="com.hasbro.sanity.SanitySuite_AssortmentRetail">
    <skipped/>
  </testcase> <!-- tcSCFunctional -->
  <testcase name="tcSCFunctional" time="0.000" classname="com.hasbro.sanity.SanitySuite_AssortmentRetail">
    <skipped/>
  </testcase> <!-- tcSCFunctional -->
  <testcase name="tcSCFunctional" time="0.000" classname="com.hasbro.sanity.SanitySuite_AssortmentRetail">
    <skipped/>
  </testcase> <!-- tcSCFunctional -->
  <testcase name="tcSCFunctional" time="0.000" classname="com.hasbro.sanity.SanitySuite_AssortmentRetail">
    <skipped/>
  </testcase> <!-- tcSCFunctional -->
  <testcase name="tcSCFunctional" time="0.000" classname="com.hasbro.sanity.SanitySuite_AssortmentRetail">
    <skipped/>
  </testcase> <!-- tcSCFunctional -->
  <testcase name="tcSCFunctional" time="0.000" classname="com.hasbro.sanity.SanitySuite_AssortmentRetail">
    <skipped/>
  </testcase> <!-- tcSCFunctional -->
  <testcase name="tcSCFunctional" time="0.000" classname="com.hasbro.sanity.SanitySuite_AssortmentRetail">
    <skipped/>
  </testcase> <!-- tcSCFunctional -->
  <testcase name="tcSCFunctional" time="0.000" classname="com.hasbro.sanity.SanitySuite_AssortmentRetail">
    <skipped/>
  </testcase> <!-- tcSCFunctional -->
  <testcase name="tcSCFunctional" time="0.000" classname="com.hasbro.sanity.SanitySuite_AssortmentRetail">
    <skipped/>
  </testcase> <!-- tcSCFunctional -->
  <testcase name="tcSCFunctional" time="0.000" classname="com.hasbro.sanity.SanitySuite_AssortmentRetail">
    <skipped/>
  </testcase> <!-- tcSCFunctional -->
  <testcase name="tcSCFunctional" time="0.000" classname="com.hasbro.sanity.SanitySuite_AssortmentRetail">
    <skipped/>
  </testcase> <!-- tcSCFunctional -->
  <testcase name="tcSCFunctional" time="0.000" classname="com.hasbro.sanity.SanitySuite_AssortmentRetail">
    <skipped/>
  </testcase> <!-- tcSCFunctional -->
  <testcase name="tcSCFunctional" time="0.000" classname="com.hasbro.sanity.SanitySuite_AssortmentRetail">
    <skipped/>
  </testcase> <!-- tcSCFunctional -->
  <testcase name="tcSCFunctional" time="0.000" classname="com.hasbro.sanity.SanitySuite_AssortmentRetail">
    <skipped/>
  </testcase> <!-- tcSCFunctional -->
  <testcase name="tcSCFunctional" time="0.000" classname="com.hasbro.sanity.SanitySuite_AssortmentRetail">
    <skipped/>
  </testcase> <!-- tcSCFunctional -->
  <testcase name="tcSCFunctional" time="0.000" classname="com.hasbro.sanity.SanitySuite_AssortmentRetail">
    <skipped/>
  </testcase> <!-- tcSCFunctional -->
  <testcase name="tcSCFunctional" time="0.000" classname="com.hasbro.sanity.SanitySuite_AssortmentRetail">
    <skipped/>
  </testcase> <!-- tcSCFunctional -->
  <testcase name="tcSCFunctional" time="0.000" classname="com.hasbro.sanity.SanitySuite_AssortmentRetail">
    <skipped/>
  </testcase> <!-- tcSCFunctional -->
  <testcase name="tcSCFunctional" time="0.000" classname="com.hasbro.sanity.SanitySuite_AssortmentRetail">
    <skipped/>
  </testcase> <!-- tcSCFunctional -->
  <testcase name="tcSCFunctional" time="0.000" classname="com.hasbro.sanity.SanitySuite_AssortmentRetail">
    <skipped/>
  </testcase> <!-- tcSCFunctional -->
  <testcase name="tcSCFunctional" time="0.000" classname="com.hasbro.sanity.SanitySuite_AssortmentRetail">
    <skipped/>
  </testcase> <!-- tcSCFunctional -->
  <testcase name="tcSCFunctional" time="0.000" classname="com.hasbro.sanity.SanitySuite_AssortmentRetail">
    <skipped/>
  </testcase> <!-- tcSCFunctional -->
  <testcase name="tcSCFunctional" time="0.000" classname="com.hasbro.sanity.SanitySuite_AssortmentRetail">
    <skipped/>
  </testcase> <!-- tcSCFunctional -->
  <testcase name="tcSCFunctional" time="0.000" classname="com.hasbro.sanity.SanitySuite_AssortmentRetail">
    <skipped/>
  </testcase> <!-- tcSCFunctional -->
  <testcase name="tcSCFunctional" time="0.000" classname="com.hasbro.sanity.SanitySuite_AssortmentRetail">
    <skipped/>
  </testcase> <!-- tcSCFunctional -->
  <testcase name="tcSCFunctional" time="0.000" classname="com.hasbro.sanity.SanitySuite_AssortmentRetail">
    <skipped/>
  </testcase> <!-- tcSCFunctional -->
  <testcase name="tcSCFunctional" time="0.000" classname="com.hasbro.sanity.SanitySuite_AssortmentRetail">
    <skipped/>
  </testcase> <!-- tcSCFunctional -->
  <testcase name="tcSCFunctional" time="0.000" classname="com.hasbro.sanity.SanitySuite_AssortmentRetail">
    <skipped/>
  </testcase> <!-- tcSCFunctional -->
  <testcase name="tcSCFunctional" time="0.000" classname="com.hasbro.sanity.SanitySuite_AssortmentRetail">
    <skipped/>
  </testcase> <!-- tcSCFunctional -->
  <testcase name="tcSCFunctional" time="0.000" classname="com.hasbro.sanity.SanitySuite_AssortmentRetail">
    <skipped/>
  </testcase> <!-- tcSCFunctional -->
  <testcase name="tcSCFunctional" time="0.000" classname="com.hasbro.sanity.SanitySuite_AssortmentRetail">
    <skipped/>
  </testcase> <!-- tcSCFunctional -->
  <testcase name="tcSCFunctional" time="0.000" classname="com.hasbro.sanity.SanitySuite_AssortmentRetail">
    <skipped/>
  </testcase> <!-- tcSCFunctional -->
  <testcase name="tcSCFunctional" time="0.000" classname="com.hasbro.sanity.SanitySuite_AssortmentRetail">
    <skipped/>
  </testcase> <!-- tcSCFunctional -->
  <testcase name="tcSCFunctional" time="0.000" classname="com.hasbro.sanity.SanitySuite_AssortmentRetail">
    <skipped/>
  </testcase> <!-- tcSCFunctional -->
  <testcase name="tcSCFunctional" time="0.000" classname="com.hasbro.sanity.SanitySuite_AssortmentRetail">
    <skipped/>
  </testcase> <!-- tcSCFunctional -->
  <testcase name="tcSCFunctional" time="0.000" classname="com.hasbro.sanity.SanitySuite_AssortmentRetail">
    <skipped/>
  </testcase> <!-- tcSCFunctional -->
  <testcase name="tcSCFunctional" time="0.000" classname="com.hasbro.sanity.SanitySuite_AssortmentRetail">
    <skipped/>
  </testcase> <!-- tcSCFunctional -->
  <testcase name="tcSCFunctional" time="0.000" classname="com.hasbro.sanity.SanitySuite_AssortmentRetail">
    <skipped/>
  </testcase> <!-- tcSCFunctional -->
  <testcase name="tcSCFunctional" time="0.000" classname="com.hasbro.sanity.SanitySuite_AssortmentRetail">
    <skipped/>
  </testcase> <!-- tcSCFunctional -->
  <testcase name="tcSCFunctional" time="0.000" classname="com.hasbro.sanity.SanitySuite_AssortmentRetail">
    <skipped/>
  </testcase> <!-- tcSCFunctional -->
  <testcase name="tcSCFunctional" time="0.000" classname="com.hasbro.sanity.SanitySuite_AssortmentRetail">
    <skipped/>
  </testcase> <!-- tcSCFunctional -->
  <testcase name="tcSCFunctional" time="0.000" classname="com.hasbro.sanity.SanitySuite_AssortmentRetail">
    <skipped/>
  </testcase> <!-- tcSCFunctional -->
  <testcase name="tcSCFunctional" time="0.000" classname="com.hasbro.sanity.SanitySuite_AssortmentRetail">
    <skipped/>
  </testcase> <!-- tcSCFunctional -->
  <testcase name="tcSCFunctional" time="0.000" classname="com.hasbro.sanity.SanitySuite_AssortmentRetail">
    <skipped/>
  </testcase> <!-- tcSCFunctional -->
  <testcase name="tcSCFunctional" time="0.000" classname="com.hasbro.sanity.SanitySuite_AssortmentRetail">
    <skipped/>
  </testcase> <!-- tcSCFunctional -->
  <testcase name="tcSCFunctional" time="0.000" classname="com.hasbro.sanity.SanitySuite_AssortmentRetail">
    <skipped/>
  </testcase> <!-- tcSCFunctional -->
  <testcase name="tcSCFunctional" time="0.000" classname="com.hasbro.sanity.SanitySuite_AssortmentRetail">
    <skipped/>
  </testcase> <!-- tcSCFunctional -->
  <testcase name="tcSCFunctional" time="0.000" classname="com.hasbro.sanity.SanitySuite_AssortmentRetail">
    <skipped/>
  </testcase> <!-- tcSCFunctional -->
  <testcase name="tcSCFunctional" time="0.000" classname="com.hasbro.sanity.SanitySuite_AssortmentRetail">
    <skipped/>
  </testcase> <!-- tcSCFunctional -->
  <testcase name="tcSCFunctional" time="0.000" classname="com.hasbro.sanity.SanitySuite_AssortmentRetail">
    <skipped/>
  </testcase> <!-- tcSCFunctional -->
  <testcase name="tcSCFunctional" time="0.000" classname="com.hasbro.sanity.SanitySuite_AssortmentRetail">
    <skipped/>
  </testcase> <!-- tcSCFunctional -->
  <testcase name="tcSCFunctional" time="0.000" classname="com.hasbro.sanity.SanitySuite_AssortmentRetail">
    <skipped/>
  </testcase> <!-- tcSCFunctional -->
  <testcase name="tcSCFunctional" time="0.000" classname="com.hasbro.sanity.SanitySuite_AssortmentRetail">
    <skipped/>
  </testcase> <!-- tcSCFunctional -->
  <testcase name="tcSCFunctional" time="0.000" classname="com.hasbro.sanity.SanitySuite_AssortmentRetail">
    <skipped/>
  </testcase> <!-- tcSCFunctional -->
  <testcase name="tcSCFunctional" time="0.000" classname="com.hasbro.sanity.SanitySuite_AssortmentRetail">
    <skipped/>
  </testcase> <!-- tcSCFunctional -->
  <testcase name="tcSCFunctional" time="0.000" classname="com.hasbro.sanity.SanitySuite_AssortmentRetail">
    <skipped/>
  </testcase> <!-- tcSCFunctional -->
  <testcase name="tcSCFunctional" time="0.000" classname="com.hasbro.sanity.SanitySuite_AssortmentRetail">
    <skipped/>
  </testcase> <!-- tcSCFunctional -->
  <testcase name="tcSCFunctional" time="0.000" classname="com.hasbro.sanity.SanitySuite_AssortmentRetail">
    <skipped/>
  </testcase> <!-- tcSCFunctional -->
  <testcase name="tcSCFunctional" time="0.000" classname="com.hasbro.sanity.SanitySuite_AssortmentRetail">
    <skipped/>
  </testcase> <!-- tcSCFunctional -->
  <testcase name="tcSCFunctional" time="0.000" classname="com.hasbro.sanity.SanitySuite_AssortmentRetail">
    <skipped/>
  </testcase> <!-- tcSCFunctional -->
  <testcase name="tcSCFunctional" time="0.000" classname="com.hasbro.sanity.SanitySuite_AssortmentRetail">
    <skipped/>
  </testcase> <!-- tcSCFunctional -->
  <testcase name="tcSCFunctional" time="0.000" classname="com.hasbro.sanity.SanitySuite_AssortmentRetail">
    <skipped/>
  </testcase> <!-- tcSCFunctional -->
  <testcase name="tcSCFunctional" time="0.000" classname="com.hasbro.sanity.SanitySuite_AssortmentRetail">
    <skipped/>
  </testcase> <!-- tcSCFunctional -->
  <testcase name="tcSCFunctional" time="0.000" classname="com.hasbro.sanity.SanitySuite_AssortmentRetail">
    <skipped/>
  </testcase> <!-- tcSCFunctional -->
  <testcase name="tcSCFunctional" time="0.000" classname="com.hasbro.sanity.SanitySuite_AssortmentRetail">
    <skipped/>
  </testcase> <!-- tcSCFunctional -->
  <testcase name="tcSCFunctional" time="0.000" classname="com.hasbro.sanity.SanitySuite_AssortmentRetail">
    <skipped/>
  </testcase> <!-- tcSCFunctional -->
  <testcase name="tcSCFunctional" time="0.000" classname="com.hasbro.sanity.SanitySuite_AssortmentRetail">
    <skipped/>
  </testcase> <!-- tcSCFunctional -->
  <testcase name="tcSCFunctional" time="0.000" classname="com.hasbro.sanity.SanitySuite_AssortmentRetail">
    <skipped/>
  </testcase> <!-- tcSCFunctional -->
  <testcase name="tcSCFunctional" time="0.000" classname="com.hasbro.sanity.SanitySuite_AssortmentRetail">
    <skipped/>
  </testcase> <!-- tcSCFunctional -->
  <testcase name="tcSCFunctional" time="0.000" classname="com.hasbro.sanity.SanitySuite_AssortmentRetail">
    <skipped/>
  </testcase> <!-- tcSCFunctional -->
  <testcase name="tcSCFunctional" time="0.000" classname="com.hasbro.sanity.SanitySuite_AssortmentRetail">
    <skipped/>
  </testcase> <!-- tcSCFunctional -->
  <testcase name="tcSCFunctional" time="0.000" classname="com.hasbro.sanity.SanitySuite_AssortmentRetail">
    <skipped/>
  </testcase> <!-- tcSCFunctional -->
  <testcase name="tcSCFunctional" time="0.000" classname="com.hasbro.sanity.SanitySuite_AssortmentRetail">
    <skipped/>
  </testcase> <!-- tcSCFunctional -->
  <testcase name="tcSCFunctional" time="0.000" classname="com.hasbro.sanity.SanitySuite_AssortmentRetail">
    <skipped/>
  </testcase> <!-- tcSCFunctional -->
  <testcase name="tcSCFunctional" time="0.000" classname="com.hasbro.sanity.SanitySuite_AssortmentRetail">
    <skipped/>
  </testcase> <!-- tcSCFunctional -->
  <testcase name="tcSCFunctional" time="0.000" classname="com.hasbro.sanity.SanitySuite_AssortmentRetail">
    <skipped/>
  </testcase> <!-- tcSCFunctional -->
  <testcase name="tcSCFunctional" time="0.000" classname="com.hasbro.sanity.SanitySuite_AssortmentRetail">
    <skipped/>
  </testcase> <!-- tcSCFunctional -->
  <testcase name="tcSCFunctional" time="0.000" classname="com.hasbro.sanity.SanitySuite_AssortmentRetail">
    <skipped/>
  </testcase> <!-- tcSCFunctional -->
  <testcase name="tcSCFunctional" time="0.000" classname="com.hasbro.sanity.SanitySuite_AssortmentRetail">
    <skipped/>
  </testcase> <!-- tcSCFunctional -->
  <testcase name="tcSCFunctional" time="0.000" classname="com.hasbro.sanity.SanitySuite_AssortmentRetail">
    <skipped/>
  </testcase> <!-- tcSCFunctional -->
  <testcase name="tcSCFunctional" time="0.000" classname="com.hasbro.sanity.SanitySuite_AssortmentRetail">
    <skipped/>
  </testcase> <!-- tcSCFunctional -->
  <testcase name="tcSCFunctional" time="0.000" classname="com.hasbro.sanity.SanitySuite_AssortmentRetail">
    <skipped/>
  </testcase> <!-- tcSCFunctional -->
  <testcase name="tcSCFunctional" time="0.000" classname="com.hasbro.sanity.SanitySuite_AssortmentRetail">
    <skipped/>
  </testcase> <!-- tcSCFunctional -->
  <testcase name="tcSCFunctional" time="0.000" classname="com.hasbro.sanity.SanitySuite_AssortmentRetail">
    <skipped/>
  </testcase> <!-- tcSCFunctional -->
  <testcase name="tcSCFunctional" time="0.000" classname="com.hasbro.sanity.SanitySuite_AssortmentRetail">
    <skipped/>
  </testcase> <!-- tcSCFunctional -->
  <testcase name="tcSCFunctional" time="0.000" classname="com.hasbro.sanity.SanitySuite_AssortmentRetail">
    <skipped/>
  </testcase> <!-- tcSCFunctional -->
  <testcase name="tcSCFunctional" time="0.000" classname="com.hasbro.sanity.SanitySuite_AssortmentRetail">
    <skipped/>
  </testcase> <!-- tcSCFunctional -->
  <testcase name="tcSCFunctional" time="0.000" classname="com.hasbro.sanity.SanitySuite_AssortmentRetail">
    <skipped/>
  </testcase> <!-- tcSCFunctional -->
  <testcase name="tcSCFunctional" time="0.000" classname="com.hasbro.sanity.SanitySuite_AssortmentRetail">
    <skipped/>
  </testcase> <!-- tcSCFunctional -->
  <testcase name="tcSCFunctional" time="0.000" classname="com.hasbro.sanity.SanitySuite_AssortmentRetail">
    <skipped/>
  </testcase> <!-- tcSCFunctional -->
  <testcase name="tcSCFunctional" time="0.000" classname="com.hasbro.sanity.SanitySuite_AssortmentRetail">
    <skipped/>
  </testcase> <!-- tcSCFunctional -->
  <testcase name="tcSCFunctional" time="0.000" classname="com.hasbro.sanity.SanitySuite_AssortmentRetail">
    <skipped/>
  </testcase> <!-- tcSCFunctional -->
  <testcase name="tcSCFunctional" time="0.000" classname="com.hasbro.sanity.SanitySuite_AssortmentRetail">
    <skipped/>
  </testcase> <!-- tcSCFunctional -->
  <testcase name="tcSCFunctional" time="0.000" classname="com.hasbro.sanity.SanitySuite_AssortmentRetail">
    <skipped/>
  </testcase> <!-- tcSCFunctional -->
  <testcase name="tcSCFunctional" time="0.000" classname="com.hasbro.sanity.SanitySuite_AssortmentRetail">
    <skipped/>
  </testcase> <!-- tcSCFunctional -->
  <testcase name="tcSCFunctional" time="0.000" classname="com.hasbro.sanity.SanitySuite_AssortmentRetail">
    <skipped/>
  </testcase> <!-- tcSCFunctional -->
  <testcase name="tcSCFunctional" time="0.000" classname="com.hasbro.sanity.SanitySuite_AssortmentRetail">
    <skipped/>
  </testcase> <!-- tcSCFunctional -->
  <testcase name="tcSCFunctional" time="0.000" classname="com.hasbro.sanity.SanitySuite_AssortmentRetail">
    <skipped/>
  </testcase> <!-- tcSCFunctional -->
  <testcase name="tcSCFunctional" time="0.000" classname="com.hasbro.sanity.SanitySuite_AssortmentRetail">
    <skipped/>
  </testcase> <!-- tcSCFunctional -->
  <testcase name="tcSCFunctional" time="0.000" classname="com.hasbro.sanity.SanitySuite_AssortmentRetail">
    <skipped/>
  </testcase> <!-- tcSCFunctional -->
  <testcase name="tcSCFunctional" time="0.000" classname="com.hasbro.sanity.SanitySuite_AssortmentRetail">
    <skipped/>
  </testcase> <!-- tcSCFunctional -->
  <testcase name="tcSCFunctional" time="0.000" classname="com.hasbro.sanity.SanitySuite_AssortmentRetail">
    <skipped/>
  </testcase> <!-- tcSCFunctional -->
  <testcase name="tcSCFunctional" time="0.000" classname="com.hasbro.sanity.SanitySuite_AssortmentRetail">
    <skipped/>
  </testcase> <!-- tcSCFunctional -->
  <testcase name="tcSCFunctional" time="0.000" classname="com.hasbro.sanity.SanitySuite_AssortmentRetail">
    <skipped/>
  </testcase> <!-- tcSCFunctional -->
  <testcase name="tcSCFunctional" time="0.000" classname="com.hasbro.sanity.SanitySuite_AssortmentRetail">
    <skipped/>
  </testcase> <!-- tcSCFunctional -->
  <testcase name="tcSCFunctional" time="0.000" classname="com.hasbro.sanity.SanitySuite_AssortmentRetail">
    <skipped/>
  </testcase> <!-- tcSCFunctional -->
  <testcase name="tcSCFunctional" time="0.000" classname="com.hasbro.sanity.SanitySuite_AssortmentRetail">
    <skipped/>
  </testcase> <!-- tcSCFunctional -->
  <testcase name="tcSCFunctional" time="0.000" classname="com.hasbro.sanity.SanitySuite_AssortmentRetail">
    <skipped/>
  </testcase> <!-- tcSCFunctional -->
  <testcase name="tcSCFunctional" time="0.000" classname="com.hasbro.sanity.SanitySuite_AssortmentRetail">
    <skipped/>
  </testcase> <!-- tcSCFunctional -->
  <testcase name="tcSCFunctional" time="0.000" classname="com.hasbro.sanity.SanitySuite_AssortmentRetail">
    <skipped/>
  </testcase> <!-- tcSCFunctional -->
  <testcase name="tcSCFunctional" time="0.000" classname="com.hasbro.sanity.SanitySuite_AssortmentRetail">
    <skipped/>
  </testcase> <!-- tcSCFunctional -->
  <testcase name="tcSCFunctional" time="0.000" classname="com.hasbro.sanity.SanitySuite_AssortmentRetail">
    <skipped/>
  </testcase> <!-- tcSCFunctional -->
  <testcase name="tcSCFunctional" time="0.000" classname="com.hasbro.sanity.SanitySuite_AssortmentRetail">
    <skipped/>
  </testcase> <!-- tcSCFunctional -->
  <testcase name="tcSCFunctional" time="0.000" classname="com.hasbro.sanity.SanitySuite_AssortmentRetail">
    <skipped/>
  </testcase> <!-- tcSCFunctional -->
  <testcase name="tcSCFunctional" time="0.000" classname="com.hasbro.sanity.SanitySuite_AssortmentRetail">
    <skipped/>
  </testcase> <!-- tcSCFunctional -->
  <testcase name="tcSCFunctional" time="0.000" classname="com.hasbro.sanity.SanitySuite_AssortmentRetail">
    <skipped/>
  </testcase> <!-- tcSCFunctional -->
  <testcase name="tcSCFunctional" time="0.000" classname="com.hasbro.sanity.SanitySuite_AssortmentRetail">
    <skipped/>
  </testcase> <!-- tcSCFunctional -->
  <testcase name="tcSCFunctional" time="0.000" classname="com.hasbro.sanity.SanitySuite_AssortmentRetail">
    <skipped/>
  </testcase> <!-- tcSCFunctional -->
  <testcase name="tcSCFunctional" time="0.000" classname="com.hasbro.sanity.SanitySuite_AssortmentRetail">
    <skipped/>
  </testcase> <!-- tcSCFunctional -->
  <testcase name="tcSCFunctional" time="0.000" classname="com.hasbro.sanity.SanitySuite_AssortmentRetail">
    <skipped/>
  </testcase> <!-- tcSCFunctional -->
  <testcase name="tcSCFunctional" time="0.000" classname="com.hasbro.sanity.SanitySuite_AssortmentRetail">
    <skipped/>
  </testcase> <!-- tcSCFunctional -->
  <testcase name="tcSCFunctional" time="0.000" classname="com.hasbro.sanity.SanitySuite_AssortmentRetail">
    <skipped/>
  </testcase> <!-- tcSCFunctional -->
  <testcase name="tcSCFunctional" time="0.000" classname="com.hasbro.sanity.SanitySuite_AssortmentRetail">
    <skipped/>
  </testcase> <!-- tcSCFunctional -->
  <testcase name="tcSCFunctional" time="0.000" classname="com.hasbro.sanity.SanitySuite_AssortmentRetail">
    <skipped/>
  </testcase> <!-- tcSCFunctional -->
  <testcase name="tcSCFunctional" time="0.000" classname="com.hasbro.sanity.SanitySuite_AssortmentRetail">
    <skipped/>
  </testcase> <!-- tcSCFunctional -->
  <testcase name="tcSCFunctional" time="0.000" classname="com.hasbro.sanity.SanitySuite_AssortmentRetail">
    <skipped/>
  </testcase> <!-- tcSCFunctional -->
</testsuite> <!-- com.hasbro.sanity.SanitySuite_AssortmentRetail -->
